[ 2023-08-11 15:30:56,987 ] 16 root - INFO - File CV_Abdelaziz_Brahem.pdf loaded successfully
[ 2023-08-11 15:30:56,987 ] 24 root - INFO - Files transformed succesfully
[ 2023-08-11 15:30:57,004 ] 35 root - ERROR - Error while reading the file: 'NoneType' object has no attribute 'lower'
[ 2023-08-11 15:30:57,004 ] 23 root - ERROR - Error while reading the file: local variable 'e' referenced before assignment
[ 2023-08-11 15:30:57,004 ] 24 root - INFO - Files transformed succesfully
[ 2023-08-11 15:30:57,039 ] 16 root - INFO - File CV_Ahlem_Marzougui.pdf loaded successfully
[ 2023-08-11 15:30:57,039 ] 24 root - INFO - Files transformed succesfully
[ 2023-08-11 15:30:57,064 ] 16 root - INFO - File CV_Ahmed_Amamou.pdf loaded successfully
[ 2023-08-11 15:30:57,356 ] 24 root - INFO - Files transformed succesfully
[ 2023-08-11 15:30:57,398 ] 16 root - INFO - File CV_Ahmed_Dziri.pdf loaded successfully
[ 2023-08-11 15:30:57,398 ] 24 root - INFO - Files transformed succesfully
[ 2023-08-11 15:30:57,479 ] 16 root - INFO - File CV_Ahmed_Farhat.pdf loaded successfully
[ 2023-08-11 15:30:57,479 ] 24 root - INFO - Files transformed succesfully
[ 2023-08-11 15:30:57,512 ] 16 root - INFO - File CV_Amine_Gafsi.pdf loaded successfully
[ 2023-08-11 15:30:57,512 ] 24 root - INFO - Files transformed succesfully
[ 2023-08-11 15:30:57,527 ] 16 root - INFO - File CV_Amine_Ghedira.pdf loaded successfully
[ 2023-08-11 15:30:57,527 ] 24 root - INFO - Files transformed succesfully
[ 2023-08-11 15:30:57,574 ] 16 root - INFO - File CV_Anwer_Boubaker.pdf loaded successfully
[ 2023-08-11 15:30:57,574 ] 24 root - INFO - Files transformed succesfully
[ 2023-08-11 15:30:57,605 ] 16 root - INFO - File CV_Asma_Chakroun.pdf loaded successfully
[ 2023-08-11 15:30:57,605 ] 24 root - INFO - Files transformed succesfully
[ 2023-08-11 15:30:57,637 ] 16 root - INFO - File CV_Aya_Benjazia.pdf loaded successfully
[ 2023-08-11 15:30:57,637 ] 24 root - INFO - Files transformed succesfully
[ 2023-08-11 15:30:57,671 ] 16 root - INFO - File CV_Aymen_Ghnia.pdf loaded successfully
[ 2023-08-11 15:30:57,671 ] 24 root - INFO - Files transformed succesfully
[ 2023-08-11 15:30:57,687 ] 16 root - INFO - File CV_Ayoub_Ben_Latifa.pdf loaded successfully
[ 2023-08-11 15:30:57,687 ] 24 root - INFO - Files transformed succesfully
[ 2023-08-11 15:30:57,721 ] 16 root - INFO - File CV_Ben_Chaaben_Yassin.pdf loaded successfully
[ 2023-08-11 15:30:57,721 ] 24 root - INFO - Files transformed succesfully
[ 2023-08-11 15:30:57,758 ] 16 root - INFO - File CV_Chedy_Sakly.pdf loaded successfully
[ 2023-08-11 15:30:57,758 ] 24 root - INFO - Files transformed succesfully
[ 2023-08-11 15:30:57,803 ] 16 root - INFO - File CV_Donia_Chaouch.pdf loaded successfully
[ 2023-08-11 15:30:57,803 ] 24 root - INFO - Files transformed succesfully
[ 2023-08-11 15:30:57,847 ] 16 root - INFO - File CV_Eya_Rejeb.pdf loaded successfully
[ 2023-08-11 15:30:57,847 ] 24 root - INFO - Files transformed succesfully
[ 2023-08-11 15:30:57,871 ] 16 root - INFO - File CV_EYA_Sekma.pdf loaded successfully
[ 2023-08-11 15:30:57,871 ] 24 root - INFO - Files transformed succesfully
[ 2023-08-11 15:30:57,900 ] 16 root - INFO - File CV_Fadi_Zaafrane.pdf loaded successfully
[ 2023-08-11 15:30:57,900 ] 24 root - INFO - Files transformed succesfully
[ 2023-08-11 15:30:57,929 ] 16 root - INFO - File CV_Fatma_Bouzgarrou.pdf loaded successfully
[ 2023-08-11 15:30:57,929 ] 24 root - INFO - Files transformed succesfully
[ 2023-08-11 15:30:57,954 ] 16 root - INFO - File CV_Hana_Zrafi.pdf loaded successfully
[ 2023-08-11 15:30:57,954 ] 24 root - INFO - Files transformed succesfully
[ 2023-08-11 15:30:57,973 ] 16 root - INFO - File CV_Houssem_Hassani.pdf loaded successfully
[ 2023-08-11 15:30:57,973 ] 24 root - INFO - Files transformed succesfully
[ 2023-08-11 15:30:58,027 ] 16 root - INFO - File CV_Houssem_Kraiem.pdf loaded successfully
[ 2023-08-11 15:30:58,027 ] 24 root - INFO - Files transformed succesfully
[ 2023-08-11 15:30:58,064 ] 16 root - INFO - File CV_Ibrahim_Youssef.pdf loaded successfully
[ 2023-08-11 15:30:58,064 ] 24 root - INFO - Files transformed succesfully
[ 2023-08-11 15:30:58,107 ] 16 root - INFO - File CV_Ibtihel_Khdhaouria.pdf loaded successfully
[ 2023-08-11 15:30:58,107 ] 24 root - INFO - Files transformed succesfully
[ 2023-08-11 15:30:58,137 ] 16 root - INFO - File CV_Iheb_Alouane.pdf loaded successfully
[ 2023-08-11 15:30:58,137 ] 24 root - INFO - Files transformed succesfully
[ 2023-08-11 15:30:58,161 ] 16 root - INFO - File CV_Isra_Dakhlaoui.pdf loaded successfully
[ 2023-08-11 15:30:58,161 ] 24 root - INFO - Files transformed succesfully
[ 2023-08-11 15:30:58,203 ] 16 root - INFO - File CV_Khaled_Chtioui.pdf loaded successfully
[ 2023-08-11 15:30:58,203 ] 24 root - INFO - Files transformed succesfully
[ 2023-08-11 15:30:58,231 ] 16 root - INFO - File CV_khawla_belkacem.pdf loaded successfully
[ 2023-08-11 15:30:58,231 ] 24 root - INFO - Files transformed succesfully
[ 2023-08-11 15:30:58,260 ] 16 root - INFO - File CV_Lina_Ounaies.pdf loaded successfully
[ 2023-08-11 15:30:58,260 ] 24 root - INFO - Files transformed succesfully
[ 2023-08-11 15:30:58,289 ] 35 root - ERROR - Error while reading the file: 'NoneType' object has no attribute 'lower'
[ 2023-08-11 15:30:58,289 ] 23 root - ERROR - Error while reading the file: local variable 'e' referenced before assignment
[ 2023-08-11 15:30:58,289 ] 24 root - INFO - Files transformed succesfully
[ 2023-08-11 15:30:58,322 ] 16 root - INFO - File CV_Med_Houssem_Beltifa.pdf loaded successfully
[ 2023-08-11 15:30:58,323 ] 24 root - INFO - Files transformed succesfully
[ 2023-08-11 15:30:58,357 ] 16 root - INFO - File CV_Med_Neji_Benzarti.pdf loaded successfully
[ 2023-08-11 15:30:58,357 ] 24 root - INFO - Files transformed succesfully
[ 2023-08-11 15:30:58,403 ] 16 root - INFO - File CV_Med_Nour_Chouchene.pdf loaded successfully
[ 2023-08-11 15:30:58,403 ] 24 root - INFO - Files transformed succesfully
[ 2023-08-11 15:30:58,433 ] 16 root - INFO - File CV_Med_Oussema_Zaier.pdf loaded successfully
[ 2023-08-11 15:30:58,433 ] 24 root - INFO - Files transformed succesfully
[ 2023-08-11 15:30:58,453 ] 16 root - INFO - File CV_Mejdi_Belhadj_Youssef.pdf loaded successfully
[ 2023-08-11 15:30:58,453 ] 24 root - INFO - Files transformed succesfully
[ 2023-08-11 15:30:58,467 ] 16 root - INFO - File CV_Mihed_Hassine.pdf loaded successfully
[ 2023-08-11 15:30:58,467 ] 24 root - INFO - Files transformed succesfully
[ 2023-08-11 15:30:58,477 ] 35 root - ERROR - Error while reading the file: 'NoneType' object has no attribute 'lower'
[ 2023-08-11 15:30:58,477 ] 23 root - ERROR - Error while reading the file: local variable 'e' referenced before assignment
[ 2023-08-11 15:30:58,477 ] 24 root - INFO - Files transformed succesfully
[ 2023-08-11 15:30:58,525 ] 16 root - INFO - File CV_Mohamed_Fawzi_Stambouli.pdf loaded successfully
[ 2023-08-11 15:30:58,526 ] 24 root - INFO - Files transformed succesfully
[ 2023-08-11 15:30:58,539 ] 35 root - ERROR - Error while reading the file: 'NoneType' object has no attribute 'lower'
[ 2023-08-11 15:30:58,539 ] 23 root - ERROR - Error while reading the file: local variable 'e' referenced before assignment
[ 2023-08-11 15:30:58,539 ] 24 root - INFO - Files transformed succesfully
[ 2023-08-11 15:30:58,566 ] 16 root - INFO - File CV_Nour_Mabrouk.pdf loaded successfully
[ 2023-08-11 15:30:58,568 ] 24 root - INFO - Files transformed succesfully
[ 2023-08-11 15:30:58,603 ] 16 root - INFO - File CV_Ons_Ben_Hadj_Sghaier.pdf loaded successfully
[ 2023-08-11 15:30:58,603 ] 24 root - INFO - Files transformed succesfully
[ 2023-08-11 15:30:58,640 ] 16 root - INFO - File CV_Oumaima_Ben_Saad.pdf loaded successfully
[ 2023-08-11 15:30:58,640 ] 24 root - INFO - Files transformed succesfully
[ 2023-08-11 15:30:58,654 ] 16 root - INFO - File CV_Oumeima_Zaddem.pdf loaded successfully
[ 2023-08-11 15:30:58,654 ] 24 root - INFO - Files transformed succesfully
[ 2023-08-11 15:30:58,692 ] 16 root - INFO - File CV_Oussema_Mili.pdf loaded successfully
[ 2023-08-11 15:30:58,692 ] 24 root - INFO - Files transformed succesfully
[ 2023-08-11 15:30:58,731 ] 16 root - INFO - File CV_Rahma_Hamrouni.pdf loaded successfully
[ 2023-08-11 15:30:58,731 ] 24 root - INFO - Files transformed succesfully
[ 2023-08-11 15:30:58,754 ] 16 root - INFO - File CV_Rania_Slimene.pdf loaded successfully
[ 2023-08-11 15:30:58,754 ] 24 root - INFO - Files transformed succesfully
[ 2023-08-11 15:30:58,771 ] 16 root - INFO - File CV_Rayen_Ben_Fathallah.pdf loaded successfully
[ 2023-08-11 15:30:58,771 ] 24 root - INFO - Files transformed succesfully
[ 2023-08-11 15:30:58,804 ] 16 root - INFO - File CV_Rima_Jerbi.pdf loaded successfully
[ 2023-08-11 15:30:58,804 ] 24 root - INFO - Files transformed succesfully
[ 2023-08-11 15:30:58,819 ] 16 root - INFO - File CV_Rim_Thabet.pdf loaded successfully
[ 2023-08-11 15:30:58,819 ] 24 root - INFO - Files transformed succesfully
[ 2023-08-11 15:30:58,848 ] 16 root - INFO - File CV_Saber_ben slama.pdf loaded successfully
[ 2023-08-11 15:30:58,848 ] 24 root - INFO - Files transformed succesfully
[ 2023-08-11 15:30:58,887 ] 16 root - INFO - File CV_Sanda_Dhouib.pdf loaded successfully
[ 2023-08-11 15:30:58,887 ] 24 root - INFO - Files transformed succesfully
[ 2023-08-11 15:30:58,915 ] 16 root - INFO - File CV_Sarra_Bannour.pdf loaded successfully
[ 2023-08-11 15:30:58,915 ] 24 root - INFO - Files transformed succesfully
[ 2023-08-11 15:30:58,943 ] 16 root - INFO - File CV_Sarra_Laribi.pdf loaded successfully
[ 2023-08-11 15:30:58,943 ] 24 root - INFO - Files transformed succesfully
[ 2023-08-11 15:30:58,981 ] 16 root - INFO - File CV_Souheyl_Gouadria.pdf loaded successfully
[ 2023-08-11 15:30:58,981 ] 24 root - INFO - Files transformed succesfully
[ 2023-08-11 15:30:58,986 ] 35 root - ERROR - Error while reading the file: 'NoneType' object has no attribute 'lower'
[ 2023-08-11 15:30:58,986 ] 23 root - ERROR - Error while reading the file: local variable 'e' referenced before assignment
[ 2023-08-11 15:30:58,986 ] 24 root - INFO - Files transformed succesfully
[ 2023-08-11 15:30:59,019 ] 16 root - INFO - File CV_Teyssir_Taieb.pdf loaded successfully
[ 2023-08-11 15:30:59,019 ] 24 root - INFO - Files transformed succesfully
[ 2023-08-11 15:30:59,049 ] 16 root - INFO - File CV_Wael_Antar.pdf loaded successfully
[ 2023-08-11 15:30:59,049 ] 24 root - INFO - Files transformed succesfully
[ 2023-08-11 15:30:59,069 ] 35 root - ERROR - Error while reading the file: 'NoneType' object has no attribute 'lower'
[ 2023-08-11 15:30:59,069 ] 23 root - ERROR - Error while reading the file: local variable 'e' referenced before assignment
[ 2023-08-11 15:30:59,069 ] 24 root - INFO - Files transformed succesfully
[ 2023-08-11 15:30:59,097 ] 16 root - INFO - File CV_Wajdi_Zayane.pdf loaded successfully
[ 2023-08-11 15:30:59,097 ] 24 root - INFO - Files transformed succesfully
[ 2023-08-11 15:30:59,119 ] 16 root - INFO - File CV_Wissem_Boujlida.pdf loaded successfully
[ 2023-08-11 15:30:59,119 ] 24 root - INFO - Files transformed succesfully
[ 2023-08-11 15:30:59,145 ] 16 root - INFO - File CV_Yasmine_Bizid.pdf loaded successfully
[ 2023-08-11 15:30:59,145 ] 24 root - INFO - Files transformed succesfully
[ 2023-08-11 15:30:59,195 ] 16 root - INFO - File CV_Yassine_Afsa.pdf loaded successfully
[ 2023-08-11 15:30:59,195 ] 24 root - INFO - Files transformed succesfully
[ 2023-08-11 15:30:59,245 ] 16 root - INFO - File CV_Yessine_Miled.pdf loaded successfully
[ 2023-08-11 15:30:59,245 ] 24 root - INFO - Files transformed succesfully
[ 2023-08-11 15:30:59,276 ] 16 root - INFO - File CV_Zaddem_Raslèn.pdf loaded successfully
[ 2023-08-11 15:30:59,276 ] 24 root - INFO - Files transformed succesfully
[ 2023-08-11 15:30:59,322 ] 16 root - INFO - File CV_Zeineb_Bachouch.pdf loaded successfully
[ 2023-08-11 15:30:59,322 ] 24 root - INFO - Files transformed succesfully
[ 2023-08-11 15:30:59,359 ] 16 root - INFO - File Dziri Ahmed - Resume (1).pdf loaded successfully
[ 2023-08-11 15:30:59,359 ] 24 root - INFO - Files transformed succesfully
[ 2023-08-11 15:30:59,417 ] 16 root - INFO - File experience.html loaded successfully
[ 2023-08-11 15:30:59,417 ] 24 root - INFO - Files transformed succesfully
[ 2023-08-11 15:30:59,452 ] 16 root - INFO - File experience.pdf loaded successfully
[ 2023-08-11 15:30:59,453 ] 24 root - INFO - Files transformed succesfully
[ 2023-08-11 15:30:59,481 ] 16 root - INFO - File rayen_data.pdf loaded successfully
[ 2023-08-11 15:30:59,481 ] 24 root - INFO - Files transformed succesfully
[ 2023-08-11 15:30:59,510 ] 16 root - INFO - File yessine Meddeb_cv.pdf loaded successfully
[ 2023-08-11 15:30:59,510 ] 24 root - INFO - Files transformed succesfully
[ 2023-08-11 15:31:04,553 ] 242 root - ERROR - Error while Extracting the informations: 'SKILLS'
[ 2023-08-11 15:31:33,354 ] 242 root - ERROR - Error while Extracting the informations: 'SKILLS'
[ 2023-08-11 15:31:51,235 ] 242 root - ERROR - Error while Extracting the informations: 'SKILLS'
[ 2023-08-11 15:32:14,982 ] 242 root - ERROR - Error while Extracting the informations: 'SKILLS'
[ 2023-08-11 15:32:22,887 ] 242 root - ERROR - Error while Extracting the informations: 'SKILLS'
[ 2023-08-11 15:32:41,228 ] 242 root - ERROR - Error while Extracting the informations: 'SKILLS'
[ 2023-08-11 15:33:10,967 ] 242 root - ERROR - Error while Extracting the informations: 'SKILLS'
