[ 2023-09-12 15:31:59,953 ] 482 gensim.utils - INFO - loading Doc2Vec object from models/resume_models/resumes_model_epochs_lemmetized_150.model
[ 2023-09-12 15:31:59,956 ] 516 gensim.utils - INFO - loading dv recursively from models/resume_models/resumes_model_epochs_lemmetized_150.model.dv.* with mmap=None
[ 2023-09-12 15:31:59,956 ] 516 gensim.utils - INFO - loading wv recursively from models/resume_models/resumes_model_epochs_lemmetized_150.model.wv.* with mmap=None
[ 2023-09-12 15:31:59,956 ] 554 gensim.utils - INFO - setting ignored attribute cum_table to None
[ 2023-09-12 15:32:00,007 ] 448 gensim.utils - INFO - Doc2Vec lifecycle event {'fname': 'models/resume_models/resumes_model_epochs_lemmetized_150.model', 'datetime': '2023-09-12T15:32:00.000716', 'gensim': '4.3.1', 'python': '3.11.4 | packaged by Anaconda, Inc. | (main, Jul  5 2023, 13:47:18) [MSC v.1916 64 bit (AMD64)]', 'platform': 'Windows-10-10.0.22621-SP0', 'event': 'loaded'}
[ 2023-09-12 15:32:00,010 ] 482 gensim.utils - INFO - loading Doc2Vec object from models/resume_models/resumes_model_epochs_lemmetized_80.model
[ 2023-09-12 15:32:00,014 ] 516 gensim.utils - INFO - loading dv recursively from models/resume_models/resumes_model_epochs_lemmetized_80.model.dv.* with mmap=None
[ 2023-09-12 15:32:00,014 ] 516 gensim.utils - INFO - loading wv recursively from models/resume_models/resumes_model_epochs_lemmetized_80.model.wv.* with mmap=None
[ 2023-09-12 15:32:00,014 ] 554 gensim.utils - INFO - setting ignored attribute cum_table to None
[ 2023-09-12 15:32:00,055 ] 448 gensim.utils - INFO - Doc2Vec lifecycle event {'fname': 'models/resume_models/resumes_model_epochs_lemmetized_80.model', 'datetime': '2023-09-12T15:32:00.055956', 'gensim': '4.3.1', 'python': '3.11.4 | packaged by Anaconda, Inc. | (main, Jul  5 2023, 13:47:18) [MSC v.1916 64 bit (AMD64)]', 'platform': 'Windows-10-10.0.22621-SP0', 'event': 'loaded'}
[ 2023-09-12 15:32:06,357 ] 695 tika.tika - WARNING - Failed to see startup log message; retrying...
[ 2023-09-12 15:32:11,920 ] 16 root - INFO - File computer_vision.pdf loaded successfully
[ 2023-09-12 15:32:11,920 ] 24 root - INFO - Files transformed succesfully
[ 2023-09-12 15:32:12,122 ] 16 root - INFO - File laravel.pdf loaded successfully
[ 2023-09-12 15:32:12,122 ] 24 root - INFO - Files transformed succesfully
[ 2023-09-12 15:32:12,191 ] 16 root - INFO - File rayen_data.pdf loaded successfully
[ 2023-09-12 15:32:12,191 ] 24 root - INFO - Files transformed succesfully
[ 2023-09-12 15:32:12,313 ] 16 root - INFO - File react_native.pdf loaded successfully
[ 2023-09-12 15:32:12,313 ] 24 root - INFO - Files transformed succesfully
[ 2023-09-12 15:32:12,344 ] 16 root - INFO - File scrum_master.pdf loaded successfully
[ 2023-09-12 15:32:12,344 ] 24 root - INFO - Files transformed succesfully
[ 2023-09-12 15:32:12,399 ] 16 root - INFO - File yessine Meddeb_cv.pdf loaded successfully
[ 2023-09-12 15:32:12,399 ] 24 root - INFO - Files transformed succesfully
