[ 2023-08-17 15:33:02,575 ] 695 tika.tika - WARNING - Failed to see startup log message; retrying...
[ 2023-08-17 15:33:08,059 ] 16 root - INFO - File CV_Ahlem_Marzougui.pdf loaded successfully
[ 2023-08-17 15:33:08,059 ] 24 root - INFO - Files transformed succesfully
[ 2023-08-17 15:33:08,146 ] 16 root - INFO - File CV_Ahmed_Amamou.pdf loaded successfully
[ 2023-08-17 15:33:08,146 ] 24 root - INFO - Files transformed succesfully
[ 2023-08-17 15:33:08,211 ] 16 root - INFO - File CV_Ahmed_Dziri.pdf loaded successfully
[ 2023-08-17 15:33:08,211 ] 24 root - INFO - Files transformed succesfully
[ 2023-08-17 15:33:08,580 ] 16 root - INFO - File CV_Ahmed_Farhat.pdf loaded successfully
[ 2023-08-17 15:33:08,580 ] 24 root - INFO - Files transformed succesfully
[ 2023-08-17 15:33:08,643 ] 16 root - INFO - File CV_Amine_Gafsi.pdf loaded successfully
[ 2023-08-17 15:33:08,643 ] 24 root - INFO - Files transformed succesfully
[ 2023-08-17 15:33:08,687 ] 16 root - INFO - File CV_Amine_Ghedira.pdf loaded successfully
[ 2023-08-17 15:33:08,687 ] 24 root - INFO - Files transformed succesfully
[ 2023-08-17 15:33:08,740 ] 16 root - INFO - File CV_Anwer_Boubaker.pdf loaded successfully
[ 2023-08-17 15:33:08,740 ] 24 root - INFO - Files transformed succesfully
[ 2023-08-17 15:33:08,786 ] 16 root - INFO - File CV_Asma_Chakroun.pdf loaded successfully
[ 2023-08-17 15:33:08,786 ] 24 root - INFO - Files transformed succesfully
[ 2023-08-17 15:33:08,831 ] 16 root - INFO - File CV_Aya_Benjazia.pdf loaded successfully
[ 2023-08-17 15:33:08,832 ] 24 root - INFO - Files transformed succesfully
[ 2023-08-17 15:33:08,893 ] 16 root - INFO - File CV_Aymen_Ghnia.pdf loaded successfully
[ 2023-08-17 15:33:08,893 ] 24 root - INFO - Files transformed succesfully
[ 2023-08-17 15:33:08,921 ] 16 root - INFO - File CV_Ayoub_Ben_Latifa.pdf loaded successfully
[ 2023-08-17 15:33:08,921 ] 24 root - INFO - Files transformed succesfully
[ 2023-08-17 15:33:08,984 ] 16 root - INFO - File CV_Ben_Chaaben_Yassin.pdf loaded successfully
[ 2023-08-17 15:33:08,984 ] 24 root - INFO - Files transformed succesfully
[ 2023-08-17 15:33:09,173 ] 16 root - INFO - File CV_Chedy_Sakly.pdf loaded successfully
[ 2023-08-17 15:33:09,173 ] 24 root - INFO - Files transformed succesfully
[ 2023-08-17 15:33:09,233 ] 16 root - INFO - File CV_Donia_Chaouch.pdf loaded successfully
[ 2023-08-17 15:33:09,233 ] 24 root - INFO - Files transformed succesfully
[ 2023-08-17 15:33:09,286 ] 16 root - INFO - File CV_Eya_Rejeb.pdf loaded successfully
[ 2023-08-17 15:33:09,286 ] 24 root - INFO - Files transformed succesfully
[ 2023-08-17 15:33:09,325 ] 16 root - INFO - File CV_EYA_Sekma.pdf loaded successfully
[ 2023-08-17 15:33:09,325 ] 24 root - INFO - Files transformed succesfully
[ 2023-08-17 15:33:09,360 ] 16 root - INFO - File CV_Fadi_Zaafrane.pdf loaded successfully
[ 2023-08-17 15:33:09,360 ] 24 root - INFO - Files transformed succesfully
[ 2023-08-17 15:33:09,382 ] 16 root - INFO - File CV_Fatma_Bouzgarrou.pdf loaded successfully
[ 2023-08-17 15:33:09,382 ] 24 root - INFO - Files transformed succesfully
[ 2023-08-17 15:33:09,423 ] 16 root - INFO - File CV_Hana_Zrafi.pdf loaded successfully
[ 2023-08-17 15:33:09,423 ] 24 root - INFO - Files transformed succesfully
[ 2023-08-17 15:33:09,476 ] 16 root - INFO - File CV_Houssem_Hassani.pdf loaded successfully
[ 2023-08-17 15:33:09,476 ] 24 root - INFO - Files transformed succesfully
[ 2023-08-17 15:33:09,521 ] 16 root - INFO - File CV_Houssem_Kraiem.pdf loaded successfully
[ 2023-08-17 15:33:09,521 ] 24 root - INFO - Files transformed succesfully
[ 2023-08-17 15:33:09,588 ] 16 root - INFO - File CV_Ibrahim_Youssef.pdf loaded successfully
[ 2023-08-17 15:33:09,588 ] 24 root - INFO - Files transformed succesfully
[ 2023-08-17 15:33:09,646 ] 16 root - INFO - File CV_Ibtihel_Khdhaouria.pdf loaded successfully
[ 2023-08-17 15:33:09,646 ] 24 root - INFO - Files transformed succesfully
[ 2023-08-17 15:33:09,689 ] 16 root - INFO - File CV_Iheb_Alouane.pdf loaded successfully
[ 2023-08-17 15:33:09,689 ] 24 root - INFO - Files transformed succesfully
[ 2023-08-17 15:33:09,705 ] 16 root - INFO - File CV_Isra_Dakhlaoui.pdf loaded successfully
[ 2023-08-17 15:33:09,705 ] 24 root - INFO - Files transformed succesfully
[ 2023-08-17 15:33:09,753 ] 16 root - INFO - File CV_Khaled_Chtioui.pdf loaded successfully
[ 2023-08-17 15:33:09,753 ] 24 root - INFO - Files transformed succesfully
[ 2023-08-17 15:33:09,804 ] 16 root - INFO - File CV_khawla_belkacem.pdf loaded successfully
[ 2023-08-17 15:33:09,804 ] 24 root - INFO - Files transformed succesfully
[ 2023-08-17 15:33:09,835 ] 16 root - INFO - File CV_Lina_Ounaies.pdf loaded successfully
[ 2023-08-17 15:33:09,835 ] 24 root - INFO - Files transformed succesfully
[ 2023-08-17 15:33:09,863 ] 35 root - ERROR - Error while reading the file: 'NoneType' object has no attribute 'lower'
[ 2023-08-17 15:33:09,863 ] 23 root - ERROR - Error while reading the file: cannot access local variable 'e' where it is not associated with a value
[ 2023-08-17 15:33:09,863 ] 24 root - INFO - Files transformed succesfully
[ 2023-08-17 15:33:09,915 ] 16 root - INFO - File CV_Med_Houssem_Beltifa.pdf loaded successfully
[ 2023-08-17 15:33:09,915 ] 24 root - INFO - Files transformed succesfully
[ 2023-08-17 15:33:09,954 ] 16 root - INFO - File CV_Med_Neji_Benzarti.pdf loaded successfully
[ 2023-08-17 15:33:09,954 ] 24 root - INFO - Files transformed succesfully
[ 2023-08-17 15:33:09,967 ] 16 root - INFO - File CV_Med_Nour_Chouchene.pdf loaded successfully
[ 2023-08-17 15:33:09,968 ] 24 root - INFO - Files transformed succesfully
[ 2023-08-17 15:33:10,002 ] 16 root - INFO - File CV_Med_Oussema_Zaier.pdf loaded successfully
[ 2023-08-17 15:33:10,002 ] 24 root - INFO - Files transformed succesfully
[ 2023-08-17 15:33:10,045 ] 16 root - INFO - File CV_Mejdi_Belhadj_Youssef.pdf loaded successfully
[ 2023-08-17 15:33:10,045 ] 24 root - INFO - Files transformed succesfully
[ 2023-08-17 15:33:10,074 ] 16 root - INFO - File CV_Mihed_Hassine.pdf loaded successfully
[ 2023-08-17 15:33:10,074 ] 24 root - INFO - Files transformed succesfully
[ 2023-08-17 15:33:10,102 ] 35 root - ERROR - Error while reading the file: 'NoneType' object has no attribute 'lower'
[ 2023-08-17 15:33:10,103 ] 23 root - ERROR - Error while reading the file: cannot access local variable 'e' where it is not associated with a value
[ 2023-08-17 15:33:10,103 ] 24 root - INFO - Files transformed succesfully
[ 2023-08-17 15:33:10,157 ] 16 root - INFO - File CV_Mohamed_Fawzi_Stambouli.pdf loaded successfully
[ 2023-08-17 15:33:10,157 ] 24 root - INFO - Files transformed succesfully
[ 2023-08-17 15:33:10,177 ] 35 root - ERROR - Error while reading the file: 'NoneType' object has no attribute 'lower'
[ 2023-08-17 15:33:10,178 ] 23 root - ERROR - Error while reading the file: cannot access local variable 'e' where it is not associated with a value
[ 2023-08-17 15:33:10,178 ] 24 root - INFO - Files transformed succesfully
[ 2023-08-17 15:33:10,214 ] 16 root - INFO - File CV_Nour_Mabrouk.pdf loaded successfully
[ 2023-08-17 15:33:10,215 ] 24 root - INFO - Files transformed succesfully
[ 2023-08-17 15:33:10,260 ] 16 root - INFO - File CV_Ons_Ben_Hadj_Sghaier.pdf loaded successfully
[ 2023-08-17 15:33:10,260 ] 24 root - INFO - Files transformed succesfully
[ 2023-08-17 15:33:10,278 ] 16 root - INFO - File CV_Oumaima_Ben_Saad.pdf loaded successfully
[ 2023-08-17 15:33:10,278 ] 24 root - INFO - Files transformed succesfully
[ 2023-08-17 15:33:10,291 ] 16 root - INFO - File CV_Oumeima_Zaddem.pdf loaded successfully
[ 2023-08-17 15:33:10,291 ] 24 root - INFO - Files transformed succesfully
[ 2023-08-17 15:33:10,340 ] 16 root - INFO - File CV_Oussema_Mili.pdf loaded successfully
[ 2023-08-17 15:33:10,340 ] 24 root - INFO - Files transformed succesfully
[ 2023-08-17 15:33:10,379 ] 16 root - INFO - File CV_Rahma_Hamrouni.pdf loaded successfully
[ 2023-08-17 15:33:10,379 ] 24 root - INFO - Files transformed succesfully
[ 2023-08-17 15:33:10,400 ] 16 root - INFO - File CV_Rania_Slimene.pdf loaded successfully
[ 2023-08-17 15:33:10,400 ] 24 root - INFO - Files transformed succesfully
[ 2023-08-17 15:33:10,443 ] 16 root - INFO - File CV_Rayen_Ben_Fathallah.pdf loaded successfully
[ 2023-08-17 15:33:10,443 ] 24 root - INFO - Files transformed succesfully
[ 2023-08-17 15:33:10,495 ] 16 root - INFO - File CV_Rima_Jerbi.pdf loaded successfully
[ 2023-08-17 15:33:10,495 ] 24 root - INFO - Files transformed succesfully
[ 2023-08-17 15:33:10,519 ] 16 root - INFO - File CV_Rim_Thabet.pdf loaded successfully
[ 2023-08-17 15:33:10,519 ] 24 root - INFO - Files transformed succesfully
[ 2023-08-17 15:33:10,542 ] 16 root - INFO - File CV_Saber_ben slama.pdf loaded successfully
[ 2023-08-17 15:33:10,543 ] 24 root - INFO - Files transformed succesfully
[ 2023-08-17 15:33:10,579 ] 16 root - INFO - File CV_Sanda_Dhouib.pdf loaded successfully
[ 2023-08-17 15:33:10,579 ] 24 root - INFO - Files transformed succesfully
[ 2023-08-17 15:33:10,610 ] 16 root - INFO - File CV_Sarra_Bannour.pdf loaded successfully
[ 2023-08-17 15:33:10,610 ] 24 root - INFO - Files transformed succesfully
[ 2023-08-17 15:33:10,639 ] 16 root - INFO - File CV_Sarra_Laribi.pdf loaded successfully
[ 2023-08-17 15:33:10,639 ] 24 root - INFO - Files transformed succesfully
[ 2023-08-17 15:33:10,675 ] 16 root - INFO - File CV_Souheyl_Gouadria.pdf loaded successfully
[ 2023-08-17 15:33:10,675 ] 24 root - INFO - Files transformed succesfully
[ 2023-08-17 15:33:10,699 ] 35 root - ERROR - Error while reading the file: 'NoneType' object has no attribute 'lower'
[ 2023-08-17 15:33:10,700 ] 23 root - ERROR - Error while reading the file: cannot access local variable 'e' where it is not associated with a value
[ 2023-08-17 15:33:10,700 ] 24 root - INFO - Files transformed succesfully
[ 2023-08-17 15:33:10,764 ] 16 root - INFO - File CV_Teyssir_Taieb.pdf loaded successfully
[ 2023-08-17 15:33:10,764 ] 24 root - INFO - Files transformed succesfully
[ 2023-08-17 15:33:10,809 ] 16 root - INFO - File CV_Wael_Antar.pdf loaded successfully
[ 2023-08-17 15:33:10,809 ] 24 root - INFO - Files transformed succesfully
[ 2023-08-17 15:33:10,841 ] 35 root - ERROR - Error while reading the file: 'NoneType' object has no attribute 'lower'
[ 2023-08-17 15:33:10,842 ] 23 root - ERROR - Error while reading the file: cannot access local variable 'e' where it is not associated with a value
[ 2023-08-17 15:33:10,842 ] 24 root - INFO - Files transformed succesfully
[ 2023-08-17 15:33:10,881 ] 16 root - INFO - File CV_Wajdi_Zayane.pdf loaded successfully
[ 2023-08-17 15:33:10,881 ] 24 root - INFO - Files transformed succesfully
[ 2023-08-17 15:33:10,909 ] 16 root - INFO - File CV_Wissem_Boujlida.pdf loaded successfully
[ 2023-08-17 15:33:10,909 ] 24 root - INFO - Files transformed succesfully
[ 2023-08-17 15:33:10,947 ] 16 root - INFO - File CV_Yasmine_Bizid.pdf loaded successfully
[ 2023-08-17 15:33:10,947 ] 24 root - INFO - Files transformed succesfully
[ 2023-08-17 15:33:10,987 ] 16 root - INFO - File CV_Yassine_Afsa.pdf loaded successfully
[ 2023-08-17 15:33:10,987 ] 24 root - INFO - Files transformed succesfully
[ 2023-08-17 15:33:11,046 ] 16 root - INFO - File CV_Yessine_Miled.pdf loaded successfully
[ 2023-08-17 15:33:11,046 ] 24 root - INFO - Files transformed succesfully
[ 2023-08-17 15:33:11,069 ] 16 root - INFO - File CV_Zaddem_Raslèn.pdf loaded successfully
[ 2023-08-17 15:33:11,069 ] 24 root - INFO - Files transformed succesfully
[ 2023-08-17 15:33:11,098 ] 16 root - INFO - File CV_Zeineb_Bachouch.pdf loaded successfully
[ 2023-08-17 15:33:11,098 ] 24 root - INFO - Files transformed succesfully
[ 2023-08-17 15:33:11,140 ] 16 root - INFO - File Dziri Ahmed - Resume (1).pdf loaded successfully
[ 2023-08-17 15:33:11,140 ] 24 root - INFO - Files transformed succesfully
[ 2023-08-17 15:33:11,165 ] 16 root - INFO - File experience.pdf loaded successfully
[ 2023-08-17 15:33:11,165 ] 24 root - INFO - Files transformed succesfully
[ 2023-08-17 15:33:11,192 ] 16 root - INFO - File laravel.pdf loaded successfully
[ 2023-08-17 15:33:11,192 ] 24 root - INFO - Files transformed succesfully
[ 2023-08-17 15:33:11,234 ] 16 root - INFO - File rayen_data.pdf loaded successfully
[ 2023-08-17 15:33:11,234 ] 24 root - INFO - Files transformed succesfully
[ 2023-08-17 15:33:11,285 ] 16 root - INFO - File react_native.pdf loaded successfully
[ 2023-08-17 15:33:11,285 ] 24 root - INFO - Files transformed succesfully
[ 2023-08-17 15:33:13,135 ] 16 root - INFO - File resumes.csv loaded successfully
[ 2023-08-17 15:33:13,135 ] 24 root - INFO - Files transformed succesfully
[ 2023-08-17 15:33:13,172 ] 16 root - INFO - File scrum_master.pdf loaded successfully
[ 2023-08-17 15:33:13,172 ] 24 root - INFO - Files transformed succesfully
[ 2023-08-17 15:33:13,228 ] 16 root - INFO - File yessine Meddeb_cv.pdf loaded successfully
[ 2023-08-17 15:33:13,228 ] 24 root - INFO - Files transformed succesfully
[ 2023-08-17 15:33:20,915 ] 482 gensim.utils - INFO - loading Doc2Vec object from doc2vec_model_epochs_80.model
[ 2023-08-17 15:33:20,930 ] 516 gensim.utils - INFO - loading dv recursively from doc2vec_model_epochs_80.model.dv.* with mmap=None
[ 2023-08-17 15:33:20,930 ] 516 gensim.utils - INFO - loading wv recursively from doc2vec_model_epochs_80.model.wv.* with mmap=None
[ 2023-08-17 15:33:20,930 ] 554 gensim.utils - INFO - setting ignored attribute cum_table to None
[ 2023-08-17 15:33:21,098 ] 448 gensim.utils - INFO - Doc2Vec lifecycle event {'fname': 'doc2vec_model_epochs_80.model', 'datetime': '2023-08-17T15:33:21.085060', 'gensim': '4.3.1', 'python': '3.11.4 | packaged by Anaconda, Inc. | (main, Jul  5 2023, 13:47:18) [MSC v.1916 64 bit (AMD64)]', 'platform': 'Windows-10-10.0.22621-SP0', 'event': 'loaded'}
[ 2023-08-17 15:33:21,098 ] 482 gensim.utils - INFO - loading Doc2Vec object from doc2vec_model_epochs_100.model
[ 2023-08-17 15:33:21,112 ] 516 gensim.utils - INFO - loading dv recursively from doc2vec_model_epochs_100.model.dv.* with mmap=None
[ 2023-08-17 15:33:21,112 ] 516 gensim.utils - INFO - loading wv recursively from doc2vec_model_epochs_100.model.wv.* with mmap=None
[ 2023-08-17 15:33:21,112 ] 554 gensim.utils - INFO - setting ignored attribute cum_table to None
[ 2023-08-17 15:33:21,301 ] 448 gensim.utils - INFO - Doc2Vec lifecycle event {'fname': 'doc2vec_model_epochs_100.model', 'datetime': '2023-08-17T15:33:21.301669', 'gensim': '4.3.1', 'python': '3.11.4 | packaged by Anaconda, Inc. | (main, Jul  5 2023, 13:47:18) [MSC v.1916 64 bit (AMD64)]', 'platform': 'Windows-10-10.0.22621-SP0', 'event': 'loaded'}
[ 2023-08-17 15:33:21,301 ] 482 gensim.utils - INFO - loading Doc2Vec object from doc2vec_model_epochs_150.model
[ 2023-08-17 15:33:21,312 ] 516 gensim.utils - INFO - loading dv recursively from doc2vec_model_epochs_150.model.dv.* with mmap=None
[ 2023-08-17 15:33:21,312 ] 516 gensim.utils - INFO - loading wv recursively from doc2vec_model_epochs_150.model.wv.* with mmap=None
[ 2023-08-17 15:33:21,312 ] 554 gensim.utils - INFO - setting ignored attribute cum_table to None
[ 2023-08-17 15:33:21,475 ] 448 gensim.utils - INFO - Doc2Vec lifecycle event {'fname': 'doc2vec_model_epochs_150.model', 'datetime': '2023-08-17T15:33:21.475785', 'gensim': '4.3.1', 'python': '3.11.4 | packaged by Anaconda, Inc. | (main, Jul  5 2023, 13:47:18) [MSC v.1916 64 bit (AMD64)]', 'platform': 'Windows-10-10.0.22621-SP0', 'event': 'loaded'}
[ 2023-08-17 15:33:21,475 ] 482 gensim.utils - INFO - loading Doc2Vec object from doc2vec_model_epochs_40.model
[ 2023-08-17 15:33:21,487 ] 516 gensim.utils - INFO - loading dv recursively from doc2vec_model_epochs_40.model.dv.* with mmap=None
[ 2023-08-17 15:33:21,487 ] 516 gensim.utils - INFO - loading wv recursively from doc2vec_model_epochs_40.model.wv.* with mmap=None
[ 2023-08-17 15:33:21,487 ] 554 gensim.utils - INFO - setting ignored attribute cum_table to None
[ 2023-08-17 15:33:21,661 ] 448 gensim.utils - INFO - Doc2Vec lifecycle event {'fname': 'doc2vec_model_epochs_40.model', 'datetime': '2023-08-17T15:33:21.661817', 'gensim': '4.3.1', 'python': '3.11.4 | packaged by Anaconda, Inc. | (main, Jul  5 2023, 13:47:18) [MSC v.1916 64 bit (AMD64)]', 'platform': 'Windows-10-10.0.22621-SP0', 'event': 'loaded'}
[ 2023-08-17 15:33:21,661 ] 482 gensim.utils - INFO - loading Doc2Vec object from resumes_model_epochs_lemmetized_80.model
[ 2023-08-17 15:33:21,664 ] 516 gensim.utils - INFO - loading dv recursively from resumes_model_epochs_lemmetized_80.model.dv.* with mmap=None
[ 2023-08-17 15:33:21,665 ] 516 gensim.utils - INFO - loading wv recursively from resumes_model_epochs_lemmetized_80.model.wv.* with mmap=None
[ 2023-08-17 15:33:21,665 ] 554 gensim.utils - INFO - setting ignored attribute cum_table to None
[ 2023-08-17 15:33:21,712 ] 448 gensim.utils - INFO - Doc2Vec lifecycle event {'fname': 'resumes_model_epochs_lemmetized_80.model', 'datetime': '2023-08-17T15:33:21.712814', 'gensim': '4.3.1', 'python': '3.11.4 | packaged by Anaconda, Inc. | (main, Jul  5 2023, 13:47:18) [MSC v.1916 64 bit (AMD64)]', 'platform': 'Windows-10-10.0.22621-SP0', 'event': 'loaded'}
[ 2023-08-17 15:33:21,712 ] 482 gensim.utils - INFO - loading Doc2Vec object from resumes_model_epochs_lemmetized_100.model
[ 2023-08-17 15:33:21,715 ] 516 gensim.utils - INFO - loading dv recursively from resumes_model_epochs_lemmetized_100.model.dv.* with mmap=None
[ 2023-08-17 15:33:21,715 ] 516 gensim.utils - INFO - loading wv recursively from resumes_model_epochs_lemmetized_100.model.wv.* with mmap=None
[ 2023-08-17 15:33:21,715 ] 554 gensim.utils - INFO - setting ignored attribute cum_table to None
[ 2023-08-17 15:33:21,766 ] 448 gensim.utils - INFO - Doc2Vec lifecycle event {'fname': 'resumes_model_epochs_lemmetized_100.model', 'datetime': '2023-08-17T15:33:21.766748', 'gensim': '4.3.1', 'python': '3.11.4 | packaged by Anaconda, Inc. | (main, Jul  5 2023, 13:47:18) [MSC v.1916 64 bit (AMD64)]', 'platform': 'Windows-10-10.0.22621-SP0', 'event': 'loaded'}
[ 2023-08-17 15:33:21,766 ] 482 gensim.utils - INFO - loading Doc2Vec object from resumes_model_epochs_lemmetized_150.model
[ 2023-08-17 15:33:21,769 ] 516 gensim.utils - INFO - loading dv recursively from resumes_model_epochs_lemmetized_150.model.dv.* with mmap=None
[ 2023-08-17 15:33:21,769 ] 516 gensim.utils - INFO - loading wv recursively from resumes_model_epochs_lemmetized_150.model.wv.* with mmap=None
[ 2023-08-17 15:33:21,769 ] 554 gensim.utils - INFO - setting ignored attribute cum_table to None
[ 2023-08-17 15:33:21,822 ] 448 gensim.utils - INFO - Doc2Vec lifecycle event {'fname': 'resumes_model_epochs_lemmetized_150.model', 'datetime': '2023-08-17T15:33:21.822505', 'gensim': '4.3.1', 'python': '3.11.4 | packaged by Anaconda, Inc. | (main, Jul  5 2023, 13:47:18) [MSC v.1916 64 bit (AMD64)]', 'platform': 'Windows-10-10.0.22621-SP0', 'event': 'loaded'}
