[ 2023-08-16 17:19:56,987 ] 16 root - INFO - File CV_Ahlem_Marzougui.pdf loaded successfully
[ 2023-08-16 17:19:56,987 ] 24 root - INFO - Files transformed succesfully
[ 2023-08-16 17:19:57,014 ] 16 root - INFO - File CV_Ahmed_Amamou.pdf loaded successfully
[ 2023-08-16 17:19:57,014 ] 24 root - INFO - Files transformed succesfully
[ 2023-08-16 17:19:57,049 ] 16 root - INFO - File CV_Ahmed_Dziri.pdf loaded successfully
[ 2023-08-16 17:19:57,049 ] 24 root - INFO - Files transformed succesfully
[ 2023-08-16 17:19:57,152 ] 16 root - INFO - File CV_Ahmed_Farhat.pdf loaded successfully
[ 2023-08-16 17:19:57,152 ] 24 root - INFO - Files transformed succesfully
[ 2023-08-16 17:19:57,187 ] 16 root - INFO - File CV_Amine_Gafsi.pdf loaded successfully
[ 2023-08-16 17:19:57,187 ] 24 root - INFO - Files transformed succesfully
[ 2023-08-16 17:19:57,218 ] 16 root - INFO - File CV_Amine_Ghedira.pdf loaded successfully
[ 2023-08-16 17:19:57,219 ] 24 root - INFO - Files transformed succesfully
[ 2023-08-16 17:19:57,265 ] 16 root - INFO - File CV_Anwer_Boubaker.pdf loaded successfully
[ 2023-08-16 17:19:57,265 ] 24 root - INFO - Files transformed succesfully
[ 2023-08-16 17:19:57,301 ] 16 root - INFO - File CV_Asma_Chakroun.pdf loaded successfully
[ 2023-08-16 17:19:57,301 ] 24 root - INFO - Files transformed succesfully
[ 2023-08-16 17:19:57,337 ] 16 root - INFO - File CV_Aya_Benjazia.pdf loaded successfully
[ 2023-08-16 17:19:57,337 ] 24 root - INFO - Files transformed succesfully
[ 2023-08-16 17:19:57,392 ] 16 root - INFO - File CV_Aymen_Ghnia.pdf loaded successfully
[ 2023-08-16 17:19:57,392 ] 24 root - INFO - Files transformed succesfully
[ 2023-08-16 17:19:57,417 ] 16 root - INFO - File CV_Ayoub_Ben_Latifa.pdf loaded successfully
[ 2023-08-16 17:19:57,418 ] 24 root - INFO - Files transformed succesfully
[ 2023-08-16 17:19:57,491 ] 16 root - INFO - File CV_Ben_Chaaben_Yassin.pdf loaded successfully
[ 2023-08-16 17:19:57,491 ] 24 root - INFO - Files transformed succesfully
[ 2023-08-16 17:19:57,546 ] 16 root - INFO - File CV_Chedy_Sakly.pdf loaded successfully
[ 2023-08-16 17:19:57,546 ] 24 root - INFO - Files transformed succesfully
[ 2023-08-16 17:19:57,593 ] 16 root - INFO - File CV_Donia_Chaouch.pdf loaded successfully
[ 2023-08-16 17:19:57,593 ] 24 root - INFO - Files transformed succesfully
[ 2023-08-16 17:19:57,648 ] 16 root - INFO - File CV_Eya_Rejeb.pdf loaded successfully
[ 2023-08-16 17:19:57,648 ] 24 root - INFO - Files transformed succesfully
[ 2023-08-16 17:19:57,684 ] 16 root - INFO - File CV_EYA_Sekma.pdf loaded successfully
[ 2023-08-16 17:19:57,684 ] 24 root - INFO - Files transformed succesfully
[ 2023-08-16 17:19:57,717 ] 16 root - INFO - File CV_Fadi_Zaafrane.pdf loaded successfully
[ 2023-08-16 17:19:57,717 ] 24 root - INFO - Files transformed succesfully
[ 2023-08-16 17:19:57,749 ] 16 root - INFO - File CV_Fatma_Bouzgarrou.pdf loaded successfully
[ 2023-08-16 17:19:57,750 ] 24 root - INFO - Files transformed succesfully
[ 2023-08-16 17:19:57,796 ] 16 root - INFO - File CV_Hana_Zrafi.pdf loaded successfully
[ 2023-08-16 17:19:57,796 ] 24 root - INFO - Files transformed succesfully
[ 2023-08-16 17:19:57,818 ] 16 root - INFO - File CV_Houssem_Hassani.pdf loaded successfully
[ 2023-08-16 17:19:57,818 ] 24 root - INFO - Files transformed succesfully
[ 2023-08-16 17:19:57,861 ] 16 root - INFO - File CV_Houssem_Kraiem.pdf loaded successfully
[ 2023-08-16 17:19:57,861 ] 24 root - INFO - Files transformed succesfully
[ 2023-08-16 17:19:57,903 ] 16 root - INFO - File CV_Ibrahim_Youssef.pdf loaded successfully
[ 2023-08-16 17:19:57,903 ] 24 root - INFO - Files transformed succesfully
[ 2023-08-16 17:19:57,946 ] 16 root - INFO - File CV_Ibtihel_Khdhaouria.pdf loaded successfully
[ 2023-08-16 17:19:57,946 ] 24 root - INFO - Files transformed succesfully
[ 2023-08-16 17:19:57,993 ] 16 root - INFO - File CV_Iheb_Alouane.pdf loaded successfully
[ 2023-08-16 17:19:57,993 ] 24 root - INFO - Files transformed succesfully
[ 2023-08-16 17:19:58,030 ] 16 root - INFO - File CV_Isra_Dakhlaoui.pdf loaded successfully
[ 2023-08-16 17:19:58,030 ] 24 root - INFO - Files transformed succesfully
[ 2023-08-16 17:19:58,072 ] 16 root - INFO - File CV_Khaled_Chtioui.pdf loaded successfully
[ 2023-08-16 17:19:58,072 ] 24 root - INFO - Files transformed succesfully
[ 2023-08-16 17:19:58,102 ] 16 root - INFO - File CV_khawla_belkacem.pdf loaded successfully
[ 2023-08-16 17:19:58,102 ] 24 root - INFO - Files transformed succesfully
[ 2023-08-16 17:19:58,129 ] 16 root - INFO - File CV_Lina_Ounaies.pdf loaded successfully
[ 2023-08-16 17:19:58,129 ] 24 root - INFO - Files transformed succesfully
[ 2023-08-16 17:19:58,162 ] 35 root - ERROR - Error while reading the file: 'NoneType' object has no attribute 'lower'
[ 2023-08-16 17:19:58,163 ] 23 root - ERROR - Error while reading the file: cannot access local variable 'e' where it is not associated with a value
[ 2023-08-16 17:19:58,163 ] 24 root - INFO - Files transformed succesfully
[ 2023-08-16 17:19:58,197 ] 16 root - INFO - File CV_Med_Houssem_Beltifa.pdf loaded successfully
[ 2023-08-16 17:19:58,197 ] 24 root - INFO - Files transformed succesfully
[ 2023-08-16 17:19:58,229 ] 16 root - INFO - File CV_Med_Neji_Benzarti.pdf loaded successfully
[ 2023-08-16 17:19:58,229 ] 24 root - INFO - Files transformed succesfully
[ 2023-08-16 17:19:58,237 ] 16 root - INFO - File CV_Med_Nour_Chouchene.pdf loaded successfully
[ 2023-08-16 17:19:58,237 ] 24 root - INFO - Files transformed succesfully
[ 2023-08-16 17:19:58,282 ] 16 root - INFO - File CV_Med_Oussema_Zaier.pdf loaded successfully
[ 2023-08-16 17:19:58,283 ] 24 root - INFO - Files transformed succesfully
[ 2023-08-16 17:19:58,306 ] 16 root - INFO - File CV_Mejdi_Belhadj_Youssef.pdf loaded successfully
[ 2023-08-16 17:19:58,306 ] 24 root - INFO - Files transformed succesfully
[ 2023-08-16 17:19:58,343 ] 16 root - INFO - File CV_Mihed_Hassine.pdf loaded successfully
[ 2023-08-16 17:19:58,343 ] 24 root - INFO - Files transformed succesfully
[ 2023-08-16 17:19:58,380 ] 35 root - ERROR - Error while reading the file: 'NoneType' object has no attribute 'lower'
[ 2023-08-16 17:19:58,381 ] 23 root - ERROR - Error while reading the file: cannot access local variable 'e' where it is not associated with a value
[ 2023-08-16 17:19:58,381 ] 24 root - INFO - Files transformed succesfully
[ 2023-08-16 17:19:58,441 ] 16 root - INFO - File CV_Mohamed_Fawzi_Stambouli.pdf loaded successfully
[ 2023-08-16 17:19:58,441 ] 24 root - INFO - Files transformed succesfully
[ 2023-08-16 17:19:58,471 ] 35 root - ERROR - Error while reading the file: 'NoneType' object has no attribute 'lower'
[ 2023-08-16 17:19:58,471 ] 23 root - ERROR - Error while reading the file: cannot access local variable 'e' where it is not associated with a value
[ 2023-08-16 17:19:58,471 ] 24 root - INFO - Files transformed succesfully
[ 2023-08-16 17:19:58,508 ] 16 root - INFO - File CV_Nour_Mabrouk.pdf loaded successfully
[ 2023-08-16 17:19:58,508 ] 24 root - INFO - Files transformed succesfully
[ 2023-08-16 17:19:58,538 ] 16 root - INFO - File CV_Ons_Ben_Hadj_Sghaier.pdf loaded successfully
[ 2023-08-16 17:19:58,538 ] 24 root - INFO - Files transformed succesfully
[ 2023-08-16 17:19:58,571 ] 16 root - INFO - File CV_Oumaima_Ben_Saad.pdf loaded successfully
[ 2023-08-16 17:19:58,571 ] 24 root - INFO - Files transformed succesfully
[ 2023-08-16 17:19:58,602 ] 16 root - INFO - File CV_Oumeima_Zaddem.pdf loaded successfully
[ 2023-08-16 17:19:58,602 ] 24 root - INFO - Files transformed succesfully
[ 2023-08-16 17:19:58,647 ] 16 root - INFO - File CV_Oussema_Mili.pdf loaded successfully
[ 2023-08-16 17:19:58,647 ] 24 root - INFO - Files transformed succesfully
[ 2023-08-16 17:19:58,691 ] 16 root - INFO - File CV_Rahma_Hamrouni.pdf loaded successfully
[ 2023-08-16 17:19:58,691 ] 24 root - INFO - Files transformed succesfully
[ 2023-08-16 17:19:58,726 ] 16 root - INFO - File CV_Rania_Slimene.pdf loaded successfully
[ 2023-08-16 17:19:58,726 ] 24 root - INFO - Files transformed succesfully
[ 2023-08-16 17:19:58,766 ] 16 root - INFO - File CV_Rayen_Ben_Fathallah.pdf loaded successfully
[ 2023-08-16 17:19:58,766 ] 24 root - INFO - Files transformed succesfully
[ 2023-08-16 17:19:58,815 ] 16 root - INFO - File CV_Rima_Jerbi.pdf loaded successfully
[ 2023-08-16 17:19:58,816 ] 24 root - INFO - Files transformed succesfully
[ 2023-08-16 17:19:58,861 ] 16 root - INFO - File CV_Rim_Thabet.pdf loaded successfully
[ 2023-08-16 17:19:58,861 ] 24 root - INFO - Files transformed succesfully
[ 2023-08-16 17:19:58,910 ] 16 root - INFO - File CV_Saber_ben slama.pdf loaded successfully
[ 2023-08-16 17:19:58,911 ] 24 root - INFO - Files transformed succesfully
[ 2023-08-16 17:19:58,947 ] 16 root - INFO - File CV_Sanda_Dhouib.pdf loaded successfully
[ 2023-08-16 17:19:58,947 ] 24 root - INFO - Files transformed succesfully
[ 2023-08-16 17:19:58,981 ] 16 root - INFO - File CV_Sarra_Bannour.pdf loaded successfully
[ 2023-08-16 17:19:58,981 ] 24 root - INFO - Files transformed succesfully
[ 2023-08-16 17:19:59,011 ] 16 root - INFO - File CV_Sarra_Laribi.pdf loaded successfully
[ 2023-08-16 17:19:59,011 ] 24 root - INFO - Files transformed succesfully
[ 2023-08-16 17:19:59,047 ] 16 root - INFO - File CV_Souheyl_Gouadria.pdf loaded successfully
[ 2023-08-16 17:19:59,047 ] 24 root - INFO - Files transformed succesfully
[ 2023-08-16 17:19:59,065 ] 35 root - ERROR - Error while reading the file: 'NoneType' object has no attribute 'lower'
[ 2023-08-16 17:19:59,065 ] 23 root - ERROR - Error while reading the file: cannot access local variable 'e' where it is not associated with a value
[ 2023-08-16 17:19:59,065 ] 24 root - INFO - Files transformed succesfully
[ 2023-08-16 17:19:59,128 ] 16 root - INFO - File CV_Teyssir_Taieb.pdf loaded successfully
[ 2023-08-16 17:19:59,128 ] 24 root - INFO - Files transformed succesfully
[ 2023-08-16 17:19:59,156 ] 16 root - INFO - File CV_Wael_Antar.pdf loaded successfully
[ 2023-08-16 17:19:59,156 ] 24 root - INFO - Files transformed succesfully
[ 2023-08-16 17:19:59,173 ] 35 root - ERROR - Error while reading the file: 'NoneType' object has no attribute 'lower'
[ 2023-08-16 17:19:59,174 ] 23 root - ERROR - Error while reading the file: cannot access local variable 'e' where it is not associated with a value
[ 2023-08-16 17:19:59,174 ] 24 root - INFO - Files transformed succesfully
[ 2023-08-16 17:19:59,195 ] 16 root - INFO - File CV_Wajdi_Zayane.pdf loaded successfully
[ 2023-08-16 17:19:59,195 ] 24 root - INFO - Files transformed succesfully
[ 2023-08-16 17:19:59,228 ] 16 root - INFO - File CV_Wissem_Boujlida.pdf loaded successfully
[ 2023-08-16 17:19:59,228 ] 24 root - INFO - Files transformed succesfully
[ 2023-08-16 17:19:59,273 ] 16 root - INFO - File CV_Yasmine_Bizid.pdf loaded successfully
[ 2023-08-16 17:19:59,273 ] 24 root - INFO - Files transformed succesfully
[ 2023-08-16 17:19:59,319 ] 16 root - INFO - File CV_Yassine_Afsa.pdf loaded successfully
[ 2023-08-16 17:19:59,319 ] 24 root - INFO - Files transformed succesfully
[ 2023-08-16 17:19:59,354 ] 16 root - INFO - File CV_Yessine_Miled.pdf loaded successfully
[ 2023-08-16 17:19:59,354 ] 24 root - INFO - Files transformed succesfully
[ 2023-08-16 17:19:59,386 ] 16 root - INFO - File CV_Zaddem_Raslèn.pdf loaded successfully
[ 2023-08-16 17:19:59,386 ] 24 root - INFO - Files transformed succesfully
[ 2023-08-16 17:19:59,415 ] 16 root - INFO - File CV_Zeineb_Bachouch.pdf loaded successfully
[ 2023-08-16 17:19:59,415 ] 24 root - INFO - Files transformed succesfully
[ 2023-08-16 17:19:59,457 ] 16 root - INFO - File Dziri Ahmed - Resume (1).pdf loaded successfully
[ 2023-08-16 17:19:59,457 ] 24 root - INFO - Files transformed succesfully
[ 2023-08-16 17:19:59,509 ] 16 root - INFO - File experience.pdf loaded successfully
[ 2023-08-16 17:19:59,509 ] 24 root - INFO - Files transformed succesfully
[ 2023-08-16 17:19:59,536 ] 16 root - INFO - File laravel.pdf loaded successfully
[ 2023-08-16 17:19:59,536 ] 24 root - INFO - Files transformed succesfully
[ 2023-08-16 17:19:59,583 ] 16 root - INFO - File rayen_data.pdf loaded successfully
[ 2023-08-16 17:19:59,583 ] 24 root - INFO - Files transformed succesfully
[ 2023-08-16 17:19:59,623 ] 16 root - INFO - File react_native.pdf loaded successfully
[ 2023-08-16 17:19:59,623 ] 24 root - INFO - Files transformed succesfully
[ 2023-08-16 17:20:01,273 ] 16 root - INFO - File resumes.csv loaded successfully
[ 2023-08-16 17:20:01,273 ] 24 root - INFO - Files transformed succesfully
[ 2023-08-16 17:20:01,309 ] 16 root - INFO - File scrum_master.pdf loaded successfully
[ 2023-08-16 17:20:01,309 ] 24 root - INFO - Files transformed succesfully
[ 2023-08-16 17:20:01,337 ] 16 root - INFO - File yessine Meddeb_cv.pdf loaded successfully
[ 2023-08-16 17:20:01,338 ] 24 root - INFO - Files transformed succesfully
[ 2023-08-16 17:20:09,138 ] 482 gensim.utils - INFO - loading Doc2Vec object from doc2vec_model_epochs_80.model
[ 2023-08-16 17:20:09,156 ] 516 gensim.utils - INFO - loading dv recursively from doc2vec_model_epochs_80.model.dv.* with mmap=None
[ 2023-08-16 17:20:09,156 ] 516 gensim.utils - INFO - loading wv recursively from doc2vec_model_epochs_80.model.wv.* with mmap=None
[ 2023-08-16 17:20:09,156 ] 554 gensim.utils - INFO - setting ignored attribute cum_table to None
[ 2023-08-16 17:20:09,301 ] 448 gensim.utils - INFO - Doc2Vec lifecycle event {'fname': 'doc2vec_model_epochs_80.model', 'datetime': '2023-08-16T17:20:09.293761', 'gensim': '4.3.1', 'python': '3.11.4 | packaged by Anaconda, Inc. | (main, Jul  5 2023, 13:47:18) [MSC v.1916 64 bit (AMD64)]', 'platform': 'Windows-10-10.0.22621-SP0', 'event': 'loaded'}
[ 2023-08-16 17:20:09,301 ] 482 gensim.utils - INFO - loading Doc2Vec object from doc2vec_model_epochs_100.model
[ 2023-08-16 17:20:09,319 ] 516 gensim.utils - INFO - loading dv recursively from doc2vec_model_epochs_100.model.dv.* with mmap=None
[ 2023-08-16 17:20:09,319 ] 516 gensim.utils - INFO - loading wv recursively from doc2vec_model_epochs_100.model.wv.* with mmap=None
[ 2023-08-16 17:20:09,319 ] 554 gensim.utils - INFO - setting ignored attribute cum_table to None
[ 2023-08-16 17:20:09,454 ] 448 gensim.utils - INFO - Doc2Vec lifecycle event {'fname': 'doc2vec_model_epochs_100.model', 'datetime': '2023-08-16T17:20:09.454045', 'gensim': '4.3.1', 'python': '3.11.4 | packaged by Anaconda, Inc. | (main, Jul  5 2023, 13:47:18) [MSC v.1916 64 bit (AMD64)]', 'platform': 'Windows-10-10.0.22621-SP0', 'event': 'loaded'}
[ 2023-08-16 17:20:09,454 ] 482 gensim.utils - INFO - loading Doc2Vec object from doc2vec_model_epochs_150.model
[ 2023-08-16 17:20:09,469 ] 516 gensim.utils - INFO - loading dv recursively from doc2vec_model_epochs_150.model.dv.* with mmap=None
[ 2023-08-16 17:20:09,469 ] 516 gensim.utils - INFO - loading wv recursively from doc2vec_model_epochs_150.model.wv.* with mmap=None
[ 2023-08-16 17:20:09,469 ] 554 gensim.utils - INFO - setting ignored attribute cum_table to None
[ 2023-08-16 17:20:09,604 ] 448 gensim.utils - INFO - Doc2Vec lifecycle event {'fname': 'doc2vec_model_epochs_150.model', 'datetime': '2023-08-16T17:20:09.604488', 'gensim': '4.3.1', 'python': '3.11.4 | packaged by Anaconda, Inc. | (main, Jul  5 2023, 13:47:18) [MSC v.1916 64 bit (AMD64)]', 'platform': 'Windows-10-10.0.22621-SP0', 'event': 'loaded'}
[ 2023-08-16 17:20:09,604 ] 482 gensim.utils - INFO - loading Doc2Vec object from doc2vec_model_epochs_40.model
[ 2023-08-16 17:20:09,622 ] 516 gensim.utils - INFO - loading dv recursively from doc2vec_model_epochs_40.model.dv.* with mmap=None
[ 2023-08-16 17:20:09,623 ] 516 gensim.utils - INFO - loading wv recursively from doc2vec_model_epochs_40.model.wv.* with mmap=None
[ 2023-08-16 17:20:09,623 ] 554 gensim.utils - INFO - setting ignored attribute cum_table to None
[ 2023-08-16 17:20:09,759 ] 448 gensim.utils - INFO - Doc2Vec lifecycle event {'fname': 'doc2vec_model_epochs_40.model', 'datetime': '2023-08-16T17:20:09.759081', 'gensim': '4.3.1', 'python': '3.11.4 | packaged by Anaconda, Inc. | (main, Jul  5 2023, 13:47:18) [MSC v.1916 64 bit (AMD64)]', 'platform': 'Windows-10-10.0.22621-SP0', 'event': 'loaded'}
[ 2023-08-16 17:20:09,759 ] 482 gensim.utils - INFO - loading Doc2Vec object from resumes_model_epochs_lemmetized_80.model
[ 2023-08-16 17:20:09,767 ] 516 gensim.utils - INFO - loading dv recursively from resumes_model_epochs_lemmetized_80.model.dv.* with mmap=None
[ 2023-08-16 17:20:09,767 ] 516 gensim.utils - INFO - loading wv recursively from resumes_model_epochs_lemmetized_80.model.wv.* with mmap=None
[ 2023-08-16 17:20:09,767 ] 554 gensim.utils - INFO - setting ignored attribute cum_table to None
[ 2023-08-16 17:20:09,807 ] 448 gensim.utils - INFO - Doc2Vec lifecycle event {'fname': 'resumes_model_epochs_lemmetized_80.model', 'datetime': '2023-08-16T17:20:09.807931', 'gensim': '4.3.1', 'python': '3.11.4 | packaged by Anaconda, Inc. | (main, Jul  5 2023, 13:47:18) [MSC v.1916 64 bit (AMD64)]', 'platform': 'Windows-10-10.0.22621-SP0', 'event': 'loaded'}
[ 2023-08-16 17:20:09,807 ] 482 gensim.utils - INFO - loading Doc2Vec object from resumes_model_epochs_lemmetized_100.model
[ 2023-08-16 17:20:09,812 ] 516 gensim.utils - INFO - loading dv recursively from resumes_model_epochs_lemmetized_100.model.dv.* with mmap=None
[ 2023-08-16 17:20:09,812 ] 516 gensim.utils - INFO - loading wv recursively from resumes_model_epochs_lemmetized_100.model.wv.* with mmap=None
[ 2023-08-16 17:20:09,812 ] 554 gensim.utils - INFO - setting ignored attribute cum_table to None
[ 2023-08-16 17:20:09,852 ] 448 gensim.utils - INFO - Doc2Vec lifecycle event {'fname': 'resumes_model_epochs_lemmetized_100.model', 'datetime': '2023-08-16T17:20:09.852797', 'gensim': '4.3.1', 'python': '3.11.4 | packaged by Anaconda, Inc. | (main, Jul  5 2023, 13:47:18) [MSC v.1916 64 bit (AMD64)]', 'platform': 'Windows-10-10.0.22621-SP0', 'event': 'loaded'}
[ 2023-08-16 17:20:09,852 ] 482 gensim.utils - INFO - loading Doc2Vec object from resumes_model_epochs_lemmetized_150.model
[ 2023-08-16 17:20:09,857 ] 516 gensim.utils - INFO - loading dv recursively from resumes_model_epochs_lemmetized_150.model.dv.* with mmap=None
[ 2023-08-16 17:20:09,858 ] 516 gensim.utils - INFO - loading wv recursively from resumes_model_epochs_lemmetized_150.model.wv.* with mmap=None
[ 2023-08-16 17:20:09,858 ] 554 gensim.utils - INFO - setting ignored attribute cum_table to None
[ 2023-08-16 17:20:09,898 ] 448 gensim.utils - INFO - Doc2Vec lifecycle event {'fname': 'resumes_model_epochs_lemmetized_150.model', 'datetime': '2023-08-16T17:20:09.898351', 'gensim': '4.3.1', 'python': '3.11.4 | packaged by Anaconda, Inc. | (main, Jul  5 2023, 13:47:18) [MSC v.1916 64 bit (AMD64)]', 'platform': 'Windows-10-10.0.22621-SP0', 'event': 'loaded'}
[ 2023-08-16 17:27:24,341 ] 262 root - ERROR - Error while Extracting the informations: 'SKILLS'
[ 2023-08-16 17:27:27,208 ] 51 root - ERROR - Error while detecting the language: No features in text.
