[ 2023-08-15 16:32:05,723 ] 16 root - INFO - File CV_Amine_Gafsi.pdf loaded successfully
[ 2023-08-15 16:32:05,723 ] 24 root - INFO - Files transformed succesfully
[ 2023-08-15 16:32:05,747 ] 16 root - INFO - File laravel.pdf loaded successfully
[ 2023-08-15 16:32:05,747 ] 24 root - INFO - Files transformed succesfully
[ 2023-08-15 16:32:05,791 ] 16 root - INFO - File rayen.pdf loaded successfully
[ 2023-08-15 16:32:05,791 ] 24 root - INFO - Files transformed succesfully
[ 2023-08-15 16:32:05,828 ] 16 root - INFO - File react3.pdf loaded successfully
[ 2023-08-15 16:32:05,828 ] 24 root - INFO - Files transformed succesfully
[ 2023-08-15 16:32:05,873 ] 16 root - INFO - File react_native.pdf loaded successfully
[ 2023-08-15 16:32:05,873 ] 24 root - INFO - Files transformed succesfully
[ 2023-08-15 16:32:05,911 ] 16 root - INFO - File react_native2.pdf loaded successfully
[ 2023-08-15 16:32:05,911 ] 24 root - INFO - Files transformed succesfully
[ 2023-08-15 16:32:05,952 ] 16 root - INFO - File react_native4.pdf loaded successfully
[ 2023-08-15 16:32:05,952 ] 24 root - INFO - Files transformed succesfully
[ 2023-08-15 16:32:05,986 ] 16 root - INFO - File scrum_master.pdf loaded successfully
[ 2023-08-15 16:32:05,986 ] 24 root - INFO - Files transformed succesfully
[ 2023-08-15 16:32:10,203 ] 482 gensim.utils - INFO - loading Doc2Vec object from doc2vec_model_epochs_80.model
[ 2023-08-15 16:32:10,214 ] 516 gensim.utils - INFO - loading dv recursively from doc2vec_model_epochs_80.model.dv.* with mmap=None
[ 2023-08-15 16:32:10,214 ] 516 gensim.utils - INFO - loading wv recursively from doc2vec_model_epochs_80.model.wv.* with mmap=None
[ 2023-08-15 16:32:10,214 ] 554 gensim.utils - INFO - setting ignored attribute cum_table to None
[ 2023-08-15 16:32:10,355 ] 448 gensim.utils - INFO - Doc2Vec lifecycle event {'fname': 'doc2vec_model_epochs_80.model', 'datetime': '2023-08-15T16:32:10.346848', 'gensim': '4.3.1', 'python': '3.11.4 | packaged by Anaconda, Inc. | (main, Jul  5 2023, 13:47:18) [MSC v.1916 64 bit (AMD64)]', 'platform': 'Windows-10-10.0.22621-SP0', 'event': 'loaded'}
[ 2023-08-15 16:32:10,355 ] 482 gensim.utils - INFO - loading Doc2Vec object from doc2vec_model_epochs_100.model
[ 2023-08-15 16:32:10,366 ] 516 gensim.utils - INFO - loading dv recursively from doc2vec_model_epochs_100.model.dv.* with mmap=None
[ 2023-08-15 16:32:10,366 ] 516 gensim.utils - INFO - loading wv recursively from doc2vec_model_epochs_100.model.wv.* with mmap=None
[ 2023-08-15 16:32:10,366 ] 554 gensim.utils - INFO - setting ignored attribute cum_table to None
[ 2023-08-15 16:32:10,508 ] 448 gensim.utils - INFO - Doc2Vec lifecycle event {'fname': 'doc2vec_model_epochs_100.model', 'datetime': '2023-08-15T16:32:10.508326', 'gensim': '4.3.1', 'python': '3.11.4 | packaged by Anaconda, Inc. | (main, Jul  5 2023, 13:47:18) [MSC v.1916 64 bit (AMD64)]', 'platform': 'Windows-10-10.0.22621-SP0', 'event': 'loaded'}
[ 2023-08-15 16:32:10,508 ] 482 gensim.utils - INFO - loading Doc2Vec object from doc2vec_model_epochs_150.model
[ 2023-08-15 16:32:10,518 ] 516 gensim.utils - INFO - loading dv recursively from doc2vec_model_epochs_150.model.dv.* with mmap=None
[ 2023-08-15 16:32:10,519 ] 516 gensim.utils - INFO - loading wv recursively from doc2vec_model_epochs_150.model.wv.* with mmap=None
[ 2023-08-15 16:32:10,519 ] 554 gensim.utils - INFO - setting ignored attribute cum_table to None
[ 2023-08-15 16:32:10,644 ] 448 gensim.utils - INFO - Doc2Vec lifecycle event {'fname': 'doc2vec_model_epochs_150.model', 'datetime': '2023-08-15T16:32:10.644326', 'gensim': '4.3.1', 'python': '3.11.4 | packaged by Anaconda, Inc. | (main, Jul  5 2023, 13:47:18) [MSC v.1916 64 bit (AMD64)]', 'platform': 'Windows-10-10.0.22621-SP0', 'event': 'loaded'}
[ 2023-08-15 16:32:10,644 ] 482 gensim.utils - INFO - loading Doc2Vec object from doc2vec_model_epochs_40.model
[ 2023-08-15 16:32:10,654 ] 516 gensim.utils - INFO - loading dv recursively from doc2vec_model_epochs_40.model.dv.* with mmap=None
[ 2023-08-15 16:32:10,654 ] 516 gensim.utils - INFO - loading wv recursively from doc2vec_model_epochs_40.model.wv.* with mmap=None
[ 2023-08-15 16:32:10,654 ] 554 gensim.utils - INFO - setting ignored attribute cum_table to None
[ 2023-08-15 16:32:10,780 ] 448 gensim.utils - INFO - Doc2Vec lifecycle event {'fname': 'doc2vec_model_epochs_40.model', 'datetime': '2023-08-15T16:32:10.780326', 'gensim': '4.3.1', 'python': '3.11.4 | packaged by Anaconda, Inc. | (main, Jul  5 2023, 13:47:18) [MSC v.1916 64 bit (AMD64)]', 'platform': 'Windows-10-10.0.22621-SP0', 'event': 'loaded'}
[ 2023-08-15 16:33:43,248 ] 168 root - ERROR - Error while Extracting the skillls: 'id' is not in list
