[ 2023-08-17 15:20:28,982 ] 16 root - INFO - File CV_Ahlem_Marzougui.pdf loaded successfully
[ 2023-08-17 15:20:28,982 ] 24 root - INFO - Files transformed succesfully
[ 2023-08-17 15:20:28,995 ] 16 root - INFO - File CV_Ahmed_Amamou.pdf loaded successfully
[ 2023-08-17 15:20:28,995 ] 24 root - INFO - Files transformed succesfully
[ 2023-08-17 15:20:29,011 ] 16 root - INFO - File CV_Ahmed_Dziri.pdf loaded successfully
[ 2023-08-17 15:20:29,011 ] 24 root - INFO - Files transformed succesfully
[ 2023-08-17 15:20:29,131 ] 16 root - INFO - File CV_Ahmed_Farhat.pdf loaded successfully
[ 2023-08-17 15:20:29,132 ] 24 root - INFO - Files transformed succesfully
[ 2023-08-17 15:20:29,177 ] 16 root - INFO - File CV_Amine_Gafsi.pdf loaded successfully
[ 2023-08-17 15:20:29,177 ] 24 root - INFO - Files transformed succesfully
[ 2023-08-17 15:20:29,202 ] 16 root - INFO - File CV_Amine_Ghedira.pdf loaded successfully
[ 2023-08-17 15:20:29,203 ] 24 root - INFO - Files transformed succesfully
[ 2023-08-17 15:20:29,241 ] 16 root - INFO - File CV_Anwer_Boubaker.pdf loaded successfully
[ 2023-08-17 15:20:29,241 ] 24 root - INFO - Files transformed succesfully
[ 2023-08-17 15:20:29,294 ] 16 root - INFO - File CV_Asma_Chakroun.pdf loaded successfully
[ 2023-08-17 15:20:29,294 ] 24 root - INFO - Files transformed succesfully
[ 2023-08-17 15:20:29,334 ] 16 root - INFO - File CV_Aya_Benjazia.pdf loaded successfully
[ 2023-08-17 15:20:29,334 ] 24 root - INFO - Files transformed succesfully
[ 2023-08-17 15:20:29,400 ] 16 root - INFO - File CV_Aymen_Ghnia.pdf loaded successfully
[ 2023-08-17 15:20:29,401 ] 24 root - INFO - Files transformed succesfully
[ 2023-08-17 15:20:29,408 ] 16 root - INFO - File CV_Ayoub_Ben_Latifa.pdf loaded successfully
[ 2023-08-17 15:20:29,408 ] 24 root - INFO - Files transformed succesfully
[ 2023-08-17 15:20:29,443 ] 16 root - INFO - File CV_Ben_Chaaben_Yassin.pdf loaded successfully
[ 2023-08-17 15:20:29,444 ] 24 root - INFO - Files transformed succesfully
[ 2023-08-17 15:20:29,485 ] 16 root - INFO - File CV_Chedy_Sakly.pdf loaded successfully
[ 2023-08-17 15:20:29,485 ] 24 root - INFO - Files transformed succesfully
[ 2023-08-17 15:20:29,529 ] 16 root - INFO - File CV_Donia_Chaouch.pdf loaded successfully
[ 2023-08-17 15:20:29,529 ] 24 root - INFO - Files transformed succesfully
[ 2023-08-17 15:20:29,575 ] 16 root - INFO - File CV_Eya_Rejeb.pdf loaded successfully
[ 2023-08-17 15:20:29,575 ] 24 root - INFO - Files transformed succesfully
[ 2023-08-17 15:20:29,610 ] 16 root - INFO - File CV_EYA_Sekma.pdf loaded successfully
[ 2023-08-17 15:20:29,610 ] 24 root - INFO - Files transformed succesfully
[ 2023-08-17 15:20:29,633 ] 16 root - INFO - File CV_Fadi_Zaafrane.pdf loaded successfully
[ 2023-08-17 15:20:29,633 ] 24 root - INFO - Files transformed succesfully
[ 2023-08-17 15:20:29,668 ] 16 root - INFO - File CV_Fatma_Bouzgarrou.pdf loaded successfully
[ 2023-08-17 15:20:29,668 ] 24 root - INFO - Files transformed succesfully
[ 2023-08-17 15:20:29,698 ] 16 root - INFO - File CV_Hana_Zrafi.pdf loaded successfully
[ 2023-08-17 15:20:29,698 ] 24 root - INFO - Files transformed succesfully
[ 2023-08-17 15:20:29,734 ] 16 root - INFO - File CV_Houssem_Hassani.pdf loaded successfully
[ 2023-08-17 15:20:29,735 ] 24 root - INFO - Files transformed succesfully
[ 2023-08-17 15:20:29,783 ] 16 root - INFO - File CV_Houssem_Kraiem.pdf loaded successfully
[ 2023-08-17 15:20:29,784 ] 24 root - INFO - Files transformed succesfully
[ 2023-08-17 15:20:29,832 ] 16 root - INFO - File CV_Ibrahim_Youssef.pdf loaded successfully
[ 2023-08-17 15:20:29,832 ] 24 root - INFO - Files transformed succesfully
[ 2023-08-17 15:20:29,868 ] 16 root - INFO - File CV_Ibtihel_Khdhaouria.pdf loaded successfully
[ 2023-08-17 15:20:29,869 ] 24 root - INFO - Files transformed succesfully
[ 2023-08-17 15:20:29,911 ] 16 root - INFO - File CV_Iheb_Alouane.pdf loaded successfully
[ 2023-08-17 15:20:29,911 ] 24 root - INFO - Files transformed succesfully
[ 2023-08-17 15:20:29,922 ] 16 root - INFO - File CV_Isra_Dakhlaoui.pdf loaded successfully
[ 2023-08-17 15:20:29,922 ] 24 root - INFO - Files transformed succesfully
[ 2023-08-17 15:20:29,970 ] 16 root - INFO - File CV_Khaled_Chtioui.pdf loaded successfully
[ 2023-08-17 15:20:29,971 ] 24 root - INFO - Files transformed succesfully
[ 2023-08-17 15:20:29,997 ] 16 root - INFO - File CV_khawla_belkacem.pdf loaded successfully
[ 2023-08-17 15:20:29,997 ] 24 root - INFO - Files transformed succesfully
[ 2023-08-17 15:20:30,023 ] 16 root - INFO - File CV_Lina_Ounaies.pdf loaded successfully
[ 2023-08-17 15:20:30,023 ] 24 root - INFO - Files transformed succesfully
[ 2023-08-17 15:20:30,057 ] 35 root - ERROR - Error while reading the file: 'NoneType' object has no attribute 'lower'
[ 2023-08-17 15:20:30,057 ] 23 root - ERROR - Error while reading the file: cannot access local variable 'e' where it is not associated with a value
[ 2023-08-17 15:20:30,058 ] 24 root - INFO - Files transformed succesfully
[ 2023-08-17 15:20:30,079 ] 16 root - INFO - File CV_Med_Houssem_Beltifa.pdf loaded successfully
[ 2023-08-17 15:20:30,079 ] 24 root - INFO - Files transformed succesfully
[ 2023-08-17 15:20:30,106 ] 16 root - INFO - File CV_Med_Neji_Benzarti.pdf loaded successfully
[ 2023-08-17 15:20:30,106 ] 24 root - INFO - Files transformed succesfully
[ 2023-08-17 15:20:30,117 ] 16 root - INFO - File CV_Med_Nour_Chouchene.pdf loaded successfully
[ 2023-08-17 15:20:30,118 ] 24 root - INFO - Files transformed succesfully
[ 2023-08-17 15:20:30,131 ] 16 root - INFO - File CV_Med_Oussema_Zaier.pdf loaded successfully
[ 2023-08-17 15:20:30,131 ] 24 root - INFO - Files transformed succesfully
[ 2023-08-17 15:20:30,176 ] 16 root - INFO - File CV_Mejdi_Belhadj_Youssef.pdf loaded successfully
[ 2023-08-17 15:20:30,176 ] 24 root - INFO - Files transformed succesfully
[ 2023-08-17 15:20:30,209 ] 16 root - INFO - File CV_Mihed_Hassine.pdf loaded successfully
[ 2023-08-17 15:20:30,209 ] 24 root - INFO - Files transformed succesfully
[ 2023-08-17 15:20:30,237 ] 35 root - ERROR - Error while reading the file: 'NoneType' object has no attribute 'lower'
[ 2023-08-17 15:20:30,237 ] 23 root - ERROR - Error while reading the file: cannot access local variable 'e' where it is not associated with a value
[ 2023-08-17 15:20:30,237 ] 24 root - INFO - Files transformed succesfully
[ 2023-08-17 15:20:30,297 ] 16 root - INFO - File CV_Mohamed_Fawzi_Stambouli.pdf loaded successfully
[ 2023-08-17 15:20:30,297 ] 24 root - INFO - Files transformed succesfully
[ 2023-08-17 15:20:30,315 ] 35 root - ERROR - Error while reading the file: 'NoneType' object has no attribute 'lower'
[ 2023-08-17 15:20:30,315 ] 23 root - ERROR - Error while reading the file: cannot access local variable 'e' where it is not associated with a value
[ 2023-08-17 15:20:30,315 ] 24 root - INFO - Files transformed succesfully
[ 2023-08-17 15:20:30,360 ] 16 root - INFO - File CV_Nour_Mabrouk.pdf loaded successfully
[ 2023-08-17 15:20:30,360 ] 24 root - INFO - Files transformed succesfully
[ 2023-08-17 15:20:30,412 ] 16 root - INFO - File CV_Ons_Ben_Hadj_Sghaier.pdf loaded successfully
[ 2023-08-17 15:20:30,412 ] 24 root - INFO - Files transformed succesfully
[ 2023-08-17 15:20:30,466 ] 16 root - INFO - File CV_Oumaima_Ben_Saad.pdf loaded successfully
[ 2023-08-17 15:20:30,466 ] 24 root - INFO - Files transformed succesfully
[ 2023-08-17 15:20:30,495 ] 16 root - INFO - File CV_Oumeima_Zaddem.pdf loaded successfully
[ 2023-08-17 15:20:30,495 ] 24 root - INFO - Files transformed succesfully
[ 2023-08-17 15:20:30,531 ] 16 root - INFO - File CV_Oussema_Mili.pdf loaded successfully
[ 2023-08-17 15:20:30,531 ] 24 root - INFO - Files transformed succesfully
[ 2023-08-17 15:20:30,561 ] 16 root - INFO - File CV_Rahma_Hamrouni.pdf loaded successfully
[ 2023-08-17 15:20:30,561 ] 24 root - INFO - Files transformed succesfully
[ 2023-08-17 15:20:30,597 ] 16 root - INFO - File CV_Rania_Slimene.pdf loaded successfully
[ 2023-08-17 15:20:30,597 ] 24 root - INFO - Files transformed succesfully
[ 2023-08-17 15:20:30,631 ] 16 root - INFO - File CV_Rayen_Ben_Fathallah.pdf loaded successfully
[ 2023-08-17 15:20:30,631 ] 24 root - INFO - Files transformed succesfully
[ 2023-08-17 15:20:30,649 ] 16 root - INFO - File CV_Rima_Jerbi.pdf loaded successfully
[ 2023-08-17 15:20:30,649 ] 24 root - INFO - Files transformed succesfully
[ 2023-08-17 15:20:30,679 ] 16 root - INFO - File CV_Rim_Thabet.pdf loaded successfully
[ 2023-08-17 15:20:30,679 ] 24 root - INFO - Files transformed succesfully
[ 2023-08-17 15:20:30,710 ] 16 root - INFO - File CV_Saber_ben slama.pdf loaded successfully
[ 2023-08-17 15:20:30,710 ] 24 root - INFO - Files transformed succesfully
[ 2023-08-17 15:20:30,722 ] 16 root - INFO - File CV_Sanda_Dhouib.pdf loaded successfully
[ 2023-08-17 15:20:30,722 ] 24 root - INFO - Files transformed succesfully
[ 2023-08-17 15:20:30,765 ] 16 root - INFO - File CV_Sarra_Bannour.pdf loaded successfully
[ 2023-08-17 15:20:30,765 ] 24 root - INFO - Files transformed succesfully
[ 2023-08-17 15:20:30,815 ] 16 root - INFO - File CV_Sarra_Laribi.pdf loaded successfully
[ 2023-08-17 15:20:30,816 ] 24 root - INFO - Files transformed succesfully
[ 2023-08-17 15:20:30,857 ] 16 root - INFO - File CV_Souheyl_Gouadria.pdf loaded successfully
[ 2023-08-17 15:20:30,857 ] 24 root - INFO - Files transformed succesfully
[ 2023-08-17 15:20:30,889 ] 35 root - ERROR - Error while reading the file: 'NoneType' object has no attribute 'lower'
[ 2023-08-17 15:20:30,889 ] 23 root - ERROR - Error while reading the file: cannot access local variable 'e' where it is not associated with a value
[ 2023-08-17 15:20:30,889 ] 24 root - INFO - Files transformed succesfully
[ 2023-08-17 15:20:30,958 ] 16 root - INFO - File CV_Teyssir_Taieb.pdf loaded successfully
[ 2023-08-17 15:20:30,958 ] 24 root - INFO - Files transformed succesfully
[ 2023-08-17 15:20:30,991 ] 16 root - INFO - File CV_Wael_Antar.pdf loaded successfully
[ 2023-08-17 15:20:30,991 ] 24 root - INFO - Files transformed succesfully
[ 2023-08-17 15:20:31,014 ] 35 root - ERROR - Error while reading the file: 'NoneType' object has no attribute 'lower'
[ 2023-08-17 15:20:31,014 ] 23 root - ERROR - Error while reading the file: cannot access local variable 'e' where it is not associated with a value
[ 2023-08-17 15:20:31,014 ] 24 root - INFO - Files transformed succesfully
[ 2023-08-17 15:20:31,069 ] 16 root - INFO - File CV_Wajdi_Zayane.pdf loaded successfully
[ 2023-08-17 15:20:31,070 ] 24 root - INFO - Files transformed succesfully
[ 2023-08-17 15:20:31,100 ] 16 root - INFO - File CV_Wissem_Boujlida.pdf loaded successfully
[ 2023-08-17 15:20:31,100 ] 24 root - INFO - Files transformed succesfully
[ 2023-08-17 15:20:31,143 ] 16 root - INFO - File CV_Yasmine_Bizid.pdf loaded successfully
[ 2023-08-17 15:20:31,143 ] 24 root - INFO - Files transformed succesfully
[ 2023-08-17 15:20:31,160 ] 16 root - INFO - File CV_Yassine_Afsa.pdf loaded successfully
[ 2023-08-17 15:20:31,160 ] 24 root - INFO - Files transformed succesfully
[ 2023-08-17 15:20:31,212 ] 16 root - INFO - File CV_Yessine_Miled.pdf loaded successfully
[ 2023-08-17 15:20:31,212 ] 24 root - INFO - Files transformed succesfully
[ 2023-08-17 15:20:31,243 ] 16 root - INFO - File CV_Zaddem_Raslèn.pdf loaded successfully
[ 2023-08-17 15:20:31,243 ] 24 root - INFO - Files transformed succesfully
[ 2023-08-17 15:20:31,287 ] 16 root - INFO - File CV_Zeineb_Bachouch.pdf loaded successfully
[ 2023-08-17 15:20:31,288 ] 24 root - INFO - Files transformed succesfully
[ 2023-08-17 15:20:31,323 ] 16 root - INFO - File Dziri Ahmed - Resume (1).pdf loaded successfully
[ 2023-08-17 15:20:31,323 ] 24 root - INFO - Files transformed succesfully
[ 2023-08-17 15:20:31,336 ] 16 root - INFO - File experience.pdf loaded successfully
[ 2023-08-17 15:20:31,336 ] 24 root - INFO - Files transformed succesfully
[ 2023-08-17 15:20:31,361 ] 16 root - INFO - File laravel.pdf loaded successfully
[ 2023-08-17 15:20:31,361 ] 24 root - INFO - Files transformed succesfully
[ 2023-08-17 15:20:31,407 ] 16 root - INFO - File rayen_data.pdf loaded successfully
[ 2023-08-17 15:20:31,407 ] 24 root - INFO - Files transformed succesfully
[ 2023-08-17 15:20:31,450 ] 16 root - INFO - File react_native.pdf loaded successfully
[ 2023-08-17 15:20:31,450 ] 24 root - INFO - Files transformed succesfully
[ 2023-08-17 15:20:32,959 ] 16 root - INFO - File resumes.csv loaded successfully
[ 2023-08-17 15:20:32,959 ] 24 root - INFO - Files transformed succesfully
[ 2023-08-17 15:20:33,005 ] 16 root - INFO - File scrum_master.pdf loaded successfully
[ 2023-08-17 15:20:33,005 ] 24 root - INFO - Files transformed succesfully
[ 2023-08-17 15:20:33,029 ] 16 root - INFO - File yessine Meddeb_cv.pdf loaded successfully
[ 2023-08-17 15:20:33,029 ] 24 root - INFO - Files transformed succesfully
[ 2023-08-17 15:20:40,532 ] 482 gensim.utils - INFO - loading Doc2Vec object from doc2vec_model_epochs_80.model
[ 2023-08-17 15:20:40,553 ] 516 gensim.utils - INFO - loading dv recursively from doc2vec_model_epochs_80.model.dv.* with mmap=None
[ 2023-08-17 15:20:40,553 ] 516 gensim.utils - INFO - loading wv recursively from doc2vec_model_epochs_80.model.wv.* with mmap=None
[ 2023-08-17 15:20:40,553 ] 554 gensim.utils - INFO - setting ignored attribute cum_table to None
[ 2023-08-17 15:20:40,709 ] 448 gensim.utils - INFO - Doc2Vec lifecycle event {'fname': 'doc2vec_model_epochs_80.model', 'datetime': '2023-08-17T15:20:40.702362', 'gensim': '4.3.1', 'python': '3.11.4 | packaged by Anaconda, Inc. | (main, Jul  5 2023, 13:47:18) [MSC v.1916 64 bit (AMD64)]', 'platform': 'Windows-10-10.0.22621-SP0', 'event': 'loaded'}
[ 2023-08-17 15:20:40,710 ] 482 gensim.utils - INFO - loading Doc2Vec object from doc2vec_model_epochs_100.model
[ 2023-08-17 15:20:40,720 ] 516 gensim.utils - INFO - loading dv recursively from doc2vec_model_epochs_100.model.dv.* with mmap=None
[ 2023-08-17 15:20:40,720 ] 516 gensim.utils - INFO - loading wv recursively from doc2vec_model_epochs_100.model.wv.* with mmap=None
[ 2023-08-17 15:20:40,720 ] 554 gensim.utils - INFO - setting ignored attribute cum_table to None
[ 2023-08-17 15:20:40,868 ] 448 gensim.utils - INFO - Doc2Vec lifecycle event {'fname': 'doc2vec_model_epochs_100.model', 'datetime': '2023-08-17T15:20:40.867884', 'gensim': '4.3.1', 'python': '3.11.4 | packaged by Anaconda, Inc. | (main, Jul  5 2023, 13:47:18) [MSC v.1916 64 bit (AMD64)]', 'platform': 'Windows-10-10.0.22621-SP0', 'event': 'loaded'}
[ 2023-08-17 15:20:40,868 ] 482 gensim.utils - INFO - loading Doc2Vec object from doc2vec_model_epochs_150.model
[ 2023-08-17 15:20:40,878 ] 516 gensim.utils - INFO - loading dv recursively from doc2vec_model_epochs_150.model.dv.* with mmap=None
[ 2023-08-17 15:20:40,878 ] 516 gensim.utils - INFO - loading wv recursively from doc2vec_model_epochs_150.model.wv.* with mmap=None
[ 2023-08-17 15:20:40,878 ] 554 gensim.utils - INFO - setting ignored attribute cum_table to None
[ 2023-08-17 15:20:41,022 ] 448 gensim.utils - INFO - Doc2Vec lifecycle event {'fname': 'doc2vec_model_epochs_150.model', 'datetime': '2023-08-17T15:20:41.022702', 'gensim': '4.3.1', 'python': '3.11.4 | packaged by Anaconda, Inc. | (main, Jul  5 2023, 13:47:18) [MSC v.1916 64 bit (AMD64)]', 'platform': 'Windows-10-10.0.22621-SP0', 'event': 'loaded'}
[ 2023-08-17 15:20:41,022 ] 482 gensim.utils - INFO - loading Doc2Vec object from doc2vec_model_epochs_40.model
[ 2023-08-17 15:20:41,035 ] 516 gensim.utils - INFO - loading dv recursively from doc2vec_model_epochs_40.model.dv.* with mmap=None
[ 2023-08-17 15:20:41,036 ] 516 gensim.utils - INFO - loading wv recursively from doc2vec_model_epochs_40.model.wv.* with mmap=None
[ 2023-08-17 15:20:41,036 ] 554 gensim.utils - INFO - setting ignored attribute cum_table to None
[ 2023-08-17 15:20:41,195 ] 448 gensim.utils - INFO - Doc2Vec lifecycle event {'fname': 'doc2vec_model_epochs_40.model', 'datetime': '2023-08-17T15:20:41.195631', 'gensim': '4.3.1', 'python': '3.11.4 | packaged by Anaconda, Inc. | (main, Jul  5 2023, 13:47:18) [MSC v.1916 64 bit (AMD64)]', 'platform': 'Windows-10-10.0.22621-SP0', 'event': 'loaded'}
[ 2023-08-17 15:20:41,196 ] 482 gensim.utils - INFO - loading Doc2Vec object from resumes_model_epochs_lemmetized_80.model
[ 2023-08-17 15:20:41,199 ] 516 gensim.utils - INFO - loading dv recursively from resumes_model_epochs_lemmetized_80.model.dv.* with mmap=None
[ 2023-08-17 15:20:41,200 ] 516 gensim.utils - INFO - loading wv recursively from resumes_model_epochs_lemmetized_80.model.wv.* with mmap=None
[ 2023-08-17 15:20:41,200 ] 554 gensim.utils - INFO - setting ignored attribute cum_table to None
[ 2023-08-17 15:20:41,247 ] 448 gensim.utils - INFO - Doc2Vec lifecycle event {'fname': 'resumes_model_epochs_lemmetized_80.model', 'datetime': '2023-08-17T15:20:41.247902', 'gensim': '4.3.1', 'python': '3.11.4 | packaged by Anaconda, Inc. | (main, Jul  5 2023, 13:47:18) [MSC v.1916 64 bit (AMD64)]', 'platform': 'Windows-10-10.0.22621-SP0', 'event': 'loaded'}
[ 2023-08-17 15:20:41,247 ] 482 gensim.utils - INFO - loading Doc2Vec object from resumes_model_epochs_lemmetized_100.model
[ 2023-08-17 15:20:41,250 ] 516 gensim.utils - INFO - loading dv recursively from resumes_model_epochs_lemmetized_100.model.dv.* with mmap=None
[ 2023-08-17 15:20:41,250 ] 516 gensim.utils - INFO - loading wv recursively from resumes_model_epochs_lemmetized_100.model.wv.* with mmap=None
[ 2023-08-17 15:20:41,250 ] 554 gensim.utils - INFO - setting ignored attribute cum_table to None
[ 2023-08-17 15:20:41,299 ] 448 gensim.utils - INFO - Doc2Vec lifecycle event {'fname': 'resumes_model_epochs_lemmetized_100.model', 'datetime': '2023-08-17T15:20:41.299969', 'gensim': '4.3.1', 'python': '3.11.4 | packaged by Anaconda, Inc. | (main, Jul  5 2023, 13:47:18) [MSC v.1916 64 bit (AMD64)]', 'platform': 'Windows-10-10.0.22621-SP0', 'event': 'loaded'}
[ 2023-08-17 15:20:41,299 ] 482 gensim.utils - INFO - loading Doc2Vec object from resumes_model_epochs_lemmetized_150.model
[ 2023-08-17 15:20:41,303 ] 516 gensim.utils - INFO - loading dv recursively from resumes_model_epochs_lemmetized_150.model.dv.* with mmap=None
[ 2023-08-17 15:20:41,303 ] 516 gensim.utils - INFO - loading wv recursively from resumes_model_epochs_lemmetized_150.model.wv.* with mmap=None
[ 2023-08-17 15:20:41,303 ] 554 gensim.utils - INFO - setting ignored attribute cum_table to None
[ 2023-08-17 15:20:41,349 ] 448 gensim.utils - INFO - Doc2Vec lifecycle event {'fname': 'resumes_model_epochs_lemmetized_150.model', 'datetime': '2023-08-17T15:20:41.349007', 'gensim': '4.3.1', 'python': '3.11.4 | packaged by Anaconda, Inc. | (main, Jul  5 2023, 13:47:18) [MSC v.1916 64 bit (AMD64)]', 'platform': 'Windows-10-10.0.22621-SP0', 'event': 'loaded'}
