[ 2023-08-23 10:34:55,942 ] 16 root - INFO - File computer_vision.pdf loaded successfully
[ 2023-08-23 10:34:55,942 ] 24 root - INFO - Files transformed succesfully
[ 2023-08-23 10:34:56,024 ] 16 root - INFO - File CV_Amine_Gafsi.pdf loaded successfully
[ 2023-08-23 10:34:56,024 ] 24 root - INFO - Files transformed succesfully
[ 2023-08-23 10:34:56,087 ] 16 root - INFO - File data_cv_test1.pdf loaded successfully
[ 2023-08-23 10:34:56,087 ] 24 root - INFO - Files transformed succesfully
[ 2023-08-23 10:34:56,139 ] 16 root - INFO - File laravel.pdf loaded successfully
[ 2023-08-23 10:34:56,140 ] 24 root - INFO - Files transformed succesfully
[ 2023-08-23 10:34:56,235 ] 16 root - INFO - File react_native.pdf loaded successfully
[ 2023-08-23 10:34:56,235 ] 24 root - INFO - Files transformed succesfully
[ 2023-08-23 10:34:56,302 ] 16 root - INFO - File react_native2.pdf loaded successfully
[ 2023-08-23 10:34:56,302 ] 24 root - INFO - Files transformed succesfully
[ 2023-08-23 10:34:56,306 ] 16 root - INFO - File computer_vision.pdf loaded successfully
[ 2023-08-23 10:34:56,306 ] 24 root - INFO - Files transformed succesfully
[ 2023-08-23 10:34:56,406 ] 16 root - INFO - File react_native4.pdf loaded successfully
[ 2023-08-23 10:34:56,406 ] 24 root - INFO - Files transformed succesfully
[ 2023-08-23 10:34:56,413 ] 16 root - INFO - File CV_Amine_Gafsi.pdf loaded successfully
[ 2023-08-23 10:34:56,413 ] 24 root - INFO - Files transformed succesfully
[ 2023-08-23 10:34:56,477 ] 16 root - INFO - File data_cv_test1.pdf loaded successfully
[ 2023-08-23 10:34:56,477 ] 24 root - INFO - Files transformed succesfully
[ 2023-08-23 10:34:56,513 ] 16 root - INFO - File laravel.pdf loaded successfully
[ 2023-08-23 10:34:56,513 ] 24 root - INFO - Files transformed succesfully
[ 2023-08-23 10:34:56,514 ] 16 root - INFO - File computer_vision.pdf loaded successfully
[ 2023-08-23 10:34:56,514 ] 24 root - INFO - Files transformed succesfully
[ 2023-08-23 10:34:56,578 ] 16 root - INFO - File CV_Amine_Gafsi.pdf loaded successfully
[ 2023-08-23 10:34:56,578 ] 24 root - INFO - Files transformed succesfully
[ 2023-08-23 10:34:56,601 ] 16 root - INFO - File react_native.pdf loaded successfully
[ 2023-08-23 10:34:56,602 ] 24 root - INFO - Files transformed succesfully
[ 2023-08-23 10:34:56,603 ] 16 root - INFO - File computer_vision.pdf loaded successfully
[ 2023-08-23 10:34:56,603 ] 16 root - INFO - File computer_vision.pdf loaded successfully
[ 2023-08-23 10:34:56,603 ] 24 root - INFO - Files transformed succesfully
[ 2023-08-23 10:34:56,603 ] 24 root - INFO - Files transformed succesfully
[ 2023-08-23 10:34:56,650 ] 16 root - INFO - File data_cv_test1.pdf loaded successfully
[ 2023-08-23 10:34:56,651 ] 24 root - INFO - Files transformed succesfully
[ 2023-08-23 10:34:56,673 ] 16 root - INFO - File react_native2.pdf loaded successfully
[ 2023-08-23 10:34:56,673 ] 24 root - INFO - Files transformed succesfully
[ 2023-08-23 10:34:56,679 ] 16 root - INFO - File CV_Amine_Gafsi.pdf loaded successfully
[ 2023-08-23 10:34:56,681 ] 24 root - INFO - Files transformed succesfully
[ 2023-08-23 10:34:56,684 ] 16 root - INFO - File laravel.pdf loaded successfully
[ 2023-08-23 10:34:56,684 ] 24 root - INFO - Files transformed succesfully
[ 2023-08-23 10:34:56,684 ] 16 root - INFO - File CV_Amine_Gafsi.pdf loaded successfully
[ 2023-08-23 10:34:56,685 ] 24 root - INFO - Files transformed succesfully
[ 2023-08-23 10:34:56,701 ] 16 root - INFO - File computer_vision.pdf loaded successfully
[ 2023-08-23 10:34:56,701 ] 24 root - INFO - Files transformed succesfully
[ 2023-08-23 10:34:56,715 ] 16 root - INFO - File computer_vision.pdf loaded successfully
[ 2023-08-23 10:34:56,716 ] 24 root - INFO - Files transformed succesfully
[ 2023-08-23 10:34:56,762 ] 16 root - INFO - File react_native4.pdf loaded successfully
[ 2023-08-23 10:34:56,762 ] 24 root - INFO - Files transformed succesfully
[ 2023-08-23 10:34:56,772 ] 16 root - INFO - File data_cv_test1.pdf loaded successfully
[ 2023-08-23 10:34:56,772 ] 24 root - INFO - Files transformed succesfully
[ 2023-08-23 10:34:56,802 ] 16 root - INFO - File data_cv_test1.pdf loaded successfully
[ 2023-08-23 10:34:56,803 ] 24 root - INFO - Files transformed succesfully
[ 2023-08-23 10:34:56,815 ] 16 root - INFO - File laravel.pdf loaded successfully
[ 2023-08-23 10:34:56,815 ] 24 root - INFO - Files transformed succesfully
[ 2023-08-23 10:34:56,819 ] 16 root - INFO - File CV_Amine_Gafsi.pdf loaded successfully
[ 2023-08-23 10:34:56,820 ] 24 root - INFO - Files transformed succesfully
[ 2023-08-23 10:34:56,832 ] 16 root - INFO - File laravel.pdf loaded successfully
[ 2023-08-23 10:34:56,832 ] 24 root - INFO - Files transformed succesfully
[ 2023-08-23 10:34:56,837 ] 16 root - INFO - File CV_Amine_Gafsi.pdf loaded successfully
[ 2023-08-23 10:34:56,837 ] 24 root - INFO - Files transformed succesfully
[ 2023-08-23 10:34:56,844 ] 16 root - INFO - File computer_vision.pdf loaded successfully
[ 2023-08-23 10:34:56,845 ] 24 root - INFO - Files transformed succesfully
[ 2023-08-23 10:34:56,851 ] 16 root - INFO - File computer_vision.pdf loaded successfully
[ 2023-08-23 10:34:56,851 ] 24 root - INFO - Files transformed succesfully
[ 2023-08-23 10:34:56,880 ] 16 root - INFO - File react_native.pdf loaded successfully
[ 2023-08-23 10:34:56,880 ] 24 root - INFO - Files transformed succesfully
[ 2023-08-23 10:34:56,897 ] 16 root - INFO - File react_native.pdf loaded successfully
[ 2023-08-23 10:34:56,897 ] 24 root - INFO - Files transformed succesfully
[ 2023-08-23 10:34:56,901 ] 16 root - INFO - File data_cv_test1.pdf loaded successfully
[ 2023-08-23 10:34:56,904 ] 24 root - INFO - Files transformed succesfully
[ 2023-08-23 10:34:56,905 ] 16 root - INFO - File data_cv_test1.pdf loaded successfully
[ 2023-08-23 10:34:56,906 ] 24 root - INFO - Files transformed succesfully
[ 2023-08-23 10:34:56,917 ] 16 root - INFO - File CV_Amine_Gafsi.pdf loaded successfully
[ 2023-08-23 10:34:56,917 ] 24 root - INFO - Files transformed succesfully
[ 2023-08-23 10:34:56,924 ] 16 root - INFO - File CV_Amine_Gafsi.pdf loaded successfully
[ 2023-08-23 10:34:56,924 ] 24 root - INFO - Files transformed succesfully
[ 2023-08-23 10:34:56,926 ] 16 root - INFO - File react_native.pdf loaded successfully
[ 2023-08-23 10:34:56,926 ] 24 root - INFO - Files transformed succesfully
[ 2023-08-23 10:34:56,943 ] 16 root - INFO - File laravel.pdf loaded successfully
[ 2023-08-23 10:34:56,943 ] 24 root - INFO - Files transformed succesfully
[ 2023-08-23 10:34:56,950 ] 16 root - INFO - File react_native2.pdf loaded successfully
[ 2023-08-23 10:34:56,951 ] 24 root - INFO - Files transformed succesfully
[ 2023-08-23 10:34:56,955 ] 16 root - INFO - File computer_vision.pdf loaded successfully
[ 2023-08-23 10:34:56,956 ] 24 root - INFO - Files transformed succesfully
[ 2023-08-23 10:34:56,956 ] 16 root - INFO - File laravel.pdf loaded successfully
[ 2023-08-23 10:34:56,956 ] 24 root - INFO - Files transformed succesfully
[ 2023-08-23 10:34:56,993 ] 16 root - INFO - File react_native2.pdf loaded successfully
[ 2023-08-23 10:34:56,994 ] 16 root - INFO - File data_cv_test1.pdf loaded successfully
[ 2023-08-23 10:34:56,994 ] 24 root - INFO - Files transformed succesfully
[ 2023-08-23 10:34:56,994 ] 24 root - INFO - Files transformed succesfully
[ 2023-08-23 10:34:56,995 ] 16 root - INFO - File react_native2.pdf loaded successfully
[ 2023-08-23 10:34:56,996 ] 24 root - INFO - Files transformed succesfully
[ 2023-08-23 10:34:57,004 ] 16 root - INFO - File data_cv_test1.pdf loaded successfully
[ 2023-08-23 10:34:57,004 ] 24 root - INFO - Files transformed succesfully
[ 2023-08-23 10:34:57,019 ] 16 root - INFO - File computer_vision.pdf loaded successfully
[ 2023-08-23 10:34:57,019 ] 24 root - INFO - Files transformed succesfully
[ 2023-08-23 10:34:57,027 ] 16 root - INFO - File laravel.pdf loaded successfully
[ 2023-08-23 10:34:57,027 ] 24 root - INFO - Files transformed succesfully
[ 2023-08-23 10:34:57,032 ] 16 root - INFO - File CV_Amine_Gafsi.pdf loaded successfully
[ 2023-08-23 10:34:57,032 ] 24 root - INFO - Files transformed succesfully
[ 2023-08-23 10:34:57,034 ] 16 root - INFO - File react_native.pdf loaded successfully
[ 2023-08-23 10:34:57,034 ] 24 root - INFO - Files transformed succesfully
[ 2023-08-23 10:34:57,046 ] 16 root - INFO - File react_native4.pdf loaded successfully
[ 2023-08-23 10:34:57,046 ] 16 root - INFO - File laravel.pdf loaded successfully
[ 2023-08-23 10:34:57,046 ] 24 root - INFO - Files transformed succesfully
[ 2023-08-23 10:34:57,047 ] 24 root - INFO - Files transformed succesfully
[ 2023-08-23 10:34:57,052 ] 16 root - INFO - File react_native.pdf loaded successfully
[ 2023-08-23 10:34:57,052 ] 24 root - INFO - Files transformed succesfully
[ 2023-08-23 10:34:57,085 ] 16 root - INFO - File react_native4.pdf loaded successfully
[ 2023-08-23 10:34:57,085 ] 24 root - INFO - Files transformed succesfully
[ 2023-08-23 10:34:57,098 ] 16 root - INFO - File react_native4.pdf loaded successfully
[ 2023-08-23 10:34:57,098 ] 24 root - INFO - Files transformed succesfully
[ 2023-08-23 10:34:57,149 ] 16 root - INFO - File react_native2.pdf loaded successfully
[ 2023-08-23 10:34:57,149 ] 24 root - INFO - Files transformed succesfully
[ 2023-08-23 10:34:57,155 ] 16 root - INFO - File data_cv_test1.pdf loaded successfully
[ 2023-08-23 10:34:57,157 ] 24 root - INFO - Files transformed succesfully
[ 2023-08-23 10:34:57,161 ] 16 root - INFO - File CV_Amine_Gafsi.pdf loaded successfully
[ 2023-08-23 10:34:57,161 ] 24 root - INFO - Files transformed succesfully
[ 2023-08-23 10:34:57,164 ] 16 root - INFO - File react_native.pdf loaded successfully
[ 2023-08-23 10:34:57,165 ] 24 root - INFO - Files transformed succesfully
[ 2023-08-23 10:34:57,165 ] 16 root - INFO - File computer_vision.pdf loaded successfully
[ 2023-08-23 10:34:57,166 ] 24 root - INFO - Files transformed succesfully
[ 2023-08-23 10:34:57,217 ] 16 root - INFO - File laravel.pdf loaded successfully
[ 2023-08-23 10:34:57,217 ] 24 root - INFO - Files transformed succesfully
[ 2023-08-23 10:34:57,223 ] 16 root - INFO - File react_native2.pdf loaded successfully
[ 2023-08-23 10:34:57,223 ] 24 root - INFO - Files transformed succesfully
[ 2023-08-23 10:34:57,278 ] 16 root - INFO - File react_native2.pdf loaded successfully
[ 2023-08-23 10:34:57,278 ] 24 root - INFO - Files transformed succesfully
[ 2023-08-23 10:34:57,279 ] 16 root - INFO - File data_cv_test1.pdf loaded successfully
[ 2023-08-23 10:34:57,279 ] 24 root - INFO - Files transformed succesfully
[ 2023-08-23 10:34:57,281 ] 16 root - INFO - File react_native4.pdf loaded successfully
[ 2023-08-23 10:34:57,281 ] 24 root - INFO - Files transformed succesfully
[ 2023-08-23 10:34:57,283 ] 16 root - INFO - File CV_Amine_Gafsi.pdf loaded successfully
[ 2023-08-23 10:34:57,283 ] 24 root - INFO - Files transformed succesfully
[ 2023-08-23 10:34:57,309 ] 16 root - INFO - File react_native.pdf loaded successfully
[ 2023-08-23 10:34:57,309 ] 24 root - INFO - Files transformed succesfully
[ 2023-08-23 10:34:57,314 ] 16 root - INFO - File react_native.pdf loaded successfully
[ 2023-08-23 10:34:57,314 ] 24 root - INFO - Files transformed succesfully
[ 2023-08-23 10:34:57,317 ] 16 root - INFO - File laravel.pdf loaded successfully
[ 2023-08-23 10:34:57,318 ] 24 root - INFO - Files transformed succesfully
[ 2023-08-23 10:34:57,321 ] 16 root - INFO - File react_native4.pdf loaded successfully
[ 2023-08-23 10:34:57,322 ] 24 root - INFO - Files transformed succesfully
[ 2023-08-23 10:34:57,340 ] 16 root - INFO - File data_cv_test1.pdf loaded successfully
[ 2023-08-23 10:34:57,341 ] 24 root - INFO - Files transformed succesfully
[ 2023-08-23 10:34:57,348 ] 16 root - INFO - File react_native4.pdf loaded successfully
[ 2023-08-23 10:34:57,348 ] 24 root - INFO - Files transformed succesfully
[ 2023-08-23 10:34:57,362 ] 16 root - INFO - File react_native2.pdf loaded successfully
[ 2023-08-23 10:34:57,362 ] 24 root - INFO - Files transformed succesfully
[ 2023-08-23 10:34:57,365 ] 16 root - INFO - File react_native2.pdf loaded successfully
[ 2023-08-23 10:34:57,365 ] 24 root - INFO - Files transformed succesfully
[ 2023-08-23 10:34:57,372 ] 16 root - INFO - File laravel.pdf loaded successfully
[ 2023-08-23 10:34:57,373 ] 24 root - INFO - Files transformed succesfully
[ 2023-08-23 10:34:57,383 ] 16 root - INFO - File react_native.pdf loaded successfully
[ 2023-08-23 10:34:57,383 ] 24 root - INFO - Files transformed succesfully
[ 2023-08-23 10:34:57,428 ] 16 root - INFO - File react_native4.pdf loaded successfully
[ 2023-08-23 10:34:57,428 ] 24 root - INFO - Files transformed succesfully
[ 2023-08-23 10:34:57,431 ] 16 root - INFO - File react_native4.pdf loaded successfully
[ 2023-08-23 10:34:57,431 ] 24 root - INFO - Files transformed succesfully
[ 2023-08-23 10:34:57,439 ] 16 root - INFO - File computer_vision.pdf loaded successfully
[ 2023-08-23 10:34:57,439 ] 24 root - INFO - Files transformed succesfully
[ 2023-08-23 10:34:57,440 ] 16 root - INFO - File react_native2.pdf loaded successfully
[ 2023-08-23 10:34:57,440 ] 24 root - INFO - Files transformed succesfully
[ 2023-08-23 10:34:57,441 ] 16 root - INFO - File react_native.pdf loaded successfully
[ 2023-08-23 10:34:57,441 ] 24 root - INFO - Files transformed succesfully
[ 2023-08-23 10:34:57,501 ] 16 root - INFO - File CV_Amine_Gafsi.pdf loaded successfully
[ 2023-08-23 10:34:57,501 ] 24 root - INFO - Files transformed succesfully
[ 2023-08-23 10:34:57,502 ] 16 root - INFO - File react_native2.pdf loaded successfully
[ 2023-08-23 10:34:57,502 ] 24 root - INFO - Files transformed succesfully
[ 2023-08-23 10:34:57,508 ] 16 root - INFO - File react_native4.pdf loaded successfully
[ 2023-08-23 10:34:57,508 ] 24 root - INFO - Files transformed succesfully
[ 2023-08-23 10:34:57,548 ] 16 root - INFO - File data_cv_test1.pdf loaded successfully
[ 2023-08-23 10:34:57,548 ] 24 root - INFO - Files transformed succesfully
[ 2023-08-23 10:34:57,559 ] 16 root - INFO - File react_native4.pdf loaded successfully
[ 2023-08-23 10:34:57,560 ] 24 root - INFO - Files transformed succesfully
[ 2023-08-23 10:34:57,573 ] 16 root - INFO - File laravel.pdf loaded successfully
[ 2023-08-23 10:34:57,574 ] 24 root - INFO - Files transformed succesfully
[ 2023-08-23 10:34:57,632 ] 16 root - INFO - File react_native.pdf loaded successfully
[ 2023-08-23 10:34:57,632 ] 24 root - INFO - Files transformed succesfully
[ 2023-08-23 10:34:57,638 ] 16 root - INFO - File computer_vision.pdf loaded successfully
[ 2023-08-23 10:34:57,639 ] 24 root - INFO - Files transformed succesfully
[ 2023-08-23 10:34:57,681 ] 16 root - INFO - File react_native2.pdf loaded successfully
[ 2023-08-23 10:34:57,681 ] 24 root - INFO - Files transformed succesfully
[ 2023-08-23 10:34:57,689 ] 16 root - INFO - File CV_Amine_Gafsi.pdf loaded successfully
[ 2023-08-23 10:34:57,689 ] 24 root - INFO - Files transformed succesfully
[ 2023-08-23 10:34:57,736 ] 16 root - INFO - File data_cv_test1.pdf loaded successfully
[ 2023-08-23 10:34:57,737 ] 24 root - INFO - Files transformed succesfully
[ 2023-08-23 10:34:57,741 ] 16 root - INFO - File react_native4.pdf loaded successfully
[ 2023-08-23 10:34:57,741 ] 24 root - INFO - Files transformed succesfully
[ 2023-08-23 10:34:57,762 ] 16 root - INFO - File laravel.pdf loaded successfully
[ 2023-08-23 10:34:57,762 ] 24 root - INFO - Files transformed succesfully
[ 2023-08-23 10:34:57,823 ] 16 root - INFO - File computer_vision.pdf loaded successfully
[ 2023-08-23 10:34:57,823 ] 24 root - INFO - Files transformed succesfully
[ 2023-08-23 10:34:57,823 ] 24 root - INFO - Files transformed succesfully
[ 2023-08-23 10:34:57,873 ] 16 root - INFO - File react_native2.pdf loaded successfully
[ 2023-08-23 10:34:57,874 ] 24 root - INFO - Files transformed succesfully
[ 2023-08-23 10:34:57,876 ] 16 root - INFO - File CV_Amine_Gafsi.pdf loaded successfully
[ 2023-08-23 10:34:57,876 ] 24 root - INFO - Files transformed succesfully
[ 2023-08-23 10:34:57,923 ] 16 root - INFO - File computer_vision.pdf loaded successfully
[ 2023-08-23 10:34:57,923 ] 24 root - INFO - Files transformed succesfully
[ 2023-08-23 10:34:57,924 ] 16 root - INFO - File data_cv_test1.pdf loaded successfully
[ 2023-08-23 10:34:57,925 ] 24 root - INFO - Files transformed succesfully
[ 2023-08-23 10:34:57,936 ] 16 root - INFO - File react_native4.pdf loaded successfully
[ 2023-08-23 10:34:57,936 ] 24 root - INFO - Files transformed succesfully
[ 2023-08-23 10:34:57,968 ] 16 root - INFO - File laravel.pdf loaded successfully
[ 2023-08-23 10:34:57,969 ] 24 root - INFO - Files transformed succesfully
[ 2023-08-23 10:34:57,978 ] 16 root - INFO - File CV_Amine_Gafsi.pdf loaded successfully
[ 2023-08-23 10:34:57,978 ] 24 root - INFO - Files transformed succesfully
[ 2023-08-23 10:34:58,025 ] 16 root - INFO - File data_cv_test1.pdf loaded successfully
[ 2023-08-23 10:34:58,025 ] 24 root - INFO - Files transformed succesfully
[ 2023-08-23 10:34:58,025 ] 16 root - INFO - File react_native.pdf loaded successfully
[ 2023-08-23 10:34:58,025 ] 24 root - INFO - Files transformed succesfully
[ 2023-08-23 10:34:58,054 ] 16 root - INFO - File laravel.pdf loaded successfully
[ 2023-08-23 10:34:58,054 ] 24 root - INFO - Files transformed succesfully
[ 2023-08-23 10:34:58,077 ] 16 root - INFO - File react_native2.pdf loaded successfully
[ 2023-08-23 10:34:58,078 ] 24 root - INFO - Files transformed succesfully
[ 2023-08-23 10:34:58,113 ] 16 root - INFO - File react_native.pdf loaded successfully
[ 2023-08-23 10:34:58,113 ] 24 root - INFO - Files transformed succesfully
[ 2023-08-23 10:34:58,142 ] 16 root - INFO - File react_native4.pdf loaded successfully
[ 2023-08-23 10:34:58,142 ] 24 root - INFO - Files transformed succesfully
[ 2023-08-23 10:34:58,177 ] 16 root - INFO - File react_native2.pdf loaded successfully
[ 2023-08-23 10:34:58,177 ] 24 root - INFO - Files transformed succesfully
[ 2023-08-23 10:34:58,253 ] 16 root - INFO - File react_native4.pdf loaded successfully
[ 2023-08-23 10:34:58,253 ] 24 root - INFO - Files transformed succesfully
