[ 2023-08-15 16:26:33,694 ] 16 root - INFO - File CV_Amine_Gafsi.pdf loaded successfully
[ 2023-08-15 16:26:33,694 ] 24 root - INFO - Files transformed succesfully
[ 2023-08-15 16:26:33,713 ] 16 root - INFO - File laravel.pdf loaded successfully
[ 2023-08-15 16:26:33,713 ] 24 root - INFO - Files transformed succesfully
[ 2023-08-15 16:26:33,755 ] 16 root - INFO - File rayen.pdf loaded successfully
[ 2023-08-15 16:26:33,755 ] 24 root - INFO - Files transformed succesfully
[ 2023-08-15 16:26:33,795 ] 16 root - INFO - File react3.pdf loaded successfully
[ 2023-08-15 16:26:33,795 ] 24 root - INFO - Files transformed succesfully
[ 2023-08-15 16:26:33,840 ] 16 root - INFO - File react_native.pdf loaded successfully
[ 2023-08-15 16:26:33,840 ] 24 root - INFO - Files transformed succesfully
[ 2023-08-15 16:26:33,880 ] 16 root - INFO - File react_native2.pdf loaded successfully
[ 2023-08-15 16:26:33,880 ] 24 root - INFO - Files transformed succesfully
[ 2023-08-15 16:26:33,928 ] 16 root - INFO - File react_native4.pdf loaded successfully
[ 2023-08-15 16:26:33,928 ] 24 root - INFO - Files transformed succesfully
[ 2023-08-15 16:26:33,964 ] 16 root - INFO - File scrum_master.pdf loaded successfully
[ 2023-08-15 16:26:33,964 ] 24 root - INFO - Files transformed succesfully
[ 2023-08-15 16:26:38,039 ] 482 gensim.utils - INFO - loading Doc2Vec object from doc2vec_model_epochs_80.model
[ 2023-08-15 16:26:38,050 ] 516 gensim.utils - INFO - loading dv recursively from doc2vec_model_epochs_80.model.dv.* with mmap=None
[ 2023-08-15 16:26:38,050 ] 516 gensim.utils - INFO - loading wv recursively from doc2vec_model_epochs_80.model.wv.* with mmap=None
[ 2023-08-15 16:26:38,050 ] 554 gensim.utils - INFO - setting ignored attribute cum_table to None
[ 2023-08-15 16:26:38,189 ] 448 gensim.utils - INFO - Doc2Vec lifecycle event {'fname': 'doc2vec_model_epochs_80.model', 'datetime': '2023-08-15T16:26:38.182279', 'gensim': '4.3.1', 'python': '3.11.4 | packaged by Anaconda, Inc. | (main, Jul  5 2023, 13:47:18) [MSC v.1916 64 bit (AMD64)]', 'platform': 'Windows-10-10.0.22621-SP0', 'event': 'loaded'}
[ 2023-08-15 16:26:38,189 ] 482 gensim.utils - INFO - loading Doc2Vec object from doc2vec_model_epochs_100.model
[ 2023-08-15 16:26:38,199 ] 516 gensim.utils - INFO - loading dv recursively from doc2vec_model_epochs_100.model.dv.* with mmap=None
[ 2023-08-15 16:26:38,199 ] 516 gensim.utils - INFO - loading wv recursively from doc2vec_model_epochs_100.model.wv.* with mmap=None
[ 2023-08-15 16:26:38,199 ] 554 gensim.utils - INFO - setting ignored attribute cum_table to None
[ 2023-08-15 16:26:38,326 ] 448 gensim.utils - INFO - Doc2Vec lifecycle event {'fname': 'doc2vec_model_epochs_100.model', 'datetime': '2023-08-15T16:26:38.326447', 'gensim': '4.3.1', 'python': '3.11.4 | packaged by Anaconda, Inc. | (main, Jul  5 2023, 13:47:18) [MSC v.1916 64 bit (AMD64)]', 'platform': 'Windows-10-10.0.22621-SP0', 'event': 'loaded'}
[ 2023-08-15 16:26:38,326 ] 482 gensim.utils - INFO - loading Doc2Vec object from doc2vec_model_epochs_150.model
[ 2023-08-15 16:26:38,336 ] 516 gensim.utils - INFO - loading dv recursively from doc2vec_model_epochs_150.model.dv.* with mmap=None
[ 2023-08-15 16:26:38,336 ] 516 gensim.utils - INFO - loading wv recursively from doc2vec_model_epochs_150.model.wv.* with mmap=None
[ 2023-08-15 16:26:38,336 ] 554 gensim.utils - INFO - setting ignored attribute cum_table to None
[ 2023-08-15 16:26:38,472 ] 448 gensim.utils - INFO - Doc2Vec lifecycle event {'fname': 'doc2vec_model_epochs_150.model', 'datetime': '2023-08-15T16:26:38.472962', 'gensim': '4.3.1', 'python': '3.11.4 | packaged by Anaconda, Inc. | (main, Jul  5 2023, 13:47:18) [MSC v.1916 64 bit (AMD64)]', 'platform': 'Windows-10-10.0.22621-SP0', 'event': 'loaded'}
[ 2023-08-15 16:26:38,472 ] 482 gensim.utils - INFO - loading Doc2Vec object from doc2vec_model_epochs_40.model
[ 2023-08-15 16:26:38,483 ] 516 gensim.utils - INFO - loading dv recursively from doc2vec_model_epochs_40.model.dv.* with mmap=None
[ 2023-08-15 16:26:38,483 ] 516 gensim.utils - INFO - loading wv recursively from doc2vec_model_epochs_40.model.wv.* with mmap=None
[ 2023-08-15 16:26:38,483 ] 554 gensim.utils - INFO - setting ignored attribute cum_table to None
[ 2023-08-15 16:26:38,608 ] 448 gensim.utils - INFO - Doc2Vec lifecycle event {'fname': 'doc2vec_model_epochs_40.model', 'datetime': '2023-08-15T16:26:38.608968', 'gensim': '4.3.1', 'python': '3.11.4 | packaged by Anaconda, Inc. | (main, Jul  5 2023, 13:47:18) [MSC v.1916 64 bit (AMD64)]', 'platform': 'Windows-10-10.0.22621-SP0', 'event': 'loaded'}
[ 2023-08-15 16:28:11,997 ] 168 root - ERROR - Error while Extracting the skillls: 'id' is not in list
