[ 2023-08-17 15:15:19,737 ] 16 root - INFO - File CV_Ahlem_Marzougui.pdf loaded successfully
[ 2023-08-17 15:15:19,738 ] 24 root - INFO - Files transformed succesfully
[ 2023-08-17 15:15:19,806 ] 16 root - INFO - File CV_Ahmed_Amamou.pdf loaded successfully
[ 2023-08-17 15:15:19,806 ] 24 root - INFO - Files transformed succesfully
[ 2023-08-17 15:15:19,873 ] 16 root - INFO - File CV_Ahmed_Dziri.pdf loaded successfully
[ 2023-08-17 15:15:19,873 ] 24 root - INFO - Files transformed succesfully
[ 2023-08-17 15:15:20,058 ] 16 root - INFO - File CV_Ahmed_Farhat.pdf loaded successfully
[ 2023-08-17 15:15:20,058 ] 24 root - INFO - Files transformed succesfully
[ 2023-08-17 15:15:20,114 ] 16 root - INFO - File CV_Amine_Gafsi.pdf loaded successfully
[ 2023-08-17 15:15:20,114 ] 24 root - INFO - Files transformed succesfully
[ 2023-08-17 15:15:20,161 ] 16 root - INFO - File CV_Amine_Ghedira.pdf loaded successfully
[ 2023-08-17 15:15:20,161 ] 24 root - INFO - Files transformed succesfully
[ 2023-08-17 15:15:20,208 ] 16 root - INFO - File CV_Anwer_Boubaker.pdf loaded successfully
[ 2023-08-17 15:15:20,208 ] 24 root - INFO - Files transformed succesfully
[ 2023-08-17 15:15:20,279 ] 16 root - INFO - File CV_Asma_Chakroun.pdf loaded successfully
[ 2023-08-17 15:15:20,279 ] 24 root - INFO - Files transformed succesfully
[ 2023-08-17 15:15:20,342 ] 16 root - INFO - File CV_Aya_Benjazia.pdf loaded successfully
[ 2023-08-17 15:15:20,342 ] 24 root - INFO - Files transformed succesfully
[ 2023-08-17 15:15:20,422 ] 16 root - INFO - File CV_Aymen_Ghnia.pdf loaded successfully
[ 2023-08-17 15:15:20,422 ] 24 root - INFO - Files transformed succesfully
[ 2023-08-17 15:15:20,454 ] 16 root - INFO - File CV_Ayoub_Ben_Latifa.pdf loaded successfully
[ 2023-08-17 15:15:20,454 ] 24 root - INFO - Files transformed succesfully
[ 2023-08-17 15:15:20,499 ] 16 root - INFO - File CV_Ben_Chaaben_Yassin.pdf loaded successfully
[ 2023-08-17 15:15:20,499 ] 24 root - INFO - Files transformed succesfully
[ 2023-08-17 15:15:20,562 ] 16 root - INFO - File CV_Chedy_Sakly.pdf loaded successfully
[ 2023-08-17 15:15:20,562 ] 24 root - INFO - Files transformed succesfully
[ 2023-08-17 15:15:20,609 ] 16 root - INFO - File CV_Donia_Chaouch.pdf loaded successfully
[ 2023-08-17 15:15:20,609 ] 24 root - INFO - Files transformed succesfully
[ 2023-08-17 15:15:20,665 ] 16 root - INFO - File CV_Eya_Rejeb.pdf loaded successfully
[ 2023-08-17 15:15:20,665 ] 24 root - INFO - Files transformed succesfully
[ 2023-08-17 15:15:20,692 ] 16 root - INFO - File CV_EYA_Sekma.pdf loaded successfully
[ 2023-08-17 15:15:20,692 ] 24 root - INFO - Files transformed succesfully
[ 2023-08-17 15:15:20,720 ] 16 root - INFO - File CV_Fadi_Zaafrane.pdf loaded successfully
[ 2023-08-17 15:15:20,721 ] 24 root - INFO - Files transformed succesfully
[ 2023-08-17 15:15:20,769 ] 16 root - INFO - File CV_Fatma_Bouzgarrou.pdf loaded successfully
[ 2023-08-17 15:15:20,769 ] 24 root - INFO - Files transformed succesfully
[ 2023-08-17 15:15:20,803 ] 16 root - INFO - File CV_Hana_Zrafi.pdf loaded successfully
[ 2023-08-17 15:15:20,803 ] 24 root - INFO - Files transformed succesfully
[ 2023-08-17 15:15:20,828 ] 16 root - INFO - File CV_Houssem_Hassani.pdf loaded successfully
[ 2023-08-17 15:15:20,828 ] 24 root - INFO - Files transformed succesfully
[ 2023-08-17 15:15:20,871 ] 16 root - INFO - File CV_Houssem_Kraiem.pdf loaded successfully
[ 2023-08-17 15:15:20,872 ] 24 root - INFO - Files transformed succesfully
[ 2023-08-17 15:15:20,896 ] 16 root - INFO - File CV_Ibrahim_Youssef.pdf loaded successfully
[ 2023-08-17 15:15:20,896 ] 24 root - INFO - Files transformed succesfully
[ 2023-08-17 15:15:20,936 ] 16 root - INFO - File CV_Ibtihel_Khdhaouria.pdf loaded successfully
[ 2023-08-17 15:15:20,936 ] 24 root - INFO - Files transformed succesfully
[ 2023-08-17 15:15:20,962 ] 16 root - INFO - File CV_Iheb_Alouane.pdf loaded successfully
[ 2023-08-17 15:15:20,962 ] 24 root - INFO - Files transformed succesfully
[ 2023-08-17 15:15:20,998 ] 16 root - INFO - File CV_Isra_Dakhlaoui.pdf loaded successfully
[ 2023-08-17 15:15:20,998 ] 24 root - INFO - Files transformed succesfully
[ 2023-08-17 15:15:21,029 ] 16 root - INFO - File CV_Khaled_Chtioui.pdf loaded successfully
[ 2023-08-17 15:15:21,029 ] 24 root - INFO - Files transformed succesfully
[ 2023-08-17 15:15:21,056 ] 16 root - INFO - File CV_khawla_belkacem.pdf loaded successfully
[ 2023-08-17 15:15:21,057 ] 24 root - INFO - Files transformed succesfully
[ 2023-08-17 15:15:21,081 ] 16 root - INFO - File CV_Lina_Ounaies.pdf loaded successfully
[ 2023-08-17 15:15:21,081 ] 24 root - INFO - Files transformed succesfully
[ 2023-08-17 15:15:21,112 ] 35 root - ERROR - Error while reading the file: 'NoneType' object has no attribute 'lower'
[ 2023-08-17 15:15:21,112 ] 23 root - ERROR - Error while reading the file: cannot access local variable 'e' where it is not associated with a value
[ 2023-08-17 15:15:21,112 ] 24 root - INFO - Files transformed succesfully
[ 2023-08-17 15:15:21,167 ] 16 root - INFO - File CV_Med_Houssem_Beltifa.pdf loaded successfully
[ 2023-08-17 15:15:21,167 ] 24 root - INFO - Files transformed succesfully
[ 2023-08-17 15:15:21,196 ] 16 root - INFO - File CV_Med_Neji_Benzarti.pdf loaded successfully
[ 2023-08-17 15:15:21,196 ] 24 root - INFO - Files transformed succesfully
[ 2023-08-17 15:15:21,206 ] 16 root - INFO - File CV_Med_Nour_Chouchene.pdf loaded successfully
[ 2023-08-17 15:15:21,206 ] 24 root - INFO - Files transformed succesfully
[ 2023-08-17 15:15:21,244 ] 16 root - INFO - File CV_Med_Oussema_Zaier.pdf loaded successfully
[ 2023-08-17 15:15:21,244 ] 24 root - INFO - Files transformed succesfully
[ 2023-08-17 15:15:21,275 ] 16 root - INFO - File CV_Mejdi_Belhadj_Youssef.pdf loaded successfully
[ 2023-08-17 15:15:21,275 ] 24 root - INFO - Files transformed succesfully
[ 2023-08-17 15:15:21,315 ] 16 root - INFO - File CV_Mihed_Hassine.pdf loaded successfully
[ 2023-08-17 15:15:21,316 ] 24 root - INFO - Files transformed succesfully
[ 2023-08-17 15:15:21,351 ] 35 root - ERROR - Error while reading the file: 'NoneType' object has no attribute 'lower'
[ 2023-08-17 15:15:21,351 ] 23 root - ERROR - Error while reading the file: cannot access local variable 'e' where it is not associated with a value
[ 2023-08-17 15:15:21,351 ] 24 root - INFO - Files transformed succesfully
[ 2023-08-17 15:15:21,431 ] 16 root - INFO - File CV_Mohamed_Fawzi_Stambouli.pdf loaded successfully
[ 2023-08-17 15:15:21,431 ] 24 root - INFO - Files transformed succesfully
[ 2023-08-17 15:15:21,443 ] 35 root - ERROR - Error while reading the file: 'NoneType' object has no attribute 'lower'
[ 2023-08-17 15:15:21,443 ] 23 root - ERROR - Error while reading the file: cannot access local variable 'e' where it is not associated with a value
[ 2023-08-17 15:15:21,443 ] 24 root - INFO - Files transformed succesfully
[ 2023-08-17 15:15:21,496 ] 16 root - INFO - File CV_Nour_Mabrouk.pdf loaded successfully
[ 2023-08-17 15:15:21,497 ] 24 root - INFO - Files transformed succesfully
[ 2023-08-17 15:15:21,531 ] 16 root - INFO - File CV_Ons_Ben_Hadj_Sghaier.pdf loaded successfully
[ 2023-08-17 15:15:21,531 ] 24 root - INFO - Files transformed succesfully
[ 2023-08-17 15:15:21,557 ] 16 root - INFO - File CV_Oumaima_Ben_Saad.pdf loaded successfully
[ 2023-08-17 15:15:21,557 ] 24 root - INFO - Files transformed succesfully
[ 2023-08-17 15:15:21,586 ] 16 root - INFO - File CV_Oumeima_Zaddem.pdf loaded successfully
[ 2023-08-17 15:15:21,586 ] 24 root - INFO - Files transformed succesfully
[ 2023-08-17 15:15:21,640 ] 16 root - INFO - File CV_Oussema_Mili.pdf loaded successfully
[ 2023-08-17 15:15:21,641 ] 24 root - INFO - Files transformed succesfully
[ 2023-08-17 15:15:21,695 ] 16 root - INFO - File CV_Rahma_Hamrouni.pdf loaded successfully
[ 2023-08-17 15:15:21,695 ] 24 root - INFO - Files transformed succesfully
[ 2023-08-17 15:15:21,723 ] 16 root - INFO - File CV_Rania_Slimene.pdf loaded successfully
[ 2023-08-17 15:15:21,723 ] 24 root - INFO - Files transformed succesfully
[ 2023-08-17 15:15:21,774 ] 16 root - INFO - File CV_Rayen_Ben_Fathallah.pdf loaded successfully
[ 2023-08-17 15:15:21,774 ] 24 root - INFO - Files transformed succesfully
[ 2023-08-17 15:15:21,811 ] 16 root - INFO - File CV_Rima_Jerbi.pdf loaded successfully
[ 2023-08-17 15:15:21,811 ] 24 root - INFO - Files transformed succesfully
[ 2023-08-17 15:15:21,849 ] 16 root - INFO - File CV_Rim_Thabet.pdf loaded successfully
[ 2023-08-17 15:15:21,849 ] 24 root - INFO - Files transformed succesfully
[ 2023-08-17 15:15:21,884 ] 16 root - INFO - File CV_Saber_ben slama.pdf loaded successfully
[ 2023-08-17 15:15:21,884 ] 24 root - INFO - Files transformed succesfully
[ 2023-08-17 15:15:21,918 ] 16 root - INFO - File CV_Sanda_Dhouib.pdf loaded successfully
[ 2023-08-17 15:15:21,918 ] 24 root - INFO - Files transformed succesfully
[ 2023-08-17 15:15:21,933 ] 16 root - INFO - File CV_Sarra_Bannour.pdf loaded successfully
[ 2023-08-17 15:15:21,933 ] 24 root - INFO - Files transformed succesfully
[ 2023-08-17 15:15:21,954 ] 16 root - INFO - File CV_Sarra_Laribi.pdf loaded successfully
[ 2023-08-17 15:15:21,954 ] 24 root - INFO - Files transformed succesfully
[ 2023-08-17 15:15:21,967 ] 16 root - INFO - File CV_Souheyl_Gouadria.pdf loaded successfully
[ 2023-08-17 15:15:21,968 ] 24 root - INFO - Files transformed succesfully
[ 2023-08-17 15:15:21,999 ] 35 root - ERROR - Error while reading the file: 'NoneType' object has no attribute 'lower'
[ 2023-08-17 15:15:21,999 ] 23 root - ERROR - Error while reading the file: cannot access local variable 'e' where it is not associated with a value
[ 2023-08-17 15:15:22,000 ] 24 root - INFO - Files transformed succesfully
[ 2023-08-17 15:15:22,059 ] 16 root - INFO - File CV_Teyssir_Taieb.pdf loaded successfully
[ 2023-08-17 15:15:22,059 ] 24 root - INFO - Files transformed succesfully
[ 2023-08-17 15:15:22,081 ] 16 root - INFO - File CV_Wael_Antar.pdf loaded successfully
[ 2023-08-17 15:15:22,081 ] 24 root - INFO - Files transformed succesfully
[ 2023-08-17 15:15:22,109 ] 35 root - ERROR - Error while reading the file: 'NoneType' object has no attribute 'lower'
[ 2023-08-17 15:15:22,109 ] 23 root - ERROR - Error while reading the file: cannot access local variable 'e' where it is not associated with a value
[ 2023-08-17 15:15:22,109 ] 24 root - INFO - Files transformed succesfully
[ 2023-08-17 15:15:22,157 ] 16 root - INFO - File CV_Wajdi_Zayane.pdf loaded successfully
[ 2023-08-17 15:15:22,157 ] 24 root - INFO - Files transformed succesfully
[ 2023-08-17 15:15:22,205 ] 16 root - INFO - File CV_Wissem_Boujlida.pdf loaded successfully
[ 2023-08-17 15:15:22,205 ] 24 root - INFO - Files transformed succesfully
[ 2023-08-17 15:15:22,251 ] 16 root - INFO - File CV_Yasmine_Bizid.pdf loaded successfully
[ 2023-08-17 15:15:22,251 ] 24 root - INFO - Files transformed succesfully
[ 2023-08-17 15:15:22,305 ] 16 root - INFO - File CV_Yassine_Afsa.pdf loaded successfully
[ 2023-08-17 15:15:22,305 ] 24 root - INFO - Files transformed succesfully
[ 2023-08-17 15:15:22,346 ] 16 root - INFO - File CV_Yessine_Miled.pdf loaded successfully
[ 2023-08-17 15:15:22,346 ] 24 root - INFO - Files transformed succesfully
[ 2023-08-17 15:15:22,384 ] 16 root - INFO - File CV_Zaddem_Raslèn.pdf loaded successfully
[ 2023-08-17 15:15:22,384 ] 24 root - INFO - Files transformed succesfully
[ 2023-08-17 15:15:22,412 ] 16 root - INFO - File CV_Zeineb_Bachouch.pdf loaded successfully
[ 2023-08-17 15:15:22,412 ] 24 root - INFO - Files transformed succesfully
[ 2023-08-17 15:15:22,456 ] 16 root - INFO - File Dziri Ahmed - Resume (1).pdf loaded successfully
[ 2023-08-17 15:15:22,456 ] 24 root - INFO - Files transformed succesfully
[ 2023-08-17 15:15:22,510 ] 16 root - INFO - File experience.pdf loaded successfully
[ 2023-08-17 15:15:22,510 ] 24 root - INFO - Files transformed succesfully
[ 2023-08-17 15:15:22,565 ] 16 root - INFO - File laravel.pdf loaded successfully
[ 2023-08-17 15:15:22,566 ] 24 root - INFO - Files transformed succesfully
[ 2023-08-17 15:15:22,619 ] 16 root - INFO - File rayen_data.pdf loaded successfully
[ 2023-08-17 15:15:22,620 ] 24 root - INFO - Files transformed succesfully
[ 2023-08-17 15:15:22,682 ] 16 root - INFO - File react_native.pdf loaded successfully
[ 2023-08-17 15:15:22,683 ] 24 root - INFO - Files transformed succesfully
[ 2023-08-17 15:15:24,447 ] 16 root - INFO - File resumes.csv loaded successfully
[ 2023-08-17 15:15:24,447 ] 24 root - INFO - Files transformed succesfully
[ 2023-08-17 15:15:24,499 ] 16 root - INFO - File scrum_master.pdf loaded successfully
[ 2023-08-17 15:15:24,499 ] 24 root - INFO - Files transformed succesfully
[ 2023-08-17 15:15:24,560 ] 16 root - INFO - File yessine Meddeb_cv.pdf loaded successfully
[ 2023-08-17 15:15:24,560 ] 24 root - INFO - Files transformed succesfully
[ 2023-08-17 15:15:33,049 ] 482 gensim.utils - INFO - loading Doc2Vec object from doc2vec_model_epochs_80.model
[ 2023-08-17 15:15:33,067 ] 516 gensim.utils - INFO - loading dv recursively from doc2vec_model_epochs_80.model.dv.* with mmap=None
[ 2023-08-17 15:15:33,067 ] 516 gensim.utils - INFO - loading wv recursively from doc2vec_model_epochs_80.model.wv.* with mmap=None
[ 2023-08-17 15:15:33,067 ] 554 gensim.utils - INFO - setting ignored attribute cum_table to None
[ 2023-08-17 15:15:33,249 ] 448 gensim.utils - INFO - Doc2Vec lifecycle event {'fname': 'doc2vec_model_epochs_80.model', 'datetime': '2023-08-17T15:15:33.238428', 'gensim': '4.3.1', 'python': '3.11.4 | packaged by Anaconda, Inc. | (main, Jul  5 2023, 13:47:18) [MSC v.1916 64 bit (AMD64)]', 'platform': 'Windows-10-10.0.22621-SP0', 'event': 'loaded'}
[ 2023-08-17 15:15:33,249 ] 482 gensim.utils - INFO - loading Doc2Vec object from doc2vec_model_epochs_100.model
[ 2023-08-17 15:15:33,267 ] 516 gensim.utils - INFO - loading dv recursively from doc2vec_model_epochs_100.model.dv.* with mmap=None
[ 2023-08-17 15:15:33,267 ] 516 gensim.utils - INFO - loading wv recursively from doc2vec_model_epochs_100.model.wv.* with mmap=None
[ 2023-08-17 15:15:33,267 ] 554 gensim.utils - INFO - setting ignored attribute cum_table to None
[ 2023-08-17 15:15:33,432 ] 448 gensim.utils - INFO - Doc2Vec lifecycle event {'fname': 'doc2vec_model_epochs_100.model', 'datetime': '2023-08-17T15:15:33.432778', 'gensim': '4.3.1', 'python': '3.11.4 | packaged by Anaconda, Inc. | (main, Jul  5 2023, 13:47:18) [MSC v.1916 64 bit (AMD64)]', 'platform': 'Windows-10-10.0.22621-SP0', 'event': 'loaded'}
[ 2023-08-17 15:15:33,432 ] 482 gensim.utils - INFO - loading Doc2Vec object from doc2vec_model_epochs_150.model
[ 2023-08-17 15:15:33,453 ] 516 gensim.utils - INFO - loading dv recursively from doc2vec_model_epochs_150.model.dv.* with mmap=None
[ 2023-08-17 15:15:33,453 ] 516 gensim.utils - INFO - loading wv recursively from doc2vec_model_epochs_150.model.wv.* with mmap=None
[ 2023-08-17 15:15:33,453 ] 554 gensim.utils - INFO - setting ignored attribute cum_table to None
[ 2023-08-17 15:15:33,605 ] 448 gensim.utils - INFO - Doc2Vec lifecycle event {'fname': 'doc2vec_model_epochs_150.model', 'datetime': '2023-08-17T15:15:33.605966', 'gensim': '4.3.1', 'python': '3.11.4 | packaged by Anaconda, Inc. | (main, Jul  5 2023, 13:47:18) [MSC v.1916 64 bit (AMD64)]', 'platform': 'Windows-10-10.0.22621-SP0', 'event': 'loaded'}
[ 2023-08-17 15:15:33,605 ] 482 gensim.utils - INFO - loading Doc2Vec object from doc2vec_model_epochs_40.model
[ 2023-08-17 15:15:33,624 ] 516 gensim.utils - INFO - loading dv recursively from doc2vec_model_epochs_40.model.dv.* with mmap=None
[ 2023-08-17 15:15:33,624 ] 516 gensim.utils - INFO - loading wv recursively from doc2vec_model_epochs_40.model.wv.* with mmap=None
[ 2023-08-17 15:15:33,624 ] 554 gensim.utils - INFO - setting ignored attribute cum_table to None
[ 2023-08-17 15:15:33,775 ] 448 gensim.utils - INFO - Doc2Vec lifecycle event {'fname': 'doc2vec_model_epochs_40.model', 'datetime': '2023-08-17T15:15:33.775646', 'gensim': '4.3.1', 'python': '3.11.4 | packaged by Anaconda, Inc. | (main, Jul  5 2023, 13:47:18) [MSC v.1916 64 bit (AMD64)]', 'platform': 'Windows-10-10.0.22621-SP0', 'event': 'loaded'}
[ 2023-08-17 15:15:33,775 ] 482 gensim.utils - INFO - loading Doc2Vec object from resumes_model_epochs_lemmetized_80.model
[ 2023-08-17 15:15:33,781 ] 516 gensim.utils - INFO - loading dv recursively from resumes_model_epochs_lemmetized_80.model.dv.* with mmap=None
[ 2023-08-17 15:15:33,781 ] 516 gensim.utils - INFO - loading wv recursively from resumes_model_epochs_lemmetized_80.model.wv.* with mmap=None
[ 2023-08-17 15:15:33,781 ] 554 gensim.utils - INFO - setting ignored attribute cum_table to None
[ 2023-08-17 15:15:33,844 ] 448 gensim.utils - INFO - Doc2Vec lifecycle event {'fname': 'resumes_model_epochs_lemmetized_80.model', 'datetime': '2023-08-17T15:15:33.844690', 'gensim': '4.3.1', 'python': '3.11.4 | packaged by Anaconda, Inc. | (main, Jul  5 2023, 13:47:18) [MSC v.1916 64 bit (AMD64)]', 'platform': 'Windows-10-10.0.22621-SP0', 'event': 'loaded'}
[ 2023-08-17 15:15:33,844 ] 482 gensim.utils - INFO - loading Doc2Vec object from resumes_model_epochs_lemmetized_100.model
[ 2023-08-17 15:15:33,850 ] 516 gensim.utils - INFO - loading dv recursively from resumes_model_epochs_lemmetized_100.model.dv.* with mmap=None
[ 2023-08-17 15:15:33,851 ] 516 gensim.utils - INFO - loading wv recursively from resumes_model_epochs_lemmetized_100.model.wv.* with mmap=None
[ 2023-08-17 15:15:33,851 ] 554 gensim.utils - INFO - setting ignored attribute cum_table to None
[ 2023-08-17 15:15:33,901 ] 448 gensim.utils - INFO - Doc2Vec lifecycle event {'fname': 'resumes_model_epochs_lemmetized_100.model', 'datetime': '2023-08-17T15:15:33.901995', 'gensim': '4.3.1', 'python': '3.11.4 | packaged by Anaconda, Inc. | (main, Jul  5 2023, 13:47:18) [MSC v.1916 64 bit (AMD64)]', 'platform': 'Windows-10-10.0.22621-SP0', 'event': 'loaded'}
[ 2023-08-17 15:15:33,901 ] 482 gensim.utils - INFO - loading Doc2Vec object from resumes_model_epochs_lemmetized_150.model
[ 2023-08-17 15:15:33,908 ] 516 gensim.utils - INFO - loading dv recursively from resumes_model_epochs_lemmetized_150.model.dv.* with mmap=None
[ 2023-08-17 15:15:33,908 ] 516 gensim.utils - INFO - loading wv recursively from resumes_model_epochs_lemmetized_150.model.wv.* with mmap=None
[ 2023-08-17 15:15:33,908 ] 554 gensim.utils - INFO - setting ignored attribute cum_table to None
[ 2023-08-17 15:15:33,956 ] 448 gensim.utils - INFO - Doc2Vec lifecycle event {'fname': 'resumes_model_epochs_lemmetized_150.model', 'datetime': '2023-08-17T15:15:33.956711', 'gensim': '4.3.1', 'python': '3.11.4 | packaged by Anaconda, Inc. | (main, Jul  5 2023, 13:47:18) [MSC v.1916 64 bit (AMD64)]', 'platform': 'Windows-10-10.0.22621-SP0', 'event': 'loaded'}
