[ 2023-08-16 15:25:23,402 ] 695 tika.tika - WARNING - Failed to see startup log message; retrying...
[ 2023-08-16 15:25:28,927 ] 16 root - INFO - File CV_Amine_Gafsi.pdf loaded successfully
[ 2023-08-16 15:25:28,928 ] 24 root - INFO - Files transformed succesfully
[ 2023-08-16 15:25:29,113 ] 16 root - INFO - File laravel.pdf loaded successfully
[ 2023-08-16 15:25:29,113 ] 24 root - INFO - Files transformed succesfully
[ 2023-08-16 15:25:29,194 ] 16 root - INFO - File rayen.pdf loaded successfully
[ 2023-08-16 15:25:29,194 ] 24 root - INFO - Files transformed succesfully
[ 2023-08-16 15:25:29,296 ] 16 root - INFO - File react3.pdf loaded successfully
[ 2023-08-16 15:25:29,296 ] 24 root - INFO - Files transformed succesfully
[ 2023-08-16 15:25:29,368 ] 16 root - INFO - File react_native.pdf loaded successfully
[ 2023-08-16 15:25:29,368 ] 24 root - INFO - Files transformed succesfully
[ 2023-08-16 15:25:29,434 ] 16 root - INFO - File react_native2.pdf loaded successfully
[ 2023-08-16 15:25:29,434 ] 24 root - INFO - Files transformed succesfully
[ 2023-08-16 15:25:29,486 ] 16 root - INFO - File react_native4.pdf loaded successfully
[ 2023-08-16 15:25:29,486 ] 24 root - INFO - Files transformed succesfully
[ 2023-08-16 15:25:29,516 ] 16 root - INFO - File scrum_master.pdf loaded successfully
[ 2023-08-16 15:25:29,516 ] 24 root - INFO - Files transformed succesfully
[ 2023-08-16 15:25:37,475 ] 482 gensim.utils - INFO - loading Doc2Vec object from doc2vec_model_epochs_80.model
[ 2023-08-16 15:25:37,487 ] 516 gensim.utils - INFO - loading dv recursively from doc2vec_model_epochs_80.model.dv.* with mmap=None
[ 2023-08-16 15:25:37,487 ] 516 gensim.utils - INFO - loading wv recursively from doc2vec_model_epochs_80.model.wv.* with mmap=None
[ 2023-08-16 15:25:37,488 ] 554 gensim.utils - INFO - setting ignored attribute cum_table to None
[ 2023-08-16 15:25:37,636 ] 448 gensim.utils - INFO - Doc2Vec lifecycle event {'fname': 'doc2vec_model_epochs_80.model', 'datetime': '2023-08-16T15:25:37.628954', 'gensim': '4.3.1', 'python': '3.11.4 | packaged by Anaconda, Inc. | (main, Jul  5 2023, 13:47:18) [MSC v.1916 64 bit (AMD64)]', 'platform': 'Windows-10-10.0.22621-SP0', 'event': 'loaded'}
[ 2023-08-16 15:25:37,636 ] 482 gensim.utils - INFO - loading Doc2Vec object from doc2vec_model_epochs_100.model
[ 2023-08-16 15:25:37,648 ] 516 gensim.utils - INFO - loading dv recursively from doc2vec_model_epochs_100.model.dv.* with mmap=None
[ 2023-08-16 15:25:37,648 ] 516 gensim.utils - INFO - loading wv recursively from doc2vec_model_epochs_100.model.wv.* with mmap=None
[ 2023-08-16 15:25:37,648 ] 554 gensim.utils - INFO - setting ignored attribute cum_table to None
[ 2023-08-16 15:25:37,796 ] 448 gensim.utils - INFO - Doc2Vec lifecycle event {'fname': 'doc2vec_model_epochs_100.model', 'datetime': '2023-08-16T15:25:37.796502', 'gensim': '4.3.1', 'python': '3.11.4 | packaged by Anaconda, Inc. | (main, Jul  5 2023, 13:47:18) [MSC v.1916 64 bit (AMD64)]', 'platform': 'Windows-10-10.0.22621-SP0', 'event': 'loaded'}
[ 2023-08-16 15:25:37,796 ] 482 gensim.utils - INFO - loading Doc2Vec object from doc2vec_model_epochs_150.model
[ 2023-08-16 15:25:37,807 ] 516 gensim.utils - INFO - loading dv recursively from doc2vec_model_epochs_150.model.dv.* with mmap=None
[ 2023-08-16 15:25:37,807 ] 516 gensim.utils - INFO - loading wv recursively from doc2vec_model_epochs_150.model.wv.* with mmap=None
[ 2023-08-16 15:25:37,807 ] 554 gensim.utils - INFO - setting ignored attribute cum_table to None
[ 2023-08-16 15:25:37,959 ] 448 gensim.utils - INFO - Doc2Vec lifecycle event {'fname': 'doc2vec_model_epochs_150.model', 'datetime': '2023-08-16T15:25:37.959348', 'gensim': '4.3.1', 'python': '3.11.4 | packaged by Anaconda, Inc. | (main, Jul  5 2023, 13:47:18) [MSC v.1916 64 bit (AMD64)]', 'platform': 'Windows-10-10.0.22621-SP0', 'event': 'loaded'}
[ 2023-08-16 15:25:37,959 ] 482 gensim.utils - INFO - loading Doc2Vec object from doc2vec_model_epochs_40.model
[ 2023-08-16 15:25:37,973 ] 516 gensim.utils - INFO - loading dv recursively from doc2vec_model_epochs_40.model.dv.* with mmap=None
[ 2023-08-16 15:25:37,973 ] 516 gensim.utils - INFO - loading wv recursively from doc2vec_model_epochs_40.model.wv.* with mmap=None
[ 2023-08-16 15:25:37,973 ] 554 gensim.utils - INFO - setting ignored attribute cum_table to None
[ 2023-08-16 15:25:38,159 ] 448 gensim.utils - INFO - Doc2Vec lifecycle event {'fname': 'doc2vec_model_epochs_40.model', 'datetime': '2023-08-16T15:25:38.159802', 'gensim': '4.3.1', 'python': '3.11.4 | packaged by Anaconda, Inc. | (main, Jul  5 2023, 13:47:18) [MSC v.1916 64 bit (AMD64)]', 'platform': 'Windows-10-10.0.22621-SP0', 'event': 'loaded'}
[ 2023-08-16 15:25:38,159 ] 482 gensim.utils - INFO - loading Doc2Vec object from resumes_model_epochs_lemmetized_80.model
[ 2023-08-16 15:25:38,164 ] 516 gensim.utils - INFO - loading dv recursively from resumes_model_epochs_lemmetized_80.model.dv.* with mmap=None
[ 2023-08-16 15:25:38,164 ] 516 gensim.utils - INFO - loading wv recursively from resumes_model_epochs_lemmetized_80.model.wv.* with mmap=None
[ 2023-08-16 15:25:38,164 ] 554 gensim.utils - INFO - setting ignored attribute cum_table to None
[ 2023-08-16 15:25:38,209 ] 448 gensim.utils - INFO - Doc2Vec lifecycle event {'fname': 'resumes_model_epochs_lemmetized_80.model', 'datetime': '2023-08-16T15:25:38.209422', 'gensim': '4.3.1', 'python': '3.11.4 | packaged by Anaconda, Inc. | (main, Jul  5 2023, 13:47:18) [MSC v.1916 64 bit (AMD64)]', 'platform': 'Windows-10-10.0.22621-SP0', 'event': 'loaded'}
[ 2023-08-16 15:25:38,209 ] 482 gensim.utils - INFO - loading Doc2Vec object from resumes_model_epochs_lemmetized_100.model
[ 2023-08-16 15:25:38,212 ] 516 gensim.utils - INFO - loading dv recursively from resumes_model_epochs_lemmetized_100.model.dv.* with mmap=None
[ 2023-08-16 15:25:38,212 ] 516 gensim.utils - INFO - loading wv recursively from resumes_model_epochs_lemmetized_100.model.wv.* with mmap=None
[ 2023-08-16 15:25:38,212 ] 554 gensim.utils - INFO - setting ignored attribute cum_table to None
[ 2023-08-16 15:25:38,255 ] 448 gensim.utils - INFO - Doc2Vec lifecycle event {'fname': 'resumes_model_epochs_lemmetized_100.model', 'datetime': '2023-08-16T15:25:38.255742', 'gensim': '4.3.1', 'python': '3.11.4 | packaged by Anaconda, Inc. | (main, Jul  5 2023, 13:47:18) [MSC v.1916 64 bit (AMD64)]', 'platform': 'Windows-10-10.0.22621-SP0', 'event': 'loaded'}
[ 2023-08-16 15:25:38,255 ] 482 gensim.utils - INFO - loading Doc2Vec object from resumes_model_epochs_lemmetized_150.model
[ 2023-08-16 15:25:38,258 ] 516 gensim.utils - INFO - loading dv recursively from resumes_model_epochs_lemmetized_150.model.dv.* with mmap=None
[ 2023-08-16 15:25:38,259 ] 516 gensim.utils - INFO - loading wv recursively from resumes_model_epochs_lemmetized_150.model.wv.* with mmap=None
[ 2023-08-16 15:25:38,259 ] 554 gensim.utils - INFO - setting ignored attribute cum_table to None
[ 2023-08-16 15:25:38,301 ] 448 gensim.utils - INFO - Doc2Vec lifecycle event {'fname': 'resumes_model_epochs_lemmetized_150.model', 'datetime': '2023-08-16T15:25:38.301688', 'gensim': '4.3.1', 'python': '3.11.4 | packaged by Anaconda, Inc. | (main, Jul  5 2023, 13:47:18) [MSC v.1916 64 bit (AMD64)]', 'platform': 'Windows-10-10.0.22621-SP0', 'event': 'loaded'}
