[ 2023-08-22 17:04:18,834 ] 16 root - INFO - File CV_Ahlem_Marzougui.pdf loaded successfully
[ 2023-08-22 17:04:18,836 ] 24 root - INFO - Files transformed succesfully
[ 2023-08-22 17:04:18,895 ] 16 root - INFO - File CV_Ahmed_Amamou.pdf loaded successfully
[ 2023-08-22 17:04:18,895 ] 24 root - INFO - Files transformed succesfully
[ 2023-08-22 17:04:18,994 ] 16 root - INFO - File CV_Ahmed_Dziri.pdf loaded successfully
[ 2023-08-22 17:04:18,995 ] 24 root - INFO - Files transformed succesfully
[ 2023-08-22 17:04:19,574 ] 16 root - INFO - File CV_Ahmed_Farhat.pdf loaded successfully
[ 2023-08-22 17:04:19,574 ] 24 root - INFO - Files transformed succesfully
[ 2023-08-22 17:04:19,665 ] 16 root - INFO - File CV_Amine_Gafsi.pdf loaded successfully
[ 2023-08-22 17:04:19,665 ] 24 root - INFO - Files transformed succesfully
[ 2023-08-22 17:04:19,730 ] 16 root - INFO - File CV_Amine_Ghedira.pdf loaded successfully
[ 2023-08-22 17:04:19,730 ] 24 root - INFO - Files transformed succesfully
[ 2023-08-22 17:04:19,776 ] 16 root - INFO - File CV_Anwer_Boubaker.pdf loaded successfully
[ 2023-08-22 17:04:19,776 ] 24 root - INFO - Files transformed succesfully
[ 2023-08-22 17:04:19,832 ] 16 root - INFO - File CV_Asma_Chakroun.pdf loaded successfully
[ 2023-08-22 17:04:19,833 ] 24 root - INFO - Files transformed succesfully
[ 2023-08-22 17:04:19,874 ] 16 root - INFO - File CV_Aya_Benjazia.pdf loaded successfully
[ 2023-08-22 17:04:19,874 ] 24 root - INFO - Files transformed succesfully
[ 2023-08-22 17:04:19,943 ] 16 root - INFO - File CV_Aymen_Ghnia.pdf loaded successfully
[ 2023-08-22 17:04:19,943 ] 24 root - INFO - Files transformed succesfully
[ 2023-08-22 17:04:19,966 ] 16 root - INFO - File CV_Ayoub_Ben_Latifa.pdf loaded successfully
[ 2023-08-22 17:04:19,967 ] 24 root - INFO - Files transformed succesfully
[ 2023-08-22 17:04:20,030 ] 16 root - INFO - File CV_Ben_Chaaben_Yassin.pdf loaded successfully
[ 2023-08-22 17:04:20,030 ] 24 root - INFO - Files transformed succesfully
[ 2023-08-22 17:04:20,374 ] 16 root - INFO - File CV_Chedy_Sakly.pdf loaded successfully
[ 2023-08-22 17:04:20,374 ] 24 root - INFO - Files transformed succesfully
[ 2023-08-22 17:04:20,422 ] 16 root - INFO - File CV_Donia_Chaouch.pdf loaded successfully
[ 2023-08-22 17:04:20,422 ] 24 root - INFO - Files transformed succesfully
[ 2023-08-22 17:04:20,508 ] 16 root - INFO - File CV_Eya_Rejeb.pdf loaded successfully
[ 2023-08-22 17:04:20,508 ] 24 root - INFO - Files transformed succesfully
[ 2023-08-22 17:04:20,546 ] 16 root - INFO - File CV_EYA_Sekma.pdf loaded successfully
[ 2023-08-22 17:04:20,546 ] 24 root - INFO - Files transformed succesfully
[ 2023-08-22 17:04:20,596 ] 16 root - INFO - File CV_Fadi_Zaafrane.pdf loaded successfully
[ 2023-08-22 17:04:20,596 ] 24 root - INFO - Files transformed succesfully
[ 2023-08-22 17:04:20,633 ] 16 root - INFO - File CV_Fatma_Bouzgarrou.pdf loaded successfully
[ 2023-08-22 17:04:20,633 ] 24 root - INFO - Files transformed succesfully
[ 2023-08-22 17:04:20,677 ] 16 root - INFO - File CV_Hana_Zrafi.pdf loaded successfully
[ 2023-08-22 17:04:20,677 ] 24 root - INFO - Files transformed succesfully
[ 2023-08-22 17:04:20,710 ] 16 root - INFO - File CV_Houssem_Hassani.pdf loaded successfully
[ 2023-08-22 17:04:20,710 ] 24 root - INFO - Files transformed succesfully
[ 2023-08-22 17:04:20,758 ] 16 root - INFO - File CV_Houssem_Kraiem.pdf loaded successfully
[ 2023-08-22 17:04:20,758 ] 24 root - INFO - Files transformed succesfully
[ 2023-08-22 17:04:20,826 ] 16 root - INFO - File CV_Ibrahim_Youssef.pdf loaded successfully
[ 2023-08-22 17:04:20,826 ] 24 root - INFO - Files transformed succesfully
[ 2023-08-22 17:04:20,900 ] 16 root - INFO - File CV_Ibtihel_Khdhaouria.pdf loaded successfully
[ 2023-08-22 17:04:20,900 ] 24 root - INFO - Files transformed succesfully
[ 2023-08-22 17:04:20,935 ] 16 root - INFO - File CV_Iheb_Alouane.pdf loaded successfully
[ 2023-08-22 17:04:20,935 ] 24 root - INFO - Files transformed succesfully
[ 2023-08-22 17:04:20,966 ] 16 root - INFO - File CV_Isra_Dakhlaoui.pdf loaded successfully
[ 2023-08-22 17:04:20,966 ] 24 root - INFO - Files transformed succesfully
[ 2023-08-22 17:04:21,002 ] 16 root - INFO - File CV_Khaled_Chtioui.pdf loaded successfully
[ 2023-08-22 17:04:21,002 ] 24 root - INFO - Files transformed succesfully
[ 2023-08-22 17:04:21,078 ] 16 root - INFO - File CV_khawla_belkacem.pdf loaded successfully
[ 2023-08-22 17:04:21,078 ] 24 root - INFO - Files transformed succesfully
[ 2023-08-22 17:04:21,129 ] 16 root - INFO - File CV_Lina_Ounaies.pdf loaded successfully
[ 2023-08-22 17:04:21,129 ] 24 root - INFO - Files transformed succesfully
[ 2023-08-22 17:04:21,178 ] 37 root - ERROR - Error while reading the file: 'NoneType' object has no attribute 'lower'
[ 2023-08-22 17:04:21,179 ] 23 root - ERROR - Error while reading the file: cannot access local variable 'e' where it is not associated with a value
[ 2023-08-22 17:04:21,179 ] 24 root - INFO - Files transformed succesfully
[ 2023-08-22 17:04:21,254 ] 16 root - INFO - File CV_Med_Houssem_Beltifa.pdf loaded successfully
[ 2023-08-22 17:04:21,254 ] 24 root - INFO - Files transformed succesfully
[ 2023-08-22 17:04:21,309 ] 16 root - INFO - File CV_Med_Neji_Benzarti.pdf loaded successfully
[ 2023-08-22 17:04:21,309 ] 24 root - INFO - Files transformed succesfully
[ 2023-08-22 17:04:21,343 ] 16 root - INFO - File CV_Med_Nour_Chouchene.pdf loaded successfully
[ 2023-08-22 17:04:21,343 ] 24 root - INFO - Files transformed succesfully
[ 2023-08-22 17:04:21,397 ] 16 root - INFO - File CV_Med_Oussema_Zaier.pdf loaded successfully
[ 2023-08-22 17:04:21,397 ] 24 root - INFO - Files transformed succesfully
[ 2023-08-22 17:04:21,433 ] 16 root - INFO - File CV_Mejdi_Belhadj_Youssef.pdf loaded successfully
[ 2023-08-22 17:04:21,434 ] 24 root - INFO - Files transformed succesfully
[ 2023-08-22 17:04:21,476 ] 16 root - INFO - File CV_Mihed_Hassine.pdf loaded successfully
[ 2023-08-22 17:04:21,476 ] 24 root - INFO - Files transformed succesfully
[ 2023-08-22 17:04:21,515 ] 37 root - ERROR - Error while reading the file: 'NoneType' object has no attribute 'lower'
[ 2023-08-22 17:04:21,515 ] 23 root - ERROR - Error while reading the file: cannot access local variable 'e' where it is not associated with a value
[ 2023-08-22 17:04:21,515 ] 24 root - INFO - Files transformed succesfully
[ 2023-08-22 17:04:21,573 ] 16 root - INFO - File CV_Mohamed_Fawzi_Stambouli.pdf loaded successfully
[ 2023-08-22 17:04:21,574 ] 24 root - INFO - Files transformed succesfully
[ 2023-08-22 17:04:21,615 ] 37 root - ERROR - Error while reading the file: 'NoneType' object has no attribute 'lower'
[ 2023-08-22 17:04:21,615 ] 23 root - ERROR - Error while reading the file: cannot access local variable 'e' where it is not associated with a value
[ 2023-08-22 17:04:21,615 ] 24 root - INFO - Files transformed succesfully
[ 2023-08-22 17:04:21,685 ] 16 root - INFO - File CV_Nour_Mabrouk.pdf loaded successfully
[ 2023-08-22 17:04:21,685 ] 24 root - INFO - Files transformed succesfully
[ 2023-08-22 17:04:21,736 ] 16 root - INFO - File CV_Ons_Ben_Hadj_Sghaier.pdf loaded successfully
[ 2023-08-22 17:04:21,736 ] 24 root - INFO - Files transformed succesfully
[ 2023-08-22 17:04:21,764 ] 16 root - INFO - File CV_Oumaima_Ben_Saad.pdf loaded successfully
[ 2023-08-22 17:04:21,764 ] 24 root - INFO - Files transformed succesfully
[ 2023-08-22 17:04:21,801 ] 16 root - INFO - File CV_Oumeima_Zaddem.pdf loaded successfully
[ 2023-08-22 17:04:21,801 ] 24 root - INFO - Files transformed succesfully
[ 2023-08-22 17:04:21,851 ] 16 root - INFO - File CV_Oussema_Mili.pdf loaded successfully
[ 2023-08-22 17:04:21,851 ] 24 root - INFO - Files transformed succesfully
[ 2023-08-22 17:04:21,905 ] 16 root - INFO - File CV_Rahma_Hamrouni.pdf loaded successfully
[ 2023-08-22 17:04:21,906 ] 24 root - INFO - Files transformed succesfully
[ 2023-08-22 17:04:21,959 ] 16 root - INFO - File CV_Rania_Slimene.pdf loaded successfully
[ 2023-08-22 17:04:21,959 ] 24 root - INFO - Files transformed succesfully
[ 2023-08-22 17:04:22,015 ] 16 root - INFO - File CV_Rayen_Ben_Fathallah.pdf loaded successfully
[ 2023-08-22 17:04:22,015 ] 24 root - INFO - Files transformed succesfully
[ 2023-08-22 17:04:22,084 ] 16 root - INFO - File CV_Rima_Jerbi.pdf loaded successfully
[ 2023-08-22 17:04:22,084 ] 24 root - INFO - Files transformed succesfully
[ 2023-08-22 17:04:22,141 ] 16 root - INFO - File CV_Rim_Thabet.pdf loaded successfully
[ 2023-08-22 17:04:22,142 ] 24 root - INFO - Files transformed succesfully
[ 2023-08-22 17:04:22,194 ] 16 root - INFO - File CV_Saber_ben slama.pdf loaded successfully
[ 2023-08-22 17:04:22,195 ] 24 root - INFO - Files transformed succesfully
[ 2023-08-22 17:04:22,254 ] 16 root - INFO - File CV_Sanda_Dhouib.pdf loaded successfully
[ 2023-08-22 17:04:22,254 ] 24 root - INFO - Files transformed succesfully
[ 2023-08-22 17:04:22,299 ] 16 root - INFO - File CV_Sarra_Bannour.pdf loaded successfully
[ 2023-08-22 17:04:22,299 ] 24 root - INFO - Files transformed succesfully
[ 2023-08-22 17:04:22,340 ] 16 root - INFO - File CV_Sarra_Laribi.pdf loaded successfully
[ 2023-08-22 17:04:22,341 ] 24 root - INFO - Files transformed succesfully
[ 2023-08-22 17:04:22,397 ] 16 root - INFO - File CV_Souheyl_Gouadria.pdf loaded successfully
[ 2023-08-22 17:04:22,397 ] 24 root - INFO - Files transformed succesfully
[ 2023-08-22 17:04:22,433 ] 37 root - ERROR - Error while reading the file: 'NoneType' object has no attribute 'lower'
[ 2023-08-22 17:04:22,433 ] 23 root - ERROR - Error while reading the file: cannot access local variable 'e' where it is not associated with a value
[ 2023-08-22 17:04:22,433 ] 24 root - INFO - Files transformed succesfully
[ 2023-08-22 17:04:22,511 ] 16 root - INFO - File CV_Teyssir_Taieb.pdf loaded successfully
[ 2023-08-22 17:04:22,511 ] 24 root - INFO - Files transformed succesfully
[ 2023-08-22 17:04:22,575 ] 16 root - INFO - File CV_Wael_Antar.pdf loaded successfully
[ 2023-08-22 17:04:22,575 ] 24 root - INFO - Files transformed succesfully
[ 2023-08-22 17:04:22,613 ] 37 root - ERROR - Error while reading the file: 'NoneType' object has no attribute 'lower'
[ 2023-08-22 17:04:22,613 ] 23 root - ERROR - Error while reading the file: cannot access local variable 'e' where it is not associated with a value
[ 2023-08-22 17:04:22,613 ] 24 root - INFO - Files transformed succesfully
[ 2023-08-22 17:04:22,661 ] 16 root - INFO - File CV_Wajdi_Zayane.pdf loaded successfully
[ 2023-08-22 17:04:22,661 ] 24 root - INFO - Files transformed succesfully
[ 2023-08-22 17:04:22,690 ] 16 root - INFO - File CV_Wissem_Boujlida.pdf loaded successfully
[ 2023-08-22 17:04:22,690 ] 24 root - INFO - Files transformed succesfully
[ 2023-08-22 17:04:22,739 ] 16 root - INFO - File CV_Yasmine_Bizid.pdf loaded successfully
[ 2023-08-22 17:04:22,739 ] 24 root - INFO - Files transformed succesfully
[ 2023-08-22 17:04:22,787 ] 16 root - INFO - File CV_Yassine_Afsa.pdf loaded successfully
[ 2023-08-22 17:04:22,787 ] 24 root - INFO - Files transformed succesfully
[ 2023-08-22 17:04:22,852 ] 16 root - INFO - File CV_Yessine_Miled.pdf loaded successfully
[ 2023-08-22 17:04:22,852 ] 24 root - INFO - Files transformed succesfully
[ 2023-08-22 17:04:22,887 ] 16 root - INFO - File CV_Zaddem_Raslèn.pdf loaded successfully
[ 2023-08-22 17:04:22,887 ] 24 root - INFO - Files transformed succesfully
[ 2023-08-22 17:04:22,918 ] 16 root - INFO - File CV_Zeineb_Bachouch.pdf loaded successfully
[ 2023-08-22 17:04:22,919 ] 24 root - INFO - Files transformed succesfully
[ 2023-08-22 17:04:22,986 ] 16 root - INFO - File Dziri Ahmed - Resume (1).pdf loaded successfully
[ 2023-08-22 17:04:22,986 ] 24 root - INFO - Files transformed succesfully
[ 2023-08-22 17:04:23,036 ] 16 root - INFO - File experience.pdf loaded successfully
[ 2023-08-22 17:04:23,036 ] 24 root - INFO - Files transformed succesfully
[ 2023-08-22 17:04:23,076 ] 16 root - INFO - File laravel.pdf loaded successfully
[ 2023-08-22 17:04:23,076 ] 24 root - INFO - Files transformed succesfully
[ 2023-08-22 17:04:23,110 ] 16 root - INFO - File rayen_data.pdf loaded successfully
[ 2023-08-22 17:04:23,110 ] 24 root - INFO - Files transformed succesfully
[ 2023-08-22 17:04:23,194 ] 16 root - INFO - File react_native.pdf loaded successfully
[ 2023-08-22 17:04:23,194 ] 24 root - INFO - Files transformed succesfully
[ 2023-08-22 17:04:25,096 ] 16 root - INFO - File resumes.csv loaded successfully
[ 2023-08-22 17:04:25,096 ] 24 root - INFO - Files transformed succesfully
[ 2023-08-22 17:04:25,139 ] 16 root - INFO - File scrum_master.pdf loaded successfully
[ 2023-08-22 17:04:25,139 ] 24 root - INFO - Files transformed succesfully
[ 2023-08-22 17:04:25,188 ] 16 root - INFO - File yessine Meddeb_cv.pdf loaded successfully
[ 2023-08-22 17:04:25,188 ] 24 root - INFO - Files transformed succesfully
