[ 2023-08-16 16:56:07,603 ] 16 root - INFO - File CV_Ahlem_Marzougui.pdf loaded successfully
[ 2023-08-16 16:56:07,604 ] 24 root - INFO - Files transformed succesfully
[ 2023-08-16 16:56:07,627 ] 16 root - INFO - File CV_Ahmed_Amamou.pdf loaded successfully
[ 2023-08-16 16:56:07,627 ] 24 root - INFO - Files transformed succesfully
[ 2023-08-16 16:56:07,643 ] 16 root - INFO - File CV_Ahmed_Dziri.pdf loaded successfully
[ 2023-08-16 16:56:07,643 ] 24 root - INFO - Files transformed succesfully
[ 2023-08-16 16:56:07,734 ] 16 root - INFO - File CV_Ahmed_Farhat.pdf loaded successfully
[ 2023-08-16 16:56:07,761 ] 24 root - INFO - Files transformed succesfully
[ 2023-08-16 16:56:07,833 ] 16 root - INFO - File CV_Amine_Gafsi.pdf loaded successfully
[ 2023-08-16 16:56:07,833 ] 24 root - INFO - Files transformed succesfully
[ 2023-08-16 16:56:07,886 ] 16 root - INFO - File CV_Amine_Ghedira.pdf loaded successfully
[ 2023-08-16 16:56:07,887 ] 24 root - INFO - Files transformed succesfully
[ 2023-08-16 16:56:07,946 ] 16 root - INFO - File CV_Anwer_Boubaker.pdf loaded successfully
[ 2023-08-16 16:56:07,946 ] 24 root - INFO - Files transformed succesfully
[ 2023-08-16 16:56:07,985 ] 16 root - INFO - File CV_Asma_Chakroun.pdf loaded successfully
[ 2023-08-16 16:56:07,985 ] 24 root - INFO - Files transformed succesfully
[ 2023-08-16 16:56:08,024 ] 16 root - INFO - File CV_Aya_Benjazia.pdf loaded successfully
[ 2023-08-16 16:56:08,024 ] 24 root - INFO - Files transformed succesfully
[ 2023-08-16 16:56:08,096 ] 16 root - INFO - File CV_Aymen_Ghnia.pdf loaded successfully
[ 2023-08-16 16:56:08,096 ] 24 root - INFO - Files transformed succesfully
[ 2023-08-16 16:56:08,108 ] 16 root - INFO - File CV_Ayoub_Ben_Latifa.pdf loaded successfully
[ 2023-08-16 16:56:08,108 ] 24 root - INFO - Files transformed succesfully
[ 2023-08-16 16:56:08,159 ] 16 root - INFO - File CV_Ben_Chaaben_Yassin.pdf loaded successfully
[ 2023-08-16 16:56:08,159 ] 24 root - INFO - Files transformed succesfully
[ 2023-08-16 16:56:08,200 ] 16 root - INFO - File CV_Chedy_Sakly.pdf loaded successfully
[ 2023-08-16 16:56:08,200 ] 24 root - INFO - Files transformed succesfully
[ 2023-08-16 16:56:08,218 ] 16 root - INFO - File CV_Donia_Chaouch.pdf loaded successfully
[ 2023-08-16 16:56:08,218 ] 24 root - INFO - Files transformed succesfully
[ 2023-08-16 16:56:08,255 ] 16 root - INFO - File CV_Eya_Rejeb.pdf loaded successfully
[ 2023-08-16 16:56:08,255 ] 24 root - INFO - Files transformed succesfully
[ 2023-08-16 16:56:08,313 ] 16 root - INFO - File CV_EYA_Sekma.pdf loaded successfully
[ 2023-08-16 16:56:08,313 ] 24 root - INFO - Files transformed succesfully
[ 2023-08-16 16:56:08,352 ] 16 root - INFO - File CV_Fadi_Zaafrane.pdf loaded successfully
[ 2023-08-16 16:56:08,353 ] 24 root - INFO - Files transformed succesfully
[ 2023-08-16 16:56:08,398 ] 16 root - INFO - File CV_Fatma_Bouzgarrou.pdf loaded successfully
[ 2023-08-16 16:56:08,398 ] 24 root - INFO - Files transformed succesfully
[ 2023-08-16 16:56:08,451 ] 16 root - INFO - File CV_Hana_Zrafi.pdf loaded successfully
[ 2023-08-16 16:56:08,451 ] 24 root - INFO - Files transformed succesfully
[ 2023-08-16 16:56:08,484 ] 16 root - INFO - File CV_Houssem_Hassani.pdf loaded successfully
[ 2023-08-16 16:56:08,484 ] 24 root - INFO - Files transformed succesfully
[ 2023-08-16 16:56:08,532 ] 16 root - INFO - File CV_Houssem_Kraiem.pdf loaded successfully
[ 2023-08-16 16:56:08,532 ] 24 root - INFO - Files transformed succesfully
[ 2023-08-16 16:56:08,563 ] 16 root - INFO - File CV_Ibrahim_Youssef.pdf loaded successfully
[ 2023-08-16 16:56:08,563 ] 24 root - INFO - Files transformed succesfully
[ 2023-08-16 16:56:08,605 ] 16 root - INFO - File CV_Ibtihel_Khdhaouria.pdf loaded successfully
[ 2023-08-16 16:56:08,605 ] 24 root - INFO - Files transformed succesfully
[ 2023-08-16 16:56:08,623 ] 16 root - INFO - File CV_Iheb_Alouane.pdf loaded successfully
[ 2023-08-16 16:56:08,638 ] 24 root - INFO - Files transformed succesfully
[ 2023-08-16 16:56:08,681 ] 16 root - INFO - File CV_Isra_Dakhlaoui.pdf loaded successfully
[ 2023-08-16 16:56:08,681 ] 24 root - INFO - Files transformed succesfully
[ 2023-08-16 16:56:08,743 ] 16 root - INFO - File CV_Khaled_Chtioui.pdf loaded successfully
[ 2023-08-16 16:56:08,743 ] 24 root - INFO - Files transformed succesfully
[ 2023-08-16 16:56:08,788 ] 16 root - INFO - File CV_khawla_belkacem.pdf loaded successfully
[ 2023-08-16 16:56:08,789 ] 24 root - INFO - Files transformed succesfully
[ 2023-08-16 16:56:08,825 ] 16 root - INFO - File CV_Lina_Ounaies.pdf loaded successfully
[ 2023-08-16 16:56:08,825 ] 24 root - INFO - Files transformed succesfully
[ 2023-08-16 16:56:08,835 ] 35 root - ERROR - Error while reading the file: 'NoneType' object has no attribute 'lower'
[ 2023-08-16 16:56:08,835 ] 23 root - ERROR - Error while reading the file: cannot access local variable 'e' where it is not associated with a value
[ 2023-08-16 16:56:08,835 ] 24 root - INFO - Files transformed succesfully
[ 2023-08-16 16:56:08,910 ] 16 root - INFO - File CV_Med_Houssem_Beltifa.pdf loaded successfully
[ 2023-08-16 16:56:08,910 ] 24 root - INFO - Files transformed succesfully
[ 2023-08-16 16:56:08,965 ] 16 root - INFO - File CV_Med_Neji_Benzarti.pdf loaded successfully
[ 2023-08-16 16:56:08,966 ] 24 root - INFO - Files transformed succesfully
[ 2023-08-16 16:56:08,995 ] 16 root - INFO - File CV_Med_Nour_Chouchene.pdf loaded successfully
[ 2023-08-16 16:56:08,995 ] 24 root - INFO - Files transformed succesfully
[ 2023-08-16 16:56:09,031 ] 16 root - INFO - File CV_Med_Oussema_Zaier.pdf loaded successfully
[ 2023-08-16 16:56:09,032 ] 24 root - INFO - Files transformed succesfully
[ 2023-08-16 16:56:09,102 ] 16 root - INFO - File CV_Mejdi_Belhadj_Youssef.pdf loaded successfully
[ 2023-08-16 16:56:09,102 ] 24 root - INFO - Files transformed succesfully
[ 2023-08-16 16:56:09,121 ] 16 root - INFO - File CV_Mihed_Hassine.pdf loaded successfully
[ 2023-08-16 16:56:09,121 ] 24 root - INFO - Files transformed succesfully
[ 2023-08-16 16:56:09,128 ] 35 root - ERROR - Error while reading the file: 'NoneType' object has no attribute 'lower'
[ 2023-08-16 16:56:09,128 ] 23 root - ERROR - Error while reading the file: cannot access local variable 'e' where it is not associated with a value
[ 2023-08-16 16:56:09,128 ] 24 root - INFO - Files transformed succesfully
[ 2023-08-16 16:56:09,165 ] 16 root - INFO - File CV_Mohamed_Fawzi_Stambouli.pdf loaded successfully
[ 2023-08-16 16:56:09,165 ] 24 root - INFO - Files transformed succesfully
[ 2023-08-16 16:56:09,197 ] 35 root - ERROR - Error while reading the file: 'NoneType' object has no attribute 'lower'
[ 2023-08-16 16:56:09,197 ] 23 root - ERROR - Error while reading the file: cannot access local variable 'e' where it is not associated with a value
[ 2023-08-16 16:56:09,197 ] 24 root - INFO - Files transformed succesfully
[ 2023-08-16 16:56:09,260 ] 16 root - INFO - File CV_Nour_Mabrouk.pdf loaded successfully
[ 2023-08-16 16:56:09,260 ] 24 root - INFO - Files transformed succesfully
[ 2023-08-16 16:56:09,278 ] 16 root - INFO - File CV_Ons_Ben_Hadj_Sghaier.pdf loaded successfully
[ 2023-08-16 16:56:09,279 ] 24 root - INFO - Files transformed succesfully
[ 2023-08-16 16:56:09,320 ] 16 root - INFO - File CV_Oumaima_Ben_Saad.pdf loaded successfully
[ 2023-08-16 16:56:09,320 ] 24 root - INFO - Files transformed succesfully
[ 2023-08-16 16:56:09,365 ] 16 root - INFO - File CV_Oumeima_Zaddem.pdf loaded successfully
[ 2023-08-16 16:56:09,365 ] 24 root - INFO - Files transformed succesfully
[ 2023-08-16 16:56:09,424 ] 16 root - INFO - File CV_Oussema_Mili.pdf loaded successfully
[ 2023-08-16 16:56:09,424 ] 24 root - INFO - Files transformed succesfully
[ 2023-08-16 16:56:09,457 ] 16 root - INFO - File CV_Rahma_Hamrouni.pdf loaded successfully
[ 2023-08-16 16:56:09,457 ] 24 root - INFO - Files transformed succesfully
[ 2023-08-16 16:56:09,509 ] 16 root - INFO - File CV_Rania_Slimene.pdf loaded successfully
[ 2023-08-16 16:56:09,510 ] 24 root - INFO - Files transformed succesfully
[ 2023-08-16 16:56:09,541 ] 16 root - INFO - File CV_Rayen_Ben_Fathallah.pdf loaded successfully
[ 2023-08-16 16:56:09,541 ] 24 root - INFO - Files transformed succesfully
[ 2023-08-16 16:56:09,606 ] 16 root - INFO - File CV_Rima_Jerbi.pdf loaded successfully
[ 2023-08-16 16:56:09,606 ] 24 root - INFO - Files transformed succesfully
[ 2023-08-16 16:56:09,652 ] 16 root - INFO - File CV_Rim_Thabet.pdf loaded successfully
[ 2023-08-16 16:56:09,652 ] 24 root - INFO - Files transformed succesfully
[ 2023-08-16 16:56:09,698 ] 16 root - INFO - File CV_Saber_ben slama.pdf loaded successfully
[ 2023-08-16 16:56:09,698 ] 24 root - INFO - Files transformed succesfully
[ 2023-08-16 16:56:09,750 ] 16 root - INFO - File CV_Sanda_Dhouib.pdf loaded successfully
[ 2023-08-16 16:56:09,751 ] 24 root - INFO - Files transformed succesfully
[ 2023-08-16 16:56:09,801 ] 16 root - INFO - File CV_Sarra_Bannour.pdf loaded successfully
[ 2023-08-16 16:56:09,801 ] 24 root - INFO - Files transformed succesfully
[ 2023-08-16 16:56:09,853 ] 16 root - INFO - File CV_Sarra_Laribi.pdf loaded successfully
[ 2023-08-16 16:56:09,853 ] 24 root - INFO - Files transformed succesfully
[ 2023-08-16 16:56:09,908 ] 16 root - INFO - File CV_Souheyl_Gouadria.pdf loaded successfully
[ 2023-08-16 16:56:09,909 ] 24 root - INFO - Files transformed succesfully
[ 2023-08-16 16:56:09,918 ] 35 root - ERROR - Error while reading the file: 'NoneType' object has no attribute 'lower'
[ 2023-08-16 16:56:09,918 ] 23 root - ERROR - Error while reading the file: cannot access local variable 'e' where it is not associated with a value
[ 2023-08-16 16:56:09,918 ] 24 root - INFO - Files transformed succesfully
[ 2023-08-16 16:56:09,978 ] 16 root - INFO - File CV_Teyssir_Taieb.pdf loaded successfully
[ 2023-08-16 16:56:09,978 ] 24 root - INFO - Files transformed succesfully
[ 2023-08-16 16:56:10,021 ] 16 root - INFO - File CV_Wael_Antar.pdf loaded successfully
[ 2023-08-16 16:56:10,021 ] 24 root - INFO - Files transformed succesfully
[ 2023-08-16 16:56:10,056 ] 35 root - ERROR - Error while reading the file: 'NoneType' object has no attribute 'lower'
[ 2023-08-16 16:56:10,057 ] 23 root - ERROR - Error while reading the file: cannot access local variable 'e' where it is not associated with a value
[ 2023-08-16 16:56:10,057 ] 24 root - INFO - Files transformed succesfully
[ 2023-08-16 16:56:10,079 ] 16 root - INFO - File CV_Wajdi_Zayane.pdf loaded successfully
[ 2023-08-16 16:56:10,079 ] 24 root - INFO - Files transformed succesfully
[ 2023-08-16 16:56:10,116 ] 16 root - INFO - File CV_Wissem_Boujlida.pdf loaded successfully
[ 2023-08-16 16:56:10,116 ] 24 root - INFO - Files transformed succesfully
[ 2023-08-16 16:56:10,163 ] 16 root - INFO - File CV_Yasmine_Bizid.pdf loaded successfully
[ 2023-08-16 16:56:10,163 ] 24 root - INFO - Files transformed succesfully
[ 2023-08-16 16:56:10,188 ] 16 root - INFO - File CV_Yassine_Afsa.pdf loaded successfully
[ 2023-08-16 16:56:10,188 ] 24 root - INFO - Files transformed succesfully
[ 2023-08-16 16:56:10,219 ] 16 root - INFO - File CV_Yessine_Miled.pdf loaded successfully
[ 2023-08-16 16:56:10,219 ] 24 root - INFO - Files transformed succesfully
[ 2023-08-16 16:56:10,265 ] 16 root - INFO - File CV_Zaddem_Raslèn.pdf loaded successfully
[ 2023-08-16 16:56:10,265 ] 24 root - INFO - Files transformed succesfully
[ 2023-08-16 16:56:10,282 ] 16 root - INFO - File CV_Zeineb_Bachouch.pdf loaded successfully
[ 2023-08-16 16:56:10,282 ] 24 root - INFO - Files transformed succesfully
[ 2023-08-16 16:56:10,326 ] 16 root - INFO - File Dziri Ahmed - Resume (1).pdf loaded successfully
[ 2023-08-16 16:56:10,326 ] 24 root - INFO - Files transformed succesfully
[ 2023-08-16 16:56:10,357 ] 16 root - INFO - File experience.pdf loaded successfully
[ 2023-08-16 16:56:10,357 ] 24 root - INFO - Files transformed succesfully
[ 2023-08-16 16:56:10,380 ] 16 root - INFO - File laravel.pdf loaded successfully
[ 2023-08-16 16:56:10,380 ] 24 root - INFO - Files transformed succesfully
[ 2023-08-16 16:56:10,427 ] 16 root - INFO - File rayen_data.pdf loaded successfully
[ 2023-08-16 16:56:10,427 ] 24 root - INFO - Files transformed succesfully
[ 2023-08-16 16:56:10,474 ] 16 root - INFO - File react_native.pdf loaded successfully
[ 2023-08-16 16:56:10,474 ] 24 root - INFO - Files transformed succesfully
[ 2023-08-16 16:56:12,356 ] 16 root - INFO - File resumes.csv loaded successfully
[ 2023-08-16 16:56:12,356 ] 24 root - INFO - Files transformed succesfully
[ 2023-08-16 16:56:12,401 ] 16 root - INFO - File scrum_master.pdf loaded successfully
[ 2023-08-16 16:56:12,401 ] 24 root - INFO - Files transformed succesfully
[ 2023-08-16 16:56:12,444 ] 16 root - INFO - File yessine Meddeb_cv.pdf loaded successfully
[ 2023-08-16 16:56:12,445 ] 24 root - INFO - Files transformed succesfully
[ 2023-08-16 16:56:21,255 ] 482 gensim.utils - INFO - loading Doc2Vec object from doc2vec_model_epochs_80.model
[ 2023-08-16 16:56:21,270 ] 516 gensim.utils - INFO - loading dv recursively from doc2vec_model_epochs_80.model.dv.* with mmap=None
[ 2023-08-16 16:56:21,270 ] 516 gensim.utils - INFO - loading wv recursively from doc2vec_model_epochs_80.model.wv.* with mmap=None
[ 2023-08-16 16:56:21,270 ] 554 gensim.utils - INFO - setting ignored attribute cum_table to None
[ 2023-08-16 16:56:21,443 ] 448 gensim.utils - INFO - Doc2Vec lifecycle event {'fname': 'doc2vec_model_epochs_80.model', 'datetime': '2023-08-16T16:56:21.434277', 'gensim': '4.3.1', 'python': '3.11.4 | packaged by Anaconda, Inc. | (main, Jul  5 2023, 13:47:18) [MSC v.1916 64 bit (AMD64)]', 'platform': 'Windows-10-10.0.22621-SP0', 'event': 'loaded'}
[ 2023-08-16 16:56:21,443 ] 482 gensim.utils - INFO - loading Doc2Vec object from doc2vec_model_epochs_100.model
[ 2023-08-16 16:56:21,454 ] 516 gensim.utils - INFO - loading dv recursively from doc2vec_model_epochs_100.model.dv.* with mmap=None
[ 2023-08-16 16:56:21,454 ] 516 gensim.utils - INFO - loading wv recursively from doc2vec_model_epochs_100.model.wv.* with mmap=None
[ 2023-08-16 16:56:21,454 ] 554 gensim.utils - INFO - setting ignored attribute cum_table to None
[ 2023-08-16 16:56:21,609 ] 448 gensim.utils - INFO - Doc2Vec lifecycle event {'fname': 'doc2vec_model_epochs_100.model', 'datetime': '2023-08-16T16:56:21.609765', 'gensim': '4.3.1', 'python': '3.11.4 | packaged by Anaconda, Inc. | (main, Jul  5 2023, 13:47:18) [MSC v.1916 64 bit (AMD64)]', 'platform': 'Windows-10-10.0.22621-SP0', 'event': 'loaded'}
[ 2023-08-16 16:56:21,609 ] 482 gensim.utils - INFO - loading Doc2Vec object from doc2vec_model_epochs_150.model
[ 2023-08-16 16:56:21,621 ] 516 gensim.utils - INFO - loading dv recursively from doc2vec_model_epochs_150.model.dv.* with mmap=None
[ 2023-08-16 16:56:21,621 ] 516 gensim.utils - INFO - loading wv recursively from doc2vec_model_epochs_150.model.wv.* with mmap=None
[ 2023-08-16 16:56:21,621 ] 554 gensim.utils - INFO - setting ignored attribute cum_table to None
[ 2023-08-16 16:56:21,778 ] 448 gensim.utils - INFO - Doc2Vec lifecycle event {'fname': 'doc2vec_model_epochs_150.model', 'datetime': '2023-08-16T16:56:21.778952', 'gensim': '4.3.1', 'python': '3.11.4 | packaged by Anaconda, Inc. | (main, Jul  5 2023, 13:47:18) [MSC v.1916 64 bit (AMD64)]', 'platform': 'Windows-10-10.0.22621-SP0', 'event': 'loaded'}
[ 2023-08-16 16:56:21,778 ] 482 gensim.utils - INFO - loading Doc2Vec object from doc2vec_model_epochs_40.model
[ 2023-08-16 16:56:21,791 ] 516 gensim.utils - INFO - loading dv recursively from doc2vec_model_epochs_40.model.dv.* with mmap=None
[ 2023-08-16 16:56:21,791 ] 516 gensim.utils - INFO - loading wv recursively from doc2vec_model_epochs_40.model.wv.* with mmap=None
[ 2023-08-16 16:56:21,791 ] 554 gensim.utils - INFO - setting ignored attribute cum_table to None
[ 2023-08-16 16:56:21,948 ] 448 gensim.utils - INFO - Doc2Vec lifecycle event {'fname': 'doc2vec_model_epochs_40.model', 'datetime': '2023-08-16T16:56:21.948809', 'gensim': '4.3.1', 'python': '3.11.4 | packaged by Anaconda, Inc. | (main, Jul  5 2023, 13:47:18) [MSC v.1916 64 bit (AMD64)]', 'platform': 'Windows-10-10.0.22621-SP0', 'event': 'loaded'}
[ 2023-08-16 16:56:21,948 ] 482 gensim.utils - INFO - loading Doc2Vec object from resumes_model_epochs_lemmetized_80.model
[ 2023-08-16 16:56:21,952 ] 516 gensim.utils - INFO - loading dv recursively from resumes_model_epochs_lemmetized_80.model.dv.* with mmap=None
[ 2023-08-16 16:56:21,952 ] 516 gensim.utils - INFO - loading wv recursively from resumes_model_epochs_lemmetized_80.model.wv.* with mmap=None
[ 2023-08-16 16:56:21,952 ] 554 gensim.utils - INFO - setting ignored attribute cum_table to None
[ 2023-08-16 16:56:22,035 ] 448 gensim.utils - INFO - Doc2Vec lifecycle event {'fname': 'resumes_model_epochs_lemmetized_80.model', 'datetime': '2023-08-16T16:56:22.035604', 'gensim': '4.3.1', 'python': '3.11.4 | packaged by Anaconda, Inc. | (main, Jul  5 2023, 13:47:18) [MSC v.1916 64 bit (AMD64)]', 'platform': 'Windows-10-10.0.22621-SP0', 'event': 'loaded'}
[ 2023-08-16 16:56:22,035 ] 482 gensim.utils - INFO - loading Doc2Vec object from resumes_model_epochs_lemmetized_100.model
[ 2023-08-16 16:56:22,039 ] 516 gensim.utils - INFO - loading dv recursively from resumes_model_epochs_lemmetized_100.model.dv.* with mmap=None
[ 2023-08-16 16:56:22,039 ] 516 gensim.utils - INFO - loading wv recursively from resumes_model_epochs_lemmetized_100.model.wv.* with mmap=None
[ 2023-08-16 16:56:22,039 ] 554 gensim.utils - INFO - setting ignored attribute cum_table to None
[ 2023-08-16 16:56:22,088 ] 448 gensim.utils - INFO - Doc2Vec lifecycle event {'fname': 'resumes_model_epochs_lemmetized_100.model', 'datetime': '2023-08-16T16:56:22.088574', 'gensim': '4.3.1', 'python': '3.11.4 | packaged by Anaconda, Inc. | (main, Jul  5 2023, 13:47:18) [MSC v.1916 64 bit (AMD64)]', 'platform': 'Windows-10-10.0.22621-SP0', 'event': 'loaded'}
[ 2023-08-16 16:56:22,088 ] 482 gensim.utils - INFO - loading Doc2Vec object from resumes_model_epochs_lemmetized_150.model
[ 2023-08-16 16:56:22,093 ] 516 gensim.utils - INFO - loading dv recursively from resumes_model_epochs_lemmetized_150.model.dv.* with mmap=None
[ 2023-08-16 16:56:22,093 ] 516 gensim.utils - INFO - loading wv recursively from resumes_model_epochs_lemmetized_150.model.wv.* with mmap=None
[ 2023-08-16 16:56:22,093 ] 554 gensim.utils - INFO - setting ignored attribute cum_table to None
[ 2023-08-16 16:56:22,141 ] 448 gensim.utils - INFO - Doc2Vec lifecycle event {'fname': 'resumes_model_epochs_lemmetized_150.model', 'datetime': '2023-08-16T16:56:22.141049', 'gensim': '4.3.1', 'python': '3.11.4 | packaged by Anaconda, Inc. | (main, Jul  5 2023, 13:47:18) [MSC v.1916 64 bit (AMD64)]', 'platform': 'Windows-10-10.0.22621-SP0', 'event': 'loaded'}
[ 2023-08-16 17:02:30,716 ] 255 root - ERROR - Error while Extracting the informations: 'SKILLS'
