[ 2023-08-24 17:24:57,955 ] 482 gensim.utils - INFO - loading Doc2Vec object from models/resume_models/resumes_model_epochs_lemmetized_150.model
[ 2023-08-24 17:24:57,958 ] 516 gensim.utils - INFO - loading dv recursively from models/resume_models/resumes_model_epochs_lemmetized_150.model.dv.* with mmap=None
[ 2023-08-24 17:24:57,958 ] 516 gensim.utils - INFO - loading wv recursively from models/resume_models/resumes_model_epochs_lemmetized_150.model.wv.* with mmap=None
[ 2023-08-24 17:24:57,959 ] 554 gensim.utils - INFO - setting ignored attribute cum_table to None
[ 2023-08-24 17:24:58,005 ] 448 gensim.utils - INFO - Doc2Vec lifecycle event {'fname': 'models/resume_models/resumes_model_epochs_lemmetized_150.model', 'datetime': '2023-08-24T17:24:57.998791', 'gensim': '4.3.1', 'python': '3.11.4 | packaged by Anaconda, Inc. | (main, Jul  5 2023, 13:47:18) [MSC v.1916 64 bit (AMD64)]', 'platform': 'Windows-10-10.0.22621-SP0', 'event': 'loaded'}
[ 2023-08-24 17:24:58,010 ] 482 gensim.utils - INFO - loading Doc2Vec object from models/resume_models/resumes_model_epochs_lemmetized_80.model
[ 2023-08-24 17:24:58,012 ] 516 gensim.utils - INFO - loading dv recursively from models/resume_models/resumes_model_epochs_lemmetized_80.model.dv.* with mmap=None
[ 2023-08-24 17:24:58,012 ] 516 gensim.utils - INFO - loading wv recursively from models/resume_models/resumes_model_epochs_lemmetized_80.model.wv.* with mmap=None
[ 2023-08-24 17:24:58,012 ] 554 gensim.utils - INFO - setting ignored attribute cum_table to None
[ 2023-08-24 17:24:58,052 ] 448 gensim.utils - INFO - Doc2Vec lifecycle event {'fname': 'models/resume_models/resumes_model_epochs_lemmetized_80.model', 'datetime': '2023-08-24T17:24:58.052952', 'gensim': '4.3.1', 'python': '3.11.4 | packaged by Anaconda, Inc. | (main, Jul  5 2023, 13:47:18) [MSC v.1916 64 bit (AMD64)]', 'platform': 'Windows-10-10.0.22621-SP0', 'event': 'loaded'}
[ 2023-08-24 17:24:58,088 ] 16 root - INFO - File CV_Ahlem_Marzougui.pdf loaded successfully
[ 2023-08-24 17:24:58,088 ] 24 root - INFO - Files transformed succesfully
[ 2023-08-24 17:24:58,122 ] 16 root - INFO - File CV_Ahmed_Amamou.pdf loaded successfully
[ 2023-08-24 17:24:58,122 ] 24 root - INFO - Files transformed succesfully
[ 2023-08-24 17:24:58,152 ] 16 root - INFO - File CV_Ahmed_Dziri.pdf loaded successfully
[ 2023-08-24 17:24:58,152 ] 24 root - INFO - Files transformed succesfully
[ 2023-08-24 17:24:58,201 ] 16 root - INFO - File CV_Ahmed_Farhat.pdf loaded successfully
[ 2023-08-24 17:24:58,201 ] 24 root - INFO - Files transformed succesfully
[ 2023-08-24 17:24:58,227 ] 16 root - INFO - File CV_Amine_Gafsi.pdf loaded successfully
[ 2023-08-24 17:24:58,227 ] 24 root - INFO - Files transformed succesfully
[ 2023-08-24 17:24:58,256 ] 16 root - INFO - File CV_Amine_Ghedira.pdf loaded successfully
[ 2023-08-24 17:24:58,256 ] 24 root - INFO - Files transformed succesfully
[ 2023-08-24 17:24:58,296 ] 16 root - INFO - File CV_Anwer_Boubaker.pdf loaded successfully
[ 2023-08-24 17:24:58,296 ] 24 root - INFO - Files transformed succesfully
[ 2023-08-24 17:24:58,327 ] 16 root - INFO - File CV_Asma_Chakroun.pdf loaded successfully
[ 2023-08-24 17:24:58,328 ] 24 root - INFO - Files transformed succesfully
[ 2023-08-24 17:24:58,364 ] 16 root - INFO - File CV_Aya_Benjazia.pdf loaded successfully
[ 2023-08-24 17:24:58,364 ] 24 root - INFO - Files transformed succesfully
[ 2023-08-24 17:24:58,422 ] 16 root - INFO - File CV_Aymen_Ghnia.pdf loaded successfully
[ 2023-08-24 17:24:58,422 ] 24 root - INFO - Files transformed succesfully
[ 2023-08-24 17:24:58,443 ] 16 root - INFO - File CV_Ayoub_Ben_Latifa.pdf loaded successfully
[ 2023-08-24 17:24:58,443 ] 24 root - INFO - Files transformed succesfully
[ 2023-08-24 17:24:58,480 ] 16 root - INFO - File CV_Ben_Chaaben_Yassin.pdf loaded successfully
[ 2023-08-24 17:24:58,480 ] 24 root - INFO - Files transformed succesfully
[ 2023-08-24 17:24:58,513 ] 16 root - INFO - File CV_Chedy_Sakly.pdf loaded successfully
[ 2023-08-24 17:24:58,513 ] 24 root - INFO - Files transformed succesfully
[ 2023-08-24 17:24:58,544 ] 16 root - INFO - File CV_Donia_Chaouch.pdf loaded successfully
[ 2023-08-24 17:24:58,544 ] 24 root - INFO - Files transformed succesfully
[ 2023-08-24 17:24:58,590 ] 16 root - INFO - File CV_Eya_Rejeb.pdf loaded successfully
[ 2023-08-24 17:24:58,590 ] 24 root - INFO - Files transformed succesfully
[ 2023-08-24 17:24:58,619 ] 16 root - INFO - File CV_EYA_Sekma.pdf loaded successfully
[ 2023-08-24 17:24:58,619 ] 24 root - INFO - Files transformed succesfully
[ 2023-08-24 17:24:58,660 ] 16 root - INFO - File CV_Fadi_Zaafrane.pdf loaded successfully
[ 2023-08-24 17:24:58,660 ] 24 root - INFO - Files transformed succesfully
[ 2023-08-24 17:24:58,696 ] 16 root - INFO - File CV_Fatma_Bouzgarrou.pdf loaded successfully
[ 2023-08-24 17:24:58,696 ] 24 root - INFO - Files transformed succesfully
[ 2023-08-24 17:24:58,725 ] 16 root - INFO - File CV_Hana_Zrafi.pdf loaded successfully
[ 2023-08-24 17:24:58,725 ] 24 root - INFO - Files transformed succesfully
[ 2023-08-24 17:24:58,753 ] 16 root - INFO - File CV_Houssem_Hassani.pdf loaded successfully
[ 2023-08-24 17:24:58,753 ] 24 root - INFO - Files transformed succesfully
[ 2023-08-24 17:24:58,800 ] 16 root - INFO - File CV_Houssem_Kraiem.pdf loaded successfully
[ 2023-08-24 17:24:58,800 ] 24 root - INFO - Files transformed succesfully
[ 2023-08-24 17:24:58,848 ] 16 root - INFO - File CV_Ibrahim_Youssef.pdf loaded successfully
[ 2023-08-24 17:24:58,848 ] 24 root - INFO - Files transformed succesfully
[ 2023-08-24 17:24:58,889 ] 16 root - INFO - File CV_Ibtihel_Khdhaouria.pdf loaded successfully
[ 2023-08-24 17:24:58,889 ] 24 root - INFO - Files transformed succesfully
[ 2023-08-24 17:24:58,923 ] 16 root - INFO - File CV_Iheb_Alouane.pdf loaded successfully
[ 2023-08-24 17:24:58,923 ] 24 root - INFO - Files transformed succesfully
[ 2023-08-24 17:24:58,957 ] 16 root - INFO - File CV_Isra_Dakhlaoui.pdf loaded successfully
[ 2023-08-24 17:24:58,957 ] 24 root - INFO - Files transformed succesfully
[ 2023-08-24 17:24:58,992 ] 16 root - INFO - File CV_Khaled_Chtioui.pdf loaded successfully
[ 2023-08-24 17:24:58,992 ] 24 root - INFO - Files transformed succesfully
[ 2023-08-24 17:24:59,031 ] 16 root - INFO - File CV_khawla_belkacem.pdf loaded successfully
[ 2023-08-24 17:24:59,031 ] 24 root - INFO - Files transformed succesfully
[ 2023-08-24 17:24:59,064 ] 16 root - INFO - File CV_Lina_Ounaies.pdf loaded successfully
[ 2023-08-24 17:24:59,064 ] 24 root - INFO - Files transformed succesfully
[ 2023-08-24 17:24:59,089 ] 38 root - ERROR - Error while reading the file: 'NoneType' object has no attribute 'lower'
[ 2023-08-24 17:24:59,089 ] 23 root - ERROR - Error while reading the file: cannot access local variable 'e' where it is not associated with a value
[ 2023-08-24 17:24:59,089 ] 24 root - INFO - Files transformed succesfully
[ 2023-08-24 17:24:59,119 ] 16 root - INFO - File CV_Med_Houssem_Beltifa.pdf loaded successfully
[ 2023-08-24 17:24:59,120 ] 24 root - INFO - Files transformed succesfully
[ 2023-08-24 17:24:59,150 ] 16 root - INFO - File CV_Med_Neji_Benzarti.pdf loaded successfully
[ 2023-08-24 17:24:59,150 ] 24 root - INFO - Files transformed succesfully
[ 2023-08-24 17:24:59,169 ] 16 root - INFO - File CV_Med_Nour_Chouchene.pdf loaded successfully
[ 2023-08-24 17:24:59,169 ] 24 root - INFO - Files transformed succesfully
[ 2023-08-24 17:24:59,198 ] 16 root - INFO - File CV_Med_Oussema_Zaier.pdf loaded successfully
[ 2023-08-24 17:24:59,198 ] 24 root - INFO - Files transformed succesfully
[ 2023-08-24 17:24:59,218 ] 16 root - INFO - File CV_Mejdi_Belhadj_Youssef.pdf loaded successfully
[ 2023-08-24 17:24:59,218 ] 24 root - INFO - Files transformed succesfully
[ 2023-08-24 17:24:59,254 ] 16 root - INFO - File CV_Mihed_Hassine.pdf loaded successfully
[ 2023-08-24 17:24:59,254 ] 24 root - INFO - Files transformed succesfully
[ 2023-08-24 17:24:59,281 ] 38 root - ERROR - Error while reading the file: 'NoneType' object has no attribute 'lower'
[ 2023-08-24 17:24:59,281 ] 23 root - ERROR - Error while reading the file: cannot access local variable 'e' where it is not associated with a value
[ 2023-08-24 17:24:59,281 ] 24 root - INFO - Files transformed succesfully
[ 2023-08-24 17:24:59,327 ] 16 root - INFO - File CV_Mohamed_Fawzi_Stambouli.pdf loaded successfully
[ 2023-08-24 17:24:59,327 ] 24 root - INFO - Files transformed succesfully
[ 2023-08-24 17:24:59,361 ] 38 root - ERROR - Error while reading the file: 'NoneType' object has no attribute 'lower'
[ 2023-08-24 17:24:59,361 ] 23 root - ERROR - Error while reading the file: cannot access local variable 'e' where it is not associated with a value
[ 2023-08-24 17:24:59,361 ] 24 root - INFO - Files transformed succesfully
[ 2023-08-24 17:24:59,403 ] 16 root - INFO - File CV_Nour_Mabrouk.pdf loaded successfully
[ 2023-08-24 17:24:59,403 ] 24 root - INFO - Files transformed succesfully
[ 2023-08-24 17:24:59,452 ] 16 root - INFO - File CV_Ons_Ben_Hadj_Sghaier.pdf loaded successfully
[ 2023-08-24 17:24:59,452 ] 24 root - INFO - Files transformed succesfully
[ 2023-08-24 17:24:59,496 ] 16 root - INFO - File CV_Oumaima_Ben_Saad.pdf loaded successfully
[ 2023-08-24 17:24:59,496 ] 24 root - INFO - Files transformed succesfully
[ 2023-08-24 17:24:59,544 ] 16 root - INFO - File CV_Oumeima_Zaddem.pdf loaded successfully
[ 2023-08-24 17:24:59,544 ] 24 root - INFO - Files transformed succesfully
[ 2023-08-24 17:24:59,596 ] 16 root - INFO - File CV_Oussema_Mili.pdf loaded successfully
[ 2023-08-24 17:24:59,597 ] 24 root - INFO - Files transformed succesfully
[ 2023-08-24 17:24:59,625 ] 16 root - INFO - File CV_Rahma_Hamrouni.pdf loaded successfully
[ 2023-08-24 17:24:59,625 ] 24 root - INFO - Files transformed succesfully
[ 2023-08-24 17:24:59,657 ] 16 root - INFO - File CV_Rania_Slimene.pdf loaded successfully
[ 2023-08-24 17:24:59,657 ] 24 root - INFO - Files transformed succesfully
[ 2023-08-24 17:24:59,703 ] 16 root - INFO - File CV_Rayen_Ben_Fathallah.pdf loaded successfully
[ 2023-08-24 17:24:59,703 ] 24 root - INFO - Files transformed succesfully
[ 2023-08-24 17:24:59,749 ] 16 root - INFO - File CV_Rima_Jerbi.pdf loaded successfully
[ 2023-08-24 17:24:59,749 ] 24 root - INFO - Files transformed succesfully
[ 2023-08-24 17:24:59,790 ] 16 root - INFO - File CV_Rim_Thabet.pdf loaded successfully
[ 2023-08-24 17:24:59,790 ] 24 root - INFO - Files transformed succesfully
[ 2023-08-24 17:24:59,801 ] 16 root - INFO - File CV_Saber_ben slama.pdf loaded successfully
[ 2023-08-24 17:24:59,801 ] 24 root - INFO - Files transformed succesfully
[ 2023-08-24 17:24:59,843 ] 16 root - INFO - File CV_Sanda_Dhouib.pdf loaded successfully
[ 2023-08-24 17:24:59,843 ] 24 root - INFO - Files transformed succesfully
[ 2023-08-24 17:24:59,897 ] 16 root - INFO - File CV_Sarra_Bannour.pdf loaded successfully
[ 2023-08-24 17:24:59,897 ] 24 root - INFO - Files transformed succesfully
[ 2023-08-24 17:24:59,922 ] 16 root - INFO - File CV_Sarra_Laribi.pdf loaded successfully
[ 2023-08-24 17:24:59,922 ] 24 root - INFO - Files transformed succesfully
[ 2023-08-24 17:24:59,953 ] 16 root - INFO - File CV_Souheyl_Gouadria.pdf loaded successfully
[ 2023-08-24 17:24:59,954 ] 24 root - INFO - Files transformed succesfully
[ 2023-08-24 17:24:59,979 ] 38 root - ERROR - Error while reading the file: 'NoneType' object has no attribute 'lower'
[ 2023-08-24 17:24:59,979 ] 23 root - ERROR - Error while reading the file: cannot access local variable 'e' where it is not associated with a value
[ 2023-08-24 17:24:59,979 ] 24 root - INFO - Files transformed succesfully
[ 2023-08-24 17:25:00,031 ] 16 root - INFO - File CV_Teyssir_Taieb.pdf loaded successfully
[ 2023-08-24 17:25:00,031 ] 24 root - INFO - Files transformed succesfully
[ 2023-08-24 17:25:00,079 ] 16 root - INFO - File CV_Wael_Antar.pdf loaded successfully
[ 2023-08-24 17:25:00,079 ] 24 root - INFO - Files transformed succesfully
[ 2023-08-24 17:25:00,099 ] 38 root - ERROR - Error while reading the file: 'NoneType' object has no attribute 'lower'
[ 2023-08-24 17:25:00,099 ] 23 root - ERROR - Error while reading the file: cannot access local variable 'e' where it is not associated with a value
[ 2023-08-24 17:25:00,099 ] 24 root - INFO - Files transformed succesfully
[ 2023-08-24 17:25:00,129 ] 16 root - INFO - File CV_Wajdi_Zayane.pdf loaded successfully
[ 2023-08-24 17:25:00,129 ] 24 root - INFO - Files transformed succesfully
[ 2023-08-24 17:25:00,154 ] 16 root - INFO - File CV_Wissem_Boujlida.pdf loaded successfully
[ 2023-08-24 17:25:00,154 ] 24 root - INFO - Files transformed succesfully
[ 2023-08-24 17:25:00,189 ] 16 root - INFO - File CV_Yasmine_Bizid.pdf loaded successfully
[ 2023-08-24 17:25:00,190 ] 24 root - INFO - Files transformed succesfully
[ 2023-08-24 17:25:00,225 ] 16 root - INFO - File CV_Yassine_Afsa.pdf loaded successfully
[ 2023-08-24 17:25:00,225 ] 24 root - INFO - Files transformed succesfully
[ 2023-08-24 17:25:00,262 ] 16 root - INFO - File CV_Yessine_Miled.pdf loaded successfully
[ 2023-08-24 17:25:00,262 ] 24 root - INFO - Files transformed succesfully
[ 2023-08-24 17:25:00,295 ] 16 root - INFO - File CV_Zaddem_Raslèn.pdf loaded successfully
[ 2023-08-24 17:25:00,295 ] 24 root - INFO - Files transformed succesfully
[ 2023-08-24 17:25:00,324 ] 16 root - INFO - File CV_Zeineb_Bachouch.pdf loaded successfully
[ 2023-08-24 17:25:00,324 ] 24 root - INFO - Files transformed succesfully
[ 2023-08-24 17:25:00,372 ] 16 root - INFO - File Dziri Ahmed - Resume (1).pdf loaded successfully
[ 2023-08-24 17:25:00,372 ] 24 root - INFO - Files transformed succesfully
[ 2023-08-24 17:25:00,416 ] 16 root - INFO - File experience.pdf loaded successfully
[ 2023-08-24 17:25:00,416 ] 24 root - INFO - Files transformed succesfully
[ 2023-08-24 17:25:00,451 ] 16 root - INFO - File laravel.pdf loaded successfully
[ 2023-08-24 17:25:00,451 ] 24 root - INFO - Files transformed succesfully
[ 2023-08-24 17:25:00,483 ] 16 root - INFO - File rayen_data.pdf loaded successfully
[ 2023-08-24 17:25:00,483 ] 24 root - INFO - Files transformed succesfully
[ 2023-08-24 17:25:00,534 ] 16 root - INFO - File react_native.pdf loaded successfully
[ 2023-08-24 17:25:00,534 ] 24 root - INFO - Files transformed succesfully
[ 2023-08-24 17:25:00,554 ] 16 root - INFO - File scrum_master.pdf loaded successfully
[ 2023-08-24 17:25:00,554 ] 24 root - INFO - Files transformed succesfully
[ 2023-08-24 17:25:00,605 ] 16 root - INFO - File yessine Meddeb_cv.pdf loaded successfully
[ 2023-08-24 17:25:00,605 ] 24 root - INFO - Files transformed succesfully
[ 2023-08-24 17:25:04,188 ] 482 gensim.utils - INFO - loading Doc2Vec object from models/jd_models/doc2vec_model_epochs_100.model
[ 2023-08-24 17:25:04,201 ] 516 gensim.utils - INFO - loading dv recursively from models/jd_models/doc2vec_model_epochs_100.model.dv.* with mmap=None
[ 2023-08-24 17:25:04,202 ] 516 gensim.utils - INFO - loading wv recursively from models/jd_models/doc2vec_model_epochs_100.model.wv.* with mmap=None
[ 2023-08-24 17:25:04,202 ] 554 gensim.utils - INFO - setting ignored attribute cum_table to None
[ 2023-08-24 17:25:04,377 ] 448 gensim.utils - INFO - Doc2Vec lifecycle event {'fname': 'models/jd_models/doc2vec_model_epochs_100.model', 'datetime': '2023-08-24T17:25:04.377337', 'gensim': '4.3.1', 'python': '3.11.4 | packaged by Anaconda, Inc. | (main, Jul  5 2023, 13:47:18) [MSC v.1916 64 bit (AMD64)]', 'platform': 'Windows-10-10.0.22621-SP0', 'event': 'loaded'}
[ 2023-08-24 17:25:04,377 ] 482 gensim.utils - INFO - loading Doc2Vec object from models/jd_models/doc2vec_model_epochs_150.model
[ 2023-08-24 17:25:04,387 ] 516 gensim.utils - INFO - loading dv recursively from models/jd_models/doc2vec_model_epochs_150.model.dv.* with mmap=None
[ 2023-08-24 17:25:04,387 ] 516 gensim.utils - INFO - loading wv recursively from models/jd_models/doc2vec_model_epochs_150.model.wv.* with mmap=None
[ 2023-08-24 17:25:04,387 ] 554 gensim.utils - INFO - setting ignored attribute cum_table to None
[ 2023-08-24 17:25:04,564 ] 448 gensim.utils - INFO - Doc2Vec lifecycle event {'fname': 'models/jd_models/doc2vec_model_epochs_150.model', 'datetime': '2023-08-24T17:25:04.564144', 'gensim': '4.3.1', 'python': '3.11.4 | packaged by Anaconda, Inc. | (main, Jul  5 2023, 13:47:18) [MSC v.1916 64 bit (AMD64)]', 'platform': 'Windows-10-10.0.22621-SP0', 'event': 'loaded'}
[ 2023-08-24 17:25:04,565 ] 482 gensim.utils - INFO - loading Doc2Vec object from models/jd_models/doc2vec_model_epochs_40.model
[ 2023-08-24 17:25:04,574 ] 516 gensim.utils - INFO - loading dv recursively from models/jd_models/doc2vec_model_epochs_40.model.dv.* with mmap=None
[ 2023-08-24 17:25:04,574 ] 516 gensim.utils - INFO - loading wv recursively from models/jd_models/doc2vec_model_epochs_40.model.wv.* with mmap=None
[ 2023-08-24 17:25:04,575 ] 554 gensim.utils - INFO - setting ignored attribute cum_table to None
[ 2023-08-24 17:25:04,737 ] 448 gensim.utils - INFO - Doc2Vec lifecycle event {'fname': 'models/jd_models/doc2vec_model_epochs_40.model', 'datetime': '2023-08-24T17:25:04.737152', 'gensim': '4.3.1', 'python': '3.11.4 | packaged by Anaconda, Inc. | (main, Jul  5 2023, 13:47:18) [MSC v.1916 64 bit (AMD64)]', 'platform': 'Windows-10-10.0.22621-SP0', 'event': 'loaded'}
[ 2023-08-24 17:25:04,737 ] 482 gensim.utils - INFO - loading Doc2Vec object from models/jd_models/doc2vec_model_epochs_80.model
[ 2023-08-24 17:25:04,747 ] 516 gensim.utils - INFO - loading dv recursively from models/jd_models/doc2vec_model_epochs_80.model.dv.* with mmap=None
[ 2023-08-24 17:25:04,747 ] 516 gensim.utils - INFO - loading wv recursively from models/jd_models/doc2vec_model_epochs_80.model.wv.* with mmap=None
[ 2023-08-24 17:25:04,747 ] 554 gensim.utils - INFO - setting ignored attribute cum_table to None
[ 2023-08-24 17:25:04,877 ] 448 gensim.utils - INFO - Doc2Vec lifecycle event {'fname': 'models/jd_models/doc2vec_model_epochs_80.model', 'datetime': '2023-08-24T17:25:04.877083', 'gensim': '4.3.1', 'python': '3.11.4 | packaged by Anaconda, Inc. | (main, Jul  5 2023, 13:47:18) [MSC v.1916 64 bit (AMD64)]', 'platform': 'Windows-10-10.0.22621-SP0', 'event': 'loaded'}
[ 2023-08-24 17:25:04,877 ] 482 gensim.utils - INFO - loading Doc2Vec object from models/jd_models/resumes_model_epochs_100.model
[ 2023-08-24 17:25:04,880 ] 516 gensim.utils - INFO - loading dv recursively from models/jd_models/resumes_model_epochs_100.model.dv.* with mmap=None
[ 2023-08-24 17:25:04,880 ] 516 gensim.utils - INFO - loading wv recursively from models/jd_models/resumes_model_epochs_100.model.wv.* with mmap=None
[ 2023-08-24 17:25:04,880 ] 554 gensim.utils - INFO - setting ignored attribute cum_table to None
[ 2023-08-24 17:25:04,904 ] 448 gensim.utils - INFO - Doc2Vec lifecycle event {'fname': 'models/jd_models/resumes_model_epochs_100.model', 'datetime': '2023-08-24T17:25:04.904083', 'gensim': '4.3.1', 'python': '3.11.4 | packaged by Anaconda, Inc. | (main, Jul  5 2023, 13:47:18) [MSC v.1916 64 bit (AMD64)]', 'platform': 'Windows-10-10.0.22621-SP0', 'event': 'loaded'}
[ 2023-08-24 17:25:04,904 ] 482 gensim.utils - INFO - loading Doc2Vec object from models/jd_models/resumes_model_epochs_150.model
[ 2023-08-24 17:25:04,906 ] 516 gensim.utils - INFO - loading dv recursively from models/jd_models/resumes_model_epochs_150.model.dv.* with mmap=None
[ 2023-08-24 17:25:04,906 ] 516 gensim.utils - INFO - loading wv recursively from models/jd_models/resumes_model_epochs_150.model.wv.* with mmap=None
[ 2023-08-24 17:25:04,906 ] 554 gensim.utils - INFO - setting ignored attribute cum_table to None
[ 2023-08-24 17:25:04,930 ] 448 gensim.utils - INFO - Doc2Vec lifecycle event {'fname': 'models/jd_models/resumes_model_epochs_150.model', 'datetime': '2023-08-24T17:25:04.930083', 'gensim': '4.3.1', 'python': '3.11.4 | packaged by Anaconda, Inc. | (main, Jul  5 2023, 13:47:18) [MSC v.1916 64 bit (AMD64)]', 'platform': 'Windows-10-10.0.22621-SP0', 'event': 'loaded'}
[ 2023-08-24 17:25:04,930 ] 482 gensim.utils - INFO - loading Doc2Vec object from models/jd_models/resumes_model_epochs_80.model
[ 2023-08-24 17:25:04,932 ] 516 gensim.utils - INFO - loading dv recursively from models/jd_models/resumes_model_epochs_80.model.dv.* with mmap=None
[ 2023-08-24 17:25:04,932 ] 516 gensim.utils - INFO - loading wv recursively from models/jd_models/resumes_model_epochs_80.model.wv.* with mmap=None
[ 2023-08-24 17:25:04,932 ] 554 gensim.utils - INFO - setting ignored attribute cum_table to None
[ 2023-08-24 17:25:04,956 ] 448 gensim.utils - INFO - Doc2Vec lifecycle event {'fname': 'models/jd_models/resumes_model_epochs_80.model', 'datetime': '2023-08-24T17:25:04.955083', 'gensim': '4.3.1', 'python': '3.11.4 | packaged by Anaconda, Inc. | (main, Jul  5 2023, 13:47:18) [MSC v.1916 64 bit (AMD64)]', 'platform': 'Windows-10-10.0.22621-SP0', 'event': 'loaded'}
[ 2023-08-24 17:25:04,956 ] 482 gensim.utils - INFO - loading Doc2Vec object from models/jd_models/resumes_model_epochs_lemmetized_100.model
[ 2023-08-24 17:25:04,958 ] 516 gensim.utils - INFO - loading dv recursively from models/jd_models/resumes_model_epochs_lemmetized_100.model.dv.* with mmap=None
[ 2023-08-24 17:25:04,959 ] 516 gensim.utils - INFO - loading wv recursively from models/jd_models/resumes_model_epochs_lemmetized_100.model.wv.* with mmap=None
[ 2023-08-24 17:25:04,959 ] 554 gensim.utils - INFO - setting ignored attribute cum_table to None
[ 2023-08-24 17:25:04,998 ] 448 gensim.utils - INFO - Doc2Vec lifecycle event {'fname': 'models/jd_models/resumes_model_epochs_lemmetized_100.model', 'datetime': '2023-08-24T17:25:04.998083', 'gensim': '4.3.1', 'python': '3.11.4 | packaged by Anaconda, Inc. | (main, Jul  5 2023, 13:47:18) [MSC v.1916 64 bit (AMD64)]', 'platform': 'Windows-10-10.0.22621-SP0', 'event': 'loaded'}
[ 2023-08-24 17:25:04,998 ] 482 gensim.utils - INFO - loading Doc2Vec object from models/jd_models/resumes_model_epochs_lemmetized_150.model
[ 2023-08-24 17:25:05,002 ] 516 gensim.utils - INFO - loading dv recursively from models/jd_models/resumes_model_epochs_lemmetized_150.model.dv.* with mmap=None
[ 2023-08-24 17:25:05,002 ] 516 gensim.utils - INFO - loading wv recursively from models/jd_models/resumes_model_epochs_lemmetized_150.model.wv.* with mmap=None
[ 2023-08-24 17:25:05,002 ] 554 gensim.utils - INFO - setting ignored attribute cum_table to None
[ 2023-08-24 17:25:05,041 ] 448 gensim.utils - INFO - Doc2Vec lifecycle event {'fname': 'models/jd_models/resumes_model_epochs_lemmetized_150.model', 'datetime': '2023-08-24T17:25:05.041083', 'gensim': '4.3.1', 'python': '3.11.4 | packaged by Anaconda, Inc. | (main, Jul  5 2023, 13:47:18) [MSC v.1916 64 bit (AMD64)]', 'platform': 'Windows-10-10.0.22621-SP0', 'event': 'loaded'}
[ 2023-08-24 17:25:05,041 ] 482 gensim.utils - INFO - loading Doc2Vec object from models/jd_models/resumes_model_epochs_lemmetized_80.model
[ 2023-08-24 17:25:05,044 ] 516 gensim.utils - INFO - loading dv recursively from models/jd_models/resumes_model_epochs_lemmetized_80.model.dv.* with mmap=None
[ 2023-08-24 17:25:05,044 ] 516 gensim.utils - INFO - loading wv recursively from models/jd_models/resumes_model_epochs_lemmetized_80.model.wv.* with mmap=None
[ 2023-08-24 17:25:05,044 ] 554 gensim.utils - INFO - setting ignored attribute cum_table to None
[ 2023-08-24 17:25:05,085 ] 448 gensim.utils - INFO - Doc2Vec lifecycle event {'fname': 'models/jd_models/resumes_model_epochs_lemmetized_80.model', 'datetime': '2023-08-24T17:25:05.085083', 'gensim': '4.3.1', 'python': '3.11.4 | packaged by Anaconda, Inc. | (main, Jul  5 2023, 13:47:18) [MSC v.1916 64 bit (AMD64)]', 'platform': 'Windows-10-10.0.22621-SP0', 'event': 'loaded'}
