[ 2023-08-23 10:52:49,066 ] 16 root - INFO - File computer_vision.pdf loaded successfully
[ 2023-08-23 10:52:49,066 ] 24 root - INFO - Files transformed succesfully
[ 2023-08-23 10:52:49,138 ] 16 root - INFO - File computer_vision.pdf loaded successfully
[ 2023-08-23 10:52:49,138 ] 24 root - INFO - Files transformed succesfully
[ 2023-08-23 10:52:49,139 ] 16 root - INFO - File CV_Amine_Gafsi.pdf loaded successfully
[ 2023-08-23 10:52:49,139 ] 24 root - INFO - Files transformed succesfully
[ 2023-08-23 10:52:49,140 ] 16 root - INFO - File computer_vision.pdf loaded successfully
[ 2023-08-23 10:52:49,141 ] 24 root - INFO - Files transformed succesfully
[ 2023-08-23 10:52:49,208 ] 16 root - INFO - File data_cv_test1.pdf loaded successfully
[ 2023-08-23 10:52:49,208 ] 24 root - INFO - Files transformed succesfully
[ 2023-08-23 10:52:49,209 ] 16 root - INFO - File CV_Amine_Gafsi.pdf loaded successfully
[ 2023-08-23 10:52:49,209 ] 24 root - INFO - Files transformed succesfully
[ 2023-08-23 10:52:49,211 ] 16 root - INFO - File CV_Amine_Gafsi.pdf loaded successfully
[ 2023-08-23 10:52:49,211 ] 24 root - INFO - Files transformed succesfully
[ 2023-08-23 10:52:49,223 ] 16 root - INFO - File computer_vision.pdf loaded successfully
[ 2023-08-23 10:52:49,224 ] 24 root - INFO - Files transformed succesfully
[ 2023-08-23 10:52:49,233 ] 16 root - INFO - File computer_vision.pdf loaded successfully
[ 2023-08-23 10:52:49,233 ] 24 root - INFO - Files transformed succesfully
[ 2023-08-23 10:52:49,247 ] 16 root - INFO - File laravel.pdf loaded successfully
[ 2023-08-23 10:52:49,247 ] 24 root - INFO - Files transformed succesfully
[ 2023-08-23 10:52:49,275 ] 16 root - INFO - File data_cv_test1.pdf loaded successfully
[ 2023-08-23 10:52:49,275 ] 24 root - INFO - Files transformed succesfully
[ 2023-08-23 10:52:49,281 ] 16 root - INFO - File data_cv_test1.pdf loaded successfully
[ 2023-08-23 10:52:49,281 ] 24 root - INFO - Files transformed succesfully
[ 2023-08-23 10:52:49,292 ] 16 root - INFO - File CV_Amine_Gafsi.pdf loaded successfully
[ 2023-08-23 10:52:49,292 ] 24 root - INFO - Files transformed succesfully
[ 2023-08-23 10:52:49,300 ] 16 root - INFO - File CV_Amine_Gafsi.pdf loaded successfully
[ 2023-08-23 10:52:49,301 ] 24 root - INFO - Files transformed succesfully
[ 2023-08-23 10:52:49,308 ] 16 root - INFO - File laravel.pdf loaded successfully
[ 2023-08-23 10:52:49,309 ] 24 root - INFO - Files transformed succesfully
[ 2023-08-23 10:52:49,313 ] 16 root - INFO - File laravel.pdf loaded successfully
[ 2023-08-23 10:52:49,313 ] 24 root - INFO - Files transformed succesfully
[ 2023-08-23 10:52:49,336 ] 16 root - INFO - File computer_vision.pdf loaded successfully
[ 2023-08-23 10:52:49,336 ] 24 root - INFO - Files transformed succesfully
[ 2023-08-23 10:52:49,347 ] 16 root - INFO - File react_native.pdf loaded successfully
[ 2023-08-23 10:52:49,347 ] 24 root - INFO - Files transformed succesfully
[ 2023-08-23 10:52:49,362 ] 16 root - INFO - File data_cv_test1.pdf loaded successfully
[ 2023-08-23 10:52:49,362 ] 24 root - INFO - Files transformed succesfully
[ 2023-08-23 10:52:49,362 ] 16 root - INFO - File data_cv_test1.pdf loaded successfully
[ 2023-08-23 10:52:49,362 ] 24 root - INFO - Files transformed succesfully
[ 2023-08-23 10:52:49,389 ] 16 root - INFO - File react_native.pdf loaded successfully
[ 2023-08-23 10:52:49,389 ] 24 root - INFO - Files transformed succesfully
[ 2023-08-23 10:52:49,393 ] 16 root - INFO - File react_native.pdf loaded successfully
[ 2023-08-23 10:52:49,394 ] 24 root - INFO - Files transformed succesfully
[ 2023-08-23 10:52:49,396 ] 16 root - INFO - File CV_Amine_Gafsi.pdf loaded successfully
[ 2023-08-23 10:52:49,396 ] 24 root - INFO - Files transformed succesfully
[ 2023-08-23 10:52:49,400 ] 16 root - INFO - File laravel.pdf loaded successfully
[ 2023-08-23 10:52:49,400 ] 24 root - INFO - Files transformed succesfully
[ 2023-08-23 10:52:49,401 ] 16 root - INFO - File laravel.pdf loaded successfully
[ 2023-08-23 10:52:49,402 ] 24 root - INFO - Files transformed succesfully
[ 2023-08-23 10:52:49,411 ] 16 root - INFO - File react_native2.pdf loaded successfully
[ 2023-08-23 10:52:49,411 ] 24 root - INFO - Files transformed succesfully
[ 2023-08-23 10:52:49,437 ] 16 root - INFO - File computer_vision.pdf loaded successfully
[ 2023-08-23 10:52:49,437 ] 24 root - INFO - Files transformed succesfully
[ 2023-08-23 10:52:49,486 ] 16 root - INFO - File react_native2.pdf loaded successfully
[ 2023-08-23 10:52:49,486 ] 24 root - INFO - Files transformed succesfully
[ 2023-08-23 10:52:49,488 ] 16 root - INFO - File computer_vision.pdf loaded successfully
[ 2023-08-23 10:52:49,489 ] 24 root - INFO - Files transformed succesfully
[ 2023-08-23 10:52:49,500 ] 16 root - INFO - File computer_vision.pdf loaded successfully
[ 2023-08-23 10:52:49,500 ] 24 root - INFO - Files transformed succesfully
[ 2023-08-23 10:52:49,506 ] 16 root - INFO - File react_native2.pdf loaded successfully
[ 2023-08-23 10:52:49,506 ] 24 root - INFO - Files transformed succesfully
[ 2023-08-23 10:52:49,510 ] 16 root - INFO - File react_native.pdf loaded successfully
[ 2023-08-23 10:52:49,510 ] 16 root - INFO - File react_native.pdf loaded successfully
[ 2023-08-23 10:52:49,510 ] 24 root - INFO - Files transformed succesfully
[ 2023-08-23 10:52:49,510 ] 24 root - INFO - Files transformed succesfully
[ 2023-08-23 10:52:49,510 ] 16 root - INFO - File react_native4.pdf loaded successfully
[ 2023-08-23 10:52:49,510 ] 24 root - INFO - Files transformed succesfully
[ 2023-08-23 10:52:49,538 ] 16 root - INFO - File data_cv_test1.pdf loaded successfully
[ 2023-08-23 10:52:49,538 ] 24 root - INFO - Files transformed succesfully
[ 2023-08-23 10:52:49,619 ] 16 root - INFO - File CV_Amine_Gafsi.pdf loaded successfully
[ 2023-08-23 10:52:49,619 ] 24 root - INFO - Files transformed succesfully
[ 2023-08-23 10:52:49,731 ] 16 root - INFO - File computer_vision.pdf loaded successfully
[ 2023-08-23 10:52:49,731 ] 24 root - INFO - Files transformed succesfully
[ 2023-08-23 10:52:49,872 ] 16 root - INFO - File laravel.pdf loaded successfully
[ 2023-08-23 10:52:49,872 ] 24 root - INFO - Files transformed succesfully
[ 2023-08-23 10:52:49,884 ] 16 root - INFO - File react_native4.pdf loaded successfully
[ 2023-08-23 10:52:49,884 ] 24 root - INFO - Files transformed succesfully
[ 2023-08-23 10:52:49,891 ] 16 root - INFO - File CV_Amine_Gafsi.pdf loaded successfully
[ 2023-08-23 10:52:49,892 ] 24 root - INFO - Files transformed succesfully
[ 2023-08-23 10:52:49,898 ] 16 root - INFO - File react_native2.pdf loaded successfully
[ 2023-08-23 10:52:49,898 ] 24 root - INFO - Files transformed succesfully
[ 2023-08-23 10:52:49,902 ] 16 root - INFO - File react_native2.pdf loaded successfully
[ 2023-08-23 10:52:49,903 ] 24 root - INFO - Files transformed succesfully
[ 2023-08-23 10:52:49,903 ] 16 root - INFO - File data_cv_test1.pdf loaded successfully
[ 2023-08-23 10:52:49,904 ] 24 root - INFO - Files transformed succesfully
[ 2023-08-23 10:52:49,905 ] 16 root - INFO - File react_native4.pdf loaded successfully
[ 2023-08-23 10:52:49,905 ] 24 root - INFO - Files transformed succesfully
[ 2023-08-23 10:52:49,910 ] 16 root - INFO - File CV_Amine_Gafsi.pdf loaded successfully
[ 2023-08-23 10:52:49,912 ] 24 root - INFO - Files transformed succesfully
[ 2023-08-23 10:52:49,936 ] 16 root - INFO - File CV_Amine_Gafsi.pdf loaded successfully
[ 2023-08-23 10:52:49,936 ] 24 root - INFO - Files transformed succesfully
[ 2023-08-23 10:52:49,939 ] 16 root - INFO - File computer_vision.pdf loaded successfully
[ 2023-08-23 10:52:49,939 ] 24 root - INFO - Files transformed succesfully
[ 2023-08-23 10:52:49,970 ] 16 root - INFO - File react_native.pdf loaded successfully
[ 2023-08-23 10:52:49,970 ] 24 root - INFO - Files transformed succesfully
[ 2023-08-23 10:52:49,975 ] 16 root - INFO - File data_cv_test1.pdf loaded successfully
[ 2023-08-23 10:52:49,975 ] 24 root - INFO - Files transformed succesfully
[ 2023-08-23 10:52:49,983 ] 16 root - INFO - File laravel.pdf loaded successfully
[ 2023-08-23 10:52:49,983 ] 24 root - INFO - Files transformed succesfully
[ 2023-08-23 10:52:49,999 ] 16 root - INFO - File data_cv_test1.pdf loaded successfully
[ 2023-08-23 10:52:49,999 ] 24 root - INFO - Files transformed succesfully
[ 2023-08-23 10:52:50,001 ] 16 root - INFO - File computer_vision.pdf loaded successfully
[ 2023-08-23 10:52:50,001 ] 24 root - INFO - Files transformed succesfully
[ 2023-08-23 10:52:50,004 ] 16 root - INFO - File react_native4.pdf loaded successfully
[ 2023-08-23 10:52:50,004 ] 24 root - INFO - Files transformed succesfully
[ 2023-08-23 10:52:50,008 ] 16 root - INFO - File data_cv_test1.pdf loaded successfully
[ 2023-08-23 10:52:50,008 ] 24 root - INFO - Files transformed succesfully
[ 2023-08-23 10:52:50,016 ] 16 root - INFO - File laravel.pdf loaded successfully
[ 2023-08-23 10:52:50,016 ] 24 root - INFO - Files transformed succesfully
[ 2023-08-23 10:52:50,016 ] 16 root - INFO - File CV_Amine_Gafsi.pdf loaded successfully
[ 2023-08-23 10:52:50,016 ] 24 root - INFO - Files transformed succesfully
[ 2023-08-23 10:52:50,029 ] 16 root - INFO - File react_native4.pdf loaded successfully
[ 2023-08-23 10:52:50,029 ] 24 root - INFO - Files transformed succesfully
[ 2023-08-23 10:52:50,030 ] 16 root - INFO - File laravel.pdf loaded successfully
[ 2023-08-23 10:52:50,031 ] 24 root - INFO - Files transformed succesfully
[ 2023-08-23 10:52:50,046 ] 16 root - INFO - File react_native2.pdf loaded successfully
[ 2023-08-23 10:52:50,046 ] 24 root - INFO - Files transformed succesfully
[ 2023-08-23 10:52:50,049 ] 16 root - INFO - File laravel.pdf loaded successfully
[ 2023-08-23 10:52:50,049 ] 24 root - INFO - Files transformed succesfully
[ 2023-08-23 10:52:50,064 ] 16 root - INFO - File react_native.pdf loaded successfully
[ 2023-08-23 10:52:50,064 ] 24 root - INFO - Files transformed succesfully
[ 2023-08-23 10:52:50,071 ] 16 root - INFO - File CV_Amine_Gafsi.pdf loaded successfully
[ 2023-08-23 10:52:50,071 ] 24 root - INFO - Files transformed succesfully
[ 2023-08-23 10:52:50,092 ] 16 root - INFO - File data_cv_test1.pdf loaded successfully
[ 2023-08-23 10:52:50,092 ] 24 root - INFO - Files transformed succesfully
[ 2023-08-23 10:52:50,095 ] 16 root - INFO - File react_native.pdf loaded successfully
[ 2023-08-23 10:52:50,095 ] 24 root - INFO - Files transformed succesfully
[ 2023-08-23 10:52:50,100 ] 16 root - INFO - File react_native.pdf loaded successfully
[ 2023-08-23 10:52:50,100 ] 24 root - INFO - Files transformed succesfully
[ 2023-08-23 10:52:50,111 ] 16 root - INFO - File react_native4.pdf loaded successfully
[ 2023-08-23 10:52:50,111 ] 24 root - INFO - Files transformed succesfully
[ 2023-08-23 10:52:50,112 ] 16 root - INFO - File react_native.pdf loaded successfully
[ 2023-08-23 10:52:50,114 ] 24 root - INFO - Files transformed succesfully
[ 2023-08-23 10:52:50,127 ] 16 root - INFO - File laravel.pdf loaded successfully
[ 2023-08-23 10:52:50,127 ] 24 root - INFO - Files transformed succesfully
[ 2023-08-23 10:52:50,149 ] 16 root - INFO - File react_native2.pdf loaded successfully
[ 2023-08-23 10:52:50,149 ] 24 root - INFO - Files transformed succesfully
[ 2023-08-23 10:52:50,152 ] 16 root - INFO - File data_cv_test1.pdf loaded successfully
[ 2023-08-23 10:52:50,152 ] 24 root - INFO - Files transformed succesfully
[ 2023-08-23 10:52:50,177 ] 16 root - INFO - File react_native2.pdf loaded successfully
[ 2023-08-23 10:52:50,177 ] 24 root - INFO - Files transformed succesfully
[ 2023-08-23 10:52:50,180 ] 16 root - INFO - File react_native2.pdf loaded successfully
[ 2023-08-23 10:52:50,180 ] 24 root - INFO - Files transformed succesfully
[ 2023-08-23 10:52:50,185 ] 16 root - INFO - File react_native2.pdf loaded successfully
[ 2023-08-23 10:52:50,186 ] 24 root - INFO - Files transformed succesfully
[ 2023-08-23 10:52:50,186 ] 16 root - INFO - File laravel.pdf loaded successfully
[ 2023-08-23 10:52:50,187 ] 24 root - INFO - Files transformed succesfully
[ 2023-08-23 10:52:50,201 ] 16 root - INFO - File react_native.pdf loaded successfully
[ 2023-08-23 10:52:50,202 ] 24 root - INFO - Files transformed succesfully
[ 2023-08-23 10:52:50,358 ] 16 root - INFO - File react_native4.pdf loaded successfully
[ 2023-08-23 10:52:50,358 ] 24 root - INFO - Files transformed succesfully
[ 2023-08-23 10:52:50,446 ] 16 root - INFO - File react_native4.pdf loaded successfully
[ 2023-08-23 10:52:50,446 ] 24 root - INFO - Files transformed succesfully
[ 2023-08-23 10:52:50,450 ] 16 root - INFO - File react_native2.pdf loaded successfully
[ 2023-08-23 10:52:50,450 ] 24 root - INFO - Files transformed succesfully
[ 2023-08-23 10:52:50,451 ] 16 root - INFO - File react_native4.pdf loaded successfully
[ 2023-08-23 10:52:50,451 ] 24 root - INFO - Files transformed succesfully
[ 2023-08-23 10:52:50,458 ] 16 root - INFO - File react_native.pdf loaded successfully
[ 2023-08-23 10:52:50,458 ] 24 root - INFO - Files transformed succesfully
[ 2023-08-23 10:52:50,461 ] 16 root - INFO - File react_native4.pdf loaded successfully
[ 2023-08-23 10:52:50,462 ] 24 root - INFO - Files transformed succesfully
[ 2023-08-23 10:52:50,538 ] 16 root - INFO - File react_native4.pdf loaded successfully
[ 2023-08-23 10:52:50,538 ] 24 root - INFO - Files transformed succesfully
[ 2023-08-23 10:52:50,543 ] 16 root - INFO - File react_native2.pdf loaded successfully
[ 2023-08-23 10:52:50,543 ] 24 root - INFO - Files transformed succesfully
[ 2023-08-23 10:52:50,555 ] 16 root - INFO - File computer_vision.pdf loaded successfully
[ 2023-08-23 10:52:50,556 ] 24 root - INFO - Files transformed succesfully
 successfully
[ 2023-08-23 10:52:50,556 ] 24 root - INFO - Files transformed succesfully
[ 2023-08-23 10:52:50,639 ] 16 root - INFO - File react_native4.pdf loaded successfully
[ 2023-08-23 10:52:50,639 ] 24 root - INFO - Files transformed succesfully
[ 2023-08-23 10:52:50,652 ] 16 root - INFO - File CV_Amine_Gafsi.pdf loaded successfully
[ 2023-08-23 10:52:50,653 ] 24 root - INFO - Files transformed succesfully
[ 2023-08-23 10:52:50,654 ] 16 root - INFO - File CV_Amine_Gafsi.pdf loaded successfully
[ 2023-08-23 10:52:50,654 ] 24 root - INFO - Files transformed succesfully
[ 2023-08-23 10:52:50,724 ] 16 root - INFO - File data_cv_test1.pdf loaded successfully
[ 2023-08-23 10:52:50,725 ] 24 root - INFO - Files transformed succesfully
[ 2023-08-23 10:52:50,725 ] 16 root - INFO - File data_cv_test1.pdf loaded successfully
[ 2023-08-23 10:52:50,725 ] 24 root - INFO - Files transformed succesfully
[ 2023-08-23 10:52:50,726 ] 16 root - INFO - File computer_vision.pdf loaded successfully
[ 2023-08-23 10:52:50,726 ] 24 root - INFO - Files transformed succesfully
[ 2023-08-23 10:52:50,763 ] 16 root - INFO - File laravel.pdf loaded successfully
[ 2023-08-23 10:52:50,763 ] 16 root - INFO - File laravel.pdf loaded successfully
[ 2023-08-23 10:52:50,763 ] 24 root - INFO - Files transformed succesfully
[ 2023-08-23 10:52:50,778 ] 16 root - INFO - File computer_vision.pdf loaded successfully
[ 2023-08-23 10:52:50,778 ] 24 root - INFO - Files transformed succesfully
[ 2023-08-23 10:52:50,787 ] 16 root - INFO - File CV_Amine_Gafsi.pdf loaded successfully
[ 2023-08-23 10:52:50,787 ] 24 root - INFO - Files transformed succesfully
[ 2023-08-23 10:52:50,840 ] 16 root - INFO - File CV_Amine_Gafsi.pdf loaded successfully
[ 2023-08-23 10:52:50,841 ] 24 root - INFO - Files transformed succesfully
[ 2023-08-23 10:52:50,843 ] 16 root - INFO - File react_native.pdf loaded successfully
[ 2023-08-23 10:52:50,843 ] 24 root - INFO - Files transformed succesfully
[ 2023-08-23 10:52:50,844 ] 16 root - INFO - File react_native.pdf loaded successfully
[ 2023-08-23 10:52:50,845 ] 24 root - INFO - Files transformed succesfully
[ 2023-08-23 10:52:50,845 ] 16 root - INFO - File data_cv_test1.pdf loaded successfully
[ 2023-08-23 10:52:50,845 ] 24 root - INFO - Files transformed succesfully
[ 2023-08-23 10:52:50,871 ] 16 root - INFO - File laravel.pdf loaded successfully
[ 2023-08-23 10:52:50,871 ] 24 root - INFO - Files transformed succesfully
[ 2023-08-23 10:52:50,894 ] 16 root - INFO - File react_native2.pdf loaded successfully
[ 2023-08-23 10:52:50,894 ] 24 root - INFO - Files transformed succesfully
[ 2023-08-23 10:52:50,895 ] 16 root - INFO - File react_native2.pdf loaded successfully
[ 2023-08-23 10:52:50,895 ] 24 root - INFO - Files transformed succesfully
[ 2023-08-23 10:52:50,899 ] 16 root - INFO - File data_cv_test1.pdf loaded successfully
[ 2023-08-23 10:52:50,899 ] 24 root - INFO - Files transformed succesfully
[ 2023-08-23 10:52:50,924 ] 16 root - INFO - File laravel.pdf loaded successfully
[ 2023-08-23 10:52:50,925 ] 24 root - INFO - Files transformed succesfully
[ 2023-08-23 10:52:50,927 ] 16 root - INFO - File react_native.pdf loaded successfully
[ 2023-08-23 10:52:50,927 ] 24 root - INFO - Files transformed succesfully
[ 2023-08-23 10:52:50,947 ] 16 root - INFO - File react_native4.pdf loaded successfully
[ 2023-08-23 10:52:50,947 ] 24 root - INFO - Files transformed succesfully
[ 2023-08-23 10:52:50,956 ] 16 root - INFO - File react_native4.pdf loaded successfully
[ 2023-08-23 10:52:50,956 ] 24 root - INFO - Files transformed succesfully
[ 2023-08-23 10:52:50,974 ] 16 root - INFO - File react_native2.pdf loaded successfully
[ 2023-08-23 10:52:50,974 ] 24 root - INFO - Files transformed succesfully
[ 2023-08-23 10:52:50,980 ] 16 root - INFO - File react_native.pdf loaded successfully
[ 2023-08-23 10:52:50,980 ] 24 root - INFO - Files transformed succesfully
[ 2023-08-23 10:52:51,028 ] 16 root - INFO - File react_native2.pdf loaded successfully
[ 2023-08-23 10:52:51,028 ] 24 root - INFO - Files transformed succesfully
[ 2023-08-23 10:52:51,035 ] 16 root - INFO - File react_native4.pdf loaded successfully
[ 2023-08-23 10:52:51,035 ] 24 root - INFO - Files transformed succesfully
[ 2023-08-23 10:52:51,082 ] 16 root - INFO - File react_native4.pdf loaded successfully
[ 2023-08-23 10:52:51,082 ] 24 root - INFO - Files transformed succesfully
