[ 2023-08-16 15:39:33,239 ] 16 root - INFO - File CV_Amine_Gafsi.pdf loaded successfully
[ 2023-08-16 15:39:33,241 ] 24 root - INFO - Files transformed succesfully
[ 2023-08-16 15:39:33,276 ] 16 root - INFO - File laravel.pdf loaded successfully
[ 2023-08-16 15:39:33,276 ] 24 root - INFO - Files transformed succesfully
[ 2023-08-16 15:39:33,317 ] 16 root - INFO - File rayen.pdf loaded successfully
[ 2023-08-16 15:39:33,317 ] 24 root - INFO - Files transformed succesfully
[ 2023-08-16 15:39:33,365 ] 16 root - INFO - File react3.pdf loaded successfully
[ 2023-08-16 15:39:33,365 ] 24 root - INFO - Files transformed succesfully
[ 2023-08-16 15:39:33,397 ] 16 root - INFO - File react_native.pdf loaded successfully
[ 2023-08-16 15:39:33,397 ] 24 root - INFO - Files transformed succesfully
[ 2023-08-16 15:39:33,426 ] 16 root - INFO - File react_native2.pdf loaded successfully
[ 2023-08-16 15:39:33,426 ] 24 root - INFO - Files transformed succesfully
[ 2023-08-16 15:39:33,475 ] 16 root - INFO - File react_native4.pdf loaded successfully
[ 2023-08-16 15:39:33,475 ] 24 root - INFO - Files transformed succesfully
[ 2023-08-16 15:39:33,512 ] 16 root - INFO - File scrum_master.pdf loaded successfully
[ 2023-08-16 15:39:33,512 ] 24 root - INFO - Files transformed succesfully
[ 2023-08-16 15:39:41,304 ] 482 gensim.utils - INFO - loading Doc2Vec object from doc2vec_model_epochs_80.model
[ 2023-08-16 15:39:41,326 ] 516 gensim.utils - INFO - loading dv recursively from doc2vec_model_epochs_80.model.dv.* with mmap=None
[ 2023-08-16 15:39:41,326 ] 516 gensim.utils - INFO - loading wv recursively from doc2vec_model_epochs_80.model.wv.* with mmap=None
[ 2023-08-16 15:39:41,326 ] 554 gensim.utils - INFO - setting ignored attribute cum_table to None
[ 2023-08-16 15:39:41,525 ] 448 gensim.utils - INFO - Doc2Vec lifecycle event {'fname': 'doc2vec_model_epochs_80.model', 'datetime': '2023-08-16T15:39:41.505846', 'gensim': '4.3.1', 'python': '3.11.4 | packaged by Anaconda, Inc. | (main, Jul  5 2023, 13:47:18) [MSC v.1916 64 bit (AMD64)]', 'platform': 'Windows-10-10.0.22621-SP0', 'event': 'loaded'}
[ 2023-08-16 15:39:41,525 ] 482 gensim.utils - INFO - loading Doc2Vec object from doc2vec_model_epochs_100.model
[ 2023-08-16 15:39:41,554 ] 516 gensim.utils - INFO - loading dv recursively from doc2vec_model_epochs_100.model.dv.* with mmap=None
[ 2023-08-16 15:39:41,555 ] 516 gensim.utils - INFO - loading wv recursively from doc2vec_model_epochs_100.model.wv.* with mmap=None
[ 2023-08-16 15:39:41,555 ] 554 gensim.utils - INFO - setting ignored attribute cum_table to None
[ 2023-08-16 15:39:41,737 ] 448 gensim.utils - INFO - Doc2Vec lifecycle event {'fname': 'doc2vec_model_epochs_100.model', 'datetime': '2023-08-16T15:39:41.737342', 'gensim': '4.3.1', 'python': '3.11.4 | packaged by Anaconda, Inc. | (main, Jul  5 2023, 13:47:18) [MSC v.1916 64 bit (AMD64)]', 'platform': 'Windows-10-10.0.22621-SP0', 'event': 'loaded'}
[ 2023-08-16 15:39:41,737 ] 482 gensim.utils - INFO - loading Doc2Vec object from doc2vec_model_epochs_150.model
[ 2023-08-16 15:39:41,755 ] 516 gensim.utils - INFO - loading dv recursively from doc2vec_model_epochs_150.model.dv.* with mmap=None
[ 2023-08-16 15:39:41,755 ] 516 gensim.utils - INFO - loading wv recursively from doc2vec_model_epochs_150.model.wv.* with mmap=None
[ 2023-08-16 15:39:41,755 ] 554 gensim.utils - INFO - setting ignored attribute cum_table to None
[ 2023-08-16 15:39:41,911 ] 448 gensim.utils - INFO - Doc2Vec lifecycle event {'fname': 'doc2vec_model_epochs_150.model', 'datetime': '2023-08-16T15:39:41.911602', 'gensim': '4.3.1', 'python': '3.11.4 | packaged by Anaconda, Inc. | (main, Jul  5 2023, 13:47:18) [MSC v.1916 64 bit (AMD64)]', 'platform': 'Windows-10-10.0.22621-SP0', 'event': 'loaded'}
[ 2023-08-16 15:39:41,912 ] 482 gensim.utils - INFO - loading Doc2Vec object from doc2vec_model_epochs_40.model
[ 2023-08-16 15:39:41,932 ] 516 gensim.utils - INFO - loading dv recursively from doc2vec_model_epochs_40.model.dv.* with mmap=None
[ 2023-08-16 15:39:41,933 ] 516 gensim.utils - INFO - loading wv recursively from doc2vec_model_epochs_40.model.wv.* with mmap=None
[ 2023-08-16 15:39:41,933 ] 554 gensim.utils - INFO - setting ignored attribute cum_table to None
[ 2023-08-16 15:39:42,093 ] 448 gensim.utils - INFO - Doc2Vec lifecycle event {'fname': 'doc2vec_model_epochs_40.model', 'datetime': '2023-08-16T15:39:42.093750', 'gensim': '4.3.1', 'python': '3.11.4 | packaged by Anaconda, Inc. | (main, Jul  5 2023, 13:47:18) [MSC v.1916 64 bit (AMD64)]', 'platform': 'Windows-10-10.0.22621-SP0', 'event': 'loaded'}
[ 2023-08-16 15:39:42,093 ] 482 gensim.utils - INFO - loading Doc2Vec object from resumes_model_epochs_lemmetized_80.model
[ 2023-08-16 15:39:42,099 ] 516 gensim.utils - INFO - loading dv recursively from resumes_model_epochs_lemmetized_80.model.dv.* with mmap=None
[ 2023-08-16 15:39:42,099 ] 516 gensim.utils - INFO - loading wv recursively from resumes_model_epochs_lemmetized_80.model.wv.* with mmap=None
[ 2023-08-16 15:39:42,099 ] 554 gensim.utils - INFO - setting ignored attribute cum_table to None
[ 2023-08-16 15:39:42,148 ] 448 gensim.utils - INFO - Doc2Vec lifecycle event {'fname': 'resumes_model_epochs_lemmetized_80.model', 'datetime': '2023-08-16T15:39:42.148511', 'gensim': '4.3.1', 'python': '3.11.4 | packaged by Anaconda, Inc. | (main, Jul  5 2023, 13:47:18) [MSC v.1916 64 bit (AMD64)]', 'platform': 'Windows-10-10.0.22621-SP0', 'event': 'loaded'}
[ 2023-08-16 15:39:42,148 ] 482 gensim.utils - INFO - loading Doc2Vec object from resumes_model_epochs_lemmetized_100.model
[ 2023-08-16 15:39:42,155 ] 516 gensim.utils - INFO - loading dv recursively from resumes_model_epochs_lemmetized_100.model.dv.* with mmap=None
[ 2023-08-16 15:39:42,156 ] 516 gensim.utils - INFO - loading wv recursively from resumes_model_epochs_lemmetized_100.model.wv.* with mmap=None
[ 2023-08-16 15:39:42,156 ] 554 gensim.utils - INFO - setting ignored attribute cum_table to None
[ 2023-08-16 15:39:42,204 ] 448 gensim.utils - INFO - Doc2Vec lifecycle event {'fname': 'resumes_model_epochs_lemmetized_100.model', 'datetime': '2023-08-16T15:39:42.204941', 'gensim': '4.3.1', 'python': '3.11.4 | packaged by Anaconda, Inc. | (main, Jul  5 2023, 13:47:18) [MSC v.1916 64 bit (AMD64)]', 'platform': 'Windows-10-10.0.22621-SP0', 'event': 'loaded'}
[ 2023-08-16 15:39:42,204 ] 482 gensim.utils - INFO - loading Doc2Vec object from resumes_model_epochs_lemmetized_150.model
[ 2023-08-16 15:39:42,211 ] 516 gensim.utils - INFO - loading dv recursively from resumes_model_epochs_lemmetized_150.model.dv.* with mmap=None
[ 2023-08-16 15:39:42,211 ] 516 gensim.utils - INFO - loading wv recursively from resumes_model_epochs_lemmetized_150.model.wv.* with mmap=None
[ 2023-08-16 15:39:42,211 ] 554 gensim.utils - INFO - setting ignored attribute cum_table to None
[ 2023-08-16 15:39:42,259 ] 448 gensim.utils - INFO - Doc2Vec lifecycle event {'fname': 'resumes_model_epochs_lemmetized_150.model', 'datetime': '2023-08-16T15:39:42.259668', 'gensim': '4.3.1', 'python': '3.11.4 | packaged by Anaconda, Inc. | (main, Jul  5 2023, 13:47:18) [MSC v.1916 64 bit (AMD64)]', 'platform': 'Windows-10-10.0.22621-SP0', 'event': 'loaded'}
[ 2023-08-16 15:42:35,492 ] 176 root - ERROR - Error while Extracting the skillls: '=' is not in list
