[ 2023-08-24 16:21:55,766 ] 482 gensim.utils - INFO - loading Doc2Vec object from models/resume_models/resumes_model_epochs_lemmetized_150.model
[ 2023-08-24 16:21:55,769 ] 516 gensim.utils - INFO - loading dv recursively from models/resume_models/resumes_model_epochs_lemmetized_150.model.dv.* with mmap=None
[ 2023-08-24 16:21:55,770 ] 516 gensim.utils - INFO - loading wv recursively from models/resume_models/resumes_model_epochs_lemmetized_150.model.wv.* with mmap=None
[ 2023-08-24 16:21:55,770 ] 554 gensim.utils - INFO - setting ignored attribute cum_table to None
[ 2023-08-24 16:21:55,833 ] 448 gensim.utils - INFO - Doc2Vec lifecycle event {'fname': 'models/resume_models/resumes_model_epochs_lemmetized_150.model', 'datetime': '2023-08-24T16:21:55.818229', 'gensim': '4.3.1', 'python': '3.11.4 | packaged by Anaconda, Inc. | (main, Jul  5 2023, 13:47:18) [MSC v.1916 64 bit (AMD64)]', 'platform': 'Windows-10-10.0.22621-SP0', 'event': 'loaded'}
[ 2023-08-24 16:21:55,860 ] 482 gensim.utils - INFO - loading Doc2Vec object from models/resume_models/resumes_model_epochs_lemmetized_80.model
[ 2023-08-24 16:21:55,873 ] 516 gensim.utils - INFO - loading dv recursively from models/resume_models/resumes_model_epochs_lemmetized_80.model.dv.* with mmap=None
[ 2023-08-24 16:21:55,874 ] 516 gensim.utils - INFO - loading wv recursively from models/resume_models/resumes_model_epochs_lemmetized_80.model.wv.* with mmap=None
[ 2023-08-24 16:21:55,874 ] 554 gensim.utils - INFO - setting ignored attribute cum_table to None
[ 2023-08-24 16:21:55,928 ] 448 gensim.utils - INFO - Doc2Vec lifecycle event {'fname': 'models/resume_models/resumes_model_epochs_lemmetized_80.model', 'datetime': '2023-08-24T16:21:55.928848', 'gensim': '4.3.1', 'python': '3.11.4 | packaged by Anaconda, Inc. | (main, Jul  5 2023, 13:47:18) [MSC v.1916 64 bit (AMD64)]', 'platform': 'Windows-10-10.0.22621-SP0', 'event': 'loaded'}
[ 2023-08-24 16:21:55,933 ] 482 gensim.utils - INFO - loading Doc2Vec object from models/resume_models/resumes_model_epochs_lemmetized_150.model
[ 2023-08-24 16:21:55,936 ] 516 gensim.utils - INFO - loading dv recursively from models/resume_models/resumes_model_epochs_lemmetized_150.model.dv.* with mmap=None
[ 2023-08-24 16:21:55,936 ] 516 gensim.utils - INFO - loading wv recursively from models/resume_models/resumes_model_epochs_lemmetized_150.model.wv.* with mmap=None
[ 2023-08-24 16:21:55,936 ] 554 gensim.utils - INFO - setting ignored attribute cum_table to None
[ 2023-08-24 16:21:55,993 ] 448 gensim.utils - INFO - Doc2Vec lifecycle event {'fname': 'models/resume_models/resumes_model_epochs_lemmetized_150.model', 'datetime': '2023-08-24T16:21:55.993553', 'gensim': '4.3.1', 'python': '3.11.4 | packaged by Anaconda, Inc. | (main, Jul  5 2023, 13:47:18) [MSC v.1916 64 bit (AMD64)]', 'platform': 'Windows-10-10.0.22621-SP0', 'event': 'loaded'}
[ 2023-08-24 16:21:55,994 ] 482 gensim.utils - INFO - loading Doc2Vec object from models/resume_models/resumes_model_epochs_lemmetized_80.model
[ 2023-08-24 16:21:55,999 ] 516 gensim.utils - INFO - loading dv recursively from models/resume_models/resumes_model_epochs_lemmetized_80.model.dv.* with mmap=None
[ 2023-08-24 16:21:55,999 ] 516 gensim.utils - INFO - loading wv recursively from models/resume_models/resumes_model_epochs_lemmetized_80.model.wv.* with mmap=None
[ 2023-08-24 16:21:55,999 ] 554 gensim.utils - INFO - setting ignored attribute cum_table to None
[ 2023-08-24 16:21:56,052 ] 448 gensim.utils - INFO - Doc2Vec lifecycle event {'fname': 'models/resume_models/resumes_model_epochs_lemmetized_80.model', 'datetime': '2023-08-24T16:21:56.052775', 'gensim': '4.3.1', 'python': '3.11.4 | packaged by Anaconda, Inc. | (main, Jul  5 2023, 13:47:18) [MSC v.1916 64 bit (AMD64)]', 'platform': 'Windows-10-10.0.22621-SP0', 'event': 'loaded'}
