[ 2023-08-16 15:17:25,935 ] 16 root - INFO - File CV_Amine_Gafsi.pdf loaded successfully
[ 2023-08-16 15:17:25,935 ] 24 root - INFO - Files transformed succesfully
[ 2023-08-16 15:17:25,956 ] 16 root - INFO - File laravel.pdf loaded successfully
[ 2023-08-16 15:17:25,956 ] 24 root - INFO - Files transformed succesfully
[ 2023-08-16 15:17:26,004 ] 16 root - INFO - File rayen.pdf loaded successfully
[ 2023-08-16 15:17:26,004 ] 24 root - INFO - Files transformed succesfully
[ 2023-08-16 15:17:26,051 ] 16 root - INFO - File react3.pdf loaded successfully
[ 2023-08-16 15:17:26,051 ] 24 root - INFO - Files transformed succesfully
[ 2023-08-16 15:17:26,092 ] 16 root - INFO - File react_native.pdf loaded successfully
[ 2023-08-16 15:17:26,092 ] 24 root - INFO - Files transformed succesfully
[ 2023-08-16 15:17:26,139 ] 16 root - INFO - File react_native2.pdf loaded successfully
[ 2023-08-16 15:17:26,139 ] 24 root - INFO - Files transformed succesfully
[ 2023-08-16 15:17:26,216 ] 16 root - INFO - File react_native4.pdf loaded successfully
[ 2023-08-16 15:17:26,216 ] 24 root - INFO - Files transformed succesfully
[ 2023-08-16 15:17:26,252 ] 16 root - INFO - File scrum_master.pdf loaded successfully
[ 2023-08-16 15:17:26,252 ] 24 root - INFO - Files transformed succesfully
[ 2023-08-16 15:17:31,828 ] 482 gensim.utils - INFO - loading Doc2Vec object from doc2vec_model_epochs_80.model
[ 2023-08-16 15:17:31,838 ] 516 gensim.utils - INFO - loading dv recursively from doc2vec_model_epochs_80.model.dv.* with mmap=None
[ 2023-08-16 15:17:31,838 ] 516 gensim.utils - INFO - loading wv recursively from doc2vec_model_epochs_80.model.wv.* with mmap=None
[ 2023-08-16 15:17:31,838 ] 554 gensim.utils - INFO - setting ignored attribute cum_table to None
[ 2023-08-16 15:17:31,983 ] 448 gensim.utils - INFO - Doc2Vec lifecycle event {'fname': 'doc2vec_model_epochs_80.model', 'datetime': '2023-08-16T15:17:31.969974', 'gensim': '4.3.1', 'python': '3.11.4 | packaged by Anaconda, Inc. | (main, Jul  5 2023, 13:47:18) [MSC v.1916 64 bit (AMD64)]', 'platform': 'Windows-10-10.0.22621-SP0', 'event': 'loaded'}
[ 2023-08-16 15:17:31,984 ] 482 gensim.utils - INFO - loading Doc2Vec object from doc2vec_model_epochs_100.model
[ 2023-08-16 15:17:32,003 ] 516 gensim.utils - INFO - loading dv recursively from doc2vec_model_epochs_100.model.dv.* with mmap=None
[ 2023-08-16 15:17:32,003 ] 516 gensim.utils - INFO - loading wv recursively from doc2vec_model_epochs_100.model.wv.* with mmap=None
[ 2023-08-16 15:17:32,003 ] 554 gensim.utils - INFO - setting ignored attribute cum_table to None
[ 2023-08-16 15:17:32,189 ] 448 gensim.utils - INFO - Doc2Vec lifecycle event {'fname': 'doc2vec_model_epochs_100.model', 'datetime': '2023-08-16T15:17:32.189921', 'gensim': '4.3.1', 'python': '3.11.4 | packaged by Anaconda, Inc. | (main, Jul  5 2023, 13:47:18) [MSC v.1916 64 bit (AMD64)]', 'platform': 'Windows-10-10.0.22621-SP0', 'event': 'loaded'}
[ 2023-08-16 15:17:32,189 ] 482 gensim.utils - INFO - loading Doc2Vec object from doc2vec_model_epochs_150.model
[ 2023-08-16 15:17:32,212 ] 516 gensim.utils - INFO - loading dv recursively from doc2vec_model_epochs_150.model.dv.* with mmap=None
[ 2023-08-16 15:17:32,212 ] 516 gensim.utils - INFO - loading wv recursively from doc2vec_model_epochs_150.model.wv.* with mmap=None
[ 2023-08-16 15:17:32,212 ] 554 gensim.utils - INFO - setting ignored attribute cum_table to None
[ 2023-08-16 15:17:32,368 ] 448 gensim.utils - INFO - Doc2Vec lifecycle event {'fname': 'doc2vec_model_epochs_150.model', 'datetime': '2023-08-16T15:17:32.368023', 'gensim': '4.3.1', 'python': '3.11.4 | packaged by Anaconda, Inc. | (main, Jul  5 2023, 13:47:18) [MSC v.1916 64 bit (AMD64)]', 'platform': 'Windows-10-10.0.22621-SP0', 'event': 'loaded'}
[ 2023-08-16 15:17:32,369 ] 482 gensim.utils - INFO - loading Doc2Vec object from doc2vec_model_epochs_40.model
[ 2023-08-16 15:17:32,382 ] 516 gensim.utils - INFO - loading dv recursively from doc2vec_model_epochs_40.model.dv.* with mmap=None
[ 2023-08-16 15:17:32,383 ] 516 gensim.utils - INFO - loading wv recursively from doc2vec_model_epochs_40.model.wv.* with mmap=None
[ 2023-08-16 15:17:32,383 ] 554 gensim.utils - INFO - setting ignored attribute cum_table to None
[ 2023-08-16 15:17:32,539 ] 448 gensim.utils - INFO - Doc2Vec lifecycle event {'fname': 'doc2vec_model_epochs_40.model', 'datetime': '2023-08-16T15:17:32.539822', 'gensim': '4.3.1', 'python': '3.11.4 | packaged by Anaconda, Inc. | (main, Jul  5 2023, 13:47:18) [MSC v.1916 64 bit (AMD64)]', 'platform': 'Windows-10-10.0.22621-SP0', 'event': 'loaded'}
[ 2023-08-16 15:17:32,539 ] 482 gensim.utils - INFO - loading Doc2Vec object from resumes_model_epochs_lemmetized_80.model
[ 2023-08-16 15:17:32,547 ] 516 gensim.utils - INFO - loading dv recursively from resumes_model_epochs_lemmetized_80.model.dv.* with mmap=None
[ 2023-08-16 15:17:32,548 ] 516 gensim.utils - INFO - loading wv recursively from resumes_model_epochs_lemmetized_80.model.wv.* with mmap=None
[ 2023-08-16 15:17:32,549 ] 554 gensim.utils - INFO - setting ignored attribute cum_table to None
[ 2023-08-16 15:17:32,602 ] 448 gensim.utils - INFO - Doc2Vec lifecycle event {'fname': 'resumes_model_epochs_lemmetized_80.model', 'datetime': '2023-08-16T15:17:32.602767', 'gensim': '4.3.1', 'python': '3.11.4 | packaged by Anaconda, Inc. | (main, Jul  5 2023, 13:47:18) [MSC v.1916 64 bit (AMD64)]', 'platform': 'Windows-10-10.0.22621-SP0', 'event': 'loaded'}
[ 2023-08-16 15:17:32,602 ] 482 gensim.utils - INFO - loading Doc2Vec object from resumes_model_epochs_lemmetized_100.model
[ 2023-08-16 15:17:32,607 ] 516 gensim.utils - INFO - loading dv recursively from resumes_model_epochs_lemmetized_100.model.dv.* with mmap=None
[ 2023-08-16 15:17:32,607 ] 516 gensim.utils - INFO - loading wv recursively from resumes_model_epochs_lemmetized_100.model.wv.* with mmap=None
[ 2023-08-16 15:17:32,607 ] 554 gensim.utils - INFO - setting ignored attribute cum_table to None
[ 2023-08-16 15:17:32,649 ] 448 gensim.utils - INFO - Doc2Vec lifecycle event {'fname': 'resumes_model_epochs_lemmetized_100.model', 'datetime': '2023-08-16T15:17:32.649694', 'gensim': '4.3.1', 'python': '3.11.4 | packaged by Anaconda, Inc. | (main, Jul  5 2023, 13:47:18) [MSC v.1916 64 bit (AMD64)]', 'platform': 'Windows-10-10.0.22621-SP0', 'event': 'loaded'}
[ 2023-08-16 15:17:32,649 ] 482 gensim.utils - INFO - loading Doc2Vec object from resumes_model_epochs_lemmetized_150.model
[ 2023-08-16 15:17:32,655 ] 516 gensim.utils - INFO - loading dv recursively from resumes_model_epochs_lemmetized_150.model.dv.* with mmap=None
[ 2023-08-16 15:17:32,655 ] 516 gensim.utils - INFO - loading wv recursively from resumes_model_epochs_lemmetized_150.model.wv.* with mmap=None
[ 2023-08-16 15:17:32,655 ] 554 gensim.utils - INFO - setting ignored attribute cum_table to None
[ 2023-08-16 15:17:32,701 ] 448 gensim.utils - INFO - Doc2Vec lifecycle event {'fname': 'resumes_model_epochs_lemmetized_150.model', 'datetime': '2023-08-16T15:17:32.701827', 'gensim': '4.3.1', 'python': '3.11.4 | packaged by Anaconda, Inc. | (main, Jul  5 2023, 13:47:18) [MSC v.1916 64 bit (AMD64)]', 'platform': 'Windows-10-10.0.22621-SP0', 'event': 'loaded'}
