[ 2023-08-22 17:12:21,026 ] 16 root - INFO - File computer_vision.pdf loaded successfully
[ 2023-08-22 17:12:21,026 ] 24 root - INFO - Files transformed succesfully
[ 2023-08-22 17:12:21,078 ] 16 root - INFO - File CV_Amine_Gafsi.pdf loaded successfully
[ 2023-08-22 17:12:21,078 ] 24 root - INFO - Files transformed succesfully
[ 2023-08-22 17:12:21,105 ] 16 root - INFO - File data_cv_test1.pdf loaded successfully
[ 2023-08-22 17:12:21,105 ] 24 root - INFO - Files transformed succesfully
[ 2023-08-22 17:12:21,146 ] 16 root - INFO - File laravel.pdf loaded successfully
[ 2023-08-22 17:12:21,146 ] 24 root - INFO - Files transformed succesfully
[ 2023-08-22 17:12:21,206 ] 16 root - INFO - File react_native.pdf loaded successfully
[ 2023-08-22 17:12:21,206 ] 24 root - INFO - Files transformed succesfully
[ 2023-08-22 17:12:21,234 ] 16 root - INFO - File react_native2.pdf loaded successfully
[ 2023-08-22 17:12:21,234 ] 24 root - INFO - Files transformed succesfully
[ 2023-08-22 17:12:21,277 ] 16 root - INFO - File react_native4.pdf loaded successfully
[ 2023-08-22 17:12:21,278 ] 24 root - INFO - Files transformed succesfully
[ 2023-08-22 17:12:26,392 ] 16 root - INFO - File computer_vision.pdf loaded successfully
[ 2023-08-22 17:12:26,392 ] 24 root - INFO - Files transformed succesfully
[ 2023-08-22 17:12:26,449 ] 16 root - INFO - File CV_Amine_Gafsi.pdf loaded successfully
[ 2023-08-22 17:12:26,449 ] 24 root - INFO - Files transformed succesfully
[ 2023-08-22 17:12:26,475 ] 16 root - INFO - File data_cv_test1.pdf loaded successfully
[ 2023-08-22 17:12:26,475 ] 24 root - INFO - Files transformed succesfully
[ 2023-08-22 17:12:26,502 ] 16 root - INFO - File laravel.pdf loaded successfully
[ 2023-08-22 17:12:26,503 ] 24 root - INFO - Files transformed succesfully
[ 2023-08-22 17:12:26,557 ] 16 root - INFO - File react_native.pdf loaded successfully
[ 2023-08-22 17:12:26,557 ] 24 root - INFO - Files transformed succesfully
[ 2023-08-22 17:12:26,594 ] 16 root - INFO - File react_native2.pdf loaded successfully
[ 2023-08-22 17:12:26,594 ] 24 root - INFO - Files transformed succesfully
[ 2023-08-22 17:12:26,668 ] 16 root - INFO - File react_native4.pdf loaded successfully
[ 2023-08-22 17:12:26,668 ] 24 root - INFO - Files transformed succesfully
