[ 2023-08-24 17:22:46,430 ] 482 gensim.utils - INFO - loading Doc2Vec object from models/resume_models/resumes_model_epochs_lemmetized_150.model
[ 2023-08-24 17:22:46,433 ] 516 gensim.utils - INFO - loading dv recursively from models/resume_models/resumes_model_epochs_lemmetized_150.model.dv.* with mmap=None
[ 2023-08-24 17:22:46,433 ] 516 gensim.utils - INFO - loading wv recursively from models/resume_models/resumes_model_epochs_lemmetized_150.model.wv.* with mmap=None
[ 2023-08-24 17:22:46,433 ] 554 gensim.utils - INFO - setting ignored attribute cum_table to None
[ 2023-08-24 17:22:46,480 ] 448 gensim.utils - INFO - Doc2Vec lifecycle event {'fname': 'models/resume_models/resumes_model_epochs_lemmetized_150.model', 'datetime': '2023-08-24T17:22:46.473048', 'gensim': '4.3.1', 'python': '3.11.4 | packaged by Anaconda, Inc. | (main, Jul  5 2023, 13:47:18) [MSC v.1916 64 bit (AMD64)]', 'platform': 'Windows-10-10.0.22621-SP0', 'event': 'loaded'}
[ 2023-08-24 17:22:46,480 ] 482 gensim.utils - INFO - loading Doc2Vec object from models/resume_models/resumes_model_epochs_lemmetized_80.model
[ 2023-08-24 17:22:46,483 ] 516 gensim.utils - INFO - loading dv recursively from models/resume_models/resumes_model_epochs_lemmetized_80.model.dv.* with mmap=None
[ 2023-08-24 17:22:46,484 ] 516 gensim.utils - INFO - loading wv recursively from models/resume_models/resumes_model_epochs_lemmetized_80.model.wv.* with mmap=None
[ 2023-08-24 17:22:46,484 ] 554 gensim.utils - INFO - setting ignored attribute cum_table to None
[ 2023-08-24 17:22:46,523 ] 448 gensim.utils - INFO - Doc2Vec lifecycle event {'fname': 'models/resume_models/resumes_model_epochs_lemmetized_80.model', 'datetime': '2023-08-24T17:22:46.523048', 'gensim': '4.3.1', 'python': '3.11.4 | packaged by Anaconda, Inc. | (main, Jul  5 2023, 13:47:18) [MSC v.1916 64 bit (AMD64)]', 'platform': 'Windows-10-10.0.22621-SP0', 'event': 'loaded'}
[ 2023-08-24 17:22:46,546 ] 16 root - INFO - File CV_Ahlem_Marzougui.pdf loaded successfully
[ 2023-08-24 17:22:46,546 ] 24 root - INFO - Files transformed succesfully
[ 2023-08-24 17:22:46,579 ] 16 root - INFO - File CV_Ahmed_Amamou.pdf loaded successfully
[ 2023-08-24 17:22:46,579 ] 24 root - INFO - Files transformed succesfully
[ 2023-08-24 17:22:46,615 ] 16 root - INFO - File CV_Ahmed_Dziri.pdf loaded successfully
[ 2023-08-24 17:22:46,615 ] 24 root - INFO - Files transformed succesfully
[ 2023-08-24 17:22:46,663 ] 16 root - INFO - File CV_Ahmed_Farhat.pdf loaded successfully
[ 2023-08-24 17:22:46,663 ] 24 root - INFO - Files transformed succesfully
[ 2023-08-24 17:22:46,692 ] 16 root - INFO - File CV_Amine_Gafsi.pdf loaded successfully
[ 2023-08-24 17:22:46,692 ] 24 root - INFO - Files transformed succesfully
[ 2023-08-24 17:22:46,721 ] 16 root - INFO - File CV_Amine_Ghedira.pdf loaded successfully
[ 2023-08-24 17:22:46,722 ] 24 root - INFO - Files transformed succesfully
[ 2023-08-24 17:22:46,752 ] 16 root - INFO - File CV_Anwer_Boubaker.pdf loaded successfully
[ 2023-08-24 17:22:46,752 ] 24 root - INFO - Files transformed succesfully
[ 2023-08-24 17:22:46,782 ] 16 root - INFO - File CV_Asma_Chakroun.pdf loaded successfully
[ 2023-08-24 17:22:46,782 ] 24 root - INFO - Files transformed succesfully
[ 2023-08-24 17:22:46,824 ] 16 root - INFO - File CV_Aya_Benjazia.pdf loaded successfully
[ 2023-08-24 17:22:46,824 ] 24 root - INFO - Files transformed succesfully
[ 2023-08-24 17:22:46,875 ] 16 root - INFO - File CV_Aymen_Ghnia.pdf loaded successfully
[ 2023-08-24 17:22:46,875 ] 24 root - INFO - Files transformed succesfully
[ 2023-08-24 17:22:46,918 ] 16 root - INFO - File CV_Ayoub_Ben_Latifa.pdf loaded successfully
[ 2023-08-24 17:22:46,918 ] 24 root - INFO - Files transformed succesfully
[ 2023-08-24 17:22:46,966 ] 16 root - INFO - File CV_Ben_Chaaben_Yassin.pdf loaded successfully
[ 2023-08-24 17:22:46,966 ] 24 root - INFO - Files transformed succesfully
[ 2023-08-24 17:22:46,994 ] 16 root - INFO - File CV_Chedy_Sakly.pdf loaded successfully
[ 2023-08-24 17:22:46,994 ] 24 root - INFO - Files transformed succesfully
[ 2023-08-24 17:22:47,025 ] 16 root - INFO - File CV_Donia_Chaouch.pdf loaded successfully
[ 2023-08-24 17:22:47,025 ] 24 root - INFO - Files transformed succesfully
[ 2023-08-24 17:22:47,065 ] 16 root - INFO - File CV_Eya_Rejeb.pdf loaded successfully
[ 2023-08-24 17:22:47,065 ] 24 root - INFO - Files transformed succesfully
[ 2023-08-24 17:22:47,097 ] 16 root - INFO - File CV_EYA_Sekma.pdf loaded successfully
[ 2023-08-24 17:22:47,097 ] 24 root - INFO - Files transformed succesfully
[ 2023-08-24 17:22:47,132 ] 16 root - INFO - File CV_Fadi_Zaafrane.pdf loaded successfully
[ 2023-08-24 17:22:47,132 ] 24 root - INFO - Files transformed succesfully
[ 2023-08-24 17:22:47,166 ] 16 root - INFO - File CV_Fatma_Bouzgarrou.pdf loaded successfully
[ 2023-08-24 17:22:47,166 ] 24 root - INFO - Files transformed succesfully
[ 2023-08-24 17:22:47,201 ] 16 root - INFO - File CV_Hana_Zrafi.pdf loaded successfully
[ 2023-08-24 17:22:47,201 ] 24 root - INFO - Files transformed succesfully
[ 2023-08-24 17:22:47,222 ] 16 root - INFO - File CV_Houssem_Hassani.pdf loaded successfully
[ 2023-08-24 17:22:47,222 ] 24 root - INFO - Files transformed succesfully
[ 2023-08-24 17:22:47,270 ] 16 root - INFO - File CV_Houssem_Kraiem.pdf loaded successfully
[ 2023-08-24 17:22:47,270 ] 24 root - INFO - Files transformed succesfully
[ 2023-08-24 17:22:47,321 ] 16 root - INFO - File CV_Ibrahim_Youssef.pdf loaded successfully
[ 2023-08-24 17:22:47,321 ] 24 root - INFO - Files transformed succesfully
[ 2023-08-24 17:22:47,368 ] 16 root - INFO - File CV_Ibtihel_Khdhaouria.pdf loaded successfully
[ 2023-08-24 17:22:47,368 ] 24 root - INFO - Files transformed succesfully
[ 2023-08-24 17:22:47,410 ] 16 root - INFO - File CV_Iheb_Alouane.pdf loaded successfully
[ 2023-08-24 17:22:47,410 ] 24 root - INFO - Files transformed succesfully
[ 2023-08-24 17:22:47,455 ] 16 root - INFO - File CV_Isra_Dakhlaoui.pdf loaded successfully
[ 2023-08-24 17:22:47,455 ] 24 root - INFO - Files transformed succesfully
[ 2023-08-24 17:22:47,508 ] 16 root - INFO - File CV_Khaled_Chtioui.pdf loaded successfully
[ 2023-08-24 17:22:47,508 ] 24 root - INFO - Files transformed succesfully
[ 2023-08-24 17:22:47,551 ] 16 root - INFO - File CV_khawla_belkacem.pdf loaded successfully
[ 2023-08-24 17:22:47,551 ] 24 root - INFO - Files transformed succesfully
[ 2023-08-24 17:22:47,577 ] 16 root - INFO - File CV_Lina_Ounaies.pdf loaded successfully
[ 2023-08-24 17:22:47,577 ] 24 root - INFO - Files transformed succesfully
[ 2023-08-24 17:22:47,606 ] 38 root - ERROR - Error while reading the file: 'NoneType' object has no attribute 'lower'
[ 2023-08-24 17:22:47,607 ] 23 root - ERROR - Error while reading the file: cannot access local variable 'e' where it is not associated with a value
[ 2023-08-24 17:22:47,607 ] 24 root - INFO - Files transformed succesfully
[ 2023-08-24 17:22:47,647 ] 16 root - INFO - File CV_Med_Houssem_Beltifa.pdf loaded successfully
[ 2023-08-24 17:22:47,647 ] 24 root - INFO - Files transformed succesfully
[ 2023-08-24 17:22:47,682 ] 16 root - INFO - File CV_Med_Neji_Benzarti.pdf loaded successfully
[ 2023-08-24 17:22:47,683 ] 24 root - INFO - Files transformed succesfully
[ 2023-08-24 17:22:47,704 ] 16 root - INFO - File CV_Med_Nour_Chouchene.pdf loaded successfully
[ 2023-08-24 17:22:47,704 ] 24 root - INFO - Files transformed succesfully
[ 2023-08-24 17:22:47,759 ] 16 root - INFO - File CV_Med_Oussema_Zaier.pdf loaded successfully
[ 2023-08-24 17:22:47,760 ] 24 root - INFO - Files transformed succesfully
[ 2023-08-24 17:22:47,794 ] 16 root - INFO - File CV_Mejdi_Belhadj_Youssef.pdf loaded successfully
[ 2023-08-24 17:22:47,794 ] 24 root - INFO - Files transformed succesfully
[ 2023-08-24 17:22:47,825 ] 16 root - INFO - File CV_Mihed_Hassine.pdf loaded successfully
[ 2023-08-24 17:22:47,825 ] 24 root - INFO - Files transformed succesfully
[ 2023-08-24 17:22:47,842 ] 38 root - ERROR - Error while reading the file: 'NoneType' object has no attribute 'lower'
[ 2023-08-24 17:22:47,842 ] 23 root - ERROR - Error while reading the file: cannot access local variable 'e' where it is not associated with a value
[ 2023-08-24 17:22:47,842 ] 24 root - INFO - Files transformed succesfully
[ 2023-08-24 17:22:47,898 ] 16 root - INFO - File CV_Mohamed_Fawzi_Stambouli.pdf loaded successfully
[ 2023-08-24 17:22:47,898 ] 24 root - INFO - Files transformed succesfully
[ 2023-08-24 17:22:47,920 ] 38 root - ERROR - Error while reading the file: 'NoneType' object has no attribute 'lower'
[ 2023-08-24 17:22:47,920 ] 23 root - ERROR - Error while reading the file: cannot access local variable 'e' where it is not associated with a value
[ 2023-08-24 17:22:47,920 ] 24 root - INFO - Files transformed succesfully
[ 2023-08-24 17:22:47,960 ] 16 root - INFO - File CV_Nour_Mabrouk.pdf loaded successfully
[ 2023-08-24 17:22:47,960 ] 24 root - INFO - Files transformed succesfully
[ 2023-08-24 17:22:47,993 ] 16 root - INFO - File CV_Ons_Ben_Hadj_Sghaier.pdf loaded successfully
[ 2023-08-24 17:22:47,993 ] 24 root - INFO - Files transformed succesfully
[ 2023-08-24 17:22:48,020 ] 16 root - INFO - File CV_Oumaima_Ben_Saad.pdf loaded successfully
[ 2023-08-24 17:22:48,020 ] 24 root - INFO - Files transformed succesfully
[ 2023-08-24 17:22:48,055 ] 16 root - INFO - File CV_Oumeima_Zaddem.pdf loaded successfully
[ 2023-08-24 17:22:48,056 ] 24 root - INFO - Files transformed succesfully
[ 2023-08-24 17:22:48,107 ] 16 root - INFO - File CV_Oussema_Mili.pdf loaded successfully
[ 2023-08-24 17:22:48,107 ] 24 root - INFO - Files transformed succesfully
[ 2023-08-24 17:22:48,159 ] 16 root - INFO - File CV_Rahma_Hamrouni.pdf loaded successfully
[ 2023-08-24 17:22:48,160 ] 24 root - INFO - Files transformed succesfully
[ 2023-08-24 17:22:48,190 ] 16 root - INFO - File CV_Rania_Slimene.pdf loaded successfully
[ 2023-08-24 17:22:48,190 ] 24 root - INFO - Files transformed succesfully
[ 2023-08-24 17:22:48,240 ] 16 root - INFO - File CV_Rayen_Ben_Fathallah.pdf loaded successfully
[ 2023-08-24 17:22:48,240 ] 24 root - INFO - Files transformed succesfully
[ 2023-08-24 17:22:48,285 ] 16 root - INFO - File CV_Rima_Jerbi.pdf loaded successfully
[ 2023-08-24 17:22:48,285 ] 24 root - INFO - Files transformed succesfully
[ 2023-08-24 17:22:48,321 ] 16 root - INFO - File CV_Rim_Thabet.pdf loaded successfully
[ 2023-08-24 17:22:48,321 ] 24 root - INFO - Files transformed succesfully
[ 2023-08-24 17:22:48,373 ] 16 root - INFO - File CV_Saber_ben slama.pdf loaded successfully
[ 2023-08-24 17:22:48,373 ] 24 root - INFO - Files transformed succesfully
[ 2023-08-24 17:22:48,423 ] 16 root - INFO - File CV_Sanda_Dhouib.pdf loaded successfully
[ 2023-08-24 17:22:48,423 ] 24 root - INFO - Files transformed succesfully
[ 2023-08-24 17:22:48,464 ] 16 root - INFO - File CV_Sarra_Bannour.pdf loaded successfully
[ 2023-08-24 17:22:48,464 ] 24 root - INFO - Files transformed succesfully
[ 2023-08-24 17:22:48,511 ] 16 root - INFO - File CV_Sarra_Laribi.pdf loaded successfully
[ 2023-08-24 17:22:48,511 ] 24 root - INFO - Files transformed succesfully
[ 2023-08-24 17:22:48,554 ] 16 root - INFO - File CV_Souheyl_Gouadria.pdf loaded successfully
[ 2023-08-24 17:22:48,554 ] 24 root - INFO - Files transformed succesfully
[ 2023-08-24 17:22:48,572 ] 38 root - ERROR - Error while reading the file: 'NoneType' object has no attribute 'lower'
[ 2023-08-24 17:22:48,573 ] 23 root - ERROR - Error while reading the file: cannot access local variable 'e' where it is not associated with a value
[ 2023-08-24 17:22:48,573 ] 24 root - INFO - Files transformed succesfully
[ 2023-08-24 17:22:48,605 ] 16 root - INFO - File CV_Teyssir_Taieb.pdf loaded successfully
[ 2023-08-24 17:22:48,605 ] 24 root - INFO - Files transformed succesfully
[ 2023-08-24 17:22:48,642 ] 16 root - INFO - File CV_Wael_Antar.pdf loaded successfully
[ 2023-08-24 17:22:48,642 ] 24 root - INFO - Files transformed succesfully
[ 2023-08-24 17:22:48,666 ] 38 root - ERROR - Error while reading the file: 'NoneType' object has no attribute 'lower'
[ 2023-08-24 17:22:48,666 ] 23 root - ERROR - Error while reading the file: cannot access local variable 'e' where it is not associated with a value
[ 2023-08-24 17:22:48,666 ] 24 root - INFO - Files transformed succesfully
[ 2023-08-24 17:22:48,719 ] 16 root - INFO - File CV_Wajdi_Zayane.pdf loaded successfully
[ 2023-08-24 17:22:48,719 ] 24 root - INFO - Files transformed succesfully
[ 2023-08-24 17:22:48,748 ] 16 root - INFO - File CV_Wissem_Boujlida.pdf loaded successfully
[ 2023-08-24 17:22:48,748 ] 24 root - INFO - Files transformed succesfully
[ 2023-08-24 17:22:48,790 ] 16 root - INFO - File CV_Yasmine_Bizid.pdf loaded successfully
[ 2023-08-24 17:22:48,790 ] 24 root - INFO - Files transformed succesfully
[ 2023-08-24 17:22:48,815 ] 16 root - INFO - File CV_Yassine_Afsa.pdf loaded successfully
[ 2023-08-24 17:22:48,815 ] 24 root - INFO - Files transformed succesfully
[ 2023-08-24 17:22:48,847 ] 16 root - INFO - File CV_Yessine_Miled.pdf loaded successfully
[ 2023-08-24 17:22:48,847 ] 24 root - INFO - Files transformed succesfully
[ 2023-08-24 17:22:48,877 ] 16 root - INFO - File CV_Zaddem_Raslèn.pdf loaded successfully
[ 2023-08-24 17:22:48,877 ] 24 root - INFO - Files transformed succesfully
[ 2023-08-24 17:22:48,906 ] 16 root - INFO - File CV_Zeineb_Bachouch.pdf loaded successfully
[ 2023-08-24 17:22:48,906 ] 24 root - INFO - Files transformed succesfully
[ 2023-08-24 17:22:48,934 ] 16 root - INFO - File Dziri Ahmed - Resume (1).pdf loaded successfully
[ 2023-08-24 17:22:48,934 ] 24 root - INFO - Files transformed succesfully
[ 2023-08-24 17:22:48,979 ] 16 root - INFO - File experience.pdf loaded successfully
[ 2023-08-24 17:22:48,979 ] 24 root - INFO - Files transformed succesfully
[ 2023-08-24 17:22:49,019 ] 16 root - INFO - File laravel.pdf loaded successfully
[ 2023-08-24 17:22:49,019 ] 24 root - INFO - Files transformed succesfully
[ 2023-08-24 17:22:49,063 ] 16 root - INFO - File rayen_data.pdf loaded successfully
[ 2023-08-24 17:22:49,063 ] 24 root - INFO - Files transformed succesfully
[ 2023-08-24 17:22:49,107 ] 16 root - INFO - File react_native.pdf loaded successfully
[ 2023-08-24 17:22:49,107 ] 24 root - INFO - Files transformed succesfully
[ 2023-08-24 17:22:49,135 ] 16 root - INFO - File scrum_master.pdf loaded successfully
[ 2023-08-24 17:22:49,135 ] 24 root - INFO - Files transformed succesfully
[ 2023-08-24 17:22:49,173 ] 16 root - INFO - File yessine Meddeb_cv.pdf loaded successfully
[ 2023-08-24 17:22:49,173 ] 24 root - INFO - Files transformed succesfully
[ 2023-08-24 17:22:52,672 ] 482 gensim.utils - INFO - loading Doc2Vec object from models/jd_models/doc2vec_model_epochs_100.model
[ 2023-08-24 17:22:52,694 ] 516 gensim.utils - INFO - loading dv recursively from models/jd_models/doc2vec_model_epochs_100.model.dv.* with mmap=None
[ 2023-08-24 17:22:52,694 ] 516 gensim.utils - INFO - loading wv recursively from models/jd_models/doc2vec_model_epochs_100.model.wv.* with mmap=None
[ 2023-08-24 17:22:52,694 ] 554 gensim.utils - INFO - setting ignored attribute cum_table to None
[ 2023-08-24 17:22:52,854 ] 448 gensim.utils - INFO - Doc2Vec lifecycle event {'fname': 'models/jd_models/doc2vec_model_epochs_100.model', 'datetime': '2023-08-24T17:22:52.854847', 'gensim': '4.3.1', 'python': '3.11.4 | packaged by Anaconda, Inc. | (main, Jul  5 2023, 13:47:18) [MSC v.1916 64 bit (AMD64)]', 'platform': 'Windows-10-10.0.22621-SP0', 'event': 'loaded'}
[ 2023-08-24 17:22:52,854 ] 482 gensim.utils - INFO - loading Doc2Vec object from models/jd_models/doc2vec_model_epochs_150.model
[ 2023-08-24 17:22:52,885 ] 516 gensim.utils - INFO - loading dv recursively from models/jd_models/doc2vec_model_epochs_150.model.dv.* with mmap=None
[ 2023-08-24 17:22:52,885 ] 516 gensim.utils - INFO - loading wv recursively from models/jd_models/doc2vec_model_epochs_150.model.wv.* with mmap=None
[ 2023-08-24 17:22:52,885 ] 554 gensim.utils - INFO - setting ignored attribute cum_table to None
[ 2023-08-24 17:22:53,031 ] 448 gensim.utils - INFO - Doc2Vec lifecycle event {'fname': 'models/jd_models/doc2vec_model_epochs_150.model', 'datetime': '2023-08-24T17:22:53.031774', 'gensim': '4.3.1', 'python': '3.11.4 | packaged by Anaconda, Inc. | (main, Jul  5 2023, 13:47:18) [MSC v.1916 64 bit (AMD64)]', 'platform': 'Windows-10-10.0.22621-SP0', 'event': 'loaded'}
[ 2023-08-24 17:22:53,032 ] 482 gensim.utils - INFO - loading Doc2Vec object from models/jd_models/doc2vec_model_epochs_40.model
[ 2023-08-24 17:22:53,052 ] 516 gensim.utils - INFO - loading dv recursively from models/jd_models/doc2vec_model_epochs_40.model.dv.* with mmap=None
[ 2023-08-24 17:22:53,052 ] 516 gensim.utils - INFO - loading wv recursively from models/jd_models/doc2vec_model_epochs_40.model.wv.* with mmap=None
[ 2023-08-24 17:22:53,052 ] 554 gensim.utils - INFO - setting ignored attribute cum_table to None
[ 2023-08-24 17:22:53,188 ] 448 gensim.utils - INFO - Doc2Vec lifecycle event {'fname': 'models/jd_models/doc2vec_model_epochs_40.model', 'datetime': '2023-08-24T17:22:53.188774', 'gensim': '4.3.1', 'python': '3.11.4 | packaged by Anaconda, Inc. | (main, Jul  5 2023, 13:47:18) [MSC v.1916 64 bit (AMD64)]', 'platform': 'Windows-10-10.0.22621-SP0', 'event': 'loaded'}
[ 2023-08-24 17:22:53,188 ] 482 gensim.utils - INFO - loading Doc2Vec object from models/jd_models/doc2vec_model_epochs_80.model
[ 2023-08-24 17:22:53,210 ] 516 gensim.utils - INFO - loading dv recursively from models/jd_models/doc2vec_model_epochs_80.model.dv.* with mmap=None
[ 2023-08-24 17:22:53,210 ] 516 gensim.utils - INFO - loading wv recursively from models/jd_models/doc2vec_model_epochs_80.model.wv.* with mmap=None
[ 2023-08-24 17:22:53,210 ] 554 gensim.utils - INFO - setting ignored attribute cum_table to None
[ 2023-08-24 17:22:53,348 ] 448 gensim.utils - INFO - Doc2Vec lifecycle event {'fname': 'models/jd_models/doc2vec_model_epochs_80.model', 'datetime': '2023-08-24T17:22:53.348773', 'gensim': '4.3.1', 'python': '3.11.4 | packaged by Anaconda, Inc. | (main, Jul  5 2023, 13:47:18) [MSC v.1916 64 bit (AMD64)]', 'platform': 'Windows-10-10.0.22621-SP0', 'event': 'loaded'}
[ 2023-08-24 17:22:53,348 ] 482 gensim.utils - INFO - loading Doc2Vec object from models/jd_models/resumes_model_epochs_100.model
[ 2023-08-24 17:22:53,355 ] 516 gensim.utils - INFO - loading dv recursively from models/jd_models/resumes_model_epochs_100.model.dv.* with mmap=None
[ 2023-08-24 17:22:53,356 ] 516 gensim.utils - INFO - loading wv recursively from models/jd_models/resumes_model_epochs_100.model.wv.* with mmap=None
[ 2023-08-24 17:22:53,356 ] 554 gensim.utils - INFO - setting ignored attribute cum_table to None
[ 2023-08-24 17:22:53,381 ] 448 gensim.utils - INFO - Doc2Vec lifecycle event {'fname': 'models/jd_models/resumes_model_epochs_100.model', 'datetime': '2023-08-24T17:22:53.381773', 'gensim': '4.3.1', 'python': '3.11.4 | packaged by Anaconda, Inc. | (main, Jul  5 2023, 13:47:18) [MSC v.1916 64 bit (AMD64)]', 'platform': 'Windows-10-10.0.22621-SP0', 'event': 'loaded'}
[ 2023-08-24 17:22:53,381 ] 482 gensim.utils - INFO - loading Doc2Vec object from models/jd_models/resumes_model_epochs_150.model
[ 2023-08-24 17:22:53,389 ] 516 gensim.utils - INFO - loading dv recursively from models/jd_models/resumes_model_epochs_150.model.dv.* with mmap=None
[ 2023-08-24 17:22:53,389 ] 516 gensim.utils - INFO - loading wv recursively from models/jd_models/resumes_model_epochs_150.model.wv.* with mmap=None
[ 2023-08-24 17:22:53,390 ] 554 gensim.utils - INFO - setting ignored attribute cum_table to None
[ 2023-08-24 17:22:53,417 ] 448 gensim.utils - INFO - Doc2Vec lifecycle event {'fname': 'models/jd_models/resumes_model_epochs_150.model', 'datetime': '2023-08-24T17:22:53.417910', 'gensim': '4.3.1', 'python': '3.11.4 | packaged by Anaconda, Inc. | (main, Jul  5 2023, 13:47:18) [MSC v.1916 64 bit (AMD64)]', 'platform': 'Windows-10-10.0.22621-SP0', 'event': 'loaded'}
[ 2023-08-24 17:22:53,417 ] 482 gensim.utils - INFO - loading Doc2Vec object from models/jd_models/resumes_model_epochs_80.model
[ 2023-08-24 17:22:53,423 ] 516 gensim.utils - INFO - loading dv recursively from models/jd_models/resumes_model_epochs_80.model.dv.* with mmap=None
[ 2023-08-24 17:22:53,423 ] 516 gensim.utils - INFO - loading wv recursively from models/jd_models/resumes_model_epochs_80.model.wv.* with mmap=None
[ 2023-08-24 17:22:53,424 ] 554 gensim.utils - INFO - setting ignored attribute cum_table to None
[ 2023-08-24 17:22:53,452 ] 448 gensim.utils - INFO - Doc2Vec lifecycle event {'fname': 'models/jd_models/resumes_model_epochs_80.model', 'datetime': '2023-08-24T17:22:53.452913', 'gensim': '4.3.1', 'python': '3.11.4 | packaged by Anaconda, Inc. | (main, Jul  5 2023, 13:47:18) [MSC v.1916 64 bit (AMD64)]', 'platform': 'Windows-10-10.0.22621-SP0', 'event': 'loaded'}
[ 2023-08-24 17:22:53,452 ] 482 gensim.utils - INFO - loading Doc2Vec object from models/jd_models/resumes_model_epochs_lemmetized_100.model
[ 2023-08-24 17:22:53,459 ] 516 gensim.utils - INFO - loading dv recursively from models/jd_models/resumes_model_epochs_lemmetized_100.model.dv.* with mmap=None
[ 2023-08-24 17:22:53,459 ] 516 gensim.utils - INFO - loading wv recursively from models/jd_models/resumes_model_epochs_lemmetized_100.model.wv.* with mmap=None
[ 2023-08-24 17:22:53,459 ] 554 gensim.utils - INFO - setting ignored attribute cum_table to None
[ 2023-08-24 17:22:53,504 ] 448 gensim.utils - INFO - Doc2Vec lifecycle event {'fname': 'models/jd_models/resumes_model_epochs_lemmetized_100.model', 'datetime': '2023-08-24T17:22:53.504913', 'gensim': '4.3.1', 'python': '3.11.4 | packaged by Anaconda, Inc. | (main, Jul  5 2023, 13:47:18) [MSC v.1916 64 bit (AMD64)]', 'platform': 'Windows-10-10.0.22621-SP0', 'event': 'loaded'}
[ 2023-08-24 17:22:53,504 ] 482 gensim.utils - INFO - loading Doc2Vec object from models/jd_models/resumes_model_epochs_lemmetized_150.model
[ 2023-08-24 17:22:53,512 ] 516 gensim.utils - INFO - loading dv recursively from models/jd_models/resumes_model_epochs_lemmetized_150.model.dv.* with mmap=None
[ 2023-08-24 17:22:53,512 ] 516 gensim.utils - INFO - loading wv recursively from models/jd_models/resumes_model_epochs_lemmetized_150.model.wv.* with mmap=None
[ 2023-08-24 17:22:53,512 ] 554 gensim.utils - INFO - setting ignored attribute cum_table to None
[ 2023-08-24 17:22:53,557 ] 448 gensim.utils - INFO - Doc2Vec lifecycle event {'fname': 'models/jd_models/resumes_model_epochs_lemmetized_150.model', 'datetime': '2023-08-24T17:22:53.557913', 'gensim': '4.3.1', 'python': '3.11.4 | packaged by Anaconda, Inc. | (main, Jul  5 2023, 13:47:18) [MSC v.1916 64 bit (AMD64)]', 'platform': 'Windows-10-10.0.22621-SP0', 'event': 'loaded'}
[ 2023-08-24 17:22:53,557 ] 482 gensim.utils - INFO - loading Doc2Vec object from models/jd_models/resumes_model_epochs_lemmetized_80.model
[ 2023-08-24 17:22:53,565 ] 516 gensim.utils - INFO - loading dv recursively from models/jd_models/resumes_model_epochs_lemmetized_80.model.dv.* with mmap=None
[ 2023-08-24 17:22:53,565 ] 516 gensim.utils - INFO - loading wv recursively from models/jd_models/resumes_model_epochs_lemmetized_80.model.wv.* with mmap=None
[ 2023-08-24 17:22:53,565 ] 554 gensim.utils - INFO - setting ignored attribute cum_table to None
[ 2023-08-24 17:22:53,606 ] 448 gensim.utils - INFO - Doc2Vec lifecycle event {'fname': 'models/jd_models/resumes_model_epochs_lemmetized_80.model', 'datetime': '2023-08-24T17:22:53.606581', 'gensim': '4.3.1', 'python': '3.11.4 | packaged by Anaconda, Inc. | (main, Jul  5 2023, 13:47:18) [MSC v.1916 64 bit (AMD64)]', 'platform': 'Windows-10-10.0.22621-SP0', 'event': 'loaded'}
