[ 2023-08-16 16:46:53,356 ] 16 root - INFO - File CV_Abdelaziz_Brahem.pdf loaded successfully
[ 2023-08-16 16:46:53,356 ] 24 root - INFO - Files transformed succesfully
[ 2023-08-16 16:46:53,381 ] 35 root - ERROR - Error while reading the file: 'NoneType' object has no attribute 'lower'
[ 2023-08-16 16:46:53,382 ] 23 root - ERROR - Error while reading the file: cannot access local variable 'e' where it is not associated with a value
[ 2023-08-16 16:46:53,382 ] 24 root - INFO - Files transformed succesfully
[ 2023-08-16 16:46:53,433 ] 16 root - INFO - File CV_Ahlem_Marzougui.pdf loaded successfully
[ 2023-08-16 16:46:53,460 ] 24 root - INFO - Files transformed succesfully
[ 2023-08-16 16:46:53,496 ] 16 root - INFO - File CV_Ahmed_Amamou.pdf loaded successfully
[ 2023-08-16 16:46:53,496 ] 24 root - INFO - Files transformed succesfully
[ 2023-08-16 16:46:53,533 ] 16 root - INFO - File CV_Ahmed_Dziri.pdf loaded successfully
[ 2023-08-16 16:46:53,533 ] 24 root - INFO - Files transformed succesfully
[ 2023-08-16 16:46:53,636 ] 16 root - INFO - File CV_Ahmed_Farhat.pdf loaded successfully
[ 2023-08-16 16:46:53,636 ] 24 root - INFO - Files transformed succesfully
[ 2023-08-16 16:46:53,680 ] 16 root - INFO - File CV_Amine_Gafsi.pdf loaded successfully
[ 2023-08-16 16:46:53,680 ] 24 root - INFO - Files transformed succesfully
[ 2023-08-16 16:46:53,723 ] 16 root - INFO - File CV_Amine_Ghedira.pdf loaded successfully
[ 2023-08-16 16:46:53,723 ] 24 root - INFO - Files transformed succesfully
[ 2023-08-16 16:46:53,775 ] 16 root - INFO - File CV_Anwer_Boubaker.pdf loaded successfully
[ 2023-08-16 16:46:53,775 ] 24 root - INFO - Files transformed succesfully
[ 2023-08-16 16:46:53,831 ] 16 root - INFO - File CV_Asma_Chakroun.pdf loaded successfully
[ 2023-08-16 16:46:53,831 ] 24 root - INFO - Files transformed succesfully
[ 2023-08-16 16:46:53,886 ] 16 root - INFO - File CV_Aya_Benjazia.pdf loaded successfully
[ 2023-08-16 16:46:53,886 ] 24 root - INFO - Files transformed succesfully
[ 2023-08-16 16:46:53,924 ] 16 root - INFO - File CV_Aymen_Ghnia.pdf loaded successfully
[ 2023-08-16 16:46:53,924 ] 24 root - INFO - Files transformed succesfully
[ 2023-08-16 16:46:53,965 ] 16 root - INFO - File CV_Ayoub_Ben_Latifa.pdf loaded successfully
[ 2023-08-16 16:46:53,965 ] 24 root - INFO - Files transformed succesfully
[ 2023-08-16 16:46:53,986 ] 16 root - INFO - File CV_Ben_Chaaben_Yassin.pdf loaded successfully
[ 2023-08-16 16:46:53,986 ] 24 root - INFO - Files transformed succesfully
[ 2023-08-16 16:46:54,025 ] 16 root - INFO - File CV_Chedy_Sakly.pdf loaded successfully
[ 2023-08-16 16:46:54,026 ] 24 root - INFO - Files transformed succesfully
[ 2023-08-16 16:46:54,072 ] 16 root - INFO - File CV_Donia_Chaouch.pdf loaded successfully
[ 2023-08-16 16:46:54,072 ] 24 root - INFO - Files transformed succesfully
[ 2023-08-16 16:46:54,122 ] 16 root - INFO - File CV_Eya_Rejeb.pdf loaded successfully
[ 2023-08-16 16:46:54,123 ] 24 root - INFO - Files transformed succesfully
[ 2023-08-16 16:46:54,154 ] 16 root - INFO - File CV_EYA_Sekma.pdf loaded successfully
[ 2023-08-16 16:46:54,154 ] 24 root - INFO - Files transformed succesfully
[ 2023-08-16 16:46:54,170 ] 16 root - INFO - File CV_Fadi_Zaafrane.pdf loaded successfully
[ 2023-08-16 16:46:54,170 ] 24 root - INFO - Files transformed succesfully
[ 2023-08-16 16:46:54,201 ] 16 root - INFO - File CV_Fatma_Bouzgarrou.pdf loaded successfully
[ 2023-08-16 16:46:54,201 ] 24 root - INFO - Files transformed succesfully
[ 2023-08-16 16:46:54,240 ] 16 root - INFO - File CV_Hana_Zrafi.pdf loaded successfully
[ 2023-08-16 16:46:54,240 ] 24 root - INFO - Files transformed succesfully
[ 2023-08-16 16:46:54,282 ] 16 root - INFO - File CV_Houssem_Hassani.pdf loaded successfully
[ 2023-08-16 16:46:54,282 ] 24 root - INFO - Files transformed succesfully
[ 2023-08-16 16:46:54,330 ] 16 root - INFO - File CV_Houssem_Kraiem.pdf loaded successfully
[ 2023-08-16 16:46:54,330 ] 24 root - INFO - Files transformed succesfully
[ 2023-08-16 16:46:54,409 ] 16 root - INFO - File CV_Ibrahim_Youssef.pdf loaded successfully
[ 2023-08-16 16:46:54,409 ] 24 root - INFO - Files transformed succesfully
[ 2023-08-16 16:46:54,451 ] 16 root - INFO - File CV_Ibtihel_Khdhaouria.pdf loaded successfully
[ 2023-08-16 16:46:54,451 ] 24 root - INFO - Files transformed succesfully
[ 2023-08-16 16:46:54,471 ] 16 root - INFO - File CV_Iheb_Alouane.pdf loaded successfully
[ 2023-08-16 16:46:54,471 ] 24 root - INFO - Files transformed succesfully
[ 2023-08-16 16:46:54,501 ] 16 root - INFO - File CV_Isra_Dakhlaoui.pdf loaded successfully
[ 2023-08-16 16:46:54,502 ] 24 root - INFO - Files transformed succesfully
[ 2023-08-16 16:46:54,540 ] 16 root - INFO - File CV_Khaled_Chtioui.pdf loaded successfully
[ 2023-08-16 16:46:54,540 ] 24 root - INFO - Files transformed succesfully
[ 2023-08-16 16:46:54,584 ] 16 root - INFO - File CV_khawla_belkacem.pdf loaded successfully
[ 2023-08-16 16:46:54,584 ] 24 root - INFO - Files transformed succesfully
[ 2023-08-16 16:46:54,595 ] 16 root - INFO - File CV_Lina_Ounaies.pdf loaded successfully
[ 2023-08-16 16:46:54,595 ] 24 root - INFO - Files transformed succesfully
[ 2023-08-16 16:46:54,614 ] 35 root - ERROR - Error while reading the file: 'NoneType' object has no attribute 'lower'
[ 2023-08-16 16:46:54,615 ] 23 root - ERROR - Error while reading the file: cannot access local variable 'e' where it is not associated with a value
[ 2023-08-16 16:46:54,615 ] 24 root - INFO - Files transformed succesfully
[ 2023-08-16 16:46:54,632 ] 16 root - INFO - File CV_Med_Houssem_Beltifa.pdf loaded successfully
[ 2023-08-16 16:46:54,632 ] 24 root - INFO - Files transformed succesfully
[ 2023-08-16 16:46:54,670 ] 16 root - INFO - File CV_Med_Neji_Benzarti.pdf loaded successfully
[ 2023-08-16 16:46:54,671 ] 24 root - INFO - Files transformed succesfully
[ 2023-08-16 16:46:54,679 ] 16 root - INFO - File CV_Med_Nour_Chouchene.pdf loaded successfully
[ 2023-08-16 16:46:54,680 ] 24 root - INFO - Files transformed succesfully
[ 2023-08-16 16:46:54,724 ] 16 root - INFO - File CV_Med_Oussema_Zaier.pdf loaded successfully
[ 2023-08-16 16:46:54,724 ] 24 root - INFO - Files transformed succesfully
[ 2023-08-16 16:46:54,773 ] 16 root - INFO - File CV_Mejdi_Belhadj_Youssef.pdf loaded successfully
[ 2023-08-16 16:46:54,773 ] 24 root - INFO - Files transformed succesfully
[ 2023-08-16 16:46:54,820 ] 16 root - INFO - File CV_Mihed_Hassine.pdf loaded successfully
[ 2023-08-16 16:46:54,820 ] 24 root - INFO - Files transformed succesfully
[ 2023-08-16 16:46:54,852 ] 35 root - ERROR - Error while reading the file: 'NoneType' object has no attribute 'lower'
[ 2023-08-16 16:46:54,853 ] 23 root - ERROR - Error while reading the file: cannot access local variable 'e' where it is not associated with a value
[ 2023-08-16 16:46:54,853 ] 24 root - INFO - Files transformed succesfully
[ 2023-08-16 16:46:54,926 ] 16 root - INFO - File CV_Mohamed_Fawzi_Stambouli.pdf loaded successfully
[ 2023-08-16 16:46:54,926 ] 24 root - INFO - Files transformed succesfully
[ 2023-08-16 16:46:54,935 ] 35 root - ERROR - Error while reading the file: 'NoneType' object has no attribute 'lower'
[ 2023-08-16 16:46:54,935 ] 23 root - ERROR - Error while reading the file: cannot access local variable 'e' where it is not associated with a value
[ 2023-08-16 16:46:54,935 ] 24 root - INFO - Files transformed succesfully
[ 2023-08-16 16:46:54,949 ] 16 root - INFO - File CV_Nour_Mabrouk.pdf loaded successfully
[ 2023-08-16 16:46:54,949 ] 24 root - INFO - Files transformed succesfully
[ 2023-08-16 16:46:54,972 ] 16 root - INFO - File CV_Ons_Ben_Hadj_Sghaier.pdf loaded successfully
[ 2023-08-16 16:46:54,972 ] 24 root - INFO - Files transformed succesfully
[ 2023-08-16 16:46:55,000 ] 16 root - INFO - File CV_Oumaima_Ben_Saad.pdf loaded successfully
[ 2023-08-16 16:46:55,000 ] 24 root - INFO - Files transformed succesfully
[ 2023-08-16 16:46:55,012 ] 16 root - INFO - File CV_Oumeima_Zaddem.pdf loaded successfully
[ 2023-08-16 16:46:55,013 ] 24 root - INFO - Files transformed succesfully
[ 2023-08-16 16:46:55,042 ] 16 root - INFO - File CV_Oussema_Mili.pdf loaded successfully
[ 2023-08-16 16:46:55,042 ] 24 root - INFO - Files transformed succesfully
[ 2023-08-16 16:46:55,061 ] 16 root - INFO - File CV_Rahma_Hamrouni.pdf loaded successfully
[ 2023-08-16 16:46:55,061 ] 24 root - INFO - Files transformed succesfully
[ 2023-08-16 16:46:55,073 ] 16 root - INFO - File CV_Rania_Slimene.pdf loaded successfully
[ 2023-08-16 16:46:55,073 ] 24 root - INFO - Files transformed succesfully
[ 2023-08-16 16:46:55,106 ] 16 root - INFO - File CV_Rayen_Ben_Fathallah.pdf loaded successfully
[ 2023-08-16 16:46:55,107 ] 24 root - INFO - Files transformed succesfully
[ 2023-08-16 16:46:55,130 ] 16 root - INFO - File CV_Rima_Jerbi.pdf loaded successfully
[ 2023-08-16 16:46:55,130 ] 24 root - INFO - Files transformed succesfully
[ 2023-08-16 16:46:55,146 ] 16 root - INFO - File CV_Rim_Thabet.pdf loaded successfully
[ 2023-08-16 16:46:55,146 ] 24 root - INFO - Files transformed succesfully
[ 2023-08-16 16:46:55,189 ] 16 root - INFO - File CV_Saber_ben slama.pdf loaded successfully
[ 2023-08-16 16:46:55,189 ] 24 root - INFO - Files transformed succesfully
[ 2023-08-16 16:46:55,210 ] 16 root - INFO - File CV_Sanda_Dhouib.pdf loaded successfully
[ 2023-08-16 16:46:55,210 ] 24 root - INFO - Files transformed succesfully
[ 2023-08-16 16:46:55,254 ] 16 root - INFO - File CV_Sarra_Bannour.pdf loaded successfully
[ 2023-08-16 16:46:55,254 ] 24 root - INFO - Files transformed succesfully
[ 2023-08-16 16:46:55,296 ] 16 root - INFO - File CV_Sarra_Laribi.pdf loaded successfully
[ 2023-08-16 16:46:55,296 ] 24 root - INFO - Files transformed succesfully
[ 2023-08-16 16:46:55,311 ] 16 root - INFO - File CV_Souheyl_Gouadria.pdf loaded successfully
[ 2023-08-16 16:46:55,311 ] 24 root - INFO - Files transformed succesfully
[ 2023-08-16 16:46:55,333 ] 35 root - ERROR - Error while reading the file: 'NoneType' object has no attribute 'lower'
[ 2023-08-16 16:46:55,334 ] 23 root - ERROR - Error while reading the file: cannot access local variable 'e' where it is not associated with a value
[ 2023-08-16 16:46:55,334 ] 24 root - INFO - Files transformed succesfully
[ 2023-08-16 16:46:55,395 ] 16 root - INFO - File CV_Teyssir_Taieb.pdf loaded successfully
[ 2023-08-16 16:46:55,395 ] 24 root - INFO - Files transformed succesfully
[ 2023-08-16 16:46:55,445 ] 16 root - INFO - File CV_Wael_Antar.pdf loaded successfully
[ 2023-08-16 16:46:55,445 ] 24 root - INFO - Files transformed succesfully
[ 2023-08-16 16:46:55,451 ] 35 root - ERROR - Error while reading the file: 'NoneType' object has no attribute 'lower'
[ 2023-08-16 16:46:55,451 ] 23 root - ERROR - Error while reading the file: cannot access local variable 'e' where it is not associated with a value
[ 2023-08-16 16:46:55,451 ] 24 root - INFO - Files transformed succesfully
[ 2023-08-16 16:46:55,477 ] 16 root - INFO - File CV_Wajdi_Zayane.pdf loaded successfully
[ 2023-08-16 16:46:55,477 ] 24 root - INFO - Files transformed succesfully
[ 2023-08-16 16:46:55,506 ] 16 root - INFO - File CV_Wissem_Boujlida.pdf loaded successfully
[ 2023-08-16 16:46:55,506 ] 24 root - INFO - Files transformed succesfully
[ 2023-08-16 16:46:55,523 ] 16 root - INFO - File CV_Yasmine_Bizid.pdf loaded successfully
[ 2023-08-16 16:46:55,524 ] 24 root - INFO - Files transformed succesfully
[ 2023-08-16 16:46:55,566 ] 16 root - INFO - File CV_Yassine_Afsa.pdf loaded successfully
[ 2023-08-16 16:46:55,566 ] 24 root - INFO - Files transformed succesfully
[ 2023-08-16 16:46:55,608 ] 16 root - INFO - File CV_Yessine_Miled.pdf loaded successfully
[ 2023-08-16 16:46:55,609 ] 24 root - INFO - Files transformed succesfully
[ 2023-08-16 16:46:55,652 ] 16 root - INFO - File CV_Zaddem_Raslèn.pdf loaded successfully
[ 2023-08-16 16:46:55,652 ] 24 root - INFO - Files transformed succesfully
[ 2023-08-16 16:46:55,696 ] 16 root - INFO - File CV_Zeineb_Bachouch.pdf loaded successfully
[ 2023-08-16 16:46:55,696 ] 24 root - INFO - Files transformed succesfully
[ 2023-08-16 16:46:55,766 ] 16 root - INFO - File Dziri Ahmed - Resume (1).pdf loaded successfully
[ 2023-08-16 16:46:55,766 ] 24 root - INFO - Files transformed succesfully
[ 2023-08-16 16:46:55,804 ] 16 root - INFO - File experience.pdf loaded successfully
[ 2023-08-16 16:46:55,804 ] 24 root - INFO - Files transformed succesfully
[ 2023-08-16 16:46:55,853 ] 16 root - INFO - File laravel.pdf loaded successfully
[ 2023-08-16 16:46:55,854 ] 24 root - INFO - Files transformed succesfully
[ 2023-08-16 16:46:55,900 ] 16 root - INFO - File rayen_data.pdf loaded successfully
[ 2023-08-16 16:46:55,901 ] 24 root - INFO - Files transformed succesfully
[ 2023-08-16 16:46:55,972 ] 16 root - INFO - File react_native.pdf loaded successfully
[ 2023-08-16 16:46:55,973 ] 24 root - INFO - Files transformed succesfully
[ 2023-08-16 16:46:57,803 ] 16 root - INFO - File resumes.csv loaded successfully
[ 2023-08-16 16:46:57,803 ] 24 root - INFO - Files transformed succesfully
[ 2023-08-16 16:46:57,817 ] 16 root - INFO - File scrum_master.pdf loaded successfully
[ 2023-08-16 16:46:57,817 ] 24 root - INFO - Files transformed succesfully
[ 2023-08-16 16:46:57,835 ] 16 root - INFO - File yessine Meddeb_cv.pdf loaded successfully
[ 2023-08-16 16:46:57,835 ] 24 root - INFO - Files transformed succesfully
[ 2023-08-16 16:47:06,568 ] 482 gensim.utils - INFO - loading Doc2Vec object from doc2vec_model_epochs_80.model
[ 2023-08-16 16:47:06,579 ] 516 gensim.utils - INFO - loading dv recursively from doc2vec_model_epochs_80.model.dv.* with mmap=None
[ 2023-08-16 16:47:06,579 ] 516 gensim.utils - INFO - loading wv recursively from doc2vec_model_epochs_80.model.wv.* with mmap=None
[ 2023-08-16 16:47:06,579 ] 554 gensim.utils - INFO - setting ignored attribute cum_table to None
[ 2023-08-16 16:47:06,754 ] 448 gensim.utils - INFO - Doc2Vec lifecycle event {'fname': 'doc2vec_model_epochs_80.model', 'datetime': '2023-08-16T16:47:06.745724', 'gensim': '4.3.1', 'python': '3.11.4 | packaged by Anaconda, Inc. | (main, Jul  5 2023, 13:47:18) [MSC v.1916 64 bit (AMD64)]', 'platform': 'Windows-10-10.0.22621-SP0', 'event': 'loaded'}
[ 2023-08-16 16:47:06,754 ] 482 gensim.utils - INFO - loading Doc2Vec object from doc2vec_model_epochs_100.model
[ 2023-08-16 16:47:06,768 ] 516 gensim.utils - INFO - loading dv recursively from doc2vec_model_epochs_100.model.dv.* with mmap=None
[ 2023-08-16 16:47:06,768 ] 516 gensim.utils - INFO - loading wv recursively from doc2vec_model_epochs_100.model.wv.* with mmap=None
[ 2023-08-16 16:47:06,768 ] 554 gensim.utils - INFO - setting ignored attribute cum_table to None
[ 2023-08-16 16:47:06,933 ] 448 gensim.utils - INFO - Doc2Vec lifecycle event {'fname': 'doc2vec_model_epochs_100.model', 'datetime': '2023-08-16T16:47:06.933545', 'gensim': '4.3.1', 'python': '3.11.4 | packaged by Anaconda, Inc. | (main, Jul  5 2023, 13:47:18) [MSC v.1916 64 bit (AMD64)]', 'platform': 'Windows-10-10.0.22621-SP0', 'event': 'loaded'}
[ 2023-08-16 16:47:06,933 ] 482 gensim.utils - INFO - loading Doc2Vec object from doc2vec_model_epochs_150.model
[ 2023-08-16 16:47:06,946 ] 516 gensim.utils - INFO - loading dv recursively from doc2vec_model_epochs_150.model.dv.* with mmap=None
[ 2023-08-16 16:47:06,946 ] 516 gensim.utils - INFO - loading wv recursively from doc2vec_model_epochs_150.model.wv.* with mmap=None
[ 2023-08-16 16:47:06,946 ] 554 gensim.utils - INFO - setting ignored attribute cum_table to None
[ 2023-08-16 16:47:07,115 ] 448 gensim.utils - INFO - Doc2Vec lifecycle event {'fname': 'doc2vec_model_epochs_150.model', 'datetime': '2023-08-16T16:47:07.115632', 'gensim': '4.3.1', 'python': '3.11.4 | packaged by Anaconda, Inc. | (main, Jul  5 2023, 13:47:18) [MSC v.1916 64 bit (AMD64)]', 'platform': 'Windows-10-10.0.22621-SP0', 'event': 'loaded'}
[ 2023-08-16 16:47:07,115 ] 482 gensim.utils - INFO - loading Doc2Vec object from doc2vec_model_epochs_40.model
[ 2023-08-16 16:47:07,128 ] 516 gensim.utils - INFO - loading dv recursively from doc2vec_model_epochs_40.model.dv.* with mmap=None
[ 2023-08-16 16:47:07,129 ] 516 gensim.utils - INFO - loading wv recursively from doc2vec_model_epochs_40.model.wv.* with mmap=None
[ 2023-08-16 16:47:07,129 ] 554 gensim.utils - INFO - setting ignored attribute cum_table to None
[ 2023-08-16 16:47:07,283 ] 448 gensim.utils - INFO - Doc2Vec lifecycle event {'fname': 'doc2vec_model_epochs_40.model', 'datetime': '2023-08-16T16:47:07.283324', 'gensim': '4.3.1', 'python': '3.11.4 | packaged by Anaconda, Inc. | (main, Jul  5 2023, 13:47:18) [MSC v.1916 64 bit (AMD64)]', 'platform': 'Windows-10-10.0.22621-SP0', 'event': 'loaded'}
[ 2023-08-16 16:47:07,283 ] 482 gensim.utils - INFO - loading Doc2Vec object from resumes_model_epochs_lemmetized_80.model
[ 2023-08-16 16:47:07,286 ] 516 gensim.utils - INFO - loading dv recursively from resumes_model_epochs_lemmetized_80.model.dv.* with mmap=None
[ 2023-08-16 16:47:07,286 ] 516 gensim.utils - INFO - loading wv recursively from resumes_model_epochs_lemmetized_80.model.wv.* with mmap=None
[ 2023-08-16 16:47:07,286 ] 554 gensim.utils - INFO - setting ignored attribute cum_table to None
[ 2023-08-16 16:47:07,331 ] 448 gensim.utils - INFO - Doc2Vec lifecycle event {'fname': 'resumes_model_epochs_lemmetized_80.model', 'datetime': '2023-08-16T16:47:07.331806', 'gensim': '4.3.1', 'python': '3.11.4 | packaged by Anaconda, Inc. | (main, Jul  5 2023, 13:47:18) [MSC v.1916 64 bit (AMD64)]', 'platform': 'Windows-10-10.0.22621-SP0', 'event': 'loaded'}
[ 2023-08-16 16:47:07,331 ] 482 gensim.utils - INFO - loading Doc2Vec object from resumes_model_epochs_lemmetized_100.model
[ 2023-08-16 16:47:07,336 ] 516 gensim.utils - INFO - loading dv recursively from resumes_model_epochs_lemmetized_100.model.dv.* with mmap=None
[ 2023-08-16 16:47:07,336 ] 516 gensim.utils - INFO - loading wv recursively from resumes_model_epochs_lemmetized_100.model.wv.* with mmap=None
[ 2023-08-16 16:47:07,336 ] 554 gensim.utils - INFO - setting ignored attribute cum_table to None
[ 2023-08-16 16:47:07,394 ] 448 gensim.utils - INFO - Doc2Vec lifecycle event {'fname': 'resumes_model_epochs_lemmetized_100.model', 'datetime': '2023-08-16T16:47:07.394343', 'gensim': '4.3.1', 'python': '3.11.4 | packaged by Anaconda, Inc. | (main, Jul  5 2023, 13:47:18) [MSC v.1916 64 bit (AMD64)]', 'platform': 'Windows-10-10.0.22621-SP0', 'event': 'loaded'}
[ 2023-08-16 16:47:07,394 ] 482 gensim.utils - INFO - loading Doc2Vec object from resumes_model_epochs_lemmetized_150.model
[ 2023-08-16 16:47:07,398 ] 516 gensim.utils - INFO - loading dv recursively from resumes_model_epochs_lemmetized_150.model.dv.* with mmap=None
[ 2023-08-16 16:47:07,398 ] 516 gensim.utils - INFO - loading wv recursively from resumes_model_epochs_lemmetized_150.model.wv.* with mmap=None
[ 2023-08-16 16:47:07,398 ] 554 gensim.utils - INFO - setting ignored attribute cum_table to None
[ 2023-08-16 16:47:07,446 ] 448 gensim.utils - INFO - Doc2Vec lifecycle event {'fname': 'resumes_model_epochs_lemmetized_150.model', 'datetime': '2023-08-16T16:47:07.446327', 'gensim': '4.3.1', 'python': '3.11.4 | packaged by Anaconda, Inc. | (main, Jul  5 2023, 13:47:18) [MSC v.1916 64 bit (AMD64)]', 'platform': 'Windows-10-10.0.22621-SP0', 'event': 'loaded'}
[ 2023-08-16 16:47:08,757 ] 250 root - ERROR - Error while Extracting the informations: 'SKILLS'
