[ 2023-08-07 13:51:57,378 ] 669 tika.tika - ERROR - Unable to run java; is it installed?
[ 2023-08-07 13:51:57,378 ] 601 tika.tika - ERROR - Failed to receive startup confirmation from startServer.
[ 2023-08-07 13:51:57,379 ] 32 root - ERROR - Error while reading the file: Unable to start Tika server.
[ 2023-08-07 13:51:57,379 ] 20 root - ERROR - Error while reading the file: local variable 'e' referenced before assignment
[ 2023-08-07 13:51:57,379 ] 21 root - INFO - Files transformed succesfully
[ 2023-08-07 13:51:59,545 ] 669 tika.tika - ERROR - Unable to run java; is it installed?
[ 2023-08-07 13:51:59,545 ] 601 tika.tika - ERROR - Failed to receive startup confirmation from startServer.
[ 2023-08-07 13:51:59,547 ] 32 root - ERROR - Error while reading the file: Unable to start Tika server.
[ 2023-08-07 13:51:59,547 ] 20 root - ERROR - Error while reading the file: local variable 'e' referenced before assignment
[ 2023-08-07 13:51:59,547 ] 21 root - INFO - Files transformed succesfully
[ 2023-08-07 13:52:01,701 ] 669 tika.tika - ERROR - Unable to run java; is it installed?
[ 2023-08-07 13:52:01,703 ] 601 tika.tika - ERROR - Failed to receive startup confirmation from startServer.
[ 2023-08-07 13:52:01,704 ] 32 root - ERROR - Error while reading the file: Unable to start Tika server.
[ 2023-08-07 13:52:01,704 ] 20 root - ERROR - Error while reading the file: local variable 'e' referenced before assignment
[ 2023-08-07 13:52:01,704 ] 21 root - INFO - Files transformed succesfully
[ 2023-08-07 13:52:03,859 ] 669 tika.tika - ERROR - Unable to run java; is it installed?
[ 2023-08-07 13:52:03,860 ] 601 tika.tika - ERROR - Failed to receive startup confirmation from startServer.
[ 2023-08-07 13:52:03,861 ] 32 root - ERROR - Error while reading the file: Unable to start Tika server.
[ 2023-08-07 13:52:03,861 ] 20 root - ERROR - Error while reading the file: local variable 'e' referenced before assignment
[ 2023-08-07 13:52:03,861 ] 21 root - INFO - Files transformed succesfully
