[ 2023-08-24 16:36:41,242 ] 482 gensim.utils - INFO - loading Doc2Vec object from models/resume_models/resumes_model_epochs_lemmetized_150.model
[ 2023-08-24 16:36:41,246 ] 516 gensim.utils - INFO - loading dv recursively from models/resume_models/resumes_model_epochs_lemmetized_150.model.dv.* with mmap=None
[ 2023-08-24 16:36:41,246 ] 516 gensim.utils - INFO - loading wv recursively from models/resume_models/resumes_model_epochs_lemmetized_150.model.wv.* with mmap=None
[ 2023-08-24 16:36:41,246 ] 554 gensim.utils - INFO - setting ignored attribute cum_table to None
[ 2023-08-24 16:36:41,299 ] 448 gensim.utils - INFO - Doc2Vec lifecycle event {'fname': 'models/resume_models/resumes_model_epochs_lemmetized_150.model', 'datetime': '2023-08-24T16:36:41.292768', 'gensim': '4.3.1', 'python': '3.11.4 | packaged by Anaconda, Inc. | (main, Jul  5 2023, 13:47:18) [MSC v.1916 64 bit (AMD64)]', 'platform': 'Windows-10-10.0.22621-SP0', 'event': 'loaded'}
[ 2023-08-24 16:36:41,302 ] 482 gensim.utils - INFO - loading Doc2Vec object from models/resume_models/resumes_model_epochs_lemmetized_80.model
[ 2023-08-24 16:36:41,306 ] 516 gensim.utils - INFO - loading dv recursively from models/resume_models/resumes_model_epochs_lemmetized_80.model.dv.* with mmap=None
[ 2023-08-24 16:36:41,306 ] 516 gensim.utils - INFO - loading wv recursively from models/resume_models/resumes_model_epochs_lemmetized_80.model.wv.* with mmap=None
[ 2023-08-24 16:36:41,307 ] 554 gensim.utils - INFO - setting ignored attribute cum_table to None
[ 2023-08-24 16:36:41,353 ] 448 gensim.utils - INFO - Doc2Vec lifecycle event {'fname': 'models/resume_models/resumes_model_epochs_lemmetized_80.model', 'datetime': '2023-08-24T16:36:41.353768', 'gensim': '4.3.1', 'python': '3.11.4 | packaged by Anaconda, Inc. | (main, Jul  5 2023, 13:47:18) [MSC v.1916 64 bit (AMD64)]', 'platform': 'Windows-10-10.0.22621-SP0', 'event': 'loaded'}
[ 2023-08-24 16:36:41,356 ] 482 gensim.utils - INFO - loading Doc2Vec object from models/resume_models/resumes_model_epochs_lemmetized_150.model
[ 2023-08-24 16:36:41,360 ] 516 gensim.utils - INFO - loading dv recursively from models/resume_models/resumes_model_epochs_lemmetized_150.model.dv.* with mmap=None
[ 2023-08-24 16:36:41,360 ] 516 gensim.utils - INFO - loading wv recursively from models/resume_models/resumes_model_epochs_lemmetized_150.model.wv.* with mmap=None
[ 2023-08-24 16:36:41,360 ] 554 gensim.utils - INFO - setting ignored attribute cum_table to None
[ 2023-08-24 16:36:41,408 ] 448 gensim.utils - INFO - Doc2Vec lifecycle event {'fname': 'models/resume_models/resumes_model_epochs_lemmetized_150.model', 'datetime': '2023-08-24T16:36:41.408768', 'gensim': '4.3.1', 'python': '3.11.4 | packaged by Anaconda, Inc. | (main, Jul  5 2023, 13:47:18) [MSC v.1916 64 bit (AMD64)]', 'platform': 'Windows-10-10.0.22621-SP0', 'event': 'loaded'}
[ 2023-08-24 16:36:41,408 ] 482 gensim.utils - INFO - loading Doc2Vec object from models/resume_models/resumes_model_epochs_lemmetized_80.model
[ 2023-08-24 16:36:41,412 ] 516 gensim.utils - INFO - loading dv recursively from models/resume_models/resumes_model_epochs_lemmetized_80.model.dv.* with mmap=None
[ 2023-08-24 16:36:41,412 ] 516 gensim.utils - INFO - loading wv recursively from models/resume_models/resumes_model_epochs_lemmetized_80.model.wv.* with mmap=None
[ 2023-08-24 16:36:41,412 ] 554 gensim.utils - INFO - setting ignored attribute cum_table to None
[ 2023-08-24 16:36:41,472 ] 448 gensim.utils - INFO - Doc2Vec lifecycle event {'fname': 'models/resume_models/resumes_model_epochs_lemmetized_80.model', 'datetime': '2023-08-24T16:36:41.472780', 'gensim': '4.3.1', 'python': '3.11.4 | packaged by Anaconda, Inc. | (main, Jul  5 2023, 13:47:18) [MSC v.1916 64 bit (AMD64)]', 'platform': 'Windows-10-10.0.22621-SP0', 'event': 'loaded'}
