[ 2023-08-23 16:34:11,255 ] 16 root - INFO - File CV_Ahlem_Marzougui.pdf loaded successfully
[ 2023-08-23 16:34:11,255 ] 24 root - INFO - Files transformed succesfully
[ 2023-08-23 16:34:11,332 ] 16 root - INFO - File CV_Ahmed_Amamou.pdf loaded successfully
[ 2023-08-23 16:34:11,332 ] 24 root - INFO - Files transformed succesfully
[ 2023-08-23 16:34:11,448 ] 16 root - INFO - File CV_Ahmed_Dziri.pdf loaded successfully
[ 2023-08-23 16:34:11,449 ] 24 root - INFO - Files transformed succesfully
[ 2023-08-23 16:34:11,920 ] 16 root - INFO - File CV_Ahmed_Farhat.pdf loaded successfully
[ 2023-08-23 16:34:11,947 ] 24 root - INFO - Files transformed succesfully
[ 2023-08-23 16:34:12,019 ] 16 root - INFO - File CV_Amine_Gafsi.pdf loaded successfully
[ 2023-08-23 16:34:12,019 ] 24 root - INFO - Files transformed succesfully
[ 2023-08-23 16:34:12,069 ] 16 root - INFO - File CV_Amine_Ghedira.pdf loaded successfully
[ 2023-08-23 16:34:12,070 ] 24 root - INFO - Files transformed succesfully
[ 2023-08-23 16:34:12,140 ] 16 root - INFO - File CV_Anwer_Boubaker.pdf loaded successfully
[ 2023-08-23 16:34:12,141 ] 24 root - INFO - Files transformed succesfully
[ 2023-08-23 16:34:12,204 ] 16 root - INFO - File CV_Asma_Chakroun.pdf loaded successfully
[ 2023-08-23 16:34:12,204 ] 24 root - INFO - Files transformed succesfully
[ 2023-08-23 16:34:12,271 ] 16 root - INFO - File CV_Aya_Benjazia.pdf loaded successfully
[ 2023-08-23 16:34:12,271 ] 24 root - INFO - Files transformed succesfully
[ 2023-08-23 16:34:12,367 ] 16 root - INFO - File CV_Aymen_Ghnia.pdf loaded successfully
[ 2023-08-23 16:34:12,368 ] 24 root - INFO - Files transformed succesfully
[ 2023-08-23 16:34:12,422 ] 16 root - INFO - File CV_Ayoub_Ben_Latifa.pdf loaded successfully
[ 2023-08-23 16:34:12,422 ] 24 root - INFO - Files transformed succesfully
[ 2023-08-23 16:34:12,496 ] 16 root - INFO - File CV_Ben_Chaaben_Yassin.pdf loaded successfully
[ 2023-08-23 16:34:12,496 ] 24 root - INFO - Files transformed succesfully
[ 2023-08-23 16:34:12,647 ] 16 root - INFO - File CV_Chedy_Sakly.pdf loaded successfully
[ 2023-08-23 16:34:12,647 ] 24 root - INFO - Files transformed succesfully
[ 2023-08-23 16:34:12,739 ] 16 root - INFO - File CV_Donia_Chaouch.pdf loaded successfully
[ 2023-08-23 16:34:12,739 ] 24 root - INFO - Files transformed succesfully
[ 2023-08-23 16:34:12,819 ] 16 root - INFO - File CV_Eya_Rejeb.pdf loaded successfully
[ 2023-08-23 16:34:12,819 ] 24 root - INFO - Files transformed succesfully
[ 2023-08-23 16:34:12,877 ] 16 root - INFO - File CV_EYA_Sekma.pdf loaded successfully
[ 2023-08-23 16:34:12,877 ] 24 root - INFO - Files transformed succesfully
[ 2023-08-23 16:34:12,946 ] 16 root - INFO - File CV_Fadi_Zaafrane.pdf loaded successfully
[ 2023-08-23 16:34:12,946 ] 24 root - INFO - Files transformed succesfully
[ 2023-08-23 16:34:13,005 ] 16 root - INFO - File CV_Fatma_Bouzgarrou.pdf loaded successfully
[ 2023-08-23 16:34:13,005 ] 24 root - INFO - Files transformed succesfully
[ 2023-08-23 16:34:13,061 ] 16 root - INFO - File CV_Hana_Zrafi.pdf loaded successfully
[ 2023-08-23 16:34:13,061 ] 24 root - INFO - Files transformed succesfully
[ 2023-08-23 16:34:13,116 ] 16 root - INFO - File CV_Houssem_Hassani.pdf loaded successfully
[ 2023-08-23 16:34:13,116 ] 24 root - INFO - Files transformed succesfully
[ 2023-08-23 16:34:13,177 ] 16 root - INFO - File CV_Houssem_Kraiem.pdf loaded successfully
[ 2023-08-23 16:34:13,177 ] 24 root - INFO - Files transformed succesfully
[ 2023-08-23 16:34:13,236 ] 16 root - INFO - File CV_Ibrahim_Youssef.pdf loaded successfully
[ 2023-08-23 16:34:13,236 ] 24 root - INFO - Files transformed succesfully
[ 2023-08-23 16:34:13,307 ] 16 root - INFO - File CV_Ibtihel_Khdhaouria.pdf loaded successfully
[ 2023-08-23 16:34:13,307 ] 24 root - INFO - Files transformed succesfully
[ 2023-08-23 16:34:13,386 ] 16 root - INFO - File CV_Iheb_Alouane.pdf loaded successfully
[ 2023-08-23 16:34:13,386 ] 24 root - INFO - Files transformed succesfully
[ 2023-08-23 16:34:13,430 ] 16 root - INFO - File CV_Isra_Dakhlaoui.pdf loaded successfully
[ 2023-08-23 16:34:13,430 ] 24 root - INFO - Files transformed succesfully
[ 2023-08-23 16:34:13,493 ] 16 root - INFO - File CV_Khaled_Chtioui.pdf loaded successfully
[ 2023-08-23 16:34:13,493 ] 24 root - INFO - Files transformed succesfully
[ 2023-08-23 16:34:13,557 ] 16 root - INFO - File CV_khawla_belkacem.pdf loaded successfully
[ 2023-08-23 16:34:13,557 ] 24 root - INFO - Files transformed succesfully
[ 2023-08-23 16:34:13,595 ] 16 root - INFO - File CV_Lina_Ounaies.pdf loaded successfully
[ 2023-08-23 16:34:13,595 ] 24 root - INFO - Files transformed succesfully
[ 2023-08-23 16:34:13,640 ] 38 root - ERROR - Error while reading the file: 'NoneType' object has no attribute 'lower'
[ 2023-08-23 16:34:13,640 ] 23 root - ERROR - Error while reading the file: cannot access local variable 'e' where it is not associated with a value
[ 2023-08-23 16:34:13,640 ] 24 root - INFO - Files transformed succesfully
[ 2023-08-23 16:34:13,707 ] 16 root - INFO - File CV_Med_Houssem_Beltifa.pdf loaded successfully
[ 2023-08-23 16:34:13,707 ] 24 root - INFO - Files transformed succesfully
[ 2023-08-23 16:34:13,758 ] 16 root - INFO - File CV_Med_Neji_Benzarti.pdf loaded successfully
[ 2023-08-23 16:34:13,758 ] 24 root - INFO - Files transformed succesfully
[ 2023-08-23 16:34:13,793 ] 16 root - INFO - File CV_Med_Nour_Chouchene.pdf loaded successfully
[ 2023-08-23 16:34:13,793 ] 24 root - INFO - Files transformed succesfully
[ 2023-08-23 16:34:13,859 ] 16 root - INFO - File CV_Med_Oussema_Zaier.pdf loaded successfully
[ 2023-08-23 16:34:13,859 ] 24 root - INFO - Files transformed succesfully
[ 2023-08-23 16:34:13,925 ] 16 root - INFO - File CV_Mejdi_Belhadj_Youssef.pdf loaded successfully
[ 2023-08-23 16:34:13,926 ] 24 root - INFO - Files transformed succesfully
[ 2023-08-23 16:34:13,956 ] 16 root - INFO - File CV_Mihed_Hassine.pdf loaded successfully
[ 2023-08-23 16:34:13,956 ] 24 root - INFO - Files transformed succesfully
[ 2023-08-23 16:34:13,999 ] 38 root - ERROR - Error while reading the file: 'NoneType' object has no attribute 'lower'
[ 2023-08-23 16:34:13,999 ] 23 root - ERROR - Error while reading the file: cannot access local variable 'e' where it is not associated with a value
[ 2023-08-23 16:34:13,999 ] 24 root - INFO - Files transformed succesfully
[ 2023-08-23 16:34:14,096 ] 16 root - INFO - File CV_Mohamed_Fawzi_Stambouli.pdf loaded successfully
[ 2023-08-23 16:34:14,096 ] 24 root - INFO - Files transformed succesfully
[ 2023-08-23 16:34:14,156 ] 38 root - ERROR - Error while reading the file: 'NoneType' object has no attribute 'lower'
[ 2023-08-23 16:34:14,157 ] 23 root - ERROR - Error while reading the file: cannot access local variable 'e' where it is not associated with a value
[ 2023-08-23 16:34:14,157 ] 24 root - INFO - Files transformed succesfully
[ 2023-08-23 16:34:14,219 ] 16 root - INFO - File CV_Nour_Mabrouk.pdf loaded successfully
[ 2023-08-23 16:34:14,220 ] 24 root - INFO - Files transformed succesfully
[ 2023-08-23 16:34:14,288 ] 16 root - INFO - File CV_Ons_Ben_Hadj_Sghaier.pdf loaded successfully
[ 2023-08-23 16:34:14,288 ] 24 root - INFO - Files transformed succesfully
[ 2023-08-23 16:34:14,327 ] 16 root - INFO - File CV_Oumaima_Ben_Saad.pdf loaded successfully
[ 2023-08-23 16:34:14,327 ] 24 root - INFO - Files transformed succesfully
[ 2023-08-23 16:34:14,360 ] 16 root - INFO - File CV_Oumeima_Zaddem.pdf loaded successfully
[ 2023-08-23 16:34:14,360 ] 24 root - INFO - Files transformed succesfully
[ 2023-08-23 16:34:14,426 ] 16 root - INFO - File CV_Oussema_Mili.pdf loaded successfully
[ 2023-08-23 16:34:14,426 ] 24 root - INFO - Files transformed succesfully
[ 2023-08-23 16:34:14,496 ] 16 root - INFO - File CV_Rahma_Hamrouni.pdf loaded successfully
[ 2023-08-23 16:34:14,496 ] 24 root - INFO - Files transformed succesfully
[ 2023-08-23 16:34:14,527 ] 16 root - INFO - File CV_Rania_Slimene.pdf loaded successfully
[ 2023-08-23 16:34:14,529 ] 24 root - INFO - Files transformed succesfully
[ 2023-08-23 16:34:14,595 ] 16 root - INFO - File CV_Rayen_Ben_Fathallah.pdf loaded successfully
[ 2023-08-23 16:34:14,595 ] 24 root - INFO - Files transformed succesfully
[ 2023-08-23 16:34:14,663 ] 16 root - INFO - File CV_Rima_Jerbi.pdf loaded successfully
[ 2023-08-23 16:34:14,663 ] 24 root - INFO - Files transformed succesfully
[ 2023-08-23 16:34:14,723 ] 16 root - INFO - File CV_Rim_Thabet.pdf loaded successfully
[ 2023-08-23 16:34:14,723 ] 24 root - INFO - Files transformed succesfully
[ 2023-08-23 16:34:14,784 ] 16 root - INFO - File CV_Saber_ben slama.pdf loaded successfully
[ 2023-08-23 16:34:14,784 ] 24 root - INFO - Files transformed succesfully
[ 2023-08-23 16:34:14,842 ] 16 root - INFO - File CV_Sanda_Dhouib.pdf loaded successfully
[ 2023-08-23 16:34:14,842 ] 24 root - INFO - Files transformed succesfully
[ 2023-08-23 16:34:14,882 ] 16 root - INFO - File CV_Sarra_Bannour.pdf loaded successfully
[ 2023-08-23 16:34:14,882 ] 24 root - INFO - Files transformed succesfully
[ 2023-08-23 16:34:14,906 ] 16 root - INFO - File CV_Sarra_Laribi.pdf loaded successfully
[ 2023-08-23 16:34:14,906 ] 24 root - INFO - Files transformed succesfully
[ 2023-08-23 16:34:14,944 ] 16 root - INFO - File CV_Souheyl_Gouadria.pdf loaded successfully
[ 2023-08-23 16:34:14,944 ] 24 root - INFO - Files transformed succesfully
[ 2023-08-23 16:34:14,989 ] 38 root - ERROR - Error while reading the file: 'NoneType' object has no attribute 'lower'
[ 2023-08-23 16:34:14,990 ] 23 root - ERROR - Error while reading the file: cannot access local variable 'e' where it is not associated with a value
[ 2023-08-23 16:34:14,990 ] 24 root - INFO - Files transformed succesfully
[ 2023-08-23 16:34:15,061 ] 16 root - INFO - File CV_Teyssir_Taieb.pdf loaded successfully
[ 2023-08-23 16:34:15,061 ] 24 root - INFO - Files transformed succesfully
[ 2023-08-23 16:34:15,130 ] 16 root - INFO - File CV_Wael_Antar.pdf loaded successfully
[ 2023-08-23 16:34:15,130 ] 24 root - INFO - Files transformed succesfully
[ 2023-08-23 16:34:15,169 ] 38 root - ERROR - Error while reading the file: 'NoneType' object has no attribute 'lower'
[ 2023-08-23 16:34:15,170 ] 23 root - ERROR - Error while reading the file: cannot access local variable 'e' where it is not associated with a value
[ 2023-08-23 16:34:15,170 ] 24 root - INFO - Files transformed succesfully
[ 2023-08-23 16:34:15,214 ] 16 root - INFO - File CV_Wajdi_Zayane.pdf loaded successfully
[ 2023-08-23 16:34:15,214 ] 24 root - INFO - Files transformed succesfully
[ 2023-08-23 16:34:15,287 ] 16 root - INFO - File CV_Wissem_Boujlida.pdf loaded successfully
[ 2023-08-23 16:34:15,288 ] 24 root - INFO - Files transformed succesfully
[ 2023-08-23 16:34:15,359 ] 16 root - INFO - File CV_Yasmine_Bizid.pdf loaded successfully
[ 2023-08-23 16:34:15,359 ] 24 root - INFO - Files transformed succesfully
[ 2023-08-23 16:34:15,422 ] 16 root - INFO - File CV_Yassine_Afsa.pdf loaded successfully
[ 2023-08-23 16:34:15,422 ] 24 root - INFO - Files transformed succesfully
[ 2023-08-23 16:34:15,518 ] 16 root - INFO - File CV_Yessine_Miled.pdf loaded successfully
[ 2023-08-23 16:34:15,518 ] 24 root - INFO - Files transformed succesfully
[ 2023-08-23 16:34:15,582 ] 16 root - INFO - File CV_Zaddem_Raslèn.pdf loaded successfully
[ 2023-08-23 16:34:15,583 ] 24 root - INFO - Files transformed succesfully
[ 2023-08-23 16:34:15,642 ] 16 root - INFO - File CV_Zeineb_Bachouch.pdf loaded successfully
[ 2023-08-23 16:34:15,642 ] 24 root - INFO - Files transformed succesfully
[ 2023-08-23 16:34:15,730 ] 16 root - INFO - File Dziri Ahmed - Resume (1).pdf loaded successfully
[ 2023-08-23 16:34:15,731 ] 24 root - INFO - Files transformed succesfully
[ 2023-08-23 16:34:15,794 ] 16 root - INFO - File experience.pdf loaded successfully
[ 2023-08-23 16:34:15,795 ] 24 root - INFO - Files transformed succesfully
[ 2023-08-23 16:34:15,857 ] 16 root - INFO - File laravel.pdf loaded successfully
[ 2023-08-23 16:34:15,857 ] 24 root - INFO - Files transformed succesfully
[ 2023-08-23 16:34:15,913 ] 16 root - INFO - File rayen_data.pdf loaded successfully
[ 2023-08-23 16:34:15,913 ] 24 root - INFO - Files transformed succesfully
[ 2023-08-23 16:34:15,989 ] 16 root - INFO - File react_native.pdf loaded successfully
[ 2023-08-23 16:34:15,989 ] 24 root - INFO - Files transformed succesfully
[ 2023-08-23 16:34:16,014 ] 16 root - INFO - File scrum_master.pdf loaded successfully
[ 2023-08-23 16:34:16,014 ] 24 root - INFO - Files transformed succesfully
[ 2023-08-23 16:34:16,068 ] 16 root - INFO - File yessine Meddeb_cv.pdf loaded successfully
[ 2023-08-23 16:34:16,068 ] 24 root - INFO - Files transformed succesfully
[ 2023-08-23 16:34:40,819 ] 263 root - ERROR - Error while Extracting the informations: 'SKILLS'
[ 2023-08-23 16:34:55,487 ] 263 root - ERROR - Error while Extracting the informations: 'SKILLS'
[ 2023-08-23 16:35:13,337 ] 263 root - ERROR - Error while Extracting the informations: 'SKILLS'
[ 2023-08-23 16:35:21,821 ] 263 root - ERROR - Error while Extracting the informations: 'SKILLS'
[ 2023-08-23 16:35:41,232 ] 263 root - ERROR - Error while Extracting the informations: 'SKILLS'
[ 2023-08-23 16:36:13,904 ] 263 root - ERROR - Error while Extracting the informations: 'SKILLS'
