[ 2023-08-22 17:06:05,398 ] 16 root - INFO - File CV_Ahlem_Marzougui.pdf loaded successfully
[ 2023-08-22 17:06:05,398 ] 24 root - INFO - Files transformed succesfully
[ 2023-08-22 17:06:05,412 ] 16 root - INFO - File CV_Ahmed_Amamou.pdf loaded successfully
[ 2023-08-22 17:06:05,413 ] 24 root - INFO - Files transformed succesfully
[ 2023-08-22 17:06:05,456 ] 16 root - INFO - File CV_Ahmed_Dziri.pdf loaded successfully
[ 2023-08-22 17:06:05,457 ] 24 root - INFO - Files transformed succesfully
[ 2023-08-22 17:06:05,554 ] 16 root - INFO - File CV_Ahmed_Farhat.pdf loaded successfully
[ 2023-08-22 17:06:05,558 ] 24 root - INFO - Files transformed succesfully
[ 2023-08-22 17:06:05,600 ] 16 root - INFO - File CV_Amine_Gafsi.pdf loaded successfully
[ 2023-08-22 17:06:05,600 ] 24 root - INFO - Files transformed succesfully
[ 2023-08-22 17:06:05,636 ] 16 root - INFO - File CV_Amine_Ghedira.pdf loaded successfully
[ 2023-08-22 17:06:05,636 ] 24 root - INFO - Files transformed succesfully
[ 2023-08-22 17:06:05,685 ] 16 root - INFO - File CV_Anwer_Boubaker.pdf loaded successfully
[ 2023-08-22 17:06:05,685 ] 24 root - INFO - Files transformed succesfully
[ 2023-08-22 17:06:05,719 ] 16 root - INFO - File CV_Asma_Chakroun.pdf loaded successfully
[ 2023-08-22 17:06:05,719 ] 24 root - INFO - Files transformed succesfully
[ 2023-08-22 17:06:05,747 ] 16 root - INFO - File CV_Aya_Benjazia.pdf loaded successfully
[ 2023-08-22 17:06:05,747 ] 24 root - INFO - Files transformed succesfully
[ 2023-08-22 17:06:05,792 ] 16 root - INFO - File CV_Aymen_Ghnia.pdf loaded successfully
[ 2023-08-22 17:06:05,792 ] 24 root - INFO - Files transformed succesfully
[ 2023-08-22 17:06:05,818 ] 16 root - INFO - File CV_Ayoub_Ben_Latifa.pdf loaded successfully
[ 2023-08-22 17:06:05,818 ] 24 root - INFO - Files transformed succesfully
[ 2023-08-22 17:06:05,877 ] 16 root - INFO - File CV_Ben_Chaaben_Yassin.pdf loaded successfully
[ 2023-08-22 17:06:05,877 ] 24 root - INFO - Files transformed succesfully
[ 2023-08-22 17:06:05,930 ] 16 root - INFO - File CV_Chedy_Sakly.pdf loaded successfully
[ 2023-08-22 17:06:05,930 ] 24 root - INFO - Files transformed succesfully
[ 2023-08-22 17:06:05,981 ] 16 root - INFO - File CV_Donia_Chaouch.pdf loaded successfully
[ 2023-08-22 17:06:05,981 ] 24 root - INFO - Files transformed succesfully
[ 2023-08-22 17:06:06,028 ] 16 root - INFO - File CV_Eya_Rejeb.pdf loaded successfully
[ 2023-08-22 17:06:06,028 ] 24 root - INFO - Files transformed succesfully
[ 2023-08-22 17:06:06,041 ] 16 root - INFO - File CV_EYA_Sekma.pdf loaded successfully
[ 2023-08-22 17:06:06,041 ] 24 root - INFO - Files transformed succesfully
[ 2023-08-22 17:06:06,072 ] 16 root - INFO - File CV_Fadi_Zaafrane.pdf loaded successfully
[ 2023-08-22 17:06:06,073 ] 24 root - INFO - Files transformed succesfully
[ 2023-08-22 17:06:06,113 ] 16 root - INFO - File CV_Fatma_Bouzgarrou.pdf loaded successfully
[ 2023-08-22 17:06:06,113 ] 24 root - INFO - Files transformed succesfully
[ 2023-08-22 17:06:06,137 ] 16 root - INFO - File CV_Hana_Zrafi.pdf loaded successfully
[ 2023-08-22 17:06:06,137 ] 24 root - INFO - Files transformed succesfully
[ 2023-08-22 17:06:06,144 ] 16 root - INFO - File CV_Houssem_Hassani.pdf loaded successfully
[ 2023-08-22 17:06:06,145 ] 24 root - INFO - Files transformed succesfully
[ 2023-08-22 17:06:06,178 ] 16 root - INFO - File CV_Houssem_Kraiem.pdf loaded successfully
[ 2023-08-22 17:06:06,179 ] 24 root - INFO - Files transformed succesfully
[ 2023-08-22 17:06:06,250 ] 16 root - INFO - File CV_Ibrahim_Youssef.pdf loaded successfully
[ 2023-08-22 17:06:06,250 ] 24 root - INFO - Files transformed succesfully
[ 2023-08-22 17:06:06,288 ] 16 root - INFO - File CV_Ibtihel_Khdhaouria.pdf loaded successfully
[ 2023-08-22 17:06:06,288 ] 24 root - INFO - Files transformed succesfully
[ 2023-08-22 17:06:06,341 ] 16 root - INFO - File CV_Iheb_Alouane.pdf loaded successfully
[ 2023-08-22 17:06:06,341 ] 24 root - INFO - Files transformed succesfully
[ 2023-08-22 17:06:06,373 ] 16 root - INFO - File CV_Isra_Dakhlaoui.pdf loaded successfully
[ 2023-08-22 17:06:06,373 ] 24 root - INFO - Files transformed succesfully
[ 2023-08-22 17:06:06,410 ] 16 root - INFO - File CV_Khaled_Chtioui.pdf loaded successfully
[ 2023-08-22 17:06:06,411 ] 24 root - INFO - Files transformed succesfully
[ 2023-08-22 17:06:06,445 ] 16 root - INFO - File CV_khawla_belkacem.pdf loaded successfully
[ 2023-08-22 17:06:06,446 ] 24 root - INFO - Files transformed succesfully
[ 2023-08-22 17:06:06,492 ] 16 root - INFO - File CV_Lina_Ounaies.pdf loaded successfully
[ 2023-08-22 17:06:06,492 ] 24 root - INFO - Files transformed succesfully
[ 2023-08-22 17:06:06,522 ] 37 root - ERROR - Error while reading the file: 'NoneType' object has no attribute 'lower'
[ 2023-08-22 17:06:06,522 ] 23 root - ERROR - Error while reading the file: cannot access local variable 'e' where it is not associated with a value
[ 2023-08-22 17:06:06,522 ] 24 root - INFO - Files transformed succesfully
[ 2023-08-22 17:06:06,578 ] 16 root - INFO - File CV_Med_Houssem_Beltifa.pdf loaded successfully
[ 2023-08-22 17:06:06,578 ] 24 root - INFO - Files transformed succesfully
[ 2023-08-22 17:06:06,609 ] 16 root - INFO - File CV_Med_Neji_Benzarti.pdf loaded successfully
[ 2023-08-22 17:06:06,609 ] 24 root - INFO - Files transformed succesfully
[ 2023-08-22 17:06:06,633 ] 16 root - INFO - File CV_Med_Nour_Chouchene.pdf loaded successfully
[ 2023-08-22 17:06:06,633 ] 24 root - INFO - Files transformed succesfully
[ 2023-08-22 17:06:06,674 ] 16 root - INFO - File CV_Med_Oussema_Zaier.pdf loaded successfully
[ 2023-08-22 17:06:06,674 ] 24 root - INFO - Files transformed succesfully
[ 2023-08-22 17:06:06,712 ] 16 root - INFO - File CV_Mejdi_Belhadj_Youssef.pdf loaded successfully
[ 2023-08-22 17:06:06,712 ] 24 root - INFO - Files transformed succesfully
[ 2023-08-22 17:06:06,750 ] 16 root - INFO - File CV_Mihed_Hassine.pdf loaded successfully
[ 2023-08-22 17:06:06,750 ] 24 root - INFO - Files transformed succesfully
[ 2023-08-22 17:06:06,774 ] 37 root - ERROR - Error while reading the file: 'NoneType' object has no attribute 'lower'
[ 2023-08-22 17:06:06,774 ] 23 root - ERROR - Error while reading the file: cannot access local variable 'e' where it is not associated with a value
[ 2023-08-22 17:06:06,774 ] 24 root - INFO - Files transformed succesfully
[ 2023-08-22 17:06:06,826 ] 16 root - INFO - File CV_Mohamed_Fawzi_Stambouli.pdf loaded successfully
[ 2023-08-22 17:06:06,826 ] 24 root - INFO - Files transformed succesfully
[ 2023-08-22 17:06:06,854 ] 37 root - ERROR - Error while reading the file: 'NoneType' object has no attribute 'lower'
[ 2023-08-22 17:06:06,854 ] 23 root - ERROR - Error while reading the file: cannot access local variable 'e' where it is not associated with a value
[ 2023-08-22 17:06:06,854 ] 24 root - INFO - Files transformed succesfully
[ 2023-08-22 17:06:06,896 ] 16 root - INFO - File CV_Nour_Mabrouk.pdf loaded successfully
[ 2023-08-22 17:06:06,896 ] 24 root - INFO - Files transformed succesfully
[ 2023-08-22 17:06:06,955 ] 16 root - INFO - File CV_Ons_Ben_Hadj_Sghaier.pdf loaded successfully
[ 2023-08-22 17:06:06,955 ] 24 root - INFO - Files transformed succesfully
[ 2023-08-22 17:06:06,985 ] 16 root - INFO - File CV_Oumaima_Ben_Saad.pdf loaded successfully
[ 2023-08-22 17:06:06,985 ] 24 root - INFO - Files transformed succesfully
[ 2023-08-22 17:06:06,997 ] 16 root - INFO - File CV_Oumeima_Zaddem.pdf loaded successfully
[ 2023-08-22 17:06:06,997 ] 24 root - INFO - Files transformed succesfully
[ 2023-08-22 17:06:07,039 ] 16 root - INFO - File CV_Oussema_Mili.pdf loaded successfully
[ 2023-08-22 17:06:07,040 ] 24 root - INFO - Files transformed succesfully
[ 2023-08-22 17:06:07,081 ] 16 root - INFO - File CV_Rahma_Hamrouni.pdf loaded successfully
[ 2023-08-22 17:06:07,081 ] 24 root - INFO - Files transformed succesfully
[ 2023-08-22 17:06:07,112 ] 16 root - INFO - File CV_Rania_Slimene.pdf loaded successfully
[ 2023-08-22 17:06:07,112 ] 24 root - INFO - Files transformed succesfully
[ 2023-08-22 17:06:07,137 ] 16 root - INFO - File CV_Rayen_Ben_Fathallah.pdf loaded successfully
[ 2023-08-22 17:06:07,138 ] 24 root - INFO - Files transformed succesfully
[ 2023-08-22 17:06:07,180 ] 16 root - INFO - File CV_Rima_Jerbi.pdf loaded successfully
[ 2023-08-22 17:06:07,180 ] 24 root - INFO - Files transformed succesfully
[ 2023-08-22 17:06:07,236 ] 16 root - INFO - File CV_Rim_Thabet.pdf loaded successfully
[ 2023-08-22 17:06:07,236 ] 24 root - INFO - Files transformed succesfully
[ 2023-08-22 17:06:07,272 ] 16 root - INFO - File CV_Saber_ben slama.pdf loaded successfully
[ 2023-08-22 17:06:07,273 ] 24 root - INFO - Files transformed succesfully
[ 2023-08-22 17:06:07,325 ] 16 root - INFO - File CV_Sanda_Dhouib.pdf loaded successfully
[ 2023-08-22 17:06:07,325 ] 24 root - INFO - Files transformed succesfully
[ 2023-08-22 17:06:07,369 ] 16 root - INFO - File CV_Sarra_Bannour.pdf loaded successfully
[ 2023-08-22 17:06:07,369 ] 24 root - INFO - Files transformed succesfully
[ 2023-08-22 17:06:07,403 ] 16 root - INFO - File CV_Sarra_Laribi.pdf loaded successfully
[ 2023-08-22 17:06:07,404 ] 24 root - INFO - Files transformed succesfully
[ 2023-08-22 17:06:07,445 ] 16 root - INFO - File CV_Souheyl_Gouadria.pdf loaded successfully
[ 2023-08-22 17:06:07,445 ] 24 root - INFO - Files transformed succesfully
[ 2023-08-22 17:06:07,482 ] 37 root - ERROR - Error while reading the file: 'NoneType' object has no attribute 'lower'
[ 2023-08-22 17:06:07,483 ] 23 root - ERROR - Error while reading the file: cannot access local variable 'e' where it is not associated with a value
[ 2023-08-22 17:06:07,483 ] 24 root - INFO - Files transformed succesfully
[ 2023-08-22 17:06:07,528 ] 16 root - INFO - File CV_Teyssir_Taieb.pdf loaded successfully
[ 2023-08-22 17:06:07,529 ] 24 root - INFO - Files transformed succesfully
[ 2023-08-22 17:06:07,565 ] 16 root - INFO - File CV_Wael_Antar.pdf loaded successfully
[ 2023-08-22 17:06:07,565 ] 24 root - INFO - Files transformed succesfully
[ 2023-08-22 17:06:07,571 ] 37 root - ERROR - Error while reading the file: 'NoneType' object has no attribute 'lower'
[ 2023-08-22 17:06:07,571 ] 23 root - ERROR - Error while reading the file: cannot access local variable 'e' where it is not associated with a value
[ 2023-08-22 17:06:07,571 ] 24 root - INFO - Files transformed succesfully
[ 2023-08-22 17:06:07,614 ] 16 root - INFO - File CV_Wajdi_Zayane.pdf loaded successfully
[ 2023-08-22 17:06:07,614 ] 24 root - INFO - Files transformed succesfully
[ 2023-08-22 17:06:07,644 ] 16 root - INFO - File CV_Wissem_Boujlida.pdf loaded successfully
[ 2023-08-22 17:06:07,644 ] 24 root - INFO - Files transformed succesfully
[ 2023-08-22 17:06:07,671 ] 16 root - INFO - File CV_Yasmine_Bizid.pdf loaded successfully
[ 2023-08-22 17:06:07,672 ] 24 root - INFO - Files transformed succesfully
[ 2023-08-22 17:06:07,726 ] 16 root - INFO - File CV_Yassine_Afsa.pdf loaded successfully
[ 2023-08-22 17:06:07,727 ] 24 root - INFO - Files transformed succesfully
[ 2023-08-22 17:06:07,783 ] 16 root - INFO - File CV_Yessine_Miled.pdf loaded successfully
[ 2023-08-22 17:06:07,783 ] 24 root - INFO - Files transformed succesfully
[ 2023-08-22 17:06:07,824 ] 16 root - INFO - File CV_Zaddem_Raslèn.pdf loaded successfully
[ 2023-08-22 17:06:07,824 ] 24 root - INFO - Files transformed succesfully
[ 2023-08-22 17:06:07,873 ] 16 root - INFO - File CV_Zeineb_Bachouch.pdf loaded successfully
[ 2023-08-22 17:06:07,873 ] 24 root - INFO - Files transformed succesfully
[ 2023-08-22 17:06:07,919 ] 16 root - INFO - File Dziri Ahmed - Resume (1).pdf loaded successfully
[ 2023-08-22 17:06:07,919 ] 24 root - INFO - Files transformed succesfully
[ 2023-08-22 17:06:07,947 ] 16 root - INFO - File experience.pdf loaded successfully
[ 2023-08-22 17:06:07,947 ] 24 root - INFO - Files transformed succesfully
[ 2023-08-22 17:06:07,970 ] 16 root - INFO - File laravel.pdf loaded successfully
[ 2023-08-22 17:06:07,971 ] 24 root - INFO - Files transformed succesfully
[ 2023-08-22 17:06:08,029 ] 16 root - INFO - File rayen_data.pdf loaded successfully
[ 2023-08-22 17:06:08,030 ] 24 root - INFO - Files transformed succesfully
[ 2023-08-22 17:06:08,079 ] 16 root - INFO - File react_native.pdf loaded successfully
[ 2023-08-22 17:06:08,079 ] 24 root - INFO - Files transformed succesfully
[ 2023-08-22 17:06:09,615 ] 16 root - INFO - File resumes.csv loaded successfully
[ 2023-08-22 17:06:09,615 ] 24 root - INFO - Files transformed succesfully
[ 2023-08-22 17:06:09,643 ] 16 root - INFO - File scrum_master.pdf loaded successfully
[ 2023-08-22 17:06:09,643 ] 24 root - INFO - Files transformed succesfully
[ 2023-08-22 17:06:09,658 ] 16 root - INFO - File yessine Meddeb_cv.pdf loaded successfully
[ 2023-08-22 17:06:09,658 ] 24 root - INFO - Files transformed succesfully
