[ 2023-08-16 17:07:11,907 ] 16 root - INFO - File CV_Ahlem_Marzougui.pdf loaded successfully
[ 2023-08-16 17:07:11,907 ] 24 root - INFO - Files transformed succesfully
[ 2023-08-16 17:07:11,940 ] 16 root - INFO - File CV_Ahmed_Amamou.pdf loaded successfully
[ 2023-08-16 17:07:11,940 ] 24 root - INFO - Files transformed succesfully
[ 2023-08-16 17:07:11,968 ] 16 root - INFO - File CV_Ahmed_Dziri.pdf loaded successfully
[ 2023-08-16 17:07:11,968 ] 24 root - INFO - Files transformed succesfully
[ 2023-08-16 17:07:12,142 ] 16 root - INFO - File CV_Ahmed_Farhat.pdf loaded successfully
[ 2023-08-16 17:07:12,143 ] 24 root - INFO - Files transformed succesfully
[ 2023-08-16 17:07:12,183 ] 16 root - INFO - File CV_Amine_Gafsi.pdf loaded successfully
[ 2023-08-16 17:07:12,183 ] 24 root - INFO - Files transformed succesfully
[ 2023-08-16 17:07:12,223 ] 16 root - INFO - File CV_Amine_Ghedira.pdf loaded successfully
[ 2023-08-16 17:07:12,223 ] 24 root - INFO - Files transformed succesfully
[ 2023-08-16 17:07:12,265 ] 16 root - INFO - File CV_Anwer_Boubaker.pdf loaded successfully
[ 2023-08-16 17:07:12,265 ] 24 root - INFO - Files transformed succesfully
[ 2023-08-16 17:07:12,329 ] 16 root - INFO - File CV_Asma_Chakroun.pdf loaded successfully
[ 2023-08-16 17:07:12,329 ] 24 root - INFO - Files transformed succesfully
[ 2023-08-16 17:07:12,393 ] 16 root - INFO - File CV_Aya_Benjazia.pdf loaded successfully
[ 2023-08-16 17:07:12,393 ] 24 root - INFO - Files transformed succesfully
[ 2023-08-16 17:07:12,466 ] 16 root - INFO - File CV_Aymen_Ghnia.pdf loaded successfully
[ 2023-08-16 17:07:12,466 ] 24 root - INFO - Files transformed succesfully
[ 2023-08-16 17:07:12,515 ] 16 root - INFO - File CV_Ayoub_Ben_Latifa.pdf loaded successfully
[ 2023-08-16 17:07:12,515 ] 24 root - INFO - Files transformed succesfully
[ 2023-08-16 17:07:12,563 ] 16 root - INFO - File CV_Ben_Chaaben_Yassin.pdf loaded successfully
[ 2023-08-16 17:07:12,563 ] 24 root - INFO - Files transformed succesfully
[ 2023-08-16 17:07:12,611 ] 16 root - INFO - File CV_Chedy_Sakly.pdf loaded successfully
[ 2023-08-16 17:07:12,611 ] 24 root - INFO - Files transformed succesfully
[ 2023-08-16 17:07:12,657 ] 16 root - INFO - File CV_Donia_Chaouch.pdf loaded successfully
[ 2023-08-16 17:07:12,657 ] 24 root - INFO - Files transformed succesfully
[ 2023-08-16 17:07:12,732 ] 16 root - INFO - File CV_Eya_Rejeb.pdf loaded successfully
[ 2023-08-16 17:07:12,732 ] 24 root - INFO - Files transformed succesfully
[ 2023-08-16 17:07:12,780 ] 16 root - INFO - File CV_EYA_Sekma.pdf loaded successfully
[ 2023-08-16 17:07:12,780 ] 24 root - INFO - Files transformed succesfully
[ 2023-08-16 17:07:12,819 ] 16 root - INFO - File CV_Fadi_Zaafrane.pdf loaded successfully
[ 2023-08-16 17:07:12,819 ] 24 root - INFO - Files transformed succesfully
[ 2023-08-16 17:07:12,875 ] 16 root - INFO - File CV_Fatma_Bouzgarrou.pdf loaded successfully
[ 2023-08-16 17:07:12,876 ] 24 root - INFO - Files transformed succesfully
[ 2023-08-16 17:07:12,965 ] 16 root - INFO - File CV_Hana_Zrafi.pdf loaded successfully
[ 2023-08-16 17:07:12,965 ] 24 root - INFO - Files transformed succesfully
[ 2023-08-16 17:07:12,997 ] 16 root - INFO - File CV_Houssem_Hassani.pdf loaded successfully
[ 2023-08-16 17:07:12,997 ] 24 root - INFO - Files transformed succesfully
[ 2023-08-16 17:07:13,054 ] 16 root - INFO - File CV_Houssem_Kraiem.pdf loaded successfully
[ 2023-08-16 17:07:13,054 ] 24 root - INFO - Files transformed succesfully
[ 2023-08-16 17:07:13,109 ] 16 root - INFO - File CV_Ibrahim_Youssef.pdf loaded successfully
[ 2023-08-16 17:07:13,110 ] 24 root - INFO - Files transformed succesfully
[ 2023-08-16 17:07:13,152 ] 16 root - INFO - File CV_Ibtihel_Khdhaouria.pdf loaded successfully
[ 2023-08-16 17:07:13,152 ] 24 root - INFO - Files transformed succesfully
[ 2023-08-16 17:07:13,171 ] 16 root - INFO - File CV_Iheb_Alouane.pdf loaded successfully
[ 2023-08-16 17:07:13,171 ] 24 root - INFO - Files transformed succesfully
[ 2023-08-16 17:07:13,204 ] 16 root - INFO - File CV_Isra_Dakhlaoui.pdf loaded successfully
[ 2023-08-16 17:07:13,205 ] 24 root - INFO - Files transformed succesfully
[ 2023-08-16 17:07:13,231 ] 16 root - INFO - File CV_Khaled_Chtioui.pdf loaded successfully
[ 2023-08-16 17:07:13,231 ] 24 root - INFO - Files transformed succesfully
[ 2023-08-16 17:07:13,272 ] 16 root - INFO - File CV_khawla_belkacem.pdf loaded successfully
[ 2023-08-16 17:07:13,272 ] 24 root - INFO - Files transformed succesfully
[ 2023-08-16 17:07:13,283 ] 16 root - INFO - File CV_Lina_Ounaies.pdf loaded successfully
[ 2023-08-16 17:07:13,283 ] 24 root - INFO - Files transformed succesfully
[ 2023-08-16 17:07:13,320 ] 35 root - ERROR - Error while reading the file: 'NoneType' object has no attribute 'lower'
[ 2023-08-16 17:07:13,320 ] 23 root - ERROR - Error while reading the file: cannot access local variable 'e' where it is not associated with a value
[ 2023-08-16 17:07:13,320 ] 24 root - INFO - Files transformed succesfully
[ 2023-08-16 17:07:13,353 ] 16 root - INFO - File CV_Med_Houssem_Beltifa.pdf loaded successfully
[ 2023-08-16 17:07:13,353 ] 24 root - INFO - Files transformed succesfully
[ 2023-08-16 17:07:13,374 ] 16 root - INFO - File CV_Med_Neji_Benzarti.pdf loaded successfully
[ 2023-08-16 17:07:13,375 ] 24 root - INFO - Files transformed succesfully
[ 2023-08-16 17:07:13,395 ] 16 root - INFO - File CV_Med_Nour_Chouchene.pdf loaded successfully
[ 2023-08-16 17:07:13,395 ] 24 root - INFO - Files transformed succesfully
[ 2023-08-16 17:07:13,434 ] 16 root - INFO - File CV_Med_Oussema_Zaier.pdf loaded successfully
[ 2023-08-16 17:07:13,434 ] 24 root - INFO - Files transformed succesfully
[ 2023-08-16 17:07:13,455 ] 16 root - INFO - File CV_Mejdi_Belhadj_Youssef.pdf loaded successfully
[ 2023-08-16 17:07:13,455 ] 24 root - INFO - Files transformed succesfully
[ 2023-08-16 17:07:13,508 ] 16 root - INFO - File CV_Mihed_Hassine.pdf loaded successfully
[ 2023-08-16 17:07:13,508 ] 24 root - INFO - Files transformed succesfully
[ 2023-08-16 17:07:13,536 ] 35 root - ERROR - Error while reading the file: 'NoneType' object has no attribute 'lower'
[ 2023-08-16 17:07:13,536 ] 23 root - ERROR - Error while reading the file: cannot access local variable 'e' where it is not associated with a value
[ 2023-08-16 17:07:13,536 ] 24 root - INFO - Files transformed succesfully
[ 2023-08-16 17:07:13,592 ] 16 root - INFO - File CV_Mohamed_Fawzi_Stambouli.pdf loaded successfully
[ 2023-08-16 17:07:13,592 ] 24 root - INFO - Files transformed succesfully
[ 2023-08-16 17:07:13,615 ] 35 root - ERROR - Error while reading the file: 'NoneType' object has no attribute 'lower'
[ 2023-08-16 17:07:13,615 ] 23 root - ERROR - Error while reading the file: cannot access local variable 'e' where it is not associated with a value
[ 2023-08-16 17:07:13,615 ] 24 root - INFO - Files transformed succesfully
[ 2023-08-16 17:07:13,650 ] 16 root - INFO - File CV_Nour_Mabrouk.pdf loaded successfully
[ 2023-08-16 17:07:13,650 ] 24 root - INFO - Files transformed succesfully
[ 2023-08-16 17:07:13,688 ] 16 root - INFO - File CV_Ons_Ben_Hadj_Sghaier.pdf loaded successfully
[ 2023-08-16 17:07:13,689 ] 24 root - INFO - Files transformed succesfully
[ 2023-08-16 17:07:13,719 ] 16 root - INFO - File CV_Oumaima_Ben_Saad.pdf loaded successfully
[ 2023-08-16 17:07:13,720 ] 24 root - INFO - Files transformed succesfully
[ 2023-08-16 17:07:13,736 ] 16 root - INFO - File CV_Oumeima_Zaddem.pdf loaded successfully
[ 2023-08-16 17:07:13,736 ] 24 root - INFO - Files transformed succesfully
[ 2023-08-16 17:07:13,792 ] 16 root - INFO - File CV_Oussema_Mili.pdf loaded successfully
[ 2023-08-16 17:07:13,793 ] 24 root - INFO - Files transformed succesfully
[ 2023-08-16 17:07:13,813 ] 16 root - INFO - File CV_Rahma_Hamrouni.pdf loaded successfully
[ 2023-08-16 17:07:13,813 ] 24 root - INFO - Files transformed succesfully
[ 2023-08-16 17:07:13,849 ] 16 root - INFO - File CV_Rania_Slimene.pdf loaded successfully
[ 2023-08-16 17:07:13,849 ] 24 root - INFO - Files transformed succesfully
[ 2023-08-16 17:07:13,866 ] 16 root - INFO - File CV_Rayen_Ben_Fathallah.pdf loaded successfully
[ 2023-08-16 17:07:13,867 ] 24 root - INFO - Files transformed succesfully
[ 2023-08-16 17:07:13,895 ] 16 root - INFO - File CV_Rima_Jerbi.pdf loaded successfully
[ 2023-08-16 17:07:13,895 ] 24 root - INFO - Files transformed succesfully
[ 2023-08-16 17:07:13,931 ] 16 root - INFO - File CV_Rim_Thabet.pdf loaded successfully
[ 2023-08-16 17:07:13,931 ] 24 root - INFO - Files transformed succesfully
[ 2023-08-16 17:07:13,946 ] 16 root - INFO - File CV_Saber_ben slama.pdf loaded successfully
[ 2023-08-16 17:07:13,946 ] 24 root - INFO - Files transformed succesfully
[ 2023-08-16 17:07:13,966 ] 16 root - INFO - File CV_Sanda_Dhouib.pdf loaded successfully
[ 2023-08-16 17:07:13,966 ] 24 root - INFO - Files transformed succesfully
[ 2023-08-16 17:07:13,994 ] 16 root - INFO - File CV_Sarra_Bannour.pdf loaded successfully
[ 2023-08-16 17:07:13,994 ] 24 root - INFO - Files transformed succesfully
[ 2023-08-16 17:07:14,007 ] 16 root - INFO - File CV_Sarra_Laribi.pdf loaded successfully
[ 2023-08-16 17:07:14,007 ] 24 root - INFO - Files transformed succesfully
[ 2023-08-16 17:07:14,022 ] 16 root - INFO - File CV_Souheyl_Gouadria.pdf loaded successfully
[ 2023-08-16 17:07:14,022 ] 24 root - INFO - Files transformed succesfully
[ 2023-08-16 17:07:14,050 ] 35 root - ERROR - Error while reading the file: 'NoneType' object has no attribute 'lower'
[ 2023-08-16 17:07:14,050 ] 23 root - ERROR - Error while reading the file: cannot access local variable 'e' where it is not associated with a value
[ 2023-08-16 17:07:14,050 ] 24 root - INFO - Files transformed succesfully
[ 2023-08-16 17:07:14,090 ] 16 root - INFO - File CV_Teyssir_Taieb.pdf loaded successfully
[ 2023-08-16 17:07:14,090 ] 24 root - INFO - Files transformed succesfully
[ 2023-08-16 17:07:14,122 ] 16 root - INFO - File CV_Wael_Antar.pdf loaded successfully
[ 2023-08-16 17:07:14,122 ] 24 root - INFO - Files transformed succesfully
[ 2023-08-16 17:07:14,145 ] 35 root - ERROR - Error while reading the file: 'NoneType' object has no attribute 'lower'
[ 2023-08-16 17:07:14,146 ] 23 root - ERROR - Error while reading the file: cannot access local variable 'e' where it is not associated with a value
[ 2023-08-16 17:07:14,146 ] 24 root - INFO - Files transformed succesfully
[ 2023-08-16 17:07:14,193 ] 16 root - INFO - File CV_Wajdi_Zayane.pdf loaded successfully
[ 2023-08-16 17:07:14,193 ] 24 root - INFO - Files transformed succesfully
[ 2023-08-16 17:07:14,227 ] 16 root - INFO - File CV_Wissem_Boujlida.pdf loaded successfully
[ 2023-08-16 17:07:14,228 ] 24 root - INFO - Files transformed succesfully
[ 2023-08-16 17:07:14,262 ] 16 root - INFO - File CV_Yasmine_Bizid.pdf loaded successfully
[ 2023-08-16 17:07:14,263 ] 24 root - INFO - Files transformed succesfully
[ 2023-08-16 17:07:14,285 ] 16 root - INFO - File CV_Yassine_Afsa.pdf loaded successfully
[ 2023-08-16 17:07:14,286 ] 24 root - INFO - Files transformed succesfully
[ 2023-08-16 17:07:14,308 ] 16 root - INFO - File CV_Yessine_Miled.pdf loaded successfully
[ 2023-08-16 17:07:14,308 ] 24 root - INFO - Files transformed succesfully
[ 2023-08-16 17:07:14,329 ] 16 root - INFO - File CV_Zaddem_Raslèn.pdf loaded successfully
[ 2023-08-16 17:07:14,330 ] 24 root - INFO - Files transformed succesfully
[ 2023-08-16 17:07:14,352 ] 16 root - INFO - File CV_Zeineb_Bachouch.pdf loaded successfully
[ 2023-08-16 17:07:14,352 ] 24 root - INFO - Files transformed succesfully
[ 2023-08-16 17:07:14,371 ] 16 root - INFO - File Dziri Ahmed - Resume (1).pdf loaded successfully
[ 2023-08-16 17:07:14,371 ] 24 root - INFO - Files transformed succesfully
[ 2023-08-16 17:07:14,405 ] 16 root - INFO - File experience.pdf loaded successfully
[ 2023-08-16 17:07:14,405 ] 24 root - INFO - Files transformed succesfully
[ 2023-08-16 17:07:14,429 ] 16 root - INFO - File laravel.pdf loaded successfully
[ 2023-08-16 17:07:14,430 ] 24 root - INFO - Files transformed succesfully
[ 2023-08-16 17:07:14,449 ] 16 root - INFO - File rayen_data.pdf loaded successfully
[ 2023-08-16 17:07:14,449 ] 24 root - INFO - Files transformed succesfully
[ 2023-08-16 17:07:14,492 ] 16 root - INFO - File react_native.pdf loaded successfully
[ 2023-08-16 17:07:14,492 ] 24 root - INFO - Files transformed succesfully
[ 2023-08-16 17:07:16,602 ] 16 root - INFO - File resumes.csv loaded successfully
[ 2023-08-16 17:07:16,602 ] 24 root - INFO - Files transformed succesfully
[ 2023-08-16 17:07:16,665 ] 16 root - INFO - File scrum_master.pdf loaded successfully
[ 2023-08-16 17:07:16,665 ] 24 root - INFO - Files transformed succesfully
[ 2023-08-16 17:07:16,732 ] 16 root - INFO - File yessine Meddeb_cv.pdf loaded successfully
[ 2023-08-16 17:07:16,732 ] 24 root - INFO - Files transformed succesfully
[ 2023-08-16 17:07:28,915 ] 482 gensim.utils - INFO - loading Doc2Vec object from doc2vec_model_epochs_80.model
[ 2023-08-16 17:07:28,967 ] 516 gensim.utils - INFO - loading dv recursively from doc2vec_model_epochs_80.model.dv.* with mmap=None
[ 2023-08-16 17:07:28,967 ] 516 gensim.utils - INFO - loading wv recursively from doc2vec_model_epochs_80.model.wv.* with mmap=None
[ 2023-08-16 17:07:28,967 ] 554 gensim.utils - INFO - setting ignored attribute cum_table to None
[ 2023-08-16 17:07:29,234 ] 448 gensim.utils - INFO - Doc2Vec lifecycle event {'fname': 'doc2vec_model_epochs_80.model', 'datetime': '2023-08-16T17:07:29.224095', 'gensim': '4.3.1', 'python': '3.11.4 | packaged by Anaconda, Inc. | (main, Jul  5 2023, 13:47:18) [MSC v.1916 64 bit (AMD64)]', 'platform': 'Windows-10-10.0.22621-SP0', 'event': 'loaded'}
[ 2023-08-16 17:07:29,234 ] 482 gensim.utils - INFO - loading Doc2Vec object from doc2vec_model_epochs_100.model
[ 2023-08-16 17:07:29,253 ] 516 gensim.utils - INFO - loading dv recursively from doc2vec_model_epochs_100.model.dv.* with mmap=None
[ 2023-08-16 17:07:29,254 ] 516 gensim.utils - INFO - loading wv recursively from doc2vec_model_epochs_100.model.wv.* with mmap=None
[ 2023-08-16 17:07:29,254 ] 554 gensim.utils - INFO - setting ignored attribute cum_table to None
[ 2023-08-16 17:07:29,467 ] 448 gensim.utils - INFO - Doc2Vec lifecycle event {'fname': 'doc2vec_model_epochs_100.model', 'datetime': '2023-08-16T17:07:29.466674', 'gensim': '4.3.1', 'python': '3.11.4 | packaged by Anaconda, Inc. | (main, Jul  5 2023, 13:47:18) [MSC v.1916 64 bit (AMD64)]', 'platform': 'Windows-10-10.0.22621-SP0', 'event': 'loaded'}
[ 2023-08-16 17:07:29,467 ] 482 gensim.utils - INFO - loading Doc2Vec object from doc2vec_model_epochs_150.model
[ 2023-08-16 17:07:29,512 ] 516 gensim.utils - INFO - loading dv recursively from doc2vec_model_epochs_150.model.dv.* with mmap=None
[ 2023-08-16 17:07:29,512 ] 516 gensim.utils - INFO - loading wv recursively from doc2vec_model_epochs_150.model.wv.* with mmap=None
[ 2023-08-16 17:07:29,512 ] 554 gensim.utils - INFO - setting ignored attribute cum_table to None
[ 2023-08-16 17:07:29,694 ] 448 gensim.utils - INFO - Doc2Vec lifecycle event {'fname': 'doc2vec_model_epochs_150.model', 'datetime': '2023-08-16T17:07:29.694262', 'gensim': '4.3.1', 'python': '3.11.4 | packaged by Anaconda, Inc. | (main, Jul  5 2023, 13:47:18) [MSC v.1916 64 bit (AMD64)]', 'platform': 'Windows-10-10.0.22621-SP0', 'event': 'loaded'}
[ 2023-08-16 17:07:29,695 ] 482 gensim.utils - INFO - loading Doc2Vec object from doc2vec_model_epochs_40.model
[ 2023-08-16 17:07:29,741 ] 516 gensim.utils - INFO - loading dv recursively from doc2vec_model_epochs_40.model.dv.* with mmap=None
[ 2023-08-16 17:07:29,742 ] 516 gensim.utils - INFO - loading wv recursively from doc2vec_model_epochs_40.model.wv.* with mmap=None
[ 2023-08-16 17:07:29,742 ] 554 gensim.utils - INFO - setting ignored attribute cum_table to None
[ 2023-08-16 17:07:29,951 ] 448 gensim.utils - INFO - Doc2Vec lifecycle event {'fname': 'doc2vec_model_epochs_40.model', 'datetime': '2023-08-16T17:07:29.951352', 'gensim': '4.3.1', 'python': '3.11.4 | packaged by Anaconda, Inc. | (main, Jul  5 2023, 13:47:18) [MSC v.1916 64 bit (AMD64)]', 'platform': 'Windows-10-10.0.22621-SP0', 'event': 'loaded'}
[ 2023-08-16 17:07:29,951 ] 482 gensim.utils - INFO - loading Doc2Vec object from resumes_model_epochs_lemmetized_80.model
[ 2023-08-16 17:07:29,984 ] 516 gensim.utils - INFO - loading dv recursively from resumes_model_epochs_lemmetized_80.model.dv.* with mmap=None
[ 2023-08-16 17:07:29,984 ] 516 gensim.utils - INFO - loading wv recursively from resumes_model_epochs_lemmetized_80.model.wv.* with mmap=None
[ 2023-08-16 17:07:29,984 ] 554 gensim.utils - INFO - setting ignored attribute cum_table to None
[ 2023-08-16 17:07:30,042 ] 448 gensim.utils - INFO - Doc2Vec lifecycle event {'fname': 'resumes_model_epochs_lemmetized_80.model', 'datetime': '2023-08-16T17:07:30.042499', 'gensim': '4.3.1', 'python': '3.11.4 | packaged by Anaconda, Inc. | (main, Jul  5 2023, 13:47:18) [MSC v.1916 64 bit (AMD64)]', 'platform': 'Windows-10-10.0.22621-SP0', 'event': 'loaded'}
[ 2023-08-16 17:07:30,042 ] 482 gensim.utils - INFO - loading Doc2Vec object from resumes_model_epochs_lemmetized_100.model
[ 2023-08-16 17:07:30,050 ] 516 gensim.utils - INFO - loading dv recursively from resumes_model_epochs_lemmetized_100.model.dv.* with mmap=None
[ 2023-08-16 17:07:30,050 ] 516 gensim.utils - INFO - loading wv recursively from resumes_model_epochs_lemmetized_100.model.wv.* with mmap=None
[ 2023-08-16 17:07:30,050 ] 554 gensim.utils - INFO - setting ignored attribute cum_table to None
[ 2023-08-16 17:07:30,108 ] 448 gensim.utils - INFO - Doc2Vec lifecycle event {'fname': 'resumes_model_epochs_lemmetized_100.model', 'datetime': '2023-08-16T17:07:30.108500', 'gensim': '4.3.1', 'python': '3.11.4 | packaged by Anaconda, Inc. | (main, Jul  5 2023, 13:47:18) [MSC v.1916 64 bit (AMD64)]', 'platform': 'Windows-10-10.0.22621-SP0', 'event': 'loaded'}
[ 2023-08-16 17:07:30,109 ] 482 gensim.utils - INFO - loading Doc2Vec object from resumes_model_epochs_lemmetized_150.model
[ 2023-08-16 17:07:30,115 ] 516 gensim.utils - INFO - loading dv recursively from resumes_model_epochs_lemmetized_150.model.dv.* with mmap=None
[ 2023-08-16 17:07:30,115 ] 516 gensim.utils - INFO - loading wv recursively from resumes_model_epochs_lemmetized_150.model.wv.* with mmap=None
[ 2023-08-16 17:07:30,115 ] 554 gensim.utils - INFO - setting ignored attribute cum_table to None
[ 2023-08-16 17:07:30,170 ] 448 gensim.utils - INFO - Doc2Vec lifecycle event {'fname': 'resumes_model_epochs_lemmetized_150.model', 'datetime': '2023-08-16T17:07:30.170499', 'gensim': '4.3.1', 'python': '3.11.4 | packaged by Anaconda, Inc. | (main, Jul  5 2023, 13:47:18) [MSC v.1916 64 bit (AMD64)]', 'platform': 'Windows-10-10.0.22621-SP0', 'event': 'loaded'}
[ 2023-08-16 17:14:31,332 ] 260 root - ERROR - Error while Extracting the informations: 'SKILLS'
[ 2023-08-16 17:14:35,632 ] 51 root - ERROR - Error while detecting the language: No features in text.
