[ 2023-08-31 12:23:57,219 ] 695 tika.tika - WARNING - Failed to see startup log message; retrying...
[ 2023-08-31 12:24:02,694 ] 16 root - INFO - File CV_Ahlem_Marzougui.pdf loaded successfully
[ 2023-08-31 12:24:02,694 ] 24 root - INFO - Files transformed succesfully
[ 2023-08-31 12:24:02,782 ] 16 root - INFO - File CV_Ahmed_Amamou.pdf loaded successfully
[ 2023-08-31 12:24:02,782 ] 24 root - INFO - Files transformed succesfully
[ 2023-08-31 12:24:02,877 ] 16 root - INFO - File CV_Ahmed_Dziri.pdf loaded successfully
[ 2023-08-31 12:24:02,877 ] 24 root - INFO - Files transformed succesfully
[ 2023-08-31 12:24:03,174 ] 16 root - INFO - File CV_Ahmed_Farhat.pdf loaded successfully
[ 2023-08-31 12:24:03,174 ] 24 root - INFO - Files transformed succesfully
[ 2023-08-31 12:24:03,249 ] 16 root - INFO - File CV_Amine_Gafsi.pdf loaded successfully
[ 2023-08-31 12:24:03,249 ] 24 root - INFO - Files transformed succesfully
[ 2023-08-31 12:24:03,294 ] 16 root - INFO - File CV_Amine_Ghedira.pdf loaded successfully
[ 2023-08-31 12:24:03,294 ] 24 root - INFO - Files transformed succesfully
[ 2023-08-31 12:24:03,346 ] 16 root - INFO - File CV_Anwer_Boubaker.pdf loaded successfully
[ 2023-08-31 12:24:03,346 ] 24 root - INFO - Files transformed succesfully
[ 2023-08-31 12:24:03,405 ] 16 root - INFO - File CV_Asma_Chakroun.pdf loaded successfully
[ 2023-08-31 12:24:03,405 ] 24 root - INFO - Files transformed succesfully
[ 2023-08-31 12:24:03,448 ] 16 root - INFO - File CV_Aya_Benjazia.pdf loaded successfully
[ 2023-08-31 12:24:03,448 ] 24 root - INFO - Files transformed succesfully
[ 2023-08-31 12:24:03,512 ] 16 root - INFO - File CV_Aymen_Ghnia.pdf loaded successfully
[ 2023-08-31 12:24:03,512 ] 24 root - INFO - Files transformed succesfully
[ 2023-08-31 12:24:03,530 ] 16 root - INFO - File CV_Ayoub_Ben_Latifa.pdf loaded successfully
[ 2023-08-31 12:24:03,530 ] 24 root - INFO - Files transformed succesfully
[ 2023-08-31 12:24:03,583 ] 16 root - INFO - File CV_Ben_Chaaben_Yassin.pdf loaded successfully
[ 2023-08-31 12:24:03,583 ] 24 root - INFO - Files transformed succesfully
[ 2023-08-31 12:24:03,795 ] 16 root - INFO - File CV_Chedy_Sakly.pdf loaded successfully
[ 2023-08-31 12:24:03,795 ] 24 root - INFO - Files transformed succesfully
[ 2023-08-31 12:24:03,832 ] 16 root - INFO - File CV_Donia_Chaouch.pdf loaded successfully
[ 2023-08-31 12:24:03,832 ] 24 root - INFO - Files transformed succesfully
[ 2023-08-31 12:24:03,886 ] 16 root - INFO - File CV_Eya_Rejeb.pdf loaded successfully
[ 2023-08-31 12:24:03,886 ] 24 root - INFO - Files transformed succesfully
[ 2023-08-31 12:24:03,931 ] 16 root - INFO - File CV_EYA_Sekma.pdf loaded successfully
[ 2023-08-31 12:24:03,931 ] 24 root - INFO - Files transformed succesfully
[ 2023-08-31 12:24:03,974 ] 16 root - INFO - File CV_Fadi_Zaafrane.pdf loaded successfully
[ 2023-08-31 12:24:03,975 ] 24 root - INFO - Files transformed succesfully
[ 2023-08-31 12:24:04,018 ] 16 root - INFO - File CV_Fatma_Bouzgarrou.pdf loaded successfully
[ 2023-08-31 12:24:04,018 ] 24 root - INFO - Files transformed succesfully
[ 2023-08-31 12:24:04,062 ] 16 root - INFO - File CV_Hana_Zrafi.pdf loaded successfully
[ 2023-08-31 12:24:04,062 ] 24 root - INFO - Files transformed succesfully
[ 2023-08-31 12:24:04,101 ] 16 root - INFO - File CV_Houssem_Hassani.pdf loaded successfully
[ 2023-08-31 12:24:04,101 ] 24 root - INFO - Files transformed succesfully
[ 2023-08-31 12:24:04,149 ] 16 root - INFO - File CV_Houssem_Kraiem.pdf loaded successfully
[ 2023-08-31 12:24:04,149 ] 24 root - INFO - Files transformed succesfully
[ 2023-08-31 12:24:04,199 ] 16 root - INFO - File CV_Ibrahim_Youssef.pdf loaded successfully
[ 2023-08-31 12:24:04,199 ] 24 root - INFO - Files transformed succesfully
[ 2023-08-31 12:24:04,257 ] 16 root - INFO - File CV_Ibtihel_Khdhaouria.pdf loaded successfully
[ 2023-08-31 12:24:04,257 ] 24 root - INFO - Files transformed succesfully
[ 2023-08-31 12:24:04,303 ] 16 root - INFO - File CV_Iheb_Alouane.pdf loaded successfully
[ 2023-08-31 12:24:04,303 ] 24 root - INFO - Files transformed succesfully
[ 2023-08-31 12:24:04,339 ] 16 root - INFO - File CV_Isra_Dakhlaoui.pdf loaded successfully
[ 2023-08-31 12:24:04,339 ] 24 root - INFO - Files transformed succesfully
[ 2023-08-31 12:24:04,394 ] 16 root - INFO - File CV_Khaled_Chtioui.pdf loaded successfully
[ 2023-08-31 12:24:04,394 ] 24 root - INFO - Files transformed succesfully
[ 2023-08-31 12:24:04,438 ] 16 root - INFO - File CV_khawla_belkacem.pdf loaded successfully
[ 2023-08-31 12:24:04,438 ] 24 root - INFO - Files transformed succesfully
[ 2023-08-31 12:24:04,477 ] 16 root - INFO - File CV_Lina_Ounaies.pdf loaded successfully
[ 2023-08-31 12:24:04,477 ] 24 root - INFO - Files transformed succesfully
[ 2023-08-31 12:24:04,504 ] 38 root - ERROR - Error while reading the file: 'NoneType' object has no attribute 'lower'
[ 2023-08-31 12:24:04,504 ] 23 root - ERROR - Error while reading the file: cannot access local variable 'e' where it is not associated with a value
[ 2023-08-31 12:24:04,504 ] 24 root - INFO - Files transformed succesfully
[ 2023-08-31 12:24:04,557 ] 16 root - INFO - File CV_Med_Houssem_Beltifa.pdf loaded successfully
[ 2023-08-31 12:24:04,557 ] 24 root - INFO - Files transformed succesfully
[ 2023-08-31 12:24:04,591 ] 16 root - INFO - File CV_Med_Neji_Benzarti.pdf loaded successfully
[ 2023-08-31 12:24:04,591 ] 24 root - INFO - Files transformed succesfully
[ 2023-08-31 12:24:04,634 ] 16 root - INFO - File CV_Med_Nour_Chouchene.pdf loaded successfully
[ 2023-08-31 12:24:04,634 ] 24 root - INFO - Files transformed succesfully
[ 2023-08-31 12:24:04,683 ] 16 root - INFO - File CV_Med_Oussema_Zaier.pdf loaded successfully
[ 2023-08-31 12:24:04,684 ] 24 root - INFO - Files transformed succesfully
[ 2023-08-31 12:24:04,722 ] 16 root - INFO - File CV_Mejdi_Belhadj_Youssef.pdf loaded successfully
[ 2023-08-31 12:24:04,723 ] 24 root - INFO - Files transformed succesfully
[ 2023-08-31 12:24:04,763 ] 16 root - INFO - File CV_Mihed_Hassine.pdf loaded successfully
[ 2023-08-31 12:24:04,763 ] 24 root - INFO - Files transformed succesfully
[ 2023-08-31 12:24:04,789 ] 38 root - ERROR - Error while reading the file: 'NoneType' object has no attribute 'lower'
[ 2023-08-31 12:24:04,789 ] 23 root - ERROR - Error while reading the file: cannot access local variable 'e' where it is not associated with a value
[ 2023-08-31 12:24:04,789 ] 24 root - INFO - Files transformed succesfully
[ 2023-08-31 12:24:04,838 ] 16 root - INFO - File CV_Mohamed_Fawzi_Stambouli.pdf loaded successfully
[ 2023-08-31 12:24:04,838 ] 24 root - INFO - Files transformed succesfully
[ 2023-08-31 12:24:04,867 ] 38 root - ERROR - Error while reading the file: 'NoneType' object has no attribute 'lower'
[ 2023-08-31 12:24:04,867 ] 23 root - ERROR - Error while reading the file: cannot access local variable 'e' where it is not associated with a value
[ 2023-08-31 12:24:04,867 ] 24 root - INFO - Files transformed succesfully
[ 2023-08-31 12:24:04,907 ] 16 root - INFO - File CV_Nour_Mabrouk.pdf loaded successfully
[ 2023-08-31 12:24:04,907 ] 24 root - INFO - Files transformed succesfully
[ 2023-08-31 12:24:04,960 ] 16 root - INFO - File CV_Ons_Ben_Hadj_Sghaier.pdf loaded successfully
[ 2023-08-31 12:24:04,960 ] 24 root - INFO - Files transformed succesfully
[ 2023-08-31 12:24:04,981 ] 16 root - INFO - File CV_Oumaima_Ben_Saad.pdf loaded successfully
[ 2023-08-31 12:24:04,982 ] 24 root - INFO - Files transformed succesfully
[ 2023-08-31 12:24:05,012 ] 16 root - INFO - File CV_Oumeima_Zaddem.pdf loaded successfully
[ 2023-08-31 12:24:05,012 ] 24 root - INFO - Files transformed succesfully
[ 2023-08-31 12:24:05,056 ] 16 root - INFO - File CV_Oussema_Mili.pdf loaded successfully
[ 2023-08-31 12:24:05,056 ] 24 root - INFO - Files transformed succesfully
[ 2023-08-31 12:24:05,093 ] 16 root - INFO - File CV_Rahma_Hamrouni.pdf loaded successfully
[ 2023-08-31 12:24:05,093 ] 24 root - INFO - Files transformed succesfully
[ 2023-08-31 12:24:05,135 ] 16 root - INFO - File CV_Rania_Slimene.pdf loaded successfully
[ 2023-08-31 12:24:05,135 ] 24 root - INFO - Files transformed succesfully
[ 2023-08-31 12:24:05,173 ] 16 root - INFO - File CV_Rayen_Ben_Fathallah.pdf loaded successfully
[ 2023-08-31 12:24:05,173 ] 24 root - INFO - Files transformed succesfully
[ 2023-08-31 12:24:05,211 ] 16 root - INFO - File CV_Rima_Jerbi.pdf loaded successfully
[ 2023-08-31 12:24:05,211 ] 24 root - INFO - Files transformed succesfully
[ 2023-08-31 12:24:05,251 ] 16 root - INFO - File CV_Rim_Thabet.pdf loaded successfully
[ 2023-08-31 12:24:05,251 ] 24 root - INFO - Files transformed succesfully
[ 2023-08-31 12:24:05,293 ] 16 root - INFO - File CV_Saber_ben slama.pdf loaded successfully
[ 2023-08-31 12:24:05,293 ] 24 root - INFO - Files transformed succesfully
[ 2023-08-31 12:24:05,327 ] 16 root - INFO - File CV_Sanda_Dhouib.pdf loaded successfully
[ 2023-08-31 12:24:05,327 ] 24 root - INFO - Files transformed succesfully
[ 2023-08-31 12:24:05,357 ] 16 root - INFO - File CV_Sarra_Bannour.pdf loaded successfully
[ 2023-08-31 12:24:05,357 ] 24 root - INFO - Files transformed succesfully
[ 2023-08-31 12:24:05,378 ] 16 root - INFO - File CV_Sarra_Laribi.pdf loaded successfully
[ 2023-08-31 12:24:05,378 ] 24 root - INFO - Files transformed succesfully
[ 2023-08-31 12:24:05,419 ] 16 root - INFO - File CV_Souheyl_Gouadria.pdf loaded successfully
[ 2023-08-31 12:24:05,419 ] 24 root - INFO - Files transformed succesfully
[ 2023-08-31 12:24:05,449 ] 38 root - ERROR - Error while reading the file: 'NoneType' object has no attribute 'lower'
[ 2023-08-31 12:24:05,450 ] 23 root - ERROR - Error while reading the file: cannot access local variable 'e' where it is not associated with a value
[ 2023-08-31 12:24:05,450 ] 24 root - INFO - Files transformed succesfully
[ 2023-08-31 12:24:05,499 ] 16 root - INFO - File CV_Teyssir_Taieb.pdf loaded successfully
[ 2023-08-31 12:24:05,500 ] 24 root - INFO - Files transformed succesfully
[ 2023-08-31 12:24:05,535 ] 16 root - INFO - File CV_Wael_Antar.pdf loaded successfully
[ 2023-08-31 12:24:05,535 ] 24 root - INFO - Files transformed succesfully
[ 2023-08-31 12:24:05,557 ] 38 root - ERROR - Error while reading the file: 'NoneType' object has no attribute 'lower'
[ 2023-08-31 12:24:05,558 ] 23 root - ERROR - Error while reading the file: cannot access local variable 'e' where it is not associated with a value
[ 2023-08-31 12:24:05,558 ] 24 root - INFO - Files transformed succesfully
[ 2023-08-31 12:24:05,595 ] 16 root - INFO - File CV_Wajdi_Zayane.pdf loaded successfully
[ 2023-08-31 12:24:05,596 ] 24 root - INFO - Files transformed succesfully
[ 2023-08-31 12:24:05,625 ] 16 root - INFO - File CV_Wissem_Boujlida.pdf loaded successfully
[ 2023-08-31 12:24:05,625 ] 24 root - INFO - Files transformed succesfully
[ 2023-08-31 12:24:05,662 ] 16 root - INFO - File CV_Yasmine_Bizid.pdf loaded successfully
[ 2023-08-31 12:24:05,662 ] 24 root - INFO - Files transformed succesfully
[ 2023-08-31 12:24:05,709 ] 16 root - INFO - File CV_Yassine_Afsa.pdf loaded successfully
[ 2023-08-31 12:24:05,710 ] 24 root - INFO - Files transformed succesfully
[ 2023-08-31 12:24:05,767 ] 16 root - INFO - File CV_Yessine_Miled.pdf loaded successfully
[ 2023-08-31 12:24:05,767 ] 24 root - INFO - Files transformed succesfully
[ 2023-08-31 12:24:05,811 ] 16 root - INFO - File CV_Zaddem_Raslèn.pdf loaded successfully
[ 2023-08-31 12:24:05,811 ] 24 root - INFO - Files transformed succesfully
[ 2023-08-31 12:24:05,860 ] 16 root - INFO - File CV_Zeineb_Bachouch.pdf loaded successfully
[ 2023-08-31 12:24:05,861 ] 24 root - INFO - Files transformed succesfully
[ 2023-08-31 12:24:05,933 ] 16 root - INFO - File Dziri Ahmed - Resume (1).pdf loaded successfully
[ 2023-08-31 12:24:05,934 ] 24 root - INFO - Files transformed succesfully
[ 2023-08-31 12:24:05,985 ] 16 root - INFO - File experience.pdf loaded successfully
[ 2023-08-31 12:24:05,985 ] 24 root - INFO - Files transformed succesfully
[ 2023-08-31 12:24:06,024 ] 16 root - INFO - File laravel.pdf loaded successfully
[ 2023-08-31 12:24:06,024 ] 24 root - INFO - Files transformed succesfully
[ 2023-08-31 12:24:06,068 ] 16 root - INFO - File rayen_data.pdf loaded successfully
[ 2023-08-31 12:24:06,068 ] 24 root - INFO - Files transformed succesfully
[ 2023-08-31 12:24:06,115 ] 16 root - INFO - File react_native.pdf loaded successfully
[ 2023-08-31 12:24:06,115 ] 24 root - INFO - Files transformed succesfully
[ 2023-08-31 12:24:06,148 ] 16 root - INFO - File scrum_master.pdf loaded successfully
[ 2023-08-31 12:24:06,148 ] 24 root - INFO - Files transformed succesfully
[ 2023-08-31 12:24:06,206 ] 16 root - INFO - File yessine Meddeb_cv.pdf loaded successfully
[ 2023-08-31 12:24:06,206 ] 24 root - INFO - Files transformed succesfully
