[ 2023-08-08 13:32:50,622 ] 16 root - INFO - File CV_Abdelaziz_Brahem.pdf loaded successfully
[ 2023-08-08 13:32:50,623 ] 24 root - INFO - Files transformed succesfully
[ 2023-08-08 13:32:50,660 ] 35 root - ERROR - Error while reading the file: 'NoneType' object has no attribute 'lower'
[ 2023-08-08 13:32:50,660 ] 23 root - ERROR - Error while reading the file: local variable 'e' referenced before assignment
[ 2023-08-08 13:32:50,661 ] 24 root - INFO - Files transformed succesfully
[ 2023-08-08 13:32:50,782 ] 16 root - INFO - File CV_Ahlem_Marzougui.pdf loaded successfully
[ 2023-08-08 13:32:50,782 ] 24 root - INFO - Files transformed succesfully
[ 2023-08-08 13:32:50,905 ] 16 root - INFO - File CV_Ahmed_Amamou.pdf loaded successfully
[ 2023-08-08 13:32:50,905 ] 24 root - INFO - Files transformed succesfully
[ 2023-08-08 13:32:51,006 ] 16 root - INFO - File CV_Ahmed_Dziri.pdf loaded successfully
[ 2023-08-08 13:32:51,006 ] 24 root - INFO - Files transformed succesfully
[ 2023-08-08 13:32:51,330 ] 16 root - INFO - File CV_Ahmed_Farhat.pdf loaded successfully
[ 2023-08-08 13:32:51,330 ] 24 root - INFO - Files transformed succesfully
[ 2023-08-08 13:32:51,451 ] 16 root - INFO - File CV_Amine_Gafsi.pdf loaded successfully
[ 2023-08-08 13:32:51,451 ] 24 root - INFO - Files transformed succesfully
[ 2023-08-08 13:32:51,522 ] 16 root - INFO - File CV_Amine_Ghedira.pdf loaded successfully
[ 2023-08-08 13:32:51,523 ] 24 root - INFO - Files transformed succesfully
[ 2023-08-08 13:32:51,600 ] 16 root - INFO - File CV_Anwer_Boubaker.pdf loaded successfully
[ 2023-08-08 13:32:51,600 ] 24 root - INFO - Files transformed succesfully
[ 2023-08-08 13:32:51,680 ] 16 root - INFO - File CV_Asma_Chakroun.pdf loaded successfully
[ 2023-08-08 13:32:51,680 ] 24 root - INFO - Files transformed succesfully
[ 2023-08-08 13:32:51,793 ] 16 root - INFO - File CV_Aya_Benjazia.pdf loaded successfully
[ 2023-08-08 13:32:51,793 ] 24 root - INFO - Files transformed succesfully
[ 2023-08-08 13:32:51,833 ] 16 root - INFO - File CV_Aymen_Ghnia.pdf loaded successfully
[ 2023-08-08 13:32:51,833 ] 24 root - INFO - Files transformed succesfully
[ 2023-08-08 13:32:52,046 ] 16 root - INFO - File CV_Ayoub_Ben_Latifa.pdf loaded successfully
[ 2023-08-08 13:32:52,047 ] 24 root - INFO - Files transformed succesfully
[ 2023-08-08 13:32:52,110 ] 16 root - INFO - File CV_Ben_Chaaben_Yassin.pdf loaded successfully
[ 2023-08-08 13:32:52,110 ] 24 root - INFO - Files transformed succesfully
[ 2023-08-08 13:32:52,255 ] 16 root - INFO - File CV_Chedy_Sakly.pdf loaded successfully
[ 2023-08-08 13:32:52,255 ] 24 root - INFO - Files transformed succesfully
[ 2023-08-08 13:32:52,309 ] 16 root - INFO - File CV_Donia_Chaouch.pdf loaded successfully
[ 2023-08-08 13:32:52,309 ] 24 root - INFO - Files transformed succesfully
[ 2023-08-08 13:32:52,372 ] 16 root - INFO - File CV_Eya_Rejeb.pdf loaded successfully
[ 2023-08-08 13:32:52,372 ] 24 root - INFO - Files transformed succesfully
[ 2023-08-08 13:32:52,420 ] 16 root - INFO - File CV_EYA_Sekma.pdf loaded successfully
[ 2023-08-08 13:32:52,420 ] 24 root - INFO - Files transformed succesfully
[ 2023-08-08 13:32:52,458 ] 16 root - INFO - File CV_Fadi_Zaafrane.pdf loaded successfully
[ 2023-08-08 13:32:52,458 ] 24 root - INFO - Files transformed succesfully
[ 2023-08-08 13:32:52,533 ] 16 root - INFO - File CV_Fatma_Bouzgarrou.pdf loaded successfully
[ 2023-08-08 13:32:52,533 ] 24 root - INFO - Files transformed succesfully
[ 2023-08-08 13:32:52,581 ] 16 root - INFO - File CV_Hana_Zrafi.pdf loaded successfully
[ 2023-08-08 13:32:52,581 ] 24 root - INFO - Files transformed succesfully
[ 2023-08-08 13:32:52,633 ] 16 root - INFO - File CV_Houssem_Hassani.pdf loaded successfully
[ 2023-08-08 13:32:52,634 ] 24 root - INFO - Files transformed succesfully
[ 2023-08-08 13:32:52,694 ] 16 root - INFO - File CV_Houssem_Kraiem.pdf loaded successfully
[ 2023-08-08 13:32:52,694 ] 24 root - INFO - Files transformed succesfully
[ 2023-08-08 13:32:52,780 ] 16 root - INFO - File CV_Ibrahim_Youssef.pdf loaded successfully
[ 2023-08-08 13:32:52,780 ] 24 root - INFO - Files transformed succesfully
[ 2023-08-08 13:32:52,820 ] 16 root - INFO - File CV_Ibtihel_Khdhaouria.pdf loaded successfully
[ 2023-08-08 13:32:52,821 ] 24 root - INFO - Files transformed succesfully
[ 2023-08-08 13:32:52,858 ] 16 root - INFO - File CV_Iheb_Alouane.pdf loaded successfully
[ 2023-08-08 13:32:52,858 ] 24 root - INFO - Files transformed succesfully
[ 2023-08-08 13:32:52,901 ] 16 root - INFO - File CV_Isra_Dakhlaoui.pdf loaded successfully
[ 2023-08-08 13:32:52,901 ] 24 root - INFO - Files transformed succesfully
[ 2023-08-08 13:32:52,943 ] 16 root - INFO - File CV_Khaled_Chtioui.pdf loaded successfully
[ 2023-08-08 13:32:52,943 ] 24 root - INFO - Files transformed succesfully
[ 2023-08-08 13:32:52,980 ] 16 root - INFO - File CV_khawla_belkacem.pdf loaded successfully
[ 2023-08-08 13:32:52,980 ] 24 root - INFO - Files transformed succesfully
[ 2023-08-08 13:32:53,004 ] 16 root - INFO - File CV_Lina_Ounaies.pdf loaded successfully
[ 2023-08-08 13:32:53,005 ] 24 root - INFO - Files transformed succesfully
[ 2023-08-08 13:32:53,050 ] 35 root - ERROR - Error while reading the file: 'NoneType' object has no attribute 'lower'
[ 2023-08-08 13:32:53,050 ] 23 root - ERROR - Error while reading the file: local variable 'e' referenced before assignment
[ 2023-08-08 13:32:53,050 ] 24 root - INFO - Files transformed succesfully
[ 2023-08-08 13:32:53,097 ] 16 root - INFO - File CV_Med_Houssem_Beltifa.pdf loaded successfully
[ 2023-08-08 13:32:53,098 ] 24 root - INFO - Files transformed succesfully
[ 2023-08-08 13:32:53,160 ] 16 root - INFO - File CV_Med_Neji_Benzarti.pdf loaded successfully
[ 2023-08-08 13:32:53,160 ] 24 root - INFO - Files transformed succesfully
[ 2023-08-08 13:32:53,231 ] 16 root - INFO - File CV_Med_Nour_Chouchene.pdf loaded successfully
[ 2023-08-08 13:32:53,231 ] 24 root - INFO - Files transformed succesfully
[ 2023-08-08 13:32:53,283 ] 16 root - INFO - File CV_Med_Oussema_Zaier.pdf loaded successfully
[ 2023-08-08 13:32:53,283 ] 24 root - INFO - Files transformed succesfully
[ 2023-08-08 13:32:53,344 ] 16 root - INFO - File CV_Mejdi_Belhadj_Youssef.pdf loaded successfully
[ 2023-08-08 13:32:53,344 ] 24 root - INFO - Files transformed succesfully
[ 2023-08-08 13:32:53,389 ] 16 root - INFO - File CV_Mihed_Hassine.pdf loaded successfully
[ 2023-08-08 13:32:53,389 ] 24 root - INFO - Files transformed succesfully
[ 2023-08-08 13:32:53,415 ] 35 root - ERROR - Error while reading the file: 'NoneType' object has no attribute 'lower'
[ 2023-08-08 13:32:53,416 ] 23 root - ERROR - Error while reading the file: local variable 'e' referenced before assignment
[ 2023-08-08 13:32:53,416 ] 24 root - INFO - Files transformed succesfully
[ 2023-08-08 13:32:53,462 ] 16 root - INFO - File CV_Mohamed_Fawzi_Stambouli.pdf loaded successfully
[ 2023-08-08 13:32:53,462 ] 24 root - INFO - Files transformed succesfully
[ 2023-08-08 13:32:53,494 ] 35 root - ERROR - Error while reading the file: 'NoneType' object has no attribute 'lower'
[ 2023-08-08 13:32:53,494 ] 23 root - ERROR - Error while reading the file: local variable 'e' referenced before assignment
[ 2023-08-08 13:32:53,494 ] 24 root - INFO - Files transformed succesfully
[ 2023-08-08 13:32:53,566 ] 16 root - INFO - File CV_Nour_Mabrouk.pdf loaded successfully
[ 2023-08-08 13:32:53,566 ] 24 root - INFO - Files transformed succesfully
[ 2023-08-08 13:32:53,585 ] 16 root - INFO - File CV_Ons_Ben_Hadj_Sghaier.pdf loaded successfully
[ 2023-08-08 13:32:53,585 ] 24 root - INFO - Files transformed succesfully
[ 2023-08-08 13:32:53,626 ] 16 root - INFO - File CV_Oumaima_Ben_Saad.pdf loaded successfully
[ 2023-08-08 13:32:53,626 ] 24 root - INFO - Files transformed succesfully
[ 2023-08-08 13:32:53,670 ] 16 root - INFO - File CV_Oumeima_Zaddem.pdf loaded successfully
[ 2023-08-08 13:32:53,670 ] 24 root - INFO - Files transformed succesfully
[ 2023-08-08 13:32:53,724 ] 16 root - INFO - File CV_Oussema_Mili.pdf loaded successfully
[ 2023-08-08 13:32:53,724 ] 24 root - INFO - Files transformed succesfully
[ 2023-08-08 13:32:53,792 ] 16 root - INFO - File CV_Rahma_Hamrouni.pdf loaded successfully
[ 2023-08-08 13:32:53,792 ] 24 root - INFO - Files transformed succesfully
[ 2023-08-08 13:32:53,858 ] 16 root - INFO - File CV_Rania_Slimene.pdf loaded successfully
[ 2023-08-08 13:32:53,858 ] 24 root - INFO - Files transformed succesfully
[ 2023-08-08 13:32:53,886 ] 16 root - INFO - File CV_Rayen_Ben_Fathallah.pdf loaded successfully
[ 2023-08-08 13:32:53,886 ] 24 root - INFO - Files transformed succesfully
[ 2023-08-08 13:32:53,960 ] 16 root - INFO - File CV_Rima_Jerbi.pdf loaded successfully
[ 2023-08-08 13:32:53,960 ] 24 root - INFO - Files transformed succesfully
[ 2023-08-08 13:32:53,978 ] 16 root - INFO - File CV_Rim_Thabet.pdf loaded successfully
[ 2023-08-08 13:32:53,978 ] 24 root - INFO - Files transformed succesfully
[ 2023-08-08 13:32:54,007 ] 16 root - INFO - File CV_Saber_ben slama.pdf loaded successfully
[ 2023-08-08 13:32:54,007 ] 24 root - INFO - Files transformed succesfully
[ 2023-08-08 13:32:54,028 ] 16 root - INFO - File CV_Sanda_Dhouib.pdf loaded successfully
[ 2023-08-08 13:32:54,028 ] 24 root - INFO - Files transformed succesfully
[ 2023-08-08 13:32:54,067 ] 16 root - INFO - File CV_Sarra_Bannour.pdf loaded successfully
[ 2023-08-08 13:32:54,067 ] 24 root - INFO - Files transformed succesfully
[ 2023-08-08 13:32:54,087 ] 16 root - INFO - File CV_Sarra_Laribi.pdf loaded successfully
[ 2023-08-08 13:32:54,087 ] 24 root - INFO - Files transformed succesfully
[ 2023-08-08 13:32:54,138 ] 16 root - INFO - File CV_Souheyl_Gouadria.pdf loaded successfully
[ 2023-08-08 13:32:54,138 ] 24 root - INFO - Files transformed succesfully
[ 2023-08-08 13:32:54,163 ] 35 root - ERROR - Error while reading the file: 'NoneType' object has no attribute 'lower'
[ 2023-08-08 13:32:54,163 ] 23 root - ERROR - Error while reading the file: local variable 'e' referenced before assignment
[ 2023-08-08 13:32:54,163 ] 24 root - INFO - Files transformed succesfully
[ 2023-08-08 13:32:54,232 ] 16 root - INFO - File CV_Teyssir_Taieb.pdf loaded successfully
[ 2023-08-08 13:32:54,232 ] 24 root - INFO - Files transformed succesfully
[ 2023-08-08 13:32:54,289 ] 16 root - INFO - File CV_Wael_Antar.pdf loaded successfully
[ 2023-08-08 13:32:54,289 ] 24 root - INFO - Files transformed succesfully
[ 2023-08-08 13:32:54,322 ] 35 root - ERROR - Error while reading the file: 'NoneType' object has no attribute 'lower'
[ 2023-08-08 13:32:54,322 ] 23 root - ERROR - Error while reading the file: local variable 'e' referenced before assignment
[ 2023-08-08 13:32:54,323 ] 24 root - INFO - Files transformed succesfully
[ 2023-08-08 13:32:54,367 ] 16 root - INFO - File CV_Wajdi_Zayane.pdf loaded successfully
[ 2023-08-08 13:32:54,367 ] 24 root - INFO - Files transformed succesfully
[ 2023-08-08 13:32:54,430 ] 16 root - INFO - File CV_Wissem_Boujlida.pdf loaded successfully
[ 2023-08-08 13:32:54,430 ] 24 root - INFO - Files transformed succesfully
[ 2023-08-08 13:32:54,480 ] 16 root - INFO - File CV_Yasmine_Bizid.pdf loaded successfully
[ 2023-08-08 13:32:54,481 ] 24 root - INFO - Files transformed succesfully
[ 2023-08-08 13:32:54,527 ] 16 root - INFO - File CV_Yassine_Afsa.pdf loaded successfully
[ 2023-08-08 13:32:54,527 ] 24 root - INFO - Files transformed succesfully
[ 2023-08-08 13:32:54,602 ] 16 root - INFO - File CV_Yessine_Miled.pdf loaded successfully
[ 2023-08-08 13:32:54,602 ] 24 root - INFO - Files transformed succesfully
[ 2023-08-08 13:32:54,686 ] 16 root - INFO - File CV_Zaddem_Raslèn.pdf loaded successfully
[ 2023-08-08 13:32:54,686 ] 24 root - INFO - Files transformed succesfully
[ 2023-08-08 13:32:54,728 ] 16 root - INFO - File CV_Zeineb_Bachouch.pdf loaded successfully
[ 2023-08-08 13:32:54,728 ] 24 root - INFO - Files transformed succesfully
[ 2023-08-08 13:32:54,778 ] 16 root - INFO - File Dziri Ahmed - Resume (1).pdf loaded successfully
[ 2023-08-08 13:32:54,778 ] 24 root - INFO - Files transformed succesfully
[ 2023-08-08 13:32:54,833 ] 16 root - INFO - File yessine Meddeb_cv.pdf loaded successfully
[ 2023-08-08 13:32:54,833 ] 24 root - INFO - Files transformed succesfully
[ 2023-08-08 13:38:19,945 ] 146 root - ERROR - Error while Extracting the skillls: list index out of range
[ 2023-08-08 13:39:27,659 ] 146 root - ERROR - Error while Extracting the skillls: list index out of range
