[ 2023-08-15 15:50:35,231 ] 16 root - INFO - File CV_Amine_Gafsi.pdf loaded successfully
[ 2023-08-15 15:50:35,231 ] 24 root - INFO - Files transformed succesfully
[ 2023-08-15 15:50:35,261 ] 16 root - INFO - File laravel.pdf loaded successfully
[ 2023-08-15 15:50:35,261 ] 24 root - INFO - Files transformed succesfully
[ 2023-08-15 15:50:35,305 ] 16 root - INFO - File rayen.pdf loaded successfully
[ 2023-08-15 15:50:35,305 ] 24 root - INFO - Files transformed succesfully
[ 2023-08-15 15:50:35,362 ] 16 root - INFO - File react3.pdf loaded successfully
[ 2023-08-15 15:50:35,363 ] 24 root - INFO - Files transformed succesfully
[ 2023-08-15 15:50:35,421 ] 16 root - INFO - File react_native.pdf loaded successfully
[ 2023-08-15 15:50:35,421 ] 24 root - INFO - Files transformed succesfully
[ 2023-08-15 15:50:35,461 ] 16 root - INFO - File react_native2.pdf loaded successfully
[ 2023-08-15 15:50:35,461 ] 24 root - INFO - Files transformed succesfully
[ 2023-08-15 15:50:35,506 ] 16 root - INFO - File react_native4.pdf loaded successfully
[ 2023-08-15 15:50:35,506 ] 24 root - INFO - Files transformed succesfully
[ 2023-08-15 15:50:35,545 ] 16 root - INFO - File scrum_master.pdf loaded successfully
[ 2023-08-15 15:50:35,545 ] 24 root - INFO - Files transformed succesfully
[ 2023-08-15 15:50:39,706 ] 482 gensim.utils - INFO - loading Doc2Vec object from doc2vec_model_epochs_80.model
[ 2023-08-15 15:50:39,716 ] 516 gensim.utils - INFO - loading dv recursively from doc2vec_model_epochs_80.model.dv.* with mmap=None
[ 2023-08-15 15:50:39,716 ] 516 gensim.utils - INFO - loading wv recursively from doc2vec_model_epochs_80.model.wv.* with mmap=None
[ 2023-08-15 15:50:39,716 ] 554 gensim.utils - INFO - setting ignored attribute cum_table to None
[ 2023-08-15 15:50:39,852 ] 448 gensim.utils - INFO - Doc2Vec lifecycle event {'fname': 'doc2vec_model_epochs_80.model', 'datetime': '2023-08-15T15:50:39.843755', 'gensim': '4.3.1', 'python': '3.11.4 | packaged by Anaconda, Inc. | (main, Jul  5 2023, 13:47:18) [MSC v.1916 64 bit (AMD64)]', 'platform': 'Windows-10-10.0.22621-SP0', 'event': 'loaded'}
[ 2023-08-15 15:50:39,852 ] 482 gensim.utils - INFO - loading Doc2Vec object from doc2vec_model_epochs_100.model
[ 2023-08-15 15:50:39,869 ] 516 gensim.utils - INFO - loading dv recursively from doc2vec_model_epochs_100.model.dv.* with mmap=None
[ 2023-08-15 15:50:39,869 ] 516 gensim.utils - INFO - loading wv recursively from doc2vec_model_epochs_100.model.wv.* with mmap=None
[ 2023-08-15 15:50:39,869 ] 554 gensim.utils - INFO - setting ignored attribute cum_table to None
[ 2023-08-15 15:50:40,017 ] 448 gensim.utils - INFO - Doc2Vec lifecycle event {'fname': 'doc2vec_model_epochs_100.model', 'datetime': '2023-08-15T15:50:40.017503', 'gensim': '4.3.1', 'python': '3.11.4 | packaged by Anaconda, Inc. | (main, Jul  5 2023, 13:47:18) [MSC v.1916 64 bit (AMD64)]', 'platform': 'Windows-10-10.0.22621-SP0', 'event': 'loaded'}
[ 2023-08-15 15:50:40,018 ] 482 gensim.utils - INFO - loading Doc2Vec object from doc2vec_model_epochs_150.model
[ 2023-08-15 15:50:40,030 ] 516 gensim.utils - INFO - loading dv recursively from doc2vec_model_epochs_150.model.dv.* with mmap=None
[ 2023-08-15 15:50:40,030 ] 516 gensim.utils - INFO - loading wv recursively from doc2vec_model_epochs_150.model.wv.* with mmap=None
[ 2023-08-15 15:50:40,030 ] 554 gensim.utils - INFO - setting ignored attribute cum_table to None
[ 2023-08-15 15:50:40,187 ] 448 gensim.utils - INFO - Doc2Vec lifecycle event {'fname': 'doc2vec_model_epochs_150.model', 'datetime': '2023-08-15T15:50:40.187493', 'gensim': '4.3.1', 'python': '3.11.4 | packaged by Anaconda, Inc. | (main, Jul  5 2023, 13:47:18) [MSC v.1916 64 bit (AMD64)]', 'platform': 'Windows-10-10.0.22621-SP0', 'event': 'loaded'}
[ 2023-08-15 15:52:13,373 ] 168 root - ERROR - Error while Extracting the skillls: '=' is not in list
