[ 2023-08-16 16:55:22,761 ] 16 root - INFO - File CV_Abdelaziz_Brahem.pdf loaded successfully
[ 2023-08-16 16:55:22,761 ] 24 root - INFO - Files transformed succesfully
[ 2023-08-16 16:55:22,778 ] 16 root - INFO - File CV_Ahlem_Marzougui.pdf loaded successfully
[ 2023-08-16 16:55:22,779 ] 24 root - INFO - Files transformed succesfully
[ 2023-08-16 16:55:22,806 ] 16 root - INFO - File CV_Ahmed_Amamou.pdf loaded successfully
[ 2023-08-16 16:55:22,807 ] 24 root - INFO - Files transformed succesfully
[ 2023-08-16 16:55:22,846 ] 16 root - INFO - File CV_Ahmed_Dziri.pdf loaded successfully
[ 2023-08-16 16:55:22,873 ] 24 root - INFO - Files transformed succesfully
[ 2023-08-16 16:55:22,949 ] 16 root - INFO - File CV_Ahmed_Farhat.pdf loaded successfully
[ 2023-08-16 16:55:22,950 ] 24 root - INFO - Files transformed succesfully
[ 2023-08-16 16:55:22,984 ] 16 root - INFO - File CV_Amine_Gafsi.pdf loaded successfully
[ 2023-08-16 16:55:22,984 ] 24 root - INFO - Files transformed succesfully
[ 2023-08-16 16:55:23,042 ] 16 root - INFO - File CV_Amine_Ghedira.pdf loaded successfully
[ 2023-08-16 16:55:23,042 ] 24 root - INFO - Files transformed succesfully
[ 2023-08-16 16:55:23,092 ] 16 root - INFO - File CV_Anwer_Boubaker.pdf loaded successfully
[ 2023-08-16 16:55:23,092 ] 24 root - INFO - Files transformed succesfully
[ 2023-08-16 16:55:23,112 ] 16 root - INFO - File CV_Asma_Chakroun.pdf loaded successfully
[ 2023-08-16 16:55:23,112 ] 24 root - INFO - Files transformed succesfully
[ 2023-08-16 16:55:23,134 ] 16 root - INFO - File CV_Aya_Benjazia.pdf loaded successfully
[ 2023-08-16 16:55:23,134 ] 24 root - INFO - Files transformed succesfully
[ 2023-08-16 16:55:23,167 ] 16 root - INFO - File CV_Aymen_Ghnia.pdf loaded successfully
[ 2023-08-16 16:55:23,167 ] 24 root - INFO - Files transformed succesfully
[ 2023-08-16 16:55:23,198 ] 16 root - INFO - File CV_Ayoub_Ben_Latifa.pdf loaded successfully
[ 2023-08-16 16:55:23,198 ] 24 root - INFO - Files transformed succesfully
[ 2023-08-16 16:55:23,249 ] 16 root - INFO - File CV_Ben_Chaaben_Yassin.pdf loaded successfully
[ 2023-08-16 16:55:23,249 ] 24 root - INFO - Files transformed succesfully
[ 2023-08-16 16:55:23,312 ] 16 root - INFO - File CV_Chedy_Sakly.pdf loaded successfully
[ 2023-08-16 16:55:23,312 ] 24 root - INFO - Files transformed succesfully
[ 2023-08-16 16:55:23,343 ] 16 root - INFO - File CV_Donia_Chaouch.pdf loaded successfully
[ 2023-08-16 16:55:23,343 ] 24 root - INFO - Files transformed succesfully
[ 2023-08-16 16:55:23,372 ] 16 root - INFO - File CV_Eya_Rejeb.pdf loaded successfully
[ 2023-08-16 16:55:23,372 ] 24 root - INFO - Files transformed succesfully
[ 2023-08-16 16:55:23,395 ] 16 root - INFO - File CV_EYA_Sekma.pdf loaded successfully
[ 2023-08-16 16:55:23,396 ] 24 root - INFO - Files transformed succesfully
[ 2023-08-16 16:55:23,415 ] 16 root - INFO - File CV_Fadi_Zaafrane.pdf loaded successfully
[ 2023-08-16 16:55:23,416 ] 24 root - INFO - Files transformed succesfully
[ 2023-08-16 16:55:23,442 ] 16 root - INFO - File CV_Fatma_Bouzgarrou.pdf loaded successfully
[ 2023-08-16 16:55:23,442 ] 24 root - INFO - Files transformed succesfully
[ 2023-08-16 16:55:23,480 ] 16 root - INFO - File CV_Hana_Zrafi.pdf loaded successfully
[ 2023-08-16 16:55:23,480 ] 24 root - INFO - Files transformed succesfully
[ 2023-08-16 16:55:23,518 ] 16 root - INFO - File CV_Houssem_Hassani.pdf loaded successfully
[ 2023-08-16 16:55:23,518 ] 24 root - INFO - Files transformed succesfully
[ 2023-08-16 16:55:23,588 ] 16 root - INFO - File CV_Houssem_Kraiem.pdf loaded successfully
[ 2023-08-16 16:55:23,588 ] 24 root - INFO - Files transformed succesfully
[ 2023-08-16 16:55:23,618 ] 16 root - INFO - File CV_Ibrahim_Youssef.pdf loaded successfully
[ 2023-08-16 16:55:23,618 ] 24 root - INFO - Files transformed succesfully
[ 2023-08-16 16:55:23,689 ] 16 root - INFO - File CV_Ibtihel_Khdhaouria.pdf loaded successfully
[ 2023-08-16 16:55:23,689 ] 24 root - INFO - Files transformed succesfully
[ 2023-08-16 16:55:23,758 ] 16 root - INFO - File CV_Iheb_Alouane.pdf loaded successfully
[ 2023-08-16 16:55:23,759 ] 24 root - INFO - Files transformed succesfully
[ 2023-08-16 16:55:23,802 ] 16 root - INFO - File CV_Isra_Dakhlaoui.pdf loaded successfully
[ 2023-08-16 16:55:23,802 ] 24 root - INFO - Files transformed succesfully
[ 2023-08-16 16:55:23,859 ] 16 root - INFO - File CV_Khaled_Chtioui.pdf loaded successfully
[ 2023-08-16 16:55:23,861 ] 24 root - INFO - Files transformed succesfully
[ 2023-08-16 16:55:23,921 ] 16 root - INFO - File CV_khawla_belkacem.pdf loaded successfully
[ 2023-08-16 16:55:23,921 ] 24 root - INFO - Files transformed succesfully
[ 2023-08-16 16:55:23,967 ] 16 root - INFO - File CV_Lina_Ounaies.pdf loaded successfully
[ 2023-08-16 16:55:23,967 ] 24 root - INFO - Files transformed succesfully
[ 2023-08-16 16:55:23,973 ] 35 root - ERROR - Error while reading the file: 'NoneType' object has no attribute 'lower'
[ 2023-08-16 16:55:23,973 ] 23 root - ERROR - Error while reading the file: cannot access local variable 'e' where it is not associated with a value
[ 2023-08-16 16:55:23,973 ] 24 root - INFO - Files transformed succesfully
[ 2023-08-16 16:55:24,022 ] 16 root - INFO - File CV_Med_Houssem_Beltifa.pdf loaded successfully
[ 2023-08-16 16:55:24,022 ] 24 root - INFO - Files transformed succesfully
[ 2023-08-16 16:55:24,054 ] 16 root - INFO - File CV_Med_Neji_Benzarti.pdf loaded successfully
[ 2023-08-16 16:55:24,054 ] 24 root - INFO - Files transformed succesfully
[ 2023-08-16 16:55:24,079 ] 16 root - INFO - File CV_Med_Nour_Chouchene.pdf loaded successfully
[ 2023-08-16 16:55:24,079 ] 24 root - INFO - Files transformed succesfully
[ 2023-08-16 16:55:24,144 ] 16 root - INFO - File CV_Med_Oussema_Zaier.pdf loaded successfully
[ 2023-08-16 16:55:24,144 ] 24 root - INFO - Files transformed succesfully
[ 2023-08-16 16:55:24,160 ] 16 root - INFO - File CV_Mejdi_Belhadj_Youssef.pdf loaded successfully
[ 2023-08-16 16:55:24,161 ] 24 root - INFO - Files transformed succesfully
[ 2023-08-16 16:55:24,197 ] 16 root - INFO - File CV_Mihed_Hassine.pdf loaded successfully
[ 2023-08-16 16:55:24,197 ] 24 root - INFO - Files transformed succesfully
[ 2023-08-16 16:55:24,219 ] 35 root - ERROR - Error while reading the file: 'NoneType' object has no attribute 'lower'
[ 2023-08-16 16:55:24,220 ] 23 root - ERROR - Error while reading the file: cannot access local variable 'e' where it is not associated with a value
[ 2023-08-16 16:55:24,220 ] 24 root - INFO - Files transformed succesfully
[ 2023-08-16 16:55:24,281 ] 16 root - INFO - File CV_Mohamed_Fawzi_Stambouli.pdf loaded successfully
[ 2023-08-16 16:55:24,282 ] 24 root - INFO - Files transformed succesfully
[ 2023-08-16 16:55:24,312 ] 35 root - ERROR - Error while reading the file: 'NoneType' object has no attribute 'lower'
[ 2023-08-16 16:55:24,312 ] 23 root - ERROR - Error while reading the file: cannot access local variable 'e' where it is not associated with a value
[ 2023-08-16 16:55:24,312 ] 24 root - INFO - Files transformed succesfully
[ 2023-08-16 16:55:24,370 ] 16 root - INFO - File CV_Nour_Mabrouk.pdf loaded successfully
[ 2023-08-16 16:55:24,370 ] 24 root - INFO - Files transformed succesfully
[ 2023-08-16 16:55:24,423 ] 16 root - INFO - File CV_Ons_Ben_Hadj_Sghaier.pdf loaded successfully
[ 2023-08-16 16:55:24,423 ] 24 root - INFO - Files transformed succesfully
[ 2023-08-16 16:55:24,465 ] 16 root - INFO - File CV_Oumaima_Ben_Saad.pdf loaded successfully
[ 2023-08-16 16:55:24,465 ] 24 root - INFO - Files transformed succesfully
[ 2023-08-16 16:55:24,486 ] 16 root - INFO - File CV_Oumeima_Zaddem.pdf loaded successfully
[ 2023-08-16 16:55:24,486 ] 24 root - INFO - Files transformed succesfully
[ 2023-08-16 16:55:24,529 ] 16 root - INFO - File CV_Oussema_Mili.pdf loaded successfully
[ 2023-08-16 16:55:24,529 ] 24 root - INFO - Files transformed succesfully
[ 2023-08-16 16:55:24,580 ] 16 root - INFO - File CV_Rahma_Hamrouni.pdf loaded successfully
[ 2023-08-16 16:55:24,580 ] 24 root - INFO - Files transformed succesfully
[ 2023-08-16 16:55:24,609 ] 16 root - INFO - File CV_Rania_Slimene.pdf loaded successfully
[ 2023-08-16 16:55:24,610 ] 24 root - INFO - Files transformed succesfully
[ 2023-08-16 16:55:24,652 ] 16 root - INFO - File CV_Rayen_Ben_Fathallah.pdf loaded successfully
[ 2023-08-16 16:55:24,652 ] 24 root - INFO - Files transformed succesfully
[ 2023-08-16 16:55:24,724 ] 16 root - INFO - File CV_Rima_Jerbi.pdf loaded successfully
[ 2023-08-16 16:55:24,724 ] 24 root - INFO - Files transformed succesfully
[ 2023-08-16 16:55:24,772 ] 16 root - INFO - File CV_Rim_Thabet.pdf loaded successfully
[ 2023-08-16 16:55:24,773 ] 24 root - INFO - Files transformed succesfully
[ 2023-08-16 16:55:24,832 ] 16 root - INFO - File CV_Saber_ben slama.pdf loaded successfully
[ 2023-08-16 16:55:24,832 ] 24 root - INFO - Files transformed succesfully
[ 2023-08-16 16:55:24,874 ] 16 root - INFO - File CV_Sanda_Dhouib.pdf loaded successfully
[ 2023-08-16 16:55:24,874 ] 24 root - INFO - Files transformed succesfully
[ 2023-08-16 16:55:24,890 ] 16 root - INFO - File CV_Sarra_Bannour.pdf loaded successfully
[ 2023-08-16 16:55:24,890 ] 24 root - INFO - Files transformed succesfully
[ 2023-08-16 16:55:24,921 ] 16 root - INFO - File CV_Sarra_Laribi.pdf loaded successfully
[ 2023-08-16 16:55:24,921 ] 24 root - INFO - Files transformed succesfully
[ 2023-08-16 16:55:24,952 ] 16 root - INFO - File CV_Souheyl_Gouadria.pdf loaded successfully
[ 2023-08-16 16:55:24,952 ] 24 root - INFO - Files transformed succesfully
[ 2023-08-16 16:55:24,979 ] 35 root - ERROR - Error while reading the file: 'NoneType' object has no attribute 'lower'
[ 2023-08-16 16:55:24,980 ] 23 root - ERROR - Error while reading the file: cannot access local variable 'e' where it is not associated with a value
[ 2023-08-16 16:55:24,980 ] 24 root - INFO - Files transformed succesfully
[ 2023-08-16 16:55:25,070 ] 16 root - INFO - File CV_Teyssir_Taieb.pdf loaded successfully
[ 2023-08-16 16:55:25,070 ] 24 root - INFO - Files transformed succesfully
[ 2023-08-16 16:55:25,125 ] 16 root - INFO - File CV_Wael_Antar.pdf loaded successfully
[ 2023-08-16 16:55:25,125 ] 24 root - INFO - Files transformed succesfully
[ 2023-08-16 16:55:25,148 ] 35 root - ERROR - Error while reading the file: 'NoneType' object has no attribute 'lower'
[ 2023-08-16 16:55:25,149 ] 23 root - ERROR - Error while reading the file: cannot access local variable 'e' where it is not associated with a value
[ 2023-08-16 16:55:25,149 ] 24 root - INFO - Files transformed succesfully
[ 2023-08-16 16:55:25,211 ] 16 root - INFO - File CV_Wajdi_Zayane.pdf loaded successfully
[ 2023-08-16 16:55:25,211 ] 24 root - INFO - Files transformed succesfully
[ 2023-08-16 16:55:25,257 ] 16 root - INFO - File CV_Wissem_Boujlida.pdf loaded successfully
[ 2023-08-16 16:55:25,257 ] 24 root - INFO - Files transformed succesfully
[ 2023-08-16 16:55:25,271 ] 16 root - INFO - File CV_Yasmine_Bizid.pdf loaded successfully
[ 2023-08-16 16:55:25,271 ] 24 root - INFO - Files transformed succesfully
[ 2023-08-16 16:55:25,288 ] 16 root - INFO - File CV_Yassine_Afsa.pdf loaded successfully
[ 2023-08-16 16:55:25,288 ] 24 root - INFO - Files transformed succesfully
[ 2023-08-16 16:55:25,340 ] 16 root - INFO - File CV_Yessine_Miled.pdf loaded successfully
[ 2023-08-16 16:55:25,340 ] 24 root - INFO - Files transformed succesfully
[ 2023-08-16 16:55:25,360 ] 16 root - INFO - File CV_Zaddem_Raslèn.pdf loaded successfully
[ 2023-08-16 16:55:25,360 ] 24 root - INFO - Files transformed succesfully
[ 2023-08-16 16:55:25,390 ] 16 root - INFO - File CV_Zeineb_Bachouch.pdf loaded successfully
[ 2023-08-16 16:55:25,390 ] 24 root - INFO - Files transformed succesfully
[ 2023-08-16 16:55:25,428 ] 16 root - INFO - File Dziri Ahmed - Resume (1).pdf loaded successfully
[ 2023-08-16 16:55:25,428 ] 24 root - INFO - Files transformed succesfully
[ 2023-08-16 16:55:25,467 ] 16 root - INFO - File experience.pdf loaded successfully
[ 2023-08-16 16:55:25,467 ] 24 root - INFO - Files transformed succesfully
[ 2023-08-16 16:55:25,497 ] 16 root - INFO - File laravel.pdf loaded successfully
[ 2023-08-16 16:55:25,497 ] 24 root - INFO - Files transformed succesfully
[ 2023-08-16 16:55:25,552 ] 16 root - INFO - File rayen_data.pdf loaded successfully
[ 2023-08-16 16:55:25,552 ] 24 root - INFO - Files transformed succesfully
[ 2023-08-16 16:55:25,591 ] 16 root - INFO - File react_native.pdf loaded successfully
[ 2023-08-16 16:55:25,591 ] 24 root - INFO - Files transformed succesfully
[ 2023-08-16 16:55:27,381 ] 16 root - INFO - File resumes.csv loaded successfully
[ 2023-08-16 16:55:27,381 ] 24 root - INFO - Files transformed succesfully
[ 2023-08-16 16:55:27,396 ] 16 root - INFO - File scrum_master.pdf loaded successfully
[ 2023-08-16 16:55:27,396 ] 24 root - INFO - Files transformed succesfully
[ 2023-08-16 16:55:27,422 ] 16 root - INFO - File yessine Meddeb_cv.pdf loaded successfully
[ 2023-08-16 16:55:27,423 ] 24 root - INFO - Files transformed succesfully
[ 2023-08-16 16:55:36,547 ] 482 gensim.utils - INFO - loading Doc2Vec object from doc2vec_model_epochs_80.model
[ 2023-08-16 16:55:36,561 ] 516 gensim.utils - INFO - loading dv recursively from doc2vec_model_epochs_80.model.dv.* with mmap=None
[ 2023-08-16 16:55:36,561 ] 516 gensim.utils - INFO - loading wv recursively from doc2vec_model_epochs_80.model.wv.* with mmap=None
[ 2023-08-16 16:55:36,561 ] 554 gensim.utils - INFO - setting ignored attribute cum_table to None
[ 2023-08-16 16:55:36,739 ] 448 gensim.utils - INFO - Doc2Vec lifecycle event {'fname': 'doc2vec_model_epochs_80.model', 'datetime': '2023-08-16T16:55:36.730259', 'gensim': '4.3.1', 'python': '3.11.4 | packaged by Anaconda, Inc. | (main, Jul  5 2023, 13:47:18) [MSC v.1916 64 bit (AMD64)]', 'platform': 'Windows-10-10.0.22621-SP0', 'event': 'loaded'}
[ 2023-08-16 16:55:36,739 ] 482 gensim.utils - INFO - loading Doc2Vec object from doc2vec_model_epochs_100.model
[ 2023-08-16 16:55:36,751 ] 516 gensim.utils - INFO - loading dv recursively from doc2vec_model_epochs_100.model.dv.* with mmap=None
[ 2023-08-16 16:55:36,751 ] 516 gensim.utils - INFO - loading wv recursively from doc2vec_model_epochs_100.model.wv.* with mmap=None
[ 2023-08-16 16:55:36,751 ] 554 gensim.utils - INFO - setting ignored attribute cum_table to None
[ 2023-08-16 16:55:36,910 ] 448 gensim.utils - INFO - Doc2Vec lifecycle event {'fname': 'doc2vec_model_epochs_100.model', 'datetime': '2023-08-16T16:55:36.910839', 'gensim': '4.3.1', 'python': '3.11.4 | packaged by Anaconda, Inc. | (main, Jul  5 2023, 13:47:18) [MSC v.1916 64 bit (AMD64)]', 'platform': 'Windows-10-10.0.22621-SP0', 'event': 'loaded'}
[ 2023-08-16 16:55:36,910 ] 482 gensim.utils - INFO - loading Doc2Vec object from doc2vec_model_epochs_150.model
[ 2023-08-16 16:55:36,923 ] 516 gensim.utils - INFO - loading dv recursively from doc2vec_model_epochs_150.model.dv.* with mmap=None
[ 2023-08-16 16:55:36,923 ] 516 gensim.utils - INFO - loading wv recursively from doc2vec_model_epochs_150.model.wv.* with mmap=None
[ 2023-08-16 16:55:36,923 ] 554 gensim.utils - INFO - setting ignored attribute cum_table to None
[ 2023-08-16 16:55:37,109 ] 448 gensim.utils - INFO - Doc2Vec lifecycle event {'fname': 'doc2vec_model_epochs_150.model', 'datetime': '2023-08-16T16:55:37.109901', 'gensim': '4.3.1', 'python': '3.11.4 | packaged by Anaconda, Inc. | (main, Jul  5 2023, 13:47:18) [MSC v.1916 64 bit (AMD64)]', 'platform': 'Windows-10-10.0.22621-SP0', 'event': 'loaded'}
[ 2023-08-16 16:55:37,110 ] 482 gensim.utils - INFO - loading Doc2Vec object from doc2vec_model_epochs_40.model
[ 2023-08-16 16:55:37,122 ] 516 gensim.utils - INFO - loading dv recursively from doc2vec_model_epochs_40.model.dv.* with mmap=None
[ 2023-08-16 16:55:37,122 ] 516 gensim.utils - INFO - loading wv recursively from doc2vec_model_epochs_40.model.wv.* with mmap=None
[ 2023-08-16 16:55:37,122 ] 554 gensim.utils - INFO - setting ignored attribute cum_table to None
[ 2023-08-16 16:55:37,281 ] 448 gensim.utils - INFO - Doc2Vec lifecycle event {'fname': 'doc2vec_model_epochs_40.model', 'datetime': '2023-08-16T16:55:37.281653', 'gensim': '4.3.1', 'python': '3.11.4 | packaged by Anaconda, Inc. | (main, Jul  5 2023, 13:47:18) [MSC v.1916 64 bit (AMD64)]', 'platform': 'Windows-10-10.0.22621-SP0', 'event': 'loaded'}
[ 2023-08-16 16:55:37,281 ] 482 gensim.utils - INFO - loading Doc2Vec object from resumes_model_epochs_lemmetized_80.model
[ 2023-08-16 16:55:37,285 ] 516 gensim.utils - INFO - loading dv recursively from resumes_model_epochs_lemmetized_80.model.dv.* with mmap=None
[ 2023-08-16 16:55:37,286 ] 516 gensim.utils - INFO - loading wv recursively from resumes_model_epochs_lemmetized_80.model.wv.* with mmap=None
[ 2023-08-16 16:55:37,286 ] 554 gensim.utils - INFO - setting ignored attribute cum_table to None
[ 2023-08-16 16:55:37,353 ] 448 gensim.utils - INFO - Doc2Vec lifecycle event {'fname': 'resumes_model_epochs_lemmetized_80.model', 'datetime': '2023-08-16T16:55:37.353664', 'gensim': '4.3.1', 'python': '3.11.4 | packaged by Anaconda, Inc. | (main, Jul  5 2023, 13:47:18) [MSC v.1916 64 bit (AMD64)]', 'platform': 'Windows-10-10.0.22621-SP0', 'event': 'loaded'}
[ 2023-08-16 16:55:37,353 ] 482 gensim.utils - INFO - loading Doc2Vec object from resumes_model_epochs_lemmetized_100.model
[ 2023-08-16 16:55:37,356 ] 516 gensim.utils - INFO - loading dv recursively from resumes_model_epochs_lemmetized_100.model.dv.* with mmap=None
[ 2023-08-16 16:55:37,356 ] 516 gensim.utils - INFO - loading wv recursively from resumes_model_epochs_lemmetized_100.model.wv.* with mmap=None
[ 2023-08-16 16:55:37,356 ] 554 gensim.utils - INFO - setting ignored attribute cum_table to None
[ 2023-08-16 16:55:37,419 ] 448 gensim.utils - INFO - Doc2Vec lifecycle event {'fname': 'resumes_model_epochs_lemmetized_100.model', 'datetime': '2023-08-16T16:55:37.419451', 'gensim': '4.3.1', 'python': '3.11.4 | packaged by Anaconda, Inc. | (main, Jul  5 2023, 13:47:18) [MSC v.1916 64 bit (AMD64)]', 'platform': 'Windows-10-10.0.22621-SP0', 'event': 'loaded'}
[ 2023-08-16 16:55:37,419 ] 482 gensim.utils - INFO - loading Doc2Vec object from resumes_model_epochs_lemmetized_150.model
[ 2023-08-16 16:55:37,424 ] 516 gensim.utils - INFO - loading dv recursively from resumes_model_epochs_lemmetized_150.model.dv.* with mmap=None
[ 2023-08-16 16:55:37,424 ] 516 gensim.utils - INFO - loading wv recursively from resumes_model_epochs_lemmetized_150.model.wv.* with mmap=None
[ 2023-08-16 16:55:37,424 ] 554 gensim.utils - INFO - setting ignored attribute cum_table to None
[ 2023-08-16 16:55:37,490 ] 448 gensim.utils - INFO - Doc2Vec lifecycle event {'fname': 'resumes_model_epochs_lemmetized_150.model', 'datetime': '2023-08-16T16:55:37.490477', 'gensim': '4.3.1', 'python': '3.11.4 | packaged by Anaconda, Inc. | (main, Jul  5 2023, 13:47:18) [MSC v.1916 64 bit (AMD64)]', 'platform': 'Windows-10-10.0.22621-SP0', 'event': 'loaded'}
[ 2023-08-16 16:55:38,944 ] 255 root - ERROR - Error while Extracting the informations: 'SKILLS'
